0	06:13:22.722	Custom indicator pipsometer_5_decimal XAUUSD.pro,M15: loaded successfully
0	06:13:22.753	Custom indicator time_table XAUUSD.pro,M15: loaded successfully
0	06:13:22.769	Custom indicator PTL_Sessions XAUUSD.pro,M15: loaded successfully
0	06:13:22.784	Expert PTL_EA XAUUSD.pro,M15: loaded successfully
0	06:13:22.784	PTL_EA XAUUSD.pro,M15 inputs: InpLanguage=1; TelegramToken=927322228:AAFxIy4Tw_rfZr6LEoyO5tocsMNBxwNXIHI; TelegramNotification=true; Pair_suffix=; InpUpdateMode=1; InpTemplates=ptl_screenshot;ptl_screenshot_zoom; 
0	06:13:22.862	pipsometer_5_decimal XAUUSD.pro,M15: initialized
0	06:13:22.925	time_table XAUUSD.pro,M15: initialized
0	06:13:23.081	PTL_Sessions XAUUSD.pro,M15: initialized
0	06:13:23.206	Custom indicator pipsometer_5_decimal EURUSD.pro,M30: loaded successfully
0	06:13:23.284	Custom indicator time_table EURUSD.pro,M30: loaded successfully
0	06:13:23.394	Custom indicator PTL_Sessions EURUSD.pro,M30: loaded successfully
0	06:13:23.441	Expert PTL_EA EURUSD.pro,M30: loaded successfully
0	06:13:23.441	PTL_EA EURUSD.pro,M30 inputs: InpLanguage=1; TelegramToken=927322228:AAFxIy4Tw_rfZr6LEoyO5tocsMNBxwNXIHI; TelegramNotification=true; Pair_suffix=; InpUpdateMode=1; InpTemplates=ptl_screenshot;ptl_screenshot_zoom; 
0	06:13:23.534	pipsometer_5_decimal EURUSD.pro,M30: initialized
0	06:13:23.659	time_table EURUSD.pro,M30: initialized
0	06:13:23.914	PTL_Sessions EURUSD.pro,M30: initialized
0	06:13:24.023	Custom indicator pipsometer_5_decimal GBPUSD.pro,M15: loaded successfully
0	06:13:24.046	Custom indicator time_table GBPUSD.pro,M15: loaded successfully
0	06:13:24.093	Custom indicator PTL_Sessions GBPUSD.pro,M15: loaded successfully
0	06:13:24.124	Expert PTL_EA GBPUSD.pro,M15: loaded successfully
0	06:13:24.124	PTL_EA GBPUSD.pro,M15 inputs: InpLanguage=1; TelegramToken=927322228:AAFxIy4Tw_rfZr6LEoyO5tocsMNBxwNXIHI; TelegramNotification=true; Pair_suffix=; InpUpdateMode=1; InpTemplates=ptl_screenshot;ptl_screenshot_zoom; 
0	06:13:26.111	pipsometer_5_decimal GBPUSD.pro,M15: initialized
0	06:13:26.389	time_table GBPUSD.pro,M15: initialized
0	06:13:26.480	PTL_Sessions GBPUSD.pro,M15: initialized
0	06:13:26.667	Custom indicator pipsometer_5_decimal GBPJPY.pro,M15: loaded successfully
0	06:13:26.745	Custom indicator time_table GBPJPY.pro,M15: loaded successfully
0	06:13:26.768	Custom indicator PTL_Sessions GBPJPY.pro,M15: loaded successfully
0	06:13:26.863	Expert PTL_EA GBPJPY.pro,M15: loaded successfully
0	06:13:26.864	PTL_EA GBPJPY.pro,M15 inputs: InpLanguage=1; TelegramToken=927322228:AAFxIy4Tw_rfZr6LEoyO5tocsMNBxwNXIHI; TelegramNotification=true; Pair_suffix=; InpUpdateMode=1; InpTemplates=ptl_screenshot;ptl_screenshot_zoom; 
0	06:13:27.047	pipsometer_5_decimal GBPJPY.pro,M15: initialized
0	06:13:27.084	time_table GBPJPY.pro,M15: initialized
0	06:13:27.128	PTL_Sessions GBPJPY.pro,M15: initialized
0	06:13:27.228	Custom indicator pipsometer_5_decimal EURJPY.pro,M15: loaded successfully
0	06:13:27.249	Custom indicator time_table EURJPY.pro,M15: loaded successfully
0	06:13:27.270	Custom indicator PTL_Sessions EURJPY.pro,M15: loaded successfully
0	06:13:27.300	Expert PTL_EA EURJPY.pro,M15: loaded successfully
0	06:13:27.300	PTL_EA EURJPY.pro,M15 inputs: InpLanguage=1; TelegramToken=927322228:AAFxIy4Tw_rfZr6LEoyO5tocsMNBxwNXIHI; TelegramNotification=true; Pair_suffix=; InpUpdateMode=1; InpTemplates=ptl_screenshot;ptl_screenshot_zoom; 
0	06:13:27.393	pipsometer_5_decimal EURJPY.pro,M15: initialized
0	06:13:27.461	time_table EURJPY.pro,M15: initialized
0	06:13:27.550	PTL_Sessions EURJPY.pro,M15: initialized
0	06:13:27.696	Custom indicator pipsometer_5_decimal USDJPY.pro,M15: loaded successfully
0	06:13:27.745	Custom indicator time_table USDJPY.pro,M15: loaded successfully
0	06:13:27.781	Custom indicator PTL_Sessions USDJPY.pro,M15: loaded successfully
0	06:13:27.809	Expert PTL_EA USDJPY.pro,M15: loaded successfully
0	06:13:27.810	PTL_EA USDJPY.pro,M15 inputs: InpLanguage=1; TelegramToken=927322228:AAFxIy4Tw_rfZr6LEoyO5tocsMNBxwNXIHI; TelegramNotification=true; Pair_suffix=; InpUpdateMode=1; InpTemplates=ptl_screenshot;ptl_screenshot_zoom; 
0	06:13:27.879	pipsometer_5_decimal USDJPY.pro,M15: initialized
0	06:13:27.932	time_table USDJPY.pro,M15: initialized
0	06:13:27.984	PTL_Sessions USDJPY.pro,M15: initialized
0	06:13:28.103	Custom indicator pipsometer_5_decimal USDCHF.pro,M30: loaded successfully
0	06:13:28.148	Custom indicator time_table USDCHF.pro,M30: loaded successfully
0	06:13:28.182	Custom indicator PTL_Sessions USDCHF.pro,M30: loaded successfully
0	06:13:28.220	Expert PTL_EA USDCHF.pro,M30: loaded successfully
0	06:13:28.220	PTL_EA USDCHF.pro,M30 inputs: InpLanguage=1; TelegramToken=927322228:AAFxIy4Tw_rfZr6LEoyO5tocsMNBxwNXIHI; TelegramNotification=true; Pair_suffix=; InpUpdateMode=1; InpTemplates=ptl_screenshot;ptl_screenshot_zoom; 
0	06:13:28.304	pipsometer_5_decimal USDCHF.pro,M30: initialized
0	06:13:28.346	time_table USDCHF.pro,M30: initialized
0	06:13:28.404	PTL_Sessions USDCHF.pro,M30: initialized
0	06:13:28.563	Custom indicator pipsometer_5_decimal AUDUSD.pro,M15: loaded successfully
0	06:13:28.601	Custom indicator time_table AUDUSD.pro,M15: loaded successfully
0	06:13:28.672	Custom indicator PTL_Sessions AUDUSD.pro,M15: loaded successfully
0	06:13:28.720	Expert PTL_EA AUDUSD.pro,M15: loaded successfully
0	06:13:28.720	PTL_EA AUDUSD.pro,M15 inputs: InpLanguage=1; TelegramToken=927322228:AAFxIy4Tw_rfZr6LEoyO5tocsMNBxwNXIHI; TelegramNotification=true; Pair_suffix=; InpUpdateMode=1; InpTemplates=ptl_screenshot;ptl_screenshot_zoom; 
0	06:13:28.863	pipsometer_5_decimal AUDUSD.pro,M15: initialized
0	06:13:28.940	time_table AUDUSD.pro,M15: initialized
0	06:13:29.024	PTL_Sessions AUDUSD.pro,M15: initialized
0	06:13:29.119	Custom indicator pipsometer_5_decimal USDCAD.pro,M15: loaded successfully
0	06:13:29.145	Custom indicator time_table USDCAD.pro,M15: loaded successfully
0	06:13:29.168	Custom indicator PTL_Sessions USDCAD.pro,M15: loaded successfully
0	06:13:29.191	Expert PTL_EA USDCAD.pro,M15: loaded successfully
0	06:13:29.191	PTL_EA USDCAD.pro,M15 inputs: InpLanguage=1; TelegramToken=927322228:AAFxIy4Tw_rfZr6LEoyO5tocsMNBxwNXIHI; TelegramNotification=true; Pair_suffix=; InpUpdateMode=1; InpTemplates=ptl_screenshot;ptl_screenshot_zoom; 
0	06:13:29.269	pipsometer_5_decimal USDCAD.pro,M15: initialized
0	06:13:29.316	time_table USDCAD.pro,M15: initialized
0	06:13:29.378	PTL_Sessions USDCAD.pro,M15: initialized
0	06:13:29.491	Custom indicator pipsometer_5_decimal EURAUD.pro,M30: loaded successfully
0	06:13:29.515	Custom indicator time_table EURAUD.pro,M30: loaded successfully
0	06:13:29.536	Custom indicator PTL_Sessions EURAUD.pro,M30: loaded successfully
0	06:13:29.584	Expert PTL_EA EURAUD.pro,M30: loaded successfully
0	06:13:29.584	PTL_EA EURAUD.pro,M30 inputs: InpLanguage=1; TelegramToken=927322228:AAFxIy4Tw_rfZr6LEoyO5tocsMNBxwNXIHI; TelegramNotification=true; Pair_suffix=; InpUpdateMode=1; InpTemplates=ptl_screenshot;ptl_screenshot_zoom; 
0	06:13:29.649	pipsometer_5_decimal EURAUD.pro,M30: initialized
0	06:13:29.693	time_table EURAUD.pro,M30: initialized
0	06:13:29.745	PTL_Sessions EURAUD.pro,M30: initialized
0	06:13:29.831	Custom indicator pipsometer_5_decimal GBPAUD.pro,M15: loaded successfully
0	06:13:29.852	Custom indicator time_table GBPAUD.pro,M15: loaded successfully
0	06:13:29.910	Custom indicator PTL_Sessions GBPAUD.pro,M15: loaded successfully
0	06:13:29.946	Expert PTL_EA GBPAUD.pro,M15: loaded successfully
0	06:13:29.946	PTL_EA GBPAUD.pro,M15 inputs: InpLanguage=1; TelegramToken=927322228:AAFxIy4Tw_rfZr6LEoyO5tocsMNBxwNXIHI; TelegramNotification=true; Pair_suffix=; InpUpdateMode=1; InpTemplates=ptl_screenshot;ptl_screenshot_zoom; 
0	06:13:30.003	pipsometer_5_decimal GBPAUD.pro,M15: initialized
0	06:13:30.037	time_table GBPAUD.pro,M15: initialized
0	06:13:30.084	PTL_Sessions GBPAUD.pro,M15: initialized
0	06:13:42.082	PTL_EA XAUUSD.pro,M15: initialized
0	06:13:42.084	PTL_EA EURUSD.pro,M30: initialized
0	06:13:42.122	PTL_EA USDCHF.pro,M30: initialized
0	06:13:42.123	PTL_EA GBPJPY.pro,M15: initialized
0	06:13:42.123	PTL_EA GBPUSD.pro,M15: initialized
0	06:13:42.208	PTL_EA EURJPY.pro,M15: initialized
0	06:13:42.208	PTL_EA USDCAD.pro,M15: initialized
0	06:13:42.209	PTL_EA GBPAUD.pro,M15: initialized
0	06:13:42.246	PTL_EA EURAUD.pro,M30: initialized
0	06:13:42.280	PTL_EA AUDUSD.pro,M15: initialized
0	06:13:42.280	PTL_EA USDJPY.pro,M15: initialized
0	06:13:54.871	PTL_EA EURUSD.pro,M30: uninit reason 3
0	06:13:54.873	pipsometer_5_decimal EURUSD.pro,M30: uninit reason 3
0	06:13:54.873	time_table EURUSD.pro,M30: uninit reason 3
0	06:13:54.873	PTL_Sessions EURUSD.pro,M30: uninit reason 3
0	06:13:54.873	pipsometer_5_decimal EURUSD.pro,M15: initialized
0	06:13:54.873	time_table EURUSD.pro,M15: initialized
0	06:13:54.873	PTL_Sessions EURUSD.pro,M15: initialized
0	06:13:54.901	PTL_EA EURUSD.pro,M15: initialized
0	06:14:08.350	PTL_EA GBPUSD.pro,M15: uninit reason 3
0	06:14:08.352	pipsometer_5_decimal GBPUSD.pro,M15: uninit reason 3
0	06:14:08.352	time_table GBPUSD.pro,M15: uninit reason 3
0	06:14:08.352	PTL_Sessions GBPUSD.pro,M15: uninit reason 3
0	06:14:08.352	pipsometer_5_decimal GBPUSD.pro,M30: initialized
0	06:14:08.352	time_table GBPUSD.pro,M30: initialized
0	06:14:08.353	PTL_Sessions GBPUSD.pro,M30: initialized
0	06:14:08.377	PTL_EA GBPUSD.pro,M30: initialized
0	06:14:10.086	PTL_EA GBPUSD.pro,M30: uninit reason 3
0	06:14:10.088	pipsometer_5_decimal GBPUSD.pro,M30: uninit reason 3
0	06:14:10.088	time_table GBPUSD.pro,M30: uninit reason 3
0	06:14:10.088	PTL_Sessions GBPUSD.pro,M30: uninit reason 3
0	06:14:10.088	pipsometer_5_decimal GBPUSD.pro,M15: initialized
0	06:14:10.088	time_table GBPUSD.pro,M15: initialized
0	06:14:10.088	PTL_Sessions GBPUSD.pro,M15: initialized
0	06:14:10.114	PTL_EA GBPUSD.pro,M15: initialized
0	06:14:13.490	PTL_EA GBPUSD.pro,M15: uninit reason 3
0	06:14:13.492	pipsometer_5_decimal GBPUSD.pro,M15: uninit reason 3
0	06:14:13.492	time_table GBPUSD.pro,M15: uninit reason 3
0	06:14:13.492	PTL_Sessions GBPUSD.pro,M15: uninit reason 3
0	06:14:13.492	pipsometer_5_decimal GBPUSD.pro,H1: initialized
0	06:14:13.492	time_table GBPUSD.pro,H1: initialized
0	06:14:13.492	PTL_Sessions GBPUSD.pro,H1: initialized
0	06:14:13.514	PTL_EA GBPUSD.pro,H1: initialized
0	06:14:16.265	PTL_EA GBPUSD.pro,H1: uninit reason 3
0	06:14:16.267	pipsometer_5_decimal GBPUSD.pro,H1: uninit reason 3
0	06:14:16.267	time_table GBPUSD.pro,H1: uninit reason 3
0	06:14:16.267	PTL_Sessions GBPUSD.pro,H1: uninit reason 3
0	06:14:16.267	pipsometer_5_decimal GBPUSD.pro,M30: initialized
0	06:14:16.267	time_table GBPUSD.pro,M30: initialized
0	06:14:16.267	PTL_Sessions GBPUSD.pro,M30: initialized
0	06:14:16.291	PTL_EA GBPUSD.pro,M30: initialized
0	06:14:17.025	PTL_EA GBPUSD.pro,M30: uninit reason 3
0	06:14:17.027	pipsometer_5_decimal GBPUSD.pro,M30: uninit reason 3
0	06:14:17.027	time_table GBPUSD.pro,M30: uninit reason 3
0	06:14:17.027	PTL_Sessions GBPUSD.pro,M30: uninit reason 3
0	06:14:17.027	pipsometer_5_decimal GBPUSD.pro,M15: initialized
0	06:14:17.027	time_table GBPUSD.pro,M15: initialized
0	06:14:17.027	PTL_Sessions GBPUSD.pro,M15: initialized
0	06:14:17.051	PTL_EA GBPUSD.pro,M15: initialized
0	06:30:49.959	PTL_EA GBPUSD.pro,M15: uninit reason 3
0	06:30:49.961	pipsometer_5_decimal GBPUSD.pro,M15: uninit reason 3
0	06:30:49.961	time_table GBPUSD.pro,M15: uninit reason 3
0	06:30:49.961	PTL_Sessions GBPUSD.pro,M15: uninit reason 3
0	06:30:49.961	pipsometer_5_decimal GBPUSD.pro,M30: initialized
0	06:30:49.961	time_table GBPUSD.pro,M30: initialized
0	06:30:49.961	PTL_Sessions GBPUSD.pro,M30: initialized
0	06:30:49.985	PTL_EA GBPUSD.pro,M30: initialized
0	06:32:09.547	PTL_EA USDCHF.pro,M30: uninit reason 3
0	06:32:09.549	pipsometer_5_decimal USDCHF.pro,M30: uninit reason 3
0	06:32:09.549	time_table USDCHF.pro,M30: uninit reason 3
0	06:32:09.549	PTL_Sessions USDCHF.pro,M30: uninit reason 3
0	06:32:09.549	pipsometer_5_decimal USDCHF.pro,M15: initialized
0	06:32:09.549	time_table USDCHF.pro,M15: initialized
0	06:32:09.550	PTL_Sessions USDCHF.pro,M15: initialized
0	06:32:09.571	PTL_EA USDCHF.pro,M15: initialized
0	06:32:31.488	PTL_EA USDCHF.pro,M15: uninit reason 3
0	06:32:31.490	pipsometer_5_decimal USDCHF.pro,M15: uninit reason 3
0	06:32:31.490	time_table USDCHF.pro,M15: uninit reason 3
0	06:32:31.490	PTL_Sessions USDCHF.pro,M15: uninit reason 3
0	06:32:31.490	pipsometer_5_decimal USDCHF.pro,M30: initialized
0	06:32:31.490	time_table USDCHF.pro,M30: initialized
0	06:32:31.490	PTL_Sessions USDCHF.pro,M30: initialized
0	06:32:31.512	PTL_EA USDCHF.pro,M30: initialized
0	06:34:51.042	PTL_EA GBPJPY.pro,M15: uninit reason 3
0	06:34:51.044	pipsometer_5_decimal GBPJPY.pro,M15: uninit reason 3
0	06:34:51.044	time_table GBPJPY.pro,M15: uninit reason 3
0	06:34:51.044	PTL_Sessions GBPJPY.pro,M15: uninit reason 3
0	06:34:51.044	pipsometer_5_decimal GBPJPY.pro,M30: initialized
0	06:34:51.044	time_table GBPJPY.pro,M30: initialized
0	06:34:51.044	PTL_Sessions GBPJPY.pro,M30: initialized
0	06:34:51.072	PTL_EA GBPJPY.pro,M30: initialized
0	06:34:51.488	PTL_EA GBPJPY.pro,M30: uninit reason 3
0	06:34:51.490	pipsometer_5_decimal GBPJPY.pro,M30: uninit reason 3
0	06:34:51.490	time_table GBPJPY.pro,M30: uninit reason 3
0	06:34:51.490	PTL_Sessions GBPJPY.pro,M30: uninit reason 3
0	06:34:51.490	pipsometer_5_decimal GBPJPY.pro,H1: initialized
0	06:34:51.490	time_table GBPJPY.pro,H1: initialized
0	06:34:51.490	PTL_Sessions GBPJPY.pro,H1: initialized
0	06:34:51.514	PTL_EA GBPJPY.pro,H1: initialized
0	06:35:04.590	PTL_EA XAUUSD.pro,M15: uninit reason 9
0	06:35:04.591	pipsometer_5_decimal XAUUSD.pro,M15: uninit reason 9
0	06:35:04.591	time_table XAUUSD.pro,M15: uninit reason 9
0	06:35:04.591	PTL_Sessions XAUUSD.pro,M15: uninit reason 9
0	06:35:04.592	PTL_EA EURUSD.pro,M15: uninit reason 9
0	06:35:04.600	pipsometer_5_decimal EURUSD.pro,M15: uninit reason 9
0	06:35:04.600	time_table EURUSD.pro,M15: uninit reason 9
0	06:35:04.600	PTL_Sessions EURUSD.pro,M15: uninit reason 9
0	06:35:04.600	PTL_EA GBPUSD.pro,M30: uninit reason 9
0	06:35:04.606	pipsometer_5_decimal GBPUSD.pro,M30: uninit reason 9
0	06:35:04.606	time_table GBPUSD.pro,M30: uninit reason 9
0	06:35:04.606	PTL_Sessions GBPUSD.pro,M30: uninit reason 9
0	06:35:04.606	PTL_EA GBPJPY.pro,H1: uninit reason 9
0	06:35:04.614	pipsometer_5_decimal GBPJPY.pro,H1: uninit reason 9
0	06:35:04.614	time_table GBPJPY.pro,H1: uninit reason 9
0	06:35:04.614	PTL_Sessions GBPJPY.pro,H1: uninit reason 9
0	06:35:04.614	PTL_EA EURJPY.pro,M15: uninit reason 9
0	06:35:04.619	pipsometer_5_decimal EURJPY.pro,M15: uninit reason 9
0	06:35:04.619	time_table EURJPY.pro,M15: uninit reason 9
0	06:35:04.619	PTL_Sessions EURJPY.pro,M15: uninit reason 9
0	06:35:04.619	PTL_EA USDJPY.pro,M15: uninit reason 9
0	06:35:04.625	pipsometer_5_decimal USDJPY.pro,M15: uninit reason 9
0	06:35:04.625	time_table USDJPY.pro,M15: uninit reason 9
0	06:35:04.625	PTL_Sessions USDJPY.pro,M15: uninit reason 9
0	06:35:04.625	PTL_EA USDCHF.pro,M30: uninit reason 9
0	06:35:04.633	pipsometer_5_decimal USDCHF.pro,M30: uninit reason 9
0	06:35:04.633	time_table USDCHF.pro,M30: uninit reason 9
0	06:35:04.633	PTL_Sessions USDCHF.pro,M30: uninit reason 9
0	06:35:04.633	PTL_EA AUDUSD.pro,M15: uninit reason 9
0	06:35:04.639	pipsometer_5_decimal AUDUSD.pro,M15: uninit reason 9
0	06:35:04.639	time_table AUDUSD.pro,M15: uninit reason 9
0	06:35:04.639	PTL_Sessions AUDUSD.pro,M15: uninit reason 9
0	06:35:04.639	PTL_EA USDCAD.pro,M15: uninit reason 9
0	06:35:04.647	pipsometer_5_decimal USDCAD.pro,M15: uninit reason 9
0	06:35:04.647	time_table USDCAD.pro,M15: uninit reason 9
0	06:35:04.647	PTL_Sessions USDCAD.pro,M15: uninit reason 9
0	06:35:04.647	PTL_EA EURAUD.pro,M30: uninit reason 9
0	06:35:04.653	pipsometer_5_decimal EURAUD.pro,M30: uninit reason 9
0	06:35:04.654	time_table EURAUD.pro,M30: uninit reason 9
0	06:35:04.654	PTL_Sessions EURAUD.pro,M30: uninit reason 9
0	06:35:04.654	PTL_EA GBPAUD.pro,M15: uninit reason 9
0	06:35:04.662	pipsometer_5_decimal GBPAUD.pro,M15: uninit reason 9
0	06:35:04.662	time_table GBPAUD.pro,M15: uninit reason 9
0	06:35:04.662	PTL_Sessions GBPAUD.pro,M15: uninit reason 9
0	06:35:04.891	Expert PTL_EA XAUUSD.pro,M15: removed
0	06:35:04.900	Custom indicator pipsometer_5_decimal XAUUSD.pro,M15: removed
0	06:35:04.905	Custom indicator time_table XAUUSD.pro,M15: removed
0	06:35:04.908	Custom indicator PTL_Sessions XAUUSD.pro,M15: removed
0	06:35:04.915	Expert PTL_EA EURUSD.pro,M15: removed
0	06:35:04.920	Custom indicator pipsometer_5_decimal EURUSD.pro,M15: removed
0	06:35:04.923	Custom indicator time_table EURUSD.pro,M15: removed
0	06:35:04.925	Custom indicator PTL_Sessions EURUSD.pro,M15: removed
0	06:35:04.931	Expert PTL_EA GBPUSD.pro,M30: removed
0	06:35:04.934	Custom indicator pipsometer_5_decimal GBPUSD.pro,M30: removed
0	06:35:04.937	Custom indicator time_table GBPUSD.pro,M30: removed
0	06:35:04.940	Custom indicator PTL_Sessions GBPUSD.pro,M30: removed
0	06:35:04.956	Expert PTL_EA GBPJPY.pro,H1: removed
0	06:35:04.961	Custom indicator pipsometer_5_decimal GBPJPY.pro,H1: removed
0	06:35:04.963	Custom indicator time_table GBPJPY.pro,H1: removed
0	06:35:04.966	Custom indicator PTL_Sessions GBPJPY.pro,H1: removed
0	06:35:04.971	Expert PTL_EA EURJPY.pro,M15: removed
0	06:35:04.978	Custom indicator pipsometer_5_decimal EURJPY.pro,M15: removed
0	06:35:04.986	Custom indicator time_table EURJPY.pro,M15: removed
0	06:35:04.990	Custom indicator PTL_Sessions EURJPY.pro,M15: removed
0	06:35:04.995	Expert PTL_EA USDJPY.pro,M15: removed
0	06:35:05.000	Custom indicator pipsometer_5_decimal USDJPY.pro,M15: removed
0	06:35:05.003	Custom indicator time_table USDJPY.pro,M15: removed
0	06:35:05.006	Custom indicator PTL_Sessions USDJPY.pro,M15: removed
0	06:35:05.025	Expert PTL_EA USDCHF.pro,M30: removed
0	06:35:05.031	Custom indicator pipsometer_5_decimal USDCHF.pro,M30: removed
0	06:35:05.035	Custom indicator time_table USDCHF.pro,M30: removed
0	06:35:05.038	Custom indicator PTL_Sessions USDCHF.pro,M30: removed
0	06:35:05.057	Expert PTL_EA AUDUSD.pro,M15: removed
0	06:35:05.062	Custom indicator pipsometer_5_decimal AUDUSD.pro,M15: removed
0	06:35:05.065	Custom indicator time_table AUDUSD.pro,M15: removed
0	06:35:05.074	Custom indicator PTL_Sessions AUDUSD.pro,M15: removed
0	06:35:05.090	Expert PTL_EA USDCAD.pro,M15: removed
0	06:35:05.097	Custom indicator pipsometer_5_decimal USDCAD.pro,M15: removed
0	06:35:05.100	Custom indicator time_table USDCAD.pro,M15: removed
0	06:35:05.103	Custom indicator PTL_Sessions USDCAD.pro,M15: removed
0	06:35:05.123	Expert PTL_EA EURAUD.pro,M30: removed
0	06:35:05.132	Custom indicator pipsometer_5_decimal EURAUD.pro,M30: removed
0	06:35:05.137	Custom indicator time_table EURAUD.pro,M30: removed
0	06:35:05.141	Custom indicator PTL_Sessions EURAUD.pro,M30: removed
0	06:35:05.151	Expert PTL_EA GBPAUD.pro,M15: removed
0	06:35:05.157	Custom indicator pipsometer_5_decimal GBPAUD.pro,M15: removed
0	06:35:05.160	Custom indicator time_table GBPAUD.pro,M15: removed
0	06:35:05.163	Custom indicator PTL_Sessions GBPAUD.pro,M15: removed
0	11:12:41.713	Custom indicator pipsometer_5_decimal XAUUSD.pro,M15: loaded successfully
0	11:12:41.729	Custom indicator time_table XAUUSD.pro,M15: loaded successfully
0	11:12:41.745	Custom indicator PTL_Sessions XAUUSD.pro,M15: loaded successfully
0	11:12:41.760	Expert PTL_EA XAUUSD.pro,M15: loaded successfully
0	11:12:41.760	PTL_EA XAUUSD.pro,M15 inputs: InpLanguage=1; TelegramToken=927322228:AAFxIy4Tw_rfZr6LEoyO5tocsMNBxwNXIHI; TelegramNotification=true; Pair_suffix=; InpUpdateMode=1; InpTemplates=ptl_screenshot;ptl_screenshot_zoom; 
0	11:12:41.792	pipsometer_5_decimal XAUUSD.pro,M15: initialized
0	11:12:41.823	time_table XAUUSD.pro,M15: initialized
0	11:12:41.838	PTL_Sessions XAUUSD.pro,M15: initialized
0	11:12:41.885	Custom indicator pipsometer_5_decimal EURUSD.pro,M15: loaded successfully
0	11:12:41.901	Custom indicator time_table EURUSD.pro,M15: loaded successfully
0	11:12:41.917	Custom indicator PTL_Sessions EURUSD.pro,M15: loaded successfully
0	11:12:41.932	Expert PTL_EA EURUSD.pro,M15: loaded successfully
0	11:12:41.932	PTL_EA EURUSD.pro,M15 inputs: InpLanguage=1; TelegramToken=927322228:AAFxIy4Tw_rfZr6LEoyO5tocsMNBxwNXIHI; TelegramNotification=true; Pair_suffix=; InpUpdateMode=1; InpTemplates=ptl_screenshot;ptl_screenshot_zoom; 
0	11:12:41.963	pipsometer_5_decimal EURUSD.pro,M15: initialized
0	11:12:41.979	time_table EURUSD.pro,M15: initialized
0	11:12:42.010	PTL_Sessions EURUSD.pro,M15: initialized
0	11:12:42.057	Custom indicator pipsometer_5_decimal GBPUSD.pro,M30: loaded successfully
0	11:12:42.088	Custom indicator time_table GBPUSD.pro,M30: loaded successfully
0	11:12:42.104	Custom indicator PTL_Sessions GBPUSD.pro,M30: loaded successfully
0	11:12:42.120	Expert PTL_EA GBPUSD.pro,M30: loaded successfully
0	11:12:42.120	PTL_EA GBPUSD.pro,M30 inputs: InpLanguage=1; TelegramToken=927322228:AAFxIy4Tw_rfZr6LEoyO5tocsMNBxwNXIHI; TelegramNotification=true; Pair_suffix=; InpUpdateMode=1; InpTemplates=ptl_screenshot;ptl_screenshot_zoom; 
0	11:12:42.213	pipsometer_5_decimal GBPUSD.pro,M30: initialized
0	11:12:42.245	time_table GBPUSD.pro,M30: initialized
0	11:12:42.276	PTL_Sessions GBPUSD.pro,M30: initialized
0	11:12:42.323	Custom indicator pipsometer_5_decimal GBPJPY.pro,H1: loaded successfully
0	11:12:42.338	Custom indicator time_table GBPJPY.pro,H1: loaded successfully
0	11:12:42.354	Custom indicator PTL_Sessions GBPJPY.pro,H1: loaded successfully
0	11:12:42.370	Expert PTL_EA GBPJPY.pro,H1: loaded successfully
0	11:12:42.370	PTL_EA GBPJPY.pro,H1 inputs: InpLanguage=1; TelegramToken=927322228:AAFxIy4Tw_rfZr6LEoyO5tocsMNBxwNXIHI; TelegramNotification=true; Pair_suffix=; InpUpdateMode=1; InpTemplates=ptl_screenshot;ptl_screenshot_zoom; 
0	11:12:42.401	pipsometer_5_decimal GBPJPY.pro,H1: initialized
0	11:12:42.432	time_table GBPJPY.pro,H1: initialized
0	11:12:42.463	PTL_Sessions GBPJPY.pro,H1: initialized
0	11:12:42.517	Custom indicator pipsometer_5_decimal EURJPY.pro,M15: loaded successfully
0	11:12:42.532	Custom indicator time_table EURJPY.pro,M15: loaded successfully
0	11:12:42.548	Custom indicator PTL_Sessions EURJPY.pro,M15: loaded successfully
0	11:12:42.564	Expert PTL_EA EURJPY.pro,M15: loaded successfully
0	11:12:42.564	PTL_EA EURJPY.pro,M15 inputs: InpLanguage=1; TelegramToken=927322228:AAFxIy4Tw_rfZr6LEoyO5tocsMNBxwNXIHI; TelegramNotification=true; Pair_suffix=; InpUpdateMode=1; InpTemplates=ptl_screenshot;ptl_screenshot_zoom; 
0	11:12:42.642	pipsometer_5_decimal EURJPY.pro,M15: initialized
0	11:12:42.673	time_table EURJPY.pro,M15: initialized
0	11:12:42.720	PTL_Sessions EURJPY.pro,M15: initialized
0	11:12:42.767	Custom indicator pipsometer_5_decimal USDJPY.pro,M15: loaded successfully
0	11:12:42.782	Custom indicator time_table USDJPY.pro,M15: loaded successfully
0	11:12:42.798	Custom indicator PTL_Sessions USDJPY.pro,M15: loaded successfully
0	11:12:42.814	Expert PTL_EA USDJPY.pro,M15: loaded successfully
0	11:12:42.814	PTL_EA USDJPY.pro,M15 inputs: InpLanguage=1; TelegramToken=927322228:AAFxIy4Tw_rfZr6LEoyO5tocsMNBxwNXIHI; TelegramNotification=true; Pair_suffix=; InpUpdateMode=1; InpTemplates=ptl_screenshot;ptl_screenshot_zoom; 
0	11:12:42.860	pipsometer_5_decimal USDJPY.pro,M15: initialized
0	11:12:42.892	time_table USDJPY.pro,M15: initialized
0	11:12:42.923	PTL_Sessions USDJPY.pro,M15: initialized
0	11:12:42.985	Custom indicator pipsometer_5_decimal USDCHF.pro,M30: loaded successfully
0	11:12:43.001	Custom indicator time_table USDCHF.pro,M30: loaded successfully
0	11:12:43.017	Custom indicator PTL_Sessions USDCHF.pro,M30: loaded successfully
0	11:12:43.032	Expert PTL_EA USDCHF.pro,M30: loaded successfully
0	11:12:43.032	PTL_EA USDCHF.pro,M30 inputs: InpLanguage=1; TelegramToken=927322228:AAFxIy4Tw_rfZr6LEoyO5tocsMNBxwNXIHI; TelegramNotification=true; Pair_suffix=; InpUpdateMode=1; InpTemplates=ptl_screenshot;ptl_screenshot_zoom; 
0	11:12:43.064	pipsometer_5_decimal USDCHF.pro,M30: initialized
0	11:12:43.079	time_table USDCHF.pro,M30: initialized
0	11:12:43.110	PTL_Sessions USDCHF.pro,M30: initialized
0	11:12:43.157	Custom indicator pipsometer_5_decimal AUDUSD.pro,M15: loaded successfully
0	11:12:43.173	Custom indicator time_table AUDUSD.pro,M15: loaded successfully
0	11:12:43.189	Custom indicator PTL_Sessions AUDUSD.pro,M15: loaded successfully
0	11:12:43.204	Expert PTL_EA AUDUSD.pro,M15: loaded successfully
0	11:12:43.204	PTL_EA AUDUSD.pro,M15 inputs: InpLanguage=1; TelegramToken=927322228:AAFxIy4Tw_rfZr6LEoyO5tocsMNBxwNXIHI; TelegramNotification=true; Pair_suffix=; InpUpdateMode=1; InpTemplates=ptl_screenshot;ptl_screenshot_zoom; 
0	11:12:43.235	pipsometer_5_decimal AUDUSD.pro,M15: initialized
0	11:12:43.267	time_table AUDUSD.pro,M15: initialized
0	11:12:43.298	PTL_Sessions AUDUSD.pro,M15: initialized
0	11:12:43.345	Custom indicator pipsometer_5_decimal USDCAD.pro,M15: loaded successfully
0	11:12:43.360	Custom indicator time_table USDCAD.pro,M15: loaded successfully
0	11:12:43.376	Custom indicator PTL_Sessions USDCAD.pro,M15: loaded successfully
0	11:12:43.392	Expert PTL_EA USDCAD.pro,M15: loaded successfully
0	11:12:43.392	PTL_EA USDCAD.pro,M15 inputs: InpLanguage=1; TelegramToken=927322228:AAFxIy4Tw_rfZr6LEoyO5tocsMNBxwNXIHI; TelegramNotification=true; Pair_suffix=; InpUpdateMode=1; InpTemplates=ptl_screenshot;ptl_screenshot_zoom; 
0	11:12:43.423	pipsometer_5_decimal USDCAD.pro,M15: initialized
0	11:12:43.454	time_table USDCAD.pro,M15: initialized
0	11:12:43.485	PTL_Sessions USDCAD.pro,M15: initialized
0	11:12:43.532	Custom indicator pipsometer_5_decimal EURAUD.pro,M30: loaded successfully
0	11:12:43.548	Custom indicator time_table EURAUD.pro,M30: loaded successfully
0	11:12:43.564	Custom indicator PTL_Sessions EURAUD.pro,M30: loaded successfully
0	11:12:43.579	Expert PTL_EA EURAUD.pro,M30: loaded successfully
0	11:12:43.579	PTL_EA EURAUD.pro,M30 inputs: InpLanguage=1; TelegramToken=927322228:AAFxIy4Tw_rfZr6LEoyO5tocsMNBxwNXIHI; TelegramNotification=true; Pair_suffix=; InpUpdateMode=1; InpTemplates=ptl_screenshot;ptl_screenshot_zoom; 
0	11:12:43.626	pipsometer_5_decimal EURAUD.pro,M30: initialized
0	11:12:43.657	time_table EURAUD.pro,M30: initialized
0	11:12:43.689	PTL_Sessions EURAUD.pro,M30: initialized
0	11:12:43.735	Custom indicator pipsometer_5_decimal GBPAUD.pro,M15: loaded successfully
0	11:12:43.751	Custom indicator time_table GBPAUD.pro,M15: loaded successfully
0	11:12:43.767	Custom indicator PTL_Sessions GBPAUD.pro,M15: loaded successfully
0	11:12:43.782	Expert PTL_EA GBPAUD.pro,M15: loaded successfully
0	11:12:43.782	PTL_EA GBPAUD.pro,M15 inputs: InpLanguage=1; TelegramToken=927322228:AAFxIy4Tw_rfZr6LEoyO5tocsMNBxwNXIHI; TelegramNotification=true; Pair_suffix=; InpUpdateMode=1; InpTemplates=ptl_screenshot;ptl_screenshot_zoom; 
0	11:12:43.829	pipsometer_5_decimal GBPAUD.pro,M15: initialized
0	11:12:43.860	time_table GBPAUD.pro,M15: initialized
0	11:12:43.892	PTL_Sessions GBPAUD.pro,M15: initialized
0	11:12:50.577	PTL_EA EURUSD.pro,M15: initialized
0	11:12:50.577	PTL_EA AUDUSD.pro,M15: initialized
0	11:12:50.577	PTL_EA GBPUSD.pro,M30: initialized
0	11:12:50.593	PTL_EA USDCAD.pro,M15: initialized
0	11:12:50.593	PTL_EA XAUUSD.pro,M15: initialized
0	11:12:50.593	PTL_EA GBPJPY.pro,H1: initialized
0	11:12:50.593	PTL_EA GBPAUD.pro,M15: initialized
0	11:12:50.640	PTL_EA EURAUD.pro,M30: initialized
0	11:12:50.640	PTL_EA USDJPY.pro,M15: initialized
0	11:12:50.640	PTL_EA EURJPY.pro,M15: initialized
0	11:12:50.656	PTL_EA USDCHF.pro,M30: initialized
0	11:17:12.510	PTL_EA GBPUSD.pro,M30: uninit reason 3
0	11:17:12.525	pipsometer_5_decimal GBPUSD.pro,M30: uninit reason 3
0	11:17:12.525	time_table GBPUSD.pro,M30: uninit reason 3
0	11:17:12.525	PTL_Sessions GBPUSD.pro,M30: uninit reason 3
0	11:17:12.525	pipsometer_5_decimal GBPUSD.pro,M15: initialized
0	11:17:12.525	time_table GBPUSD.pro,M15: initialized
0	11:17:12.525	PTL_Sessions GBPUSD.pro,M15: initialized
0	11:17:12.541	PTL_EA GBPUSD.pro,M15: initialized
0	12:39:44.301	PTL_EA GBPJPY.pro,H1: uninit reason 3
0	12:39:44.303	pipsometer_5_decimal GBPJPY.pro,H1: uninit reason 3
0	12:39:44.303	time_table GBPJPY.pro,H1: uninit reason 3
0	12:39:44.303	PTL_Sessions GBPJPY.pro,H1: uninit reason 3
0	12:39:44.303	pipsometer_5_decimal GBPJPY.pro,M15: initialized
0	12:39:44.303	time_table GBPJPY.pro,M15: initialized
0	12:39:44.304	PTL_Sessions GBPJPY.pro,M15: initialized
0	12:39:44.330	PTL_EA GBPJPY.pro,M15: initialized
0	12:44:45.951	PTL_EA GBPAUD.pro,M15: uninit reason 3
0	12:44:45.953	pipsometer_5_decimal GBPAUD.pro,M15: uninit reason 3
0	12:44:45.953	time_table GBPAUD.pro,M15: uninit reason 3
0	12:44:45.953	PTL_Sessions GBPAUD.pro,M15: uninit reason 3
0	12:44:45.953	pipsometer_5_decimal GBPAUD.pro,M30: initialized
0	12:44:45.953	time_table GBPAUD.pro,M30: initialized
0	12:44:45.953	PTL_Sessions GBPAUD.pro,M30: initialized
0	12:44:45.977	PTL_EA GBPAUD.pro,M30: initialized
0	12:44:46.427	PTL_EA GBPAUD.pro,M30: uninit reason 3
0	12:44:46.429	pipsometer_5_decimal GBPAUD.pro,M30: uninit reason 3
0	12:44:46.429	time_table GBPAUD.pro,M30: uninit reason 3
0	12:44:46.429	PTL_Sessions GBPAUD.pro,M30: uninit reason 3
0	12:44:46.429	pipsometer_5_decimal GBPAUD.pro,H1: initialized
0	12:44:46.429	time_table GBPAUD.pro,H1: initialized
0	12:44:46.430	PTL_Sessions GBPAUD.pro,H1: initialized
0	12:44:46.454	PTL_EA GBPAUD.pro,H1: initialized
0	12:44:50.558	PTL_EA EURAUD.pro,M30: uninit reason 3
0	12:44:50.560	pipsometer_5_decimal EURAUD.pro,M30: uninit reason 3
0	12:44:50.560	time_table EURAUD.pro,M30: uninit reason 3
0	12:44:50.560	PTL_Sessions EURAUD.pro,M30: uninit reason 3
0	12:44:50.560	pipsometer_5_decimal EURAUD.pro,H1: initialized
0	12:44:50.560	time_table EURAUD.pro,H1: initialized
0	12:44:50.560	PTL_Sessions EURAUD.pro,H1: initialized
0	12:44:50.591	PTL_EA EURAUD.pro,H1: initialized
0	12:45:00.903	PTL_EA USDCHF.pro,M30: uninit reason 3
0	12:45:00.905	pipsometer_5_decimal USDCHF.pro,M30: uninit reason 3
0	12:45:00.905	time_table USDCHF.pro,M30: uninit reason 3
0	12:45:00.905	PTL_Sessions USDCHF.pro,M30: uninit reason 3
0	12:45:00.905	pipsometer_5_decimal USDCHF.pro,H1: initialized
0	12:45:00.905	time_table USDCHF.pro,H1: initialized
0	12:45:00.905	PTL_Sessions USDCHF.pro,H1: initialized
0	12:45:00.934	PTL_EA USDCHF.pro,H1: initialized
0	12:49:15.064	PTL_EA USDJPY.pro,M15: uninit reason 3
0	12:49:15.066	pipsometer_5_decimal USDJPY.pro,M15: uninit reason 3
0	12:49:15.066	time_table USDJPY.pro,M15: uninit reason 3
0	12:49:15.066	PTL_Sessions USDJPY.pro,M15: uninit reason 3
0	12:49:15.066	pipsometer_5_decimal USDJPY.pro,M5: initialized
0	12:49:15.066	time_table USDJPY.pro,M5: initialized
0	12:49:15.067	PTL_Sessions USDJPY.pro,M5: initialized
0	12:49:15.094	PTL_EA USDJPY.pro,M5: initialized
0	12:49:15.989	PTL_EA USDJPY.pro,M5: uninit reason 3
0	12:49:15.991	pipsometer_5_decimal USDJPY.pro,M5: uninit reason 3
0	12:49:15.991	time_table USDJPY.pro,M5: uninit reason 3
0	12:49:15.991	PTL_Sessions USDJPY.pro,M5: uninit reason 3
0	12:49:15.991	pipsometer_5_decimal USDJPY.pro,M15: initialized
0	12:49:15.991	time_table USDJPY.pro,M15: initialized
0	12:49:15.991	PTL_Sessions USDJPY.pro,M15: initialized
0	12:49:16.016	PTL_EA USDJPY.pro,M15: initialized
0	12:53:32.540	PTL_EA GBPJPY.pro,M15: uninit reason 3
0	12:53:32.542	pipsometer_5_decimal GBPJPY.pro,M15: uninit reason 3
0	12:53:32.542	time_table GBPJPY.pro,M15: uninit reason 3
0	12:53:32.542	PTL_Sessions GBPJPY.pro,M15: uninit reason 3
0	12:53:32.542	pipsometer_5_decimal GBPJPY.pro,M30: initialized
0	12:53:32.542	time_table GBPJPY.pro,M30: initialized
0	12:53:32.543	PTL_Sessions GBPJPY.pro,M30: initialized
0	12:53:32.571	PTL_EA GBPJPY.pro,M30: initialized
0	12:53:33.714	PTL_EA GBPJPY.pro,M30: uninit reason 3
0	12:53:33.716	pipsometer_5_decimal GBPJPY.pro,M30: uninit reason 3
0	12:53:33.716	time_table GBPJPY.pro,M30: uninit reason 3
0	12:53:33.716	PTL_Sessions GBPJPY.pro,M30: uninit reason 3
0	12:53:33.716	pipsometer_5_decimal GBPJPY.pro,M15: initialized
0	12:53:33.716	time_table GBPJPY.pro,M15: initialized
0	12:53:33.716	PTL_Sessions GBPJPY.pro,M15: initialized
0	12:53:33.738	PTL_EA GBPJPY.pro,M15: initialized
0	13:02:02.008	PTL_EA XAUUSD.pro,M15: uninit reason 9
0	13:02:02.013	pipsometer_5_decimal XAUUSD.pro,M15: uninit reason 9
0	13:02:02.013	time_table XAUUSD.pro,M15: uninit reason 9
0	13:02:02.013	PTL_Sessions XAUUSD.pro,M15: uninit reason 9
0	13:02:02.014	PTL_EA EURUSD.pro,M15: uninit reason 9
0	13:02:02.016	pipsometer_5_decimal EURUSD.pro,M15: uninit reason 9
0	13:02:02.016	time_table EURUSD.pro,M15: uninit reason 9
0	13:02:02.016	PTL_Sessions EURUSD.pro,M15: uninit reason 9
0	13:02:02.016	PTL_EA GBPUSD.pro,M15: uninit reason 9
0	13:02:02.021	pipsometer_5_decimal GBPUSD.pro,M15: uninit reason 9
0	13:02:02.021	time_table GBPUSD.pro,M15: uninit reason 9
0	13:02:02.021	PTL_Sessions GBPUSD.pro,M15: uninit reason 9
0	13:02:02.021	PTL_EA GBPJPY.pro,M15: uninit reason 9
0	13:02:02.029	pipsometer_5_decimal GBPJPY.pro,M15: uninit reason 9
0	13:02:02.029	time_table GBPJPY.pro,M15: uninit reason 9
0	13:02:02.029	PTL_Sessions GBPJPY.pro,M15: uninit reason 9
0	13:02:02.029	PTL_EA EURJPY.pro,M15: uninit reason 9
0	13:02:02.034	pipsometer_5_decimal EURJPY.pro,M15: uninit reason 9
0	13:02:02.034	time_table EURJPY.pro,M15: uninit reason 9
0	13:02:02.034	PTL_Sessions EURJPY.pro,M15: uninit reason 9
0	13:02:02.034	PTL_EA USDJPY.pro,M15: uninit reason 9
0	13:02:02.040	pipsometer_5_decimal USDJPY.pro,M15: uninit reason 9
0	13:02:02.040	time_table USDJPY.pro,M15: uninit reason 9
0	13:02:02.040	PTL_Sessions USDJPY.pro,M15: uninit reason 9
0	13:02:02.040	PTL_EA USDCHF.pro,H1: uninit reason 9
0	13:02:02.047	pipsometer_5_decimal USDCHF.pro,H1: uninit reason 9
0	13:02:02.047	time_table USDCHF.pro,H1: uninit reason 9
0	13:02:02.047	PTL_Sessions USDCHF.pro,H1: uninit reason 9
0	13:02:02.047	PTL_EA AUDUSD.pro,M15: uninit reason 9
0	13:02:02.054	pipsometer_5_decimal AUDUSD.pro,M15: uninit reason 9
0	13:02:02.054	time_table AUDUSD.pro,M15: uninit reason 9
0	13:02:02.054	PTL_Sessions AUDUSD.pro,M15: uninit reason 9
0	13:02:02.055	PTL_EA USDCAD.pro,M15: uninit reason 9
0	13:02:02.062	pipsometer_5_decimal USDCAD.pro,M15: uninit reason 9
0	13:02:02.062	time_table USDCAD.pro,M15: uninit reason 9
0	13:02:02.062	PTL_Sessions USDCAD.pro,M15: uninit reason 9
0	13:02:02.062	PTL_EA EURAUD.pro,H1: uninit reason 9
0	13:02:02.068	pipsometer_5_decimal EURAUD.pro,H1: uninit reason 9
0	13:02:02.068	time_table EURAUD.pro,H1: uninit reason 9
0	13:02:02.068	PTL_Sessions EURAUD.pro,H1: uninit reason 9
0	13:02:02.068	PTL_EA GBPAUD.pro,H1: uninit reason 9
0	13:02:02.074	pipsometer_5_decimal GBPAUD.pro,H1: uninit reason 9
0	13:02:02.074	time_table GBPAUD.pro,H1: uninit reason 9
0	13:02:02.074	PTL_Sessions GBPAUD.pro,H1: uninit reason 9
0	13:02:02.293	Expert PTL_EA XAUUSD.pro,M15: removed
0	13:02:02.298	Custom indicator pipsometer_5_decimal XAUUSD.pro,M15: removed
0	13:02:02.302	Custom indicator time_table XAUUSD.pro,M15: removed
0	13:02:02.309	Custom indicator PTL_Sessions XAUUSD.pro,M15: removed
0	13:02:02.318	Expert PTL_EA EURUSD.pro,M15: removed
0	13:02:02.327	Custom indicator pipsometer_5_decimal EURUSD.pro,M15: removed
0	13:02:02.332	Custom indicator time_table EURUSD.pro,M15: removed
0	13:02:02.336	Custom indicator PTL_Sessions EURUSD.pro,M15: removed
0	13:02:02.342	Expert PTL_EA GBPUSD.pro,M15: removed
0	13:02:02.347	Custom indicator pipsometer_5_decimal GBPUSD.pro,M15: removed
0	13:02:02.350	Custom indicator time_table GBPUSD.pro,M15: removed
0	13:02:02.353	Custom indicator PTL_Sessions GBPUSD.pro,M15: removed
0	13:02:02.361	Expert PTL_EA GBPJPY.pro,M15: removed
0	13:02:02.366	Custom indicator pipsometer_5_decimal GBPJPY.pro,M15: removed
0	13:02:02.368	Custom indicator time_table GBPJPY.pro,M15: removed
0	13:02:02.372	Custom indicator PTL_Sessions GBPJPY.pro,M15: removed
0	13:02:02.398	Expert PTL_EA EURJPY.pro,M15: removed
0	13:02:02.404	Custom indicator pipsometer_5_decimal EURJPY.pro,M15: removed
0	13:02:02.409	Custom indicator time_table EURJPY.pro,M15: removed
0	13:02:02.413	Custom indicator PTL_Sessions EURJPY.pro,M15: removed
0	13:02:02.438	Expert PTL_EA USDJPY.pro,M15: removed
0	13:02:02.445	Custom indicator pipsometer_5_decimal USDJPY.pro,M15: removed
0	13:02:02.448	Custom indicator time_table USDJPY.pro,M15: removed
0	13:02:02.451	Custom indicator PTL_Sessions USDJPY.pro,M15: removed
0	13:02:02.477	Expert PTL_EA USDCHF.pro,H1: removed
0	13:02:02.480	Custom indicator pipsometer_5_decimal USDCHF.pro,H1: removed
0	13:02:02.483	Custom indicator time_table USDCHF.pro,H1: removed
0	13:02:02.486	Custom indicator PTL_Sessions USDCHF.pro,H1: removed
0	13:02:02.503	Expert PTL_EA AUDUSD.pro,M15: removed
0	13:02:02.507	Custom indicator pipsometer_5_decimal AUDUSD.pro,M15: removed
0	13:02:02.510	Custom indicator time_table AUDUSD.pro,M15: removed
0	13:02:02.512	Custom indicator PTL_Sessions AUDUSD.pro,M15: removed
0	13:02:02.529	Expert PTL_EA USDCAD.pro,M15: removed
0	13:02:02.533	Custom indicator pipsometer_5_decimal USDCAD.pro,M15: removed
0	13:02:02.536	Custom indicator time_table USDCAD.pro,M15: removed
0	13:02:02.539	Custom indicator PTL_Sessions USDCAD.pro,M15: removed
0	13:02:02.552	Expert PTL_EA EURAUD.pro,H1: removed
0	13:02:02.557	Custom indicator pipsometer_5_decimal EURAUD.pro,H1: removed
0	13:02:02.560	Custom indicator time_table EURAUD.pro,H1: removed
0	13:02:02.562	Custom indicator PTL_Sessions EURAUD.pro,H1: removed
0	13:02:02.570	Expert PTL_EA GBPAUD.pro,H1: removed
0	13:02:02.576	Custom indicator pipsometer_5_decimal GBPAUD.pro,H1: removed
0	13:02:02.578	Custom indicator time_table GBPAUD.pro,H1: removed
0	13:02:02.580	Custom indicator PTL_Sessions GBPAUD.pro,H1: removed
0	13:02:21.759	Custom indicator pipsometer_5_decimal XAUUSD.pro,M15: loaded successfully
0	13:02:21.772	Custom indicator time_table XAUUSD.pro,M15: loaded successfully
0	13:02:21.787	Custom indicator PTL_Sessions XAUUSD.pro,M15: loaded successfully
0	13:02:21.803	Expert PTL_EA XAUUSD.pro,M15: loaded successfully
0	13:02:21.804	PTL_EA XAUUSD.pro,M15 inputs: InpLanguage=1; TelegramToken=927322228:AAFxIy4Tw_rfZr6LEoyO5tocsMNBxwNXIHI; TelegramNotification=true; Pair_suffix=; InpUpdateMode=1; InpTemplates=ptl_screenshot;ptl_screenshot_zoom; 
0	13:02:21.835	pipsometer_5_decimal XAUUSD.pro,M15: initialized
0	13:02:21.858	time_table XAUUSD.pro,M15: initialized
0	13:02:21.885	PTL_Sessions XAUUSD.pro,M15: initialized
0	13:02:21.923	Custom indicator pipsometer_5_decimal EURUSD.pro,M15: loaded successfully
0	13:02:21.937	Custom indicator time_table EURUSD.pro,M15: loaded successfully
0	13:02:21.950	Custom indicator PTL_Sessions EURUSD.pro,M15: loaded successfully
0	13:02:21.966	Expert PTL_EA EURUSD.pro,M15: loaded successfully
0	13:02:21.966	PTL_EA EURUSD.pro,M15 inputs: InpLanguage=1; TelegramToken=927322228:AAFxIy4Tw_rfZr6LEoyO5tocsMNBxwNXIHI; TelegramNotification=true; Pair_suffix=; InpUpdateMode=1; InpTemplates=ptl_screenshot;ptl_screenshot_zoom; 
0	13:02:21.993	pipsometer_5_decimal EURUSD.pro,M15: initialized
0	13:02:22.018	time_table EURUSD.pro,M15: initialized
0	13:02:22.045	PTL_Sessions EURUSD.pro,M15: initialized
0	13:02:22.084	Custom indicator pipsometer_5_decimal GBPUSD.pro,M15: loaded successfully
0	13:02:22.097	Custom indicator time_table GBPUSD.pro,M15: loaded successfully
0	13:02:22.109	Custom indicator PTL_Sessions GBPUSD.pro,M15: loaded successfully
0	13:02:22.124	Expert PTL_EA GBPUSD.pro,M15: loaded successfully
0	13:02:22.124	PTL_EA GBPUSD.pro,M15 inputs: InpLanguage=1; TelegramToken=927322228:AAFxIy4Tw_rfZr6LEoyO5tocsMNBxwNXIHI; TelegramNotification=true; Pair_suffix=; InpUpdateMode=1; InpTemplates=ptl_screenshot;ptl_screenshot_zoom; 
0	13:02:22.149	pipsometer_5_decimal GBPUSD.pro,M15: initialized
0	13:02:22.196	time_table GBPUSD.pro,M15: initialized
0	13:02:22.229	PTL_Sessions GBPUSD.pro,M15: initialized
0	13:02:22.266	Custom indicator pipsometer_5_decimal GBPJPY.pro,M15: loaded successfully
0	13:02:22.280	Custom indicator time_table GBPJPY.pro,M15: loaded successfully
0	13:02:22.293	Custom indicator PTL_Sessions GBPJPY.pro,M15: loaded successfully
0	13:02:22.309	Expert PTL_EA GBPJPY.pro,M15: loaded successfully
0	13:02:22.309	PTL_EA GBPJPY.pro,M15 inputs: InpLanguage=1; TelegramToken=927322228:AAFxIy4Tw_rfZr6LEoyO5tocsMNBxwNXIHI; TelegramNotification=true; Pair_suffix=; InpUpdateMode=1; InpTemplates=ptl_screenshot;ptl_screenshot_zoom; 
0	13:02:22.336	pipsometer_5_decimal GBPJPY.pro,M15: initialized
0	13:02:22.359	time_table GBPJPY.pro,M15: initialized
0	13:02:22.384	PTL_Sessions GBPJPY.pro,M15: initialized
0	13:02:22.417	Custom indicator pipsometer_5_decimal EURJPY.pro,M15: loaded successfully
0	13:02:22.431	Custom indicator time_table EURJPY.pro,M15: loaded successfully
0	13:02:22.443	Custom indicator PTL_Sessions EURJPY.pro,M15: loaded successfully
0	13:02:22.458	Expert PTL_EA EURJPY.pro,M15: loaded successfully
0	13:02:22.458	PTL_EA EURJPY.pro,M15 inputs: InpLanguage=1; TelegramToken=927322228:AAFxIy4Tw_rfZr6LEoyO5tocsMNBxwNXIHI; TelegramNotification=true; Pair_suffix=; InpUpdateMode=1; InpTemplates=ptl_screenshot;ptl_screenshot_zoom; 
0	13:02:22.485	pipsometer_5_decimal EURJPY.pro,M15: initialized
0	13:02:22.506	time_table EURJPY.pro,M15: initialized
0	13:02:22.533	PTL_Sessions EURJPY.pro,M15: initialized
0	13:02:22.574	Custom indicator pipsometer_5_decimal USDJPY.pro,M15: loaded successfully
0	13:02:22.588	Custom indicator time_table USDJPY.pro,M15: loaded successfully
0	13:02:22.601	Custom indicator PTL_Sessions USDJPY.pro,M15: loaded successfully
0	13:02:22.617	Expert PTL_EA USDJPY.pro,M15: loaded successfully
0	13:02:22.617	PTL_EA USDJPY.pro,M15 inputs: InpLanguage=1; TelegramToken=927322228:AAFxIy4Tw_rfZr6LEoyO5tocsMNBxwNXIHI; TelegramNotification=true; Pair_suffix=; InpUpdateMode=1; InpTemplates=ptl_screenshot;ptl_screenshot_zoom; 
0	13:02:22.646	pipsometer_5_decimal USDJPY.pro,M15: initialized
0	13:02:22.669	time_table USDJPY.pro,M15: initialized
0	13:02:22.695	PTL_Sessions USDJPY.pro,M15: initialized
0	13:02:22.740	Custom indicator pipsometer_5_decimal USDCHF.pro,H1: loaded successfully
0	13:02:22.753	Custom indicator time_table USDCHF.pro,H1: loaded successfully
0	13:02:22.765	Custom indicator PTL_Sessions USDCHF.pro,H1: loaded successfully
0	13:02:22.780	Expert PTL_EA USDCHF.pro,H1: loaded successfully
0	13:02:22.780	PTL_EA USDCHF.pro,H1 inputs: InpLanguage=1; TelegramToken=927322228:AAFxIy4Tw_rfZr6LEoyO5tocsMNBxwNXIHI; TelegramNotification=true; Pair_suffix=; InpUpdateMode=1; InpTemplates=ptl_screenshot;ptl_screenshot_zoom; 
0	13:02:22.806	pipsometer_5_decimal USDCHF.pro,H1: initialized
0	13:02:22.829	time_table USDCHF.pro,H1: initialized
0	13:02:22.857	PTL_Sessions USDCHF.pro,H1: initialized
0	13:02:22.901	Custom indicator pipsometer_5_decimal AUDUSD.pro,M15: loaded successfully
0	13:02:22.914	Custom indicator time_table AUDUSD.pro,M15: loaded successfully
0	13:02:22.926	Custom indicator PTL_Sessions AUDUSD.pro,M15: loaded successfully
0	13:02:22.941	Expert PTL_EA AUDUSD.pro,M15: loaded successfully
0	13:02:22.941	PTL_EA AUDUSD.pro,M15 inputs: InpLanguage=1; TelegramToken=927322228:AAFxIy4Tw_rfZr6LEoyO5tocsMNBxwNXIHI; TelegramNotification=true; Pair_suffix=; InpUpdateMode=1; InpTemplates=ptl_screenshot;ptl_screenshot_zoom; 
0	13:02:22.968	pipsometer_5_decimal AUDUSD.pro,M15: initialized
0	13:02:22.992	time_table AUDUSD.pro,M15: initialized
0	13:02:23.018	PTL_Sessions AUDUSD.pro,M15: initialized
0	13:02:23.064	Custom indicator pipsometer_5_decimal USDCAD.pro,M15: loaded successfully
0	13:02:23.078	Custom indicator time_table USDCAD.pro,M15: loaded successfully
0	13:02:23.091	Custom indicator PTL_Sessions USDCAD.pro,M15: loaded successfully
0	13:02:23.107	Expert PTL_EA USDCAD.pro,M15: loaded successfully
0	13:02:23.107	PTL_EA USDCAD.pro,M15 inputs: InpLanguage=1; TelegramToken=927322228:AAFxIy4Tw_rfZr6LEoyO5tocsMNBxwNXIHI; TelegramNotification=true; Pair_suffix=; InpUpdateMode=1; InpTemplates=ptl_screenshot;ptl_screenshot_zoom; 
0	13:02:23.132	pipsometer_5_decimal USDCAD.pro,M15: initialized
0	13:02:23.154	time_table USDCAD.pro,M15: initialized
0	13:02:23.179	PTL_Sessions USDCAD.pro,M15: initialized
0	13:02:23.225	Custom indicator pipsometer_5_decimal EURAUD.pro,H1: loaded successfully
0	13:02:23.241	Custom indicator time_table EURAUD.pro,H1: loaded successfully
0	13:02:23.256	Custom indicator PTL_Sessions EURAUD.pro,H1: loaded successfully
0	13:02:23.271	Expert PTL_EA EURAUD.pro,H1: loaded successfully
0	13:02:23.271	PTL_EA EURAUD.pro,H1 inputs: InpLanguage=1; TelegramToken=927322228:AAFxIy4Tw_rfZr6LEoyO5tocsMNBxwNXIHI; TelegramNotification=true; Pair_suffix=; InpUpdateMode=1; InpTemplates=ptl_screenshot;ptl_screenshot_zoom; 
0	13:02:23.298	pipsometer_5_decimal EURAUD.pro,H1: initialized
0	13:02:23.320	time_table EURAUD.pro,H1: initialized
0	13:02:23.346	PTL_Sessions EURAUD.pro,H1: initialized
0	13:02:23.390	Custom indicator pipsometer_5_decimal GBPAUD.pro,H1: loaded successfully
0	13:02:23.402	Custom indicator time_table GBPAUD.pro,H1: loaded successfully
0	13:02:23.415	Custom indicator PTL_Sessions GBPAUD.pro,H1: loaded successfully
0	13:02:23.431	Expert PTL_EA GBPAUD.pro,H1: loaded successfully
0	13:02:23.431	PTL_EA GBPAUD.pro,H1 inputs: InpLanguage=1; TelegramToken=927322228:AAFxIy4Tw_rfZr6LEoyO5tocsMNBxwNXIHI; TelegramNotification=true; Pair_suffix=; InpUpdateMode=1; InpTemplates=ptl_screenshot;ptl_screenshot_zoom; 
0	13:02:23.457	pipsometer_5_decimal GBPAUD.pro,H1: initialized
0	13:02:23.483	time_table GBPAUD.pro,H1: initialized
0	13:02:23.510	PTL_Sessions GBPAUD.pro,H1: initialized
0	13:02:28.403	PTL_EA USDCHF.pro,H1: initialized
0	13:02:28.416	PTL_EA EURAUD.pro,H1: initialized
0	13:02:28.416	PTL_EA EURUSD.pro,M15: initialized
0	13:02:28.428	PTL_EA USDCAD.pro,M15: initialized
0	13:02:28.435	PTL_EA USDJPY.pro,M15: initialized
0	13:02:28.436	PTL_EA XAUUSD.pro,M15: initialized
0	13:02:28.446	PTL_EA GBPJPY.pro,M15: initialized
0	13:02:28.460	PTL_EA GBPAUD.pro,H1: initialized
0	13:02:28.469	PTL_EA GBPUSD.pro,M15: initialized
0	13:02:28.477	PTL_EA EURJPY.pro,M15: initialized
0	13:02:28.477	PTL_EA AUDUSD.pro,M15: initialized
0	13:21:41.893	PTL_EA EURJPY.pro,M15: uninit reason 3
0	13:21:41.895	pipsometer_5_decimal EURJPY.pro,M15: uninit reason 3
0	13:21:41.895	time_table EURJPY.pro,M15: uninit reason 3
0	13:21:41.895	PTL_Sessions EURJPY.pro,M15: uninit reason 3
0	13:21:41.896	pipsometer_5_decimal EURJPY.pro,M5: initialized
0	13:21:41.896	time_table EURJPY.pro,M5: initialized
0	13:21:41.896	PTL_Sessions EURJPY.pro,M5: initialized
0	13:21:41.920	PTL_EA EURJPY.pro,M5: initialized
0	13:21:45.805	PTL_EA EURJPY.pro,M5: uninit reason 3
0	13:21:45.807	pipsometer_5_decimal EURJPY.pro,M5: uninit reason 3
0	13:21:45.807	time_table EURJPY.pro,M5: uninit reason 3
0	13:21:45.807	PTL_Sessions EURJPY.pro,M5: uninit reason 3
0	13:21:45.807	pipsometer_5_decimal EURJPY.pro,M15: initialized
0	13:21:45.808	time_table EURJPY.pro,M15: initialized
0	13:21:45.808	PTL_Sessions EURJPY.pro,M15: initialized
0	13:21:45.831	PTL_EA EURJPY.pro,M15: initialized
0	13:37:36.273	PTL_EA XAUUSD.pro,M15: uninit reason 2
0	13:37:36.283	Expert PTL_EA XAUUSD.pro,M15: removed
0	13:37:36.304	Expert PTL_EA XAUUSD.pro,M15: loaded successfully
0	13:37:36.306	PTL_EA EURUSD.pro,M15: uninit reason 2
0	13:37:36.320	Expert PTL_EA EURUSD.pro,M15: removed
0	13:37:36.351	Expert PTL_EA EURUSD.pro,M15: loaded successfully
0	13:37:36.352	PTL_EA GBPUSD.pro,M15: uninit reason 2
0	13:37:36.365	Expert PTL_EA GBPUSD.pro,M15: removed
0	13:37:36.390	Expert PTL_EA GBPUSD.pro,M15: loaded successfully
0	13:37:36.393	PTL_EA GBPJPY.pro,M15: uninit reason 2
0	13:37:36.404	Expert PTL_EA GBPJPY.pro,M15: removed
0	13:37:36.427	Expert PTL_EA GBPJPY.pro,M15: loaded successfully
0	13:37:36.429	PTL_EA EURJPY.pro,M15: uninit reason 2
0	13:37:36.440	Expert PTL_EA EURJPY.pro,M15: removed
0	13:37:36.466	Expert PTL_EA EURJPY.pro,M15: loaded successfully
0	13:37:36.469	PTL_EA USDJPY.pro,M15: uninit reason 2
0	13:37:36.483	Expert PTL_EA USDJPY.pro,M15: removed
0	13:37:36.507	PTL_EA XAUUSD.pro,M15: initialized
0	13:37:36.509	Expert PTL_EA USDJPY.pro,M15: loaded successfully
0	13:37:36.512	PTL_EA USDCHF.pro,H1: uninit reason 2
0	13:37:36.519	Expert PTL_EA USDCHF.pro,H1: removed
0	13:37:36.543	Expert PTL_EA USDCHF.pro,H1: loaded successfully
0	13:37:36.545	PTL_EA AUDUSD.pro,M15: uninit reason 2
0	13:37:36.561	Expert PTL_EA AUDUSD.pro,M15: removed
0	13:37:36.591	Expert PTL_EA AUDUSD.pro,M15: loaded successfully
0	13:37:36.593	PTL_EA USDCAD.pro,M15: uninit reason 2
0	13:37:36.601	Expert PTL_EA USDCAD.pro,M15: removed
0	13:37:36.604	PTL_EA EURUSD.pro,M15: initialized
0	13:37:36.626	Expert PTL_EA USDCAD.pro,M15: loaded successfully
0	13:37:36.628	PTL_EA EURAUD.pro,H1: uninit reason 2
0	13:37:36.642	Expert PTL_EA EURAUD.pro,H1: removed
0	13:37:36.666	Expert PTL_EA EURAUD.pro,H1: loaded successfully
0	13:37:36.668	PTL_EA GBPAUD.pro,H1: uninit reason 2
0	13:37:36.681	Expert PTL_EA GBPAUD.pro,H1: removed
0	13:37:36.708	Expert PTL_EA GBPAUD.pro,H1: loaded successfully
0	13:37:36.839	PTL_EA GBPUSD.pro,M15: initialized
0	13:37:36.905	PTL_EA GBPJPY.pro,M15: initialized
0	13:37:36.953	PTL_EA GBPAUD.pro,H1: initialized
0	13:37:36.972	PTL_EA USDJPY.pro,M15: initialized
0	13:37:36.978	PTL_EA USDCHF.pro,H1: initialized
0	13:37:36.980	PTL_EA EURJPY.pro,M15: initialized
0	13:37:36.981	PTL_EA USDCAD.pro,M15: initialized
0	13:37:36.992	PTL_EA EURAUD.pro,H1: initialized
0	13:37:37.095	PTL_EA AUDUSD.pro,M15: initialized
0	14:40:02.166	PTL_EA GBPJPY.pro,M15: uninit reason 3
0	14:40:02.168	pipsometer_5_decimal GBPJPY.pro,M15: uninit reason 3
0	14:40:02.168	time_table GBPJPY.pro,M15: uninit reason 3
0	14:40:02.168	PTL_Sessions GBPJPY.pro,M15: uninit reason 3
0	14:40:02.170	pipsometer_5_decimal GBPJPY.pro,M5: initialized
0	14:40:02.170	time_table GBPJPY.pro,M5: initialized
0	14:40:02.170	PTL_Sessions GBPJPY.pro,M5: initialized
0	14:40:02.194	PTL_EA GBPJPY.pro,M5: initialized
0	14:43:12.586	PTL_EA GBPJPY.pro,M5: uninit reason 3
0	14:43:12.588	pipsometer_5_decimal GBPJPY.pro,M5: uninit reason 3
0	14:43:12.588	time_table GBPJPY.pro,M5: uninit reason 3
0	14:43:12.588	PTL_Sessions GBPJPY.pro,M5: uninit reason 3
0	14:43:12.588	pipsometer_5_decimal GBPJPY.pro,M15: initialized
0	14:43:12.588	time_table GBPJPY.pro,M15: initialized
0	14:43:12.588	PTL_Sessions GBPJPY.pro,M15: initialized
0	14:43:12.614	PTL_EA GBPJPY.pro,M15: initialized
0	15:00:10.619	PTL_EA GBPJPY.pro,M15: uninit reason 3
0	15:00:10.621	pipsometer_5_decimal GBPJPY.pro,M15: uninit reason 3
0	15:00:10.621	time_table GBPJPY.pro,M15: uninit reason 3
0	15:00:10.621	PTL_Sessions GBPJPY.pro,M15: uninit reason 3
0	15:00:10.621	pipsometer_5_decimal GBPJPY.pro,M5: initialized
0	15:00:10.622	time_table GBPJPY.pro,M5: initialized
0	15:00:10.622	PTL_Sessions GBPJPY.pro,M5: initialized
0	15:00:10.647	PTL_EA GBPJPY.pro,M5: initialized
0	15:09:26.240	PTL_EA GBPJPY.pro,M5: uninit reason 3
0	15:09:26.242	pipsometer_5_decimal GBPJPY.pro,M5: uninit reason 3
0	15:09:26.242	time_table GBPJPY.pro,M5: uninit reason 3
0	15:09:26.242	PTL_Sessions GBPJPY.pro,M5: uninit reason 3
0	15:09:26.242	pipsometer_5_decimal GBPJPY.pro,M15: initialized
0	15:09:26.242	time_table GBPJPY.pro,M15: initialized
0	15:09:26.242	PTL_Sessions GBPJPY.pro,M15: initialized
0	15:09:26.267	PTL_EA GBPJPY.pro,M15: initialized
0	15:09:39.455	PTL_EA EURJPY.pro,M15: uninit reason 3
0	15:09:39.457	pipsometer_5_decimal EURJPY.pro,M15: uninit reason 3
0	15:09:39.457	time_table EURJPY.pro,M15: uninit reason 3
0	15:09:39.457	PTL_Sessions EURJPY.pro,M15: uninit reason 3
0	15:09:39.457	pipsometer_5_decimal EURJPY.pro,M30: initialized
0	15:09:39.457	time_table EURJPY.pro,M30: initialized
0	15:09:39.458	PTL_Sessions EURJPY.pro,M30: initialized
0	15:09:39.481	PTL_EA EURJPY.pro,M30: initialized
0	16:33:40.694	PTL_EA GBPUSD.pro,M15: uninit reason 3
0	16:33:40.696	pipsometer_5_decimal GBPUSD.pro,M15: uninit reason 3
0	16:33:40.696	time_table GBPUSD.pro,M15: uninit reason 3
0	16:33:40.696	PTL_Sessions GBPUSD.pro,M15: uninit reason 3
0	16:33:40.696	pipsometer_5_decimal GBPUSD.pro,M30: initialized
0	16:33:40.722	time_table GBPUSD.pro,M30: initialized
0	16:33:40.723	PTL_Sessions GBPUSD.pro,M30: initialized
0	16:33:40.751	PTL_EA GBPUSD.pro,M30: initialized
0	16:33:41.177	PTL_EA GBPUSD.pro,M30: uninit reason 3
0	16:33:41.179	pipsometer_5_decimal GBPUSD.pro,M30: uninit reason 3
0	16:33:41.179	time_table GBPUSD.pro,M30: uninit reason 3
0	16:33:41.179	PTL_Sessions GBPUSD.pro,M30: uninit reason 3
0	16:33:41.179	pipsometer_5_decimal GBPUSD.pro,M15: initialized
0	16:33:41.179	time_table GBPUSD.pro,M15: initialized
0	16:33:41.179	PTL_Sessions GBPUSD.pro,M15: initialized
0	16:33:41.201	PTL_EA GBPUSD.pro,M15: initialized
0	16:33:46.084	PTL_EA GBPUSD.pro,M15: uninit reason 3
0	16:33:46.086	pipsometer_5_decimal GBPUSD.pro,M15: uninit reason 3
0	16:33:46.086	time_table GBPUSD.pro,M15: uninit reason 3
0	16:33:46.086	PTL_Sessions GBPUSD.pro,M15: uninit reason 3
0	16:33:46.086	pipsometer_5_decimal GBPUSD.pro,M30: initialized
0	16:33:46.086	time_table GBPUSD.pro,M30: initialized
0	16:33:46.086	PTL_Sessions GBPUSD.pro,M30: initialized
0	16:33:46.109	PTL_EA GBPUSD.pro,M30: initialized
0	16:33:46.607	PTL_EA GBPUSD.pro,M30: uninit reason 3
0	16:33:46.609	pipsometer_5_decimal GBPUSD.pro,M30: uninit reason 3
0	16:33:46.609	time_table GBPUSD.pro,M30: uninit reason 3
0	16:33:46.609	PTL_Sessions GBPUSD.pro,M30: uninit reason 3
0	16:33:46.609	pipsometer_5_decimal GBPUSD.pro,H1: initialized
0	16:33:46.609	time_table GBPUSD.pro,H1: initialized
0	16:33:46.609	PTL_Sessions GBPUSD.pro,H1: initialized
0	16:33:46.633	PTL_EA GBPUSD.pro,H1: initialized
0	16:56:05.818	PTL_EA GBPJPY.pro,M15: uninit reason 3
0	16:56:05.819	pipsometer_5_decimal GBPJPY.pro,M15: uninit reason 3
0	16:56:05.819	time_table GBPJPY.pro,M15: uninit reason 3
0	16:56:05.819	PTL_Sessions GBPJPY.pro,M15: uninit reason 3
0	16:56:05.819	pipsometer_5_decimal GBPJPY.pro,H1: initialized
0	16:56:05.838	time_table GBPJPY.pro,H1: initialized
0	16:56:05.856	PTL_Sessions GBPJPY.pro,H1: initialized
0	16:56:05.886	PTL_EA GBPJPY.pro,H1: initialized
0	17:14:49.496	PTL_EA GBPJPY.pro,H1: uninit reason 3
0	17:14:49.498	pipsometer_5_decimal GBPJPY.pro,H1: uninit reason 3
0	17:14:49.498	time_table GBPJPY.pro,H1: uninit reason 3
0	17:14:49.498	PTL_Sessions GBPJPY.pro,H1: uninit reason 3
0	17:14:49.498	pipsometer_5_decimal GBPJPY.pro,M15: initialized
0	17:14:49.498	time_table GBPJPY.pro,M15: initialized
0	17:14:49.499	PTL_Sessions GBPJPY.pro,M15: initialized
0	17:14:49.523	PTL_EA GBPJPY.pro,M15: initialized
0	19:46:10.374	PTL_EA GBPUSD.pro,H1: uninit reason 3
0	19:46:10.377	pipsometer_5_decimal GBPUSD.pro,H1: uninit reason 3
0	19:46:10.377	time_table GBPUSD.pro,H1: uninit reason 3
0	19:46:10.377	PTL_Sessions GBPUSD.pro,H1: uninit reason 3
0	19:46:10.378	pipsometer_5_decimal GBPUSD.pro,M15: initialized
0	19:46:10.378	time_table GBPUSD.pro,M15: initialized
0	19:46:10.378	PTL_Sessions GBPUSD.pro,M15: initialized
0	19:46:10.402	PTL_EA GBPUSD.pro,M15: initialized
0	20:03:25.834	PTL_EA XAUUSD.pro,M15: uninit reason 3
0	20:03:25.837	pipsometer_5_decimal XAUUSD.pro,M15: uninit reason 3
0	20:03:25.837	time_table XAUUSD.pro,M15: uninit reason 3
0	20:03:25.837	PTL_Sessions XAUUSD.pro,M15: uninit reason 3
0	20:03:25.837	pipsometer_5_decimal XAUUSD.pro,M30: initialized
0	20:03:25.837	time_table XAUUSD.pro,M30: initialized
0	20:03:25.837	PTL_Sessions XAUUSD.pro,M30: initialized
0	20:03:25.862	PTL_EA XAUUSD.pro,M30: initialized
0	20:03:26.578	PTL_EA XAUUSD.pro,M30: uninit reason 3
0	20:03:26.580	pipsometer_5_decimal XAUUSD.pro,M30: uninit reason 3
0	20:03:26.580	time_table XAUUSD.pro,M30: uninit reason 3
0	20:03:26.580	PTL_Sessions XAUUSD.pro,M30: uninit reason 3
0	20:03:26.580	pipsometer_5_decimal XAUUSD.pro,M15: initialized
0	20:03:26.580	time_table XAUUSD.pro,M15: initialized
0	20:03:26.581	PTL_Sessions XAUUSD.pro,M15: initialized
0	20:03:26.603	PTL_EA XAUUSD.pro,M15: initialized
0	20:03:45.309	PTL_EA USDCHF.pro,H1: uninit reason 3
0	20:03:45.311	pipsometer_5_decimal USDCHF.pro,H1: uninit reason 3
0	20:03:45.311	time_table USDCHF.pro,H1: uninit reason 3
0	20:03:45.311	PTL_Sessions USDCHF.pro,H1: uninit reason 3
0	20:03:45.311	pipsometer_5_decimal USDCHF.pro,M30: initialized
0	20:03:45.311	time_table USDCHF.pro,M30: initialized
0	20:03:45.311	PTL_Sessions USDCHF.pro,M30: initialized
0	20:03:45.335	PTL_EA USDCHF.pro,M30: initialized
0	20:03:47.799	PTL_EA USDCHF.pro,M30: uninit reason 3
0	20:03:47.801	pipsometer_5_decimal USDCHF.pro,M30: uninit reason 3
0	20:03:47.801	time_table USDCHF.pro,M30: uninit reason 3
0	20:03:47.801	PTL_Sessions USDCHF.pro,M30: uninit reason 3
0	20:03:47.801	pipsometer_5_decimal USDCHF.pro,M15: initialized
0	20:03:47.801	time_table USDCHF.pro,M15: initialized
0	20:03:47.801	PTL_Sessions USDCHF.pro,M15: initialized
0	20:03:47.826	PTL_EA USDCHF.pro,M15: initialized
0	20:04:56.421	PTL_EA GBPUSD.pro,M15: uninit reason 3
0	20:04:56.423	pipsometer_5_decimal GBPUSD.pro,M15: uninit reason 3
0	20:04:56.423	time_table GBPUSD.pro,M15: uninit reason 3
0	20:04:56.423	PTL_Sessions GBPUSD.pro,M15: uninit reason 3
0	20:04:56.424	pipsometer_5_decimal GBPUSD.pro,M5: initialized
0	20:04:56.424	time_table GBPUSD.pro,M5: initialized
0	20:04:56.424	PTL_Sessions GBPUSD.pro,M5: initialized
0	20:04:56.451	PTL_EA GBPUSD.pro,M5: initialized
0	20:11:26.372	PTL_EA USDCHF.pro,M15: uninit reason 3
0	20:11:26.374	pipsometer_5_decimal USDCHF.pro,M15: uninit reason 3
0	20:11:26.374	time_table USDCHF.pro,M15: uninit reason 3
0	20:11:26.374	PTL_Sessions USDCHF.pro,M15: uninit reason 3
0	20:11:26.374	pipsometer_5_decimal USDCHF.pro,M30: initialized
0	20:11:26.374	time_table USDCHF.pro,M30: initialized
0	20:11:26.374	PTL_Sessions USDCHF.pro,M30: initialized
0	20:11:26.403	PTL_EA USDCHF.pro,M30: initialized
0	20:11:26.861	PTL_EA USDCHF.pro,M30: uninit reason 3
0	20:11:26.863	pipsometer_5_decimal USDCHF.pro,M30: uninit reason 3
0	20:11:26.863	time_table USDCHF.pro,M30: uninit reason 3
0	20:11:26.863	PTL_Sessions USDCHF.pro,M30: uninit reason 3
0	20:11:26.863	pipsometer_5_decimal USDCHF.pro,M15: initialized
0	20:11:26.863	time_table USDCHF.pro,M15: initialized
0	20:11:26.863	PTL_Sessions USDCHF.pro,M15: initialized
0	20:11:26.891	PTL_EA USDCHF.pro,M15: initialized
0	20:11:37.459	PTL_EA GBPJPY.pro,M15: uninit reason 3
0	20:11:37.461	pipsometer_5_decimal GBPJPY.pro,M15: uninit reason 3
0	20:11:37.461	time_table GBPJPY.pro,M15: uninit reason 3
0	20:11:37.461	PTL_Sessions GBPJPY.pro,M15: uninit reason 3
0	20:11:37.463	pipsometer_5_decimal GBPJPY.pro,M5: initialized
0	20:11:37.463	time_table GBPJPY.pro,M5: initialized
0	20:11:37.463	PTL_Sessions GBPJPY.pro,M5: initialized
0	20:11:37.489	PTL_EA GBPJPY.pro,M5: initialized
0	20:12:15.179	PTL_EA AUDUSD.pro,M15: uninit reason 3
0	20:12:15.181	pipsometer_5_decimal AUDUSD.pro,M15: uninit reason 3
0	20:12:15.181	time_table AUDUSD.pro,M15: uninit reason 3
0	20:12:15.181	PTL_Sessions AUDUSD.pro,M15: uninit reason 3
0	20:12:15.182	pipsometer_5_decimal AUDUSD.pro,M5: initialized
0	20:12:15.182	time_table AUDUSD.pro,M5: initialized
0	20:12:15.182	PTL_Sessions AUDUSD.pro,M5: initialized
0	20:12:15.205	PTL_EA AUDUSD.pro,M5: initialized
0	20:12:52.817	PTL_EA AUDUSD.pro,M5: uninit reason 3
0	20:12:52.819	pipsometer_5_decimal AUDUSD.pro,M5: uninit reason 3
0	20:12:52.819	time_table AUDUSD.pro,M5: uninit reason 3
0	20:12:52.819	PTL_Sessions AUDUSD.pro,M5: uninit reason 3
0	20:12:52.819	pipsometer_5_decimal AUDUSD.pro,M15: initialized
0	20:12:52.819	time_table AUDUSD.pro,M15: initialized
0	20:12:52.819	PTL_Sessions AUDUSD.pro,M15: initialized
0	20:12:52.846	PTL_EA AUDUSD.pro,M15: initialized
0	20:13:00.256	PTL_EA GBPJPY.pro,M5: uninit reason 3
0	20:13:00.258	pipsometer_5_decimal GBPJPY.pro,M5: uninit reason 3
0	20:13:00.258	time_table GBPJPY.pro,M5: uninit reason 3
0	20:13:00.258	PTL_Sessions GBPJPY.pro,M5: uninit reason 3
0	20:13:00.258	pipsometer_5_decimal GBPJPY.pro,M15: initialized
0	20:13:00.258	time_table GBPJPY.pro,M15: initialized
0	20:13:00.259	PTL_Sessions GBPJPY.pro,M15: initialized
0	20:13:00.283	PTL_EA GBPJPY.pro,M15: initialized
0	20:13:11.369	PTL_EA GBPJPY.pro,M15: uninit reason 3
0	20:13:11.371	pipsometer_5_decimal GBPJPY.pro,M15: uninit reason 3
0	20:13:11.371	time_table GBPJPY.pro,M15: uninit reason 3
0	20:13:11.371	PTL_Sessions GBPJPY.pro,M15: uninit reason 3
0	20:13:11.371	pipsometer_5_decimal GBPJPY.pro,H1: initialized
0	20:13:11.371	time_table GBPJPY.pro,H1: initialized
0	20:13:11.372	PTL_Sessions GBPJPY.pro,H1: initialized
0	20:13:11.400	PTL_EA GBPJPY.pro,H1: initialized
0	20:13:57.589	PTL_EA XAUUSD.pro,M15: uninit reason 2
0	20:13:57.608	Expert PTL_EA XAUUSD.pro,M15: removed
0	20:13:57.629	Expert PTL_EA XAUUSD.pro,M15: loaded successfully
0	20:13:57.630	PTL_EA EURUSD.pro,M15: uninit reason 2
0	20:13:57.641	Expert PTL_EA EURUSD.pro,M15: removed
0	20:13:57.666	Expert PTL_EA EURUSD.pro,M15: loaded successfully
0	20:13:57.667	PTL_EA GBPUSD.pro,M5: uninit reason 2
0	20:13:57.677	Expert PTL_EA GBPUSD.pro,M5: removed
0	20:13:57.702	Expert PTL_EA GBPUSD.pro,M5: loaded successfully
0	20:13:57.703	PTL_EA GBPJPY.pro,H1: uninit reason 2
0	20:13:57.716	Expert PTL_EA GBPJPY.pro,H1: removed
0	20:13:57.743	Expert PTL_EA GBPJPY.pro,H1: loaded successfully
0	20:13:57.744	PTL_EA EURJPY.pro,M30: uninit reason 2
0	20:13:57.756	Expert PTL_EA EURJPY.pro,M30: removed
0	20:13:57.779	Expert PTL_EA EURJPY.pro,M30: loaded successfully
0	20:13:57.780	PTL_EA USDJPY.pro,M15: uninit reason 2
0	20:13:57.796	Expert PTL_EA USDJPY.pro,M15: removed
0	20:13:57.813	PTL_EA XAUUSD.pro,M15: initialized
0	20:13:57.820	Expert PTL_EA USDJPY.pro,M15: loaded successfully
0	20:13:57.821	PTL_EA USDCHF.pro,M15: uninit reason 2
0	20:13:57.834	Expert PTL_EA USDCHF.pro,M15: removed
0	20:13:57.858	Expert PTL_EA USDCHF.pro,M15: loaded successfully
0	20:13:57.859	PTL_EA AUDUSD.pro,M15: uninit reason 2
0	20:13:57.872	Expert PTL_EA AUDUSD.pro,M15: removed
0	20:13:57.895	Expert PTL_EA AUDUSD.pro,M15: loaded successfully
0	20:13:57.896	PTL_EA USDCAD.pro,M15: uninit reason 2
0	20:13:57.907	Expert PTL_EA USDCAD.pro,M15: removed
0	20:13:57.926	PTL_EA EURUSD.pro,M15: initialized
0	20:13:57.926	PTL_EA GBPUSD.pro,M5: initialized
0	20:13:57.938	Expert PTL_EA USDCAD.pro,M15: loaded successfully
0	20:13:57.939	PTL_EA EURAUD.pro,H1: uninit reason 2
0	20:13:57.945	Expert PTL_EA EURAUD.pro,H1: removed
0	20:13:57.967	Expert PTL_EA EURAUD.pro,H1: loaded successfully
0	20:13:57.968	PTL_EA GBPAUD.pro,H1: uninit reason 2
0	20:13:57.982	Expert PTL_EA GBPAUD.pro,H1: removed
0	20:13:58.005	Expert PTL_EA GBPAUD.pro,H1: loaded successfully
0	20:13:58.250	PTL_EA EURJPY.pro,M30: initialized
0	20:13:58.270	PTL_EA USDJPY.pro,M15: initialized
0	20:13:58.277	PTL_EA EURAUD.pro,H1: initialized
0	20:13:58.280	PTL_EA AUDUSD.pro,M15: initialized
0	20:13:58.281	PTL_EA USDCAD.pro,M15: initialized
0	20:13:58.281	PTL_EA GBPAUD.pro,H1: initialized
0	20:13:58.286	PTL_EA GBPJPY.pro,H1: initialized
0	20:13:58.323	PTL_EA USDCHF.pro,M15: initialized
0	20:14:02.244	PTL_EA GBPJPY.pro,H1: uninit reason 3
0	20:14:02.246	pipsometer_5_decimal GBPJPY.pro,H1: uninit reason 3
0	20:14:02.246	time_table GBPJPY.pro,H1: uninit reason 3
0	20:14:02.246	PTL_Sessions GBPJPY.pro,H1: uninit reason 3
0	20:14:02.246	pipsometer_5_decimal GBPJPY.pro,M30: initialized
0	20:14:02.250	time_table GBPJPY.pro,M30: initialized
0	20:14:02.250	PTL_Sessions GBPJPY.pro,M30: initialized
0	20:14:02.286	PTL_EA GBPJPY.pro,M30: initialized
0	20:14:02.734	PTL_EA GBPJPY.pro,M30: uninit reason 3
0	20:14:02.736	pipsometer_5_decimal GBPJPY.pro,M30: uninit reason 3
0	20:14:02.736	time_table GBPJPY.pro,M30: uninit reason 3
0	20:14:02.736	PTL_Sessions GBPJPY.pro,M30: uninit reason 3
0	20:14:02.736	pipsometer_5_decimal GBPJPY.pro,H1: initialized
0	20:14:02.736	time_table GBPJPY.pro,H1: initialized
0	20:14:02.737	PTL_Sessions GBPJPY.pro,H1: initialized
0	20:14:02.759	PTL_EA GBPJPY.pro,H1: initialized
0	20:14:54.239	PTL_EA XAUUSD.pro,M15: uninit reason 2
0	20:14:54.259	Expert PTL_EA XAUUSD.pro,M15: removed
0	20:14:54.289	Expert PTL_EA XAUUSD.pro,M15: loaded successfully
0	20:14:54.290	PTL_EA EURUSD.pro,M15: uninit reason 2
0	20:14:54.309	Expert PTL_EA EURUSD.pro,M15: removed
0	20:14:54.339	Expert PTL_EA EURUSD.pro,M15: loaded successfully
0	20:14:54.340	PTL_EA GBPUSD.pro,M5: uninit reason 2
0	20:14:54.349	Expert PTL_EA GBPUSD.pro,M5: removed
0	20:14:54.373	Expert PTL_EA GBPUSD.pro,M5: loaded successfully
0	20:14:54.374	PTL_EA GBPJPY.pro,H1: uninit reason 2
0	20:14:54.384	Expert PTL_EA GBPJPY.pro,H1: removed
0	20:14:54.407	Expert PTL_EA GBPJPY.pro,H1: loaded successfully
0	20:14:54.408	PTL_EA EURJPY.pro,M30: uninit reason 2
0	20:14:54.418	Expert PTL_EA EURJPY.pro,M30: removed
0	20:14:54.444	Expert PTL_EA EURJPY.pro,M30: loaded successfully
0	20:14:54.445	PTL_EA USDJPY.pro,M15: uninit reason 2
0	20:14:54.455	Expert PTL_EA USDJPY.pro,M15: removed
0	20:14:54.481	Expert PTL_EA USDJPY.pro,M15: loaded successfully
0	20:14:54.481	PTL_EA USDCHF.pro,M15: uninit reason 2
0	20:14:54.495	Expert PTL_EA USDCHF.pro,M15: removed
0	20:14:54.508	PTL_EA XAUUSD.pro,M15: initialized
0	20:14:54.527	Expert PTL_EA USDCHF.pro,M15: loaded successfully
0	20:14:54.529	PTL_EA AUDUSD.pro,M15: uninit reason 2
0	20:14:54.540	Expert PTL_EA AUDUSD.pro,M15: removed
0	20:14:54.566	Expert PTL_EA AUDUSD.pro,M15: loaded successfully
0	20:14:54.567	PTL_EA USDCAD.pro,M15: uninit reason 2
0	20:14:54.567	PTL_EA EURUSD.pro,M15: initialized
0	20:14:54.573	Expert PTL_EA USDCAD.pro,M15: removed
0	20:14:54.597	Expert PTL_EA USDCAD.pro,M15: loaded successfully
0	20:14:54.597	PTL_EA GBPUSD.pro,M5: initialized
0	20:14:54.597	PTL_EA EURAUD.pro,H1: uninit reason 2
0	20:14:54.604	Expert PTL_EA EURAUD.pro,H1: removed
0	20:14:54.628	Expert PTL_EA EURAUD.pro,H1: loaded successfully
0	20:14:54.628	PTL_EA GBPAUD.pro,H1: uninit reason 2
0	20:14:54.654	Expert PTL_EA GBPAUD.pro,H1: removed
0	20:14:54.665	PTL_EA EURJPY.pro,M30: initialized
0	20:14:54.692	Expert PTL_EA GBPAUD.pro,H1: loaded successfully
0	20:14:54.777	PTL_EA GBPJPY.pro,H1: initialized
0	20:14:54.817	PTL_EA USDJPY.pro,M15: initialized
0	20:14:54.905	PTL_EA AUDUSD.pro,M15: initialized
0	20:14:54.925	PTL_EA USDCHF.pro,M15: initialized
0	20:14:54.925	PTL_EA EURAUD.pro,H1: initialized
0	20:14:54.936	PTL_EA USDCAD.pro,M15: initialized
0	20:14:55.004	PTL_EA GBPAUD.pro,H1: initialized
0	20:14:58.722	PTL_EA GBPJPY.pro,H1: uninit reason 3
0	20:14:58.723	pipsometer_5_decimal GBPJPY.pro,H1: uninit reason 3
0	20:14:58.723	time_table GBPJPY.pro,H1: uninit reason 3
0	20:14:58.723	PTL_Sessions GBPJPY.pro,H1: uninit reason 3
0	20:14:58.723	pipsometer_5_decimal GBPJPY.pro,M30: initialized
0	20:14:58.723	time_table GBPJPY.pro,M30: initialized
0	20:14:58.723	PTL_Sessions GBPJPY.pro,M30: initialized
0	20:14:58.746	PTL_EA GBPJPY.pro,M30: initialized
0	20:15:00.516	PTL_EA GBPJPY.pro,M30: uninit reason 3
0	20:15:00.518	pipsometer_5_decimal GBPJPY.pro,M30: uninit reason 3
0	20:15:00.518	time_table GBPJPY.pro,M30: uninit reason 3
0	20:15:00.518	PTL_Sessions GBPJPY.pro,M30: uninit reason 3
0	20:15:00.518	pipsometer_5_decimal GBPJPY.pro,M15: initialized
0	20:15:00.518	time_table GBPJPY.pro,M15: initialized
0	20:15:00.519	PTL_Sessions GBPJPY.pro,M15: initialized
0	20:15:00.547	PTL_EA GBPJPY.pro,M15: initialized
0	20:15:33.317	PTL_EA GBPUSD.pro,M5: uninit reason 3
0	20:15:33.319	pipsometer_5_decimal GBPUSD.pro,M5: uninit reason 3
0	20:15:33.319	time_table GBPUSD.pro,M5: uninit reason 3
0	20:15:33.319	PTL_Sessions GBPUSD.pro,M5: uninit reason 3
0	20:15:33.319	pipsometer_5_decimal GBPUSD.pro,M15: initialized
0	20:15:33.319	time_table GBPUSD.pro,M15: initialized
0	20:15:33.319	PTL_Sessions GBPUSD.pro,M15: initialized
0	20:15:33.344	PTL_EA GBPUSD.pro,M15: initialized
0	20:15:48.260	PTL_EA EURUSD.pro,M15: uninit reason 3
0	20:15:48.262	pipsometer_5_decimal EURUSD.pro,M15: uninit reason 3
0	20:15:48.262	time_table EURUSD.pro,M15: uninit reason 3
0	20:15:48.262	PTL_Sessions EURUSD.pro,M15: uninit reason 3
0	20:15:48.263	pipsometer_5_decimal EURUSD.pro,M30: initialized
0	20:15:48.263	time_table EURUSD.pro,M30: initialized
0	20:15:48.263	PTL_Sessions EURUSD.pro,M30: initialized
0	20:15:48.286	PTL_EA EURUSD.pro,M30: initialized
0	20:15:49.419	PTL_EA EURUSD.pro,M30: uninit reason 3
0	20:15:49.421	pipsometer_5_decimal EURUSD.pro,M30: uninit reason 3
0	20:15:49.421	time_table EURUSD.pro,M30: uninit reason 3
0	20:15:49.421	PTL_Sessions EURUSD.pro,M30: uninit reason 3
0	20:15:49.421	pipsometer_5_decimal EURUSD.pro,M15: initialized
0	20:15:49.421	time_table EURUSD.pro,M15: initialized
0	20:15:49.423	PTL_Sessions EURUSD.pro,M15: initialized
0	20:15:49.446	PTL_EA EURUSD.pro,M15: initialized
0	20:17:00.338	PTL_EA XAUUSD.pro,M15: uninit reason 3
0	20:17:00.340	pipsometer_5_decimal XAUUSD.pro,M15: uninit reason 3
0	20:17:00.340	time_table XAUUSD.pro,M15: uninit reason 3
0	20:17:00.340	PTL_Sessions XAUUSD.pro,M15: uninit reason 3
0	20:17:00.340	pipsometer_5_decimal XAUUSD.pro,H1: initialized
0	20:17:00.340	time_table XAUUSD.pro,H1: initialized
0	20:17:00.340	PTL_Sessions XAUUSD.pro,H1: initialized
0	20:17:00.367	PTL_EA XAUUSD.pro,H1: initialized
0	20:17:00.834	PTL_EA XAUUSD.pro,H1: uninit reason 3
0	20:17:00.836	pipsometer_5_decimal XAUUSD.pro,H1: uninit reason 3
0	20:17:00.836	time_table XAUUSD.pro,H1: uninit reason 3
0	20:17:00.836	PTL_Sessions XAUUSD.pro,H1: uninit reason 3
0	20:17:00.836	pipsometer_5_decimal XAUUSD.pro,M30: initialized
0	20:17:00.836	time_table XAUUSD.pro,M30: initialized
0	20:17:00.836	PTL_Sessions XAUUSD.pro,M30: initialized
0	20:17:00.860	PTL_EA XAUUSD.pro,M30: initialized
0	20:38:37.061	PTL_EA GBPUSD.pro,M15: uninit reason 3
0	20:38:37.063	pipsometer_5_decimal GBPUSD.pro,M15: uninit reason 3
0	20:38:37.063	time_table GBPUSD.pro,M15: uninit reason 3
0	20:38:37.063	PTL_Sessions GBPUSD.pro,M15: uninit reason 3
0	20:38:37.063	pipsometer_5_decimal GBPUSD.pro,M30: initialized
0	20:38:37.065	time_table GBPUSD.pro,M30: initialized
0	20:38:37.065	PTL_Sessions GBPUSD.pro,M30: initialized
0	20:38:37.091	PTL_EA GBPUSD.pro,M30: initialized
0	21:25:46.435	PTL_EA XAUUSD.pro,M30: uninit reason 3
0	21:25:46.437	pipsometer_5_decimal XAUUSD.pro,M30: uninit reason 3
0	21:25:46.437	time_table XAUUSD.pro,M30: uninit reason 3
0	21:25:46.437	PTL_Sessions XAUUSD.pro,M30: uninit reason 3
0	21:25:46.438	pipsometer_5_decimal XAUUSD.pro,M15: initialized
0	21:25:46.439	time_table XAUUSD.pro,M15: initialized
0	21:25:46.439	PTL_Sessions XAUUSD.pro,M15: initialized
0	21:25:46.466	PTL_EA XAUUSD.pro,M15: initialized
0	21:51:23.366	PTL_EA GBPJPY.pro,M15: uninit reason 3
0	21:51:23.368	pipsometer_5_decimal GBPJPY.pro,M15: uninit reason 3
0	21:51:23.368	time_table GBPJPY.pro,M15: uninit reason 3
0	21:51:23.368	PTL_Sessions GBPJPY.pro,M15: uninit reason 3
0	21:51:23.371	pipsometer_5_decimal GBPJPY.pro,M5: initialized
0	21:51:23.371	time_table GBPJPY.pro,M5: initialized
0	21:51:23.371	PTL_Sessions GBPJPY.pro,M5: initialized
0	21:51:23.396	PTL_EA GBPJPY.pro,M5: initialized
0	22:00:28.779	PTL_EA GBPJPY.pro,M5: uninit reason 3
0	22:00:28.781	pipsometer_5_decimal GBPJPY.pro,M5: uninit reason 3
0	22:00:28.781	time_table GBPJPY.pro,M5: uninit reason 3
0	22:00:28.781	PTL_Sessions GBPJPY.pro,M5: uninit reason 3
0	22:00:28.781	pipsometer_5_decimal GBPJPY.pro,M15: initialized
0	22:00:28.781	time_table GBPJPY.pro,M15: initialized
0	22:00:28.782	PTL_Sessions GBPJPY.pro,M15: initialized
0	22:00:28.816	PTL_EA GBPJPY.pro,M15: initialized
0	22:42:33.772	PTL_EA XAUUSD.pro,M15: uninit reason 9
0	22:42:33.786	pipsometer_5_decimal XAUUSD.pro,M15: uninit reason 9
0	22:42:33.786	time_table XAUUSD.pro,M15: uninit reason 9
0	22:42:33.786	PTL_Sessions XAUUSD.pro,M15: uninit reason 9
0	22:42:33.786	PTL_EA EURUSD.pro,M15: uninit reason 9
0	22:42:33.791	pipsometer_5_decimal EURUSD.pro,M15: uninit reason 9
0	22:42:33.791	time_table EURUSD.pro,M15: uninit reason 9
0	22:42:33.791	PTL_Sessions EURUSD.pro,M15: uninit reason 9
0	22:42:33.792	PTL_EA GBPUSD.pro,M30: uninit reason 9
0	22:42:33.797	pipsometer_5_decimal GBPUSD.pro,M30: uninit reason 9
0	22:42:33.797	time_table GBPUSD.pro,M30: uninit reason 9
0	22:42:33.797	PTL_Sessions GBPUSD.pro,M30: uninit reason 9
0	22:42:33.797	PTL_EA GBPJPY.pro,M15: uninit reason 9
0	22:42:33.803	pipsometer_5_decimal GBPJPY.pro,M15: uninit reason 9
0	22:42:33.803	time_table GBPJPY.pro,M15: uninit reason 9
0	22:42:33.803	PTL_Sessions GBPJPY.pro,M15: uninit reason 9
0	22:42:33.804	PTL_EA EURJPY.pro,M30: uninit reason 9
0	22:42:33.809	pipsometer_5_decimal EURJPY.pro,M30: uninit reason 9
0	22:42:33.809	time_table EURJPY.pro,M30: uninit reason 9
0	22:42:33.809	PTL_Sessions EURJPY.pro,M30: uninit reason 9
0	22:42:33.809	PTL_EA USDJPY.pro,M15: uninit reason 9
0	22:42:33.816	pipsometer_5_decimal USDJPY.pro,M15: uninit reason 9
0	22:42:33.816	time_table USDJPY.pro,M15: uninit reason 9
0	22:42:33.816	PTL_Sessions USDJPY.pro,M15: uninit reason 9
0	22:42:33.816	PTL_EA USDCHF.pro,M15: uninit reason 9
0	22:42:33.825	pipsometer_5_decimal USDCHF.pro,M15: uninit reason 9
0	22:42:33.825	time_table USDCHF.pro,M15: uninit reason 9
0	22:42:33.825	PTL_Sessions USDCHF.pro,M15: uninit reason 9
0	22:42:33.825	PTL_EA AUDUSD.pro,M15: uninit reason 9
0	22:42:33.832	pipsometer_5_decimal AUDUSD.pro,M15: uninit reason 9
0	22:42:33.832	time_table AUDUSD.pro,M15: uninit reason 9
0	22:42:33.832	PTL_Sessions AUDUSD.pro,M15: uninit reason 9
0	22:42:33.833	PTL_EA USDCAD.pro,M15: uninit reason 9
0	22:42:33.841	pipsometer_5_decimal USDCAD.pro,M15: uninit reason 9
0	22:42:33.841	time_table USDCAD.pro,M15: uninit reason 9
0	22:42:33.841	PTL_Sessions USDCAD.pro,M15: uninit reason 9
0	22:42:33.841	PTL_EA EURAUD.pro,H1: uninit reason 9
0	22:42:33.849	pipsometer_5_decimal EURAUD.pro,H1: uninit reason 9
0	22:42:33.849	time_table EURAUD.pro,H1: uninit reason 9
0	22:42:33.849	PTL_Sessions EURAUD.pro,H1: uninit reason 9
0	22:42:33.849	PTL_EA GBPAUD.pro,H1: uninit reason 9
0	22:42:33.858	pipsometer_5_decimal GBPAUD.pro,H1: uninit reason 9
0	22:42:33.858	time_table GBPAUD.pro,H1: uninit reason 9
0	22:42:33.858	PTL_Sessions GBPAUD.pro,H1: uninit reason 9
0	22:42:34.118	Expert PTL_EA XAUUSD.pro,M15: removed
0	22:42:34.125	Custom indicator pipsometer_5_decimal XAUUSD.pro,M15: removed
0	22:42:34.128	Custom indicator time_table XAUUSD.pro,M15: removed
0	22:42:34.131	Custom indicator PTL_Sessions XAUUSD.pro,M15: removed
0	22:42:34.138	Expert PTL_EA EURUSD.pro,M15: removed
0	22:42:34.143	Custom indicator pipsometer_5_decimal EURUSD.pro,M15: removed
0	22:42:34.145	Custom indicator time_table EURUSD.pro,M15: removed
0	22:42:34.149	Custom indicator PTL_Sessions EURUSD.pro,M15: removed
0	22:42:34.183	Expert PTL_EA GBPUSD.pro,M30: removed
0	22:42:34.194	Custom indicator pipsometer_5_decimal GBPUSD.pro,M30: removed
0	22:42:34.199	Custom indicator time_table GBPUSD.pro,M30: removed
0	22:42:34.202	Custom indicator PTL_Sessions GBPUSD.pro,M30: removed
0	22:42:34.232	Expert PTL_EA GBPJPY.pro,M15: removed
0	22:42:34.237	Custom indicator pipsometer_5_decimal GBPJPY.pro,M15: removed
0	22:42:34.242	Custom indicator time_table GBPJPY.pro,M15: removed
0	22:42:34.245	Custom indicator PTL_Sessions GBPJPY.pro,M15: removed
0	22:42:34.279	Expert PTL_EA EURJPY.pro,M30: removed
0	22:42:34.288	Custom indicator pipsometer_5_decimal EURJPY.pro,M30: removed
0	22:42:34.292	Custom indicator time_table EURJPY.pro,M30: removed
0	22:42:34.296	Custom indicator PTL_Sessions EURJPY.pro,M30: removed
0	22:42:34.336	Expert PTL_EA USDJPY.pro,M15: removed
0	22:42:34.341	Custom indicator pipsometer_5_decimal USDJPY.pro,M15: removed
0	22:42:34.345	Custom indicator time_table USDJPY.pro,M15: removed
0	22:42:34.350	Custom indicator PTL_Sessions USDJPY.pro,M15: removed
0	22:42:34.360	Expert PTL_EA USDCHF.pro,M15: removed
0	22:42:34.366	Custom indicator pipsometer_5_decimal USDCHF.pro,M15: removed
0	22:42:34.374	Custom indicator time_table USDCHF.pro,M15: removed
0	22:42:34.377	Custom indicator PTL_Sessions USDCHF.pro,M15: removed
0	22:42:34.404	Expert PTL_EA AUDUSD.pro,M15: removed
0	22:42:34.408	Custom indicator pipsometer_5_decimal AUDUSD.pro,M15: removed
0	22:42:34.411	Custom indicator time_table AUDUSD.pro,M15: removed
0	22:42:34.413	Custom indicator PTL_Sessions AUDUSD.pro,M15: removed
0	22:42:34.432	Expert PTL_EA USDCAD.pro,M15: removed
0	22:42:34.439	Custom indicator pipsometer_5_decimal USDCAD.pro,M15: removed
0	22:42:34.441	Custom indicator time_table USDCAD.pro,M15: removed
0	22:42:34.444	Custom indicator PTL_Sessions USDCAD.pro,M15: removed
0	22:42:34.462	Expert PTL_EA EURAUD.pro,H1: removed
0	22:42:34.466	Custom indicator pipsometer_5_decimal EURAUD.pro,H1: removed
0	22:42:34.469	Custom indicator time_table EURAUD.pro,H1: removed
0	22:42:34.473	Custom indicator PTL_Sessions EURAUD.pro,H1: removed
0	22:42:34.483	Expert PTL_EA GBPAUD.pro,H1: removed
0	22:42:34.492	Custom indicator pipsometer_5_decimal GBPAUD.pro,H1: removed
0	22:42:34.495	Custom indicator time_table GBPAUD.pro,H1: removed
0	22:42:34.497	Custom indicator PTL_Sessions GBPAUD.pro,H1: removed
