0	09:44:31.939	Custom indicator pipsometer_5_decimal XAUUSD.pro,M15: loaded successfully
0	09:44:31.960	Custom indicator PTL_Sessions XAUUSD.pro,M15: loaded successfully
0	09:44:31.985	Expert PTL_EA XAUUSD.pro,M15: loaded successfully
0	09:44:31.985	PTL_EA XAUUSD.pro,M15 inputs: InpLanguage=1; TelegramToken=927322228:AAFxIy4Tw_rfZr6LEoyO5tocsMNBxwNXIHI; TelegramNotification=true; Pair_suffix=; InpUpdateMode=1; InpTemplates=ptl_screenshot;ptl_screenshot_zoom; 
0	09:44:32.041	pipsometer_5_decimal XAUUSD.pro,M15: initialized
0	09:44:32.083	PTL_Sessions XAUUSD.pro,M15: initialized
0	09:44:32.143	Custom indicator pipsometer_5_decimal EURUSD.pro,M30: loaded successfully
0	09:44:32.163	Custom indicator PTL_Sessions EURUSD.pro,M30: loaded successfully
0	09:44:32.187	Expert PTL_EA EURUSD.pro,M30: loaded successfully
0	09:44:32.187	PTL_EA EURUSD.pro,M30 inputs: InpLanguage=1; TelegramToken=927322228:AAFxIy4Tw_rfZr6LEoyO5tocsMNBxwNXIHI; TelegramNotification=true; Pair_suffix=; InpUpdateMode=1; InpTemplates=ptl_screenshot;ptl_screenshot_zoom; 
0	09:44:32.235	pipsometer_5_decimal EURUSD.pro,M30: initialized
0	09:44:32.275	PTL_Sessions EURUSD.pro,M30: initialized
0	09:44:32.339	Custom indicator pipsometer_5_decimal GBPUSD.pro,M15: loaded successfully
0	09:44:32.360	Custom indicator PTL_Sessions GBPUSD.pro,M15: loaded successfully
0	09:44:32.382	Expert PTL_EA GBPUSD.pro,M15: loaded successfully
0	09:44:32.383	PTL_EA GBPUSD.pro,M15 inputs: InpLanguage=1; TelegramToken=927322228:AAFxIy4Tw_rfZr6LEoyO5tocsMNBxwNXIHI; TelegramNotification=true; Pair_suffix=; InpUpdateMode=1; InpTemplates=ptl_screenshot;ptl_screenshot_zoom; 
0	09:44:32.978	pipsometer_5_decimal GBPUSD.pro,M15: initialized
0	09:44:33.024	PTL_Sessions GBPUSD.pro,M15: initialized
0	09:44:33.106	Custom indicator pipsometer_5_decimal GBPJPY.pro,M15: loaded successfully
0	09:44:33.125	Custom indicator PTL_Sessions GBPJPY.pro,M15: loaded successfully
0	09:44:33.147	Expert PTL_EA GBPJPY.pro,M15: loaded successfully
0	09:44:33.147	PTL_EA GBPJPY.pro,M15 inputs: InpLanguage=1; TelegramToken=927322228:AAFxIy4Tw_rfZr6LEoyO5tocsMNBxwNXIHI; TelegramNotification=true; Pair_suffix=; InpUpdateMode=1; InpTemplates=ptl_screenshot;ptl_screenshot_zoom; 
0	09:44:33.196	pipsometer_5_decimal GBPJPY.pro,M15: initialized
0	09:44:33.232	PTL_Sessions GBPJPY.pro,M15: initialized
0	09:44:33.305	Custom indicator pipsometer_5_decimal EURJPY.pro,M15: loaded successfully
0	09:44:33.325	Custom indicator PTL_Sessions EURJPY.pro,M15: loaded successfully
0	09:44:33.347	Expert PTL_EA EURJPY.pro,M15: loaded successfully
0	09:44:33.347	PTL_EA EURJPY.pro,M15 inputs: InpLanguage=1; TelegramToken=927322228:AAFxIy4Tw_rfZr6LEoyO5tocsMNBxwNXIHI; TelegramNotification=true; Pair_suffix=; InpUpdateMode=1; InpTemplates=ptl_screenshot;ptl_screenshot_zoom; 
0	09:44:33.394	pipsometer_5_decimal EURJPY.pro,M15: initialized
0	09:44:33.435	PTL_Sessions EURJPY.pro,M15: initialized
0	09:44:33.513	Custom indicator pipsometer_5_decimal USDJPY.pro,M15: loaded successfully
0	09:44:33.531	Custom indicator PTL_Sessions USDJPY.pro,M15: loaded successfully
0	09:44:33.551	Expert PTL_EA USDJPY.pro,M15: loaded successfully
0	09:44:33.551	PTL_EA USDJPY.pro,M15 inputs: InpLanguage=1; TelegramToken=927322228:AAFxIy4Tw_rfZr6LEoyO5tocsMNBxwNXIHI; TelegramNotification=true; Pair_suffix=; InpUpdateMode=1; InpTemplates=ptl_screenshot;ptl_screenshot_zoom; 
0	09:44:33.597	pipsometer_5_decimal USDJPY.pro,M15: initialized
0	09:44:33.633	PTL_Sessions USDJPY.pro,M15: initialized
0	09:44:33.721	Custom indicator pipsometer_5_decimal AUDUSD.pro,M30: loaded successfully
0	09:44:33.742	Custom indicator PTL_Sessions AUDUSD.pro,M30: loaded successfully
0	09:44:33.766	Expert PTL_EA AUDUSD.pro,M30: loaded successfully
0	09:44:33.766	PTL_EA AUDUSD.pro,M30 inputs: InpLanguage=1; TelegramToken=927322228:AAFxIy4Tw_rfZr6LEoyO5tocsMNBxwNXIHI; TelegramNotification=true; Pair_suffix=; InpUpdateMode=1; InpTemplates=ptl_screenshot;ptl_screenshot_zoom; 
0	09:44:33.816	pipsometer_5_decimal AUDUSD.pro,M30: initialized
0	09:44:33.859	PTL_Sessions AUDUSD.pro,M30: initialized
0	09:44:33.929	Custom indicator pipsometer_5_decimal USDCAD.pro,M15: loaded successfully
0	09:44:33.948	Custom indicator PTL_Sessions USDCAD.pro,M15: loaded successfully
0	09:44:33.970	Expert PTL_EA USDCAD.pro,M15: loaded successfully
0	09:44:33.971	PTL_EA USDCAD.pro,M15 inputs: InpLanguage=1; TelegramToken=927322228:AAFxIy4Tw_rfZr6LEoyO5tocsMNBxwNXIHI; TelegramNotification=true; Pair_suffix=; InpUpdateMode=1; InpTemplates=ptl_screenshot;ptl_screenshot_zoom; 
0	09:44:34.018	pipsometer_5_decimal USDCAD.pro,M15: initialized
0	09:44:34.056	PTL_Sessions USDCAD.pro,M15: initialized
0	09:44:34.115	Custom indicator pipsometer_5_decimal GBPAUD.pro,M30: loaded successfully
0	09:44:34.131	Custom indicator PTL_Sessions GBPAUD.pro,M30: loaded successfully
0	09:44:34.153	Expert PTL_EA GBPAUD.pro,M30: loaded successfully
0	09:44:34.153	PTL_EA GBPAUD.pro,M30 inputs: InpLanguage=1; TelegramToken=927322228:AAFxIy4Tw_rfZr6LEoyO5tocsMNBxwNXIHI; TelegramNotification=true; Pair_suffix=; InpUpdateMode=1; InpTemplates=ptl_screenshot;ptl_screenshot_zoom; 
0	09:44:34.196	pipsometer_5_decimal GBPAUD.pro,M30: initialized
0	09:44:34.227	PTL_Sessions GBPAUD.pro,M30: initialized
0	09:44:40.166	PTL_EA USDJPY.pro,M15: initialized
0	09:44:40.170	PTL_EA GBPUSD.pro,M15: initialized
0	09:44:40.210	PTL_EA GBPAUD.pro,M30: initialized
0	09:44:40.249	PTL_EA XAUUSD.pro,M15: initialized
0	09:44:40.249	PTL_EA AUDUSD.pro,M30: initialized
0	09:44:40.283	PTL_EA GBPJPY.pro,M15: initialized
0	09:44:40.334	PTL_EA EURJPY.pro,M15: initialized
0	09:44:40.371	PTL_EA USDCAD.pro,M15: initialized
0	09:44:40.406	PTL_EA EURUSD.pro,M30: initialized
0	14:17:52.319	PTL_EA GBPUSD.pro,M15: uninit reason 3
0	14:17:52.321	pipsometer_5_decimal GBPUSD.pro,M15: uninit reason 3
0	14:17:52.321	PTL_Sessions GBPUSD.pro,M15: uninit reason 3
0	14:17:52.321	pipsometer_5_decimal GBPUSD.pro,M30: initialized
0	14:17:52.321	PTL_Sessions GBPUSD.pro,M30: initialized
0	14:17:52.362	PTL_EA GBPUSD.pro,M30: initialized
0	14:17:54.691	PTL_EA GBPUSD.pro,M30: uninit reason 3
0	14:17:54.693	pipsometer_5_decimal GBPUSD.pro,M30: uninit reason 3
0	14:17:54.693	PTL_Sessions GBPUSD.pro,M30: uninit reason 3
0	14:17:54.693	pipsometer_5_decimal GBPUSD.pro,M15: initialized
0	14:17:54.693	PTL_Sessions GBPUSD.pro,M15: initialized
0	14:17:54.711	PTL_EA GBPUSD.pro,M15: initialized
0	14:20:07.290	PTL_EA EURUSD.pro,M30: uninit reason 3
0	14:20:07.292	pipsometer_5_decimal EURUSD.pro,M30: uninit reason 3
0	14:20:07.292	PTL_Sessions EURUSD.pro,M30: uninit reason 3
0	14:20:07.292	pipsometer_5_decimal EURUSD.pro,M15: initialized
0	14:20:07.292	PTL_Sessions EURUSD.pro,M15: initialized
0	14:20:07.309	PTL_EA EURUSD.pro,M15: initialized
0	15:00:26.615	PTL_EA GBPUSD.pro,M15: uninit reason 3
0	15:00:26.618	pipsometer_5_decimal GBPUSD.pro,M15: uninit reason 3
0	15:00:26.618	PTL_Sessions GBPUSD.pro,M15: uninit reason 3
0	15:00:26.618	pipsometer_5_decimal GBPUSD.pro,M30: initialized
0	15:00:26.618	PTL_Sessions GBPUSD.pro,M30: initialized
0	15:00:26.636	PTL_EA GBPUSD.pro,M30: initialized
0	15:00:28.217	PTL_EA GBPUSD.pro,M30: uninit reason 3
0	15:00:28.219	pipsometer_5_decimal GBPUSD.pro,M30: uninit reason 3
0	15:00:28.219	PTL_Sessions GBPUSD.pro,M30: uninit reason 3
0	15:00:28.219	pipsometer_5_decimal GBPUSD.pro,M15: initialized
0	15:00:28.219	PTL_Sessions GBPUSD.pro,M15: initialized
0	15:00:28.236	PTL_EA GBPUSD.pro,M15: initialized
0	15:09:28.877	PTL_EA GBPJPY.pro,M15: uninit reason 3
0	15:09:28.879	pipsometer_5_decimal GBPJPY.pro,M15: uninit reason 3
0	15:09:28.879	PTL_Sessions GBPJPY.pro,M15: uninit reason 3
0	15:09:28.881	pipsometer_5_decimal GBPJPY.pro,M5: initialized
0	15:09:28.881	PTL_Sessions GBPJPY.pro,M5: initialized
0	15:09:28.899	PTL_EA GBPJPY.pro,M5: initialized
0	15:09:30.193	PTL_EA GBPJPY.pro,M5: uninit reason 3
0	15:09:30.195	pipsometer_5_decimal GBPJPY.pro,M5: uninit reason 3
0	15:09:30.195	PTL_Sessions GBPJPY.pro,M5: uninit reason 3
0	15:09:30.195	pipsometer_5_decimal GBPJPY.pro,M15: initialized
0	15:09:30.195	PTL_Sessions GBPJPY.pro,M15: initialized
0	15:09:30.213	PTL_EA GBPJPY.pro,M15: initialized
0	15:27:53.925	PTL_EA GBPUSD.pro,M15: uninit reason 3
0	15:27:53.927	pipsometer_5_decimal GBPUSD.pro,M15: uninit reason 3
0	15:27:53.927	PTL_Sessions GBPUSD.pro,M15: uninit reason 3
0	15:27:53.927	pipsometer_5_decimal GBPUSD.pro,M30: initialized
0	15:27:53.927	PTL_Sessions GBPUSD.pro,M30: initialized
0	15:27:53.945	PTL_EA GBPUSD.pro,M30: initialized
0	15:27:55.263	PTL_EA GBPUSD.pro,M30: uninit reason 3
0	15:27:55.265	pipsometer_5_decimal GBPUSD.pro,M30: uninit reason 3
0	15:27:55.265	PTL_Sessions GBPUSD.pro,M30: uninit reason 3
0	15:27:55.265	pipsometer_5_decimal GBPUSD.pro,M15: initialized
0	15:27:55.265	PTL_Sessions GBPUSD.pro,M15: initialized
0	15:27:55.282	PTL_EA GBPUSD.pro,M15: initialized
0	15:30:23.789	PTL_EA GBPUSD.pro,M15: uninit reason 3
0	15:30:23.791	pipsometer_5_decimal GBPUSD.pro,M15: uninit reason 3
0	15:30:23.791	PTL_Sessions GBPUSD.pro,M15: uninit reason 3
0	15:30:23.791	pipsometer_5_decimal GBPUSD.pro,H1: initialized
0	15:30:23.791	PTL_Sessions GBPUSD.pro,H1: initialized
0	15:30:23.809	PTL_EA GBPUSD.pro,H1: initialized
0	15:30:40.703	PTL_EA GBPUSD.pro,H1: uninit reason 3
0	15:30:40.705	pipsometer_5_decimal GBPUSD.pro,H1: uninit reason 3
0	15:30:40.705	PTL_Sessions GBPUSD.pro,H1: uninit reason 3
0	15:30:40.705	pipsometer_5_decimal GBPUSD.pro,M15: initialized
0	15:30:40.705	PTL_Sessions GBPUSD.pro,M15: initialized
0	15:30:40.722	PTL_EA GBPUSD.pro,M15: initialized
0	16:09:14.965	PTL_EA GBPUSD.pro,M15: uninit reason 3
0	16:09:14.966	pipsometer_5_decimal GBPUSD.pro,M15: uninit reason 3
0	16:09:14.966	PTL_Sessions GBPUSD.pro,M15: uninit reason 3
0	16:09:14.967	pipsometer_5_decimal GBPUSD.pro,M5: initialized
0	16:09:14.967	PTL_Sessions GBPUSD.pro,M5: initialized
0	16:09:14.984	PTL_EA GBPUSD.pro,M5: initialized
0	16:09:16.837	PTL_EA GBPUSD.pro,M5: uninit reason 3
0	16:09:16.839	pipsometer_5_decimal GBPUSD.pro,M5: uninit reason 3
0	16:09:16.839	PTL_Sessions GBPUSD.pro,M5: uninit reason 3
0	16:09:16.839	pipsometer_5_decimal GBPUSD.pro,M30: initialized
0	16:09:16.839	PTL_Sessions GBPUSD.pro,M30: initialized
0	16:09:16.856	PTL_EA GBPUSD.pro,M30: initialized
0	16:09:18.883	PTL_EA GBPUSD.pro,M30: uninit reason 3
0	16:09:18.885	pipsometer_5_decimal GBPUSD.pro,M30: uninit reason 3
0	16:09:18.885	PTL_Sessions GBPUSD.pro,M30: uninit reason 3
0	16:09:18.885	pipsometer_5_decimal GBPUSD.pro,M15: initialized
0	16:09:18.885	PTL_Sessions GBPUSD.pro,M15: initialized
0	16:09:18.903	PTL_EA GBPUSD.pro,M15: initialized
0	16:09:22.341	PTL_EA EURUSD.pro,M15: uninit reason 3
0	16:09:22.343	pipsometer_5_decimal EURUSD.pro,M15: uninit reason 3
0	16:09:22.343	PTL_Sessions EURUSD.pro,M15: uninit reason 3
0	16:09:22.343	pipsometer_5_decimal EURUSD.pro,M30: initialized
0	16:09:22.343	PTL_Sessions EURUSD.pro,M30: initialized
0	16:09:22.362	PTL_EA EURUSD.pro,M30: initialized
0	16:09:23.912	PTL_EA EURUSD.pro,M30: uninit reason 3
0	16:09:23.914	pipsometer_5_decimal EURUSD.pro,M30: uninit reason 3
0	16:09:23.914	PTL_Sessions EURUSD.pro,M30: uninit reason 3
0	16:09:23.914	pipsometer_5_decimal EURUSD.pro,H1: initialized
0	16:09:23.914	PTL_Sessions EURUSD.pro,H1: initialized
0	16:09:23.932	PTL_EA EURUSD.pro,H1: initialized
0	16:09:36.164	PTL_EA GBPUSD.pro,M15: uninit reason 3
0	16:09:36.165	pipsometer_5_decimal GBPUSD.pro,M15: uninit reason 3
0	16:09:36.165	PTL_Sessions GBPUSD.pro,M15: uninit reason 3
0	16:09:36.165	pipsometer_5_decimal GBPUSD.pro,M5: initialized
0	16:09:36.165	PTL_Sessions GBPUSD.pro,M5: initialized
0	16:09:36.183	PTL_EA GBPUSD.pro,M5: initialized
0	16:09:37.194	PTL_EA GBPUSD.pro,M5: uninit reason 3
0	16:09:37.196	pipsometer_5_decimal GBPUSD.pro,M5: uninit reason 3
0	16:09:37.196	PTL_Sessions GBPUSD.pro,M5: uninit reason 3
0	16:09:37.196	pipsometer_5_decimal GBPUSD.pro,M15: initialized
0	16:09:37.196	PTL_Sessions GBPUSD.pro,M15: initialized
0	16:09:37.215	PTL_EA GBPUSD.pro,M15: initialized
0	16:13:55.026	PTL_EA GBPUSD.pro,M15: uninit reason 3
0	16:13:55.028	pipsometer_5_decimal GBPUSD.pro,M15: uninit reason 3
0	16:13:55.028	PTL_Sessions GBPUSD.pro,M15: uninit reason 3
0	16:13:55.028	pipsometer_5_decimal GBPUSD.pro,M30: initialized
0	16:13:55.028	PTL_Sessions GBPUSD.pro,M30: initialized
0	16:13:55.046	PTL_EA GBPUSD.pro,M30: initialized
0	16:13:55.686	PTL_EA GBPUSD.pro,M30: uninit reason 3
0	16:13:55.688	pipsometer_5_decimal GBPUSD.pro,M30: uninit reason 3
0	16:13:55.688	PTL_Sessions GBPUSD.pro,M30: uninit reason 3
0	16:13:55.688	pipsometer_5_decimal GBPUSD.pro,M15: initialized
0	16:13:55.688	PTL_Sessions GBPUSD.pro,M15: initialized
0	16:13:55.705	PTL_EA GBPUSD.pro,M15: initialized
0	18:13:31.870	PTL_EA GBPUSD.pro,M15: uninit reason 3
0	18:13:31.872	pipsometer_5_decimal GBPUSD.pro,M15: uninit reason 3
0	18:13:31.872	PTL_Sessions GBPUSD.pro,M15: uninit reason 3
0	18:13:31.872	pipsometer_5_decimal GBPUSD.pro,M5: initialized
0	18:13:31.872	PTL_Sessions GBPUSD.pro,M5: initialized
0	18:13:31.889	PTL_EA GBPUSD.pro,M5: initialized
0	18:13:34.182	PTL_EA GBPUSD.pro,M5: uninit reason 3
0	18:13:34.184	pipsometer_5_decimal GBPUSD.pro,M5: uninit reason 3
0	18:13:34.184	PTL_Sessions GBPUSD.pro,M5: uninit reason 3
0	18:13:34.184	pipsometer_5_decimal GBPUSD.pro,M30: initialized
0	18:13:34.184	PTL_Sessions GBPUSD.pro,M30: initialized
0	18:13:34.201	PTL_EA GBPUSD.pro,M30: initialized
0	18:13:36.054	PTL_EA GBPUSD.pro,M30: uninit reason 3
0	18:13:36.056	pipsometer_5_decimal GBPUSD.pro,M30: uninit reason 3
0	18:13:36.056	PTL_Sessions GBPUSD.pro,M30: uninit reason 3
0	18:13:36.056	pipsometer_5_decimal GBPUSD.pro,H1: initialized
0	18:13:36.056	PTL_Sessions GBPUSD.pro,H1: initialized
0	18:13:36.073	PTL_EA GBPUSD.pro,H1: initialized
0	18:17:10.215	PTL_EA GBPUSD.pro,H1: uninit reason 3
0	18:17:10.217	pipsometer_5_decimal GBPUSD.pro,H1: uninit reason 3
0	18:17:10.217	PTL_Sessions GBPUSD.pro,H1: uninit reason 3
0	18:17:10.217	pipsometer_5_decimal GBPUSD.pro,M15: initialized
0	18:17:10.217	PTL_Sessions GBPUSD.pro,M15: initialized
0	18:17:10.238	PTL_EA GBPUSD.pro,M15: initialized
0	18:17:14.699	PTL_EA EURUSD.pro,H1: uninit reason 3
0	18:17:14.701	pipsometer_5_decimal EURUSD.pro,H1: uninit reason 3
0	18:17:14.701	PTL_Sessions EURUSD.pro,H1: uninit reason 3
0	18:17:14.701	pipsometer_5_decimal EURUSD.pro,M15: initialized
0	18:17:14.701	PTL_Sessions EURUSD.pro,M15: initialized
0	18:17:14.736	PTL_EA EURUSD.pro,M15: initialized
0	18:22:29.780	PTL_EA GBPUSD.pro,M15: uninit reason 3
0	18:22:29.782	pipsometer_5_decimal GBPUSD.pro,M15: uninit reason 3
0	18:22:29.782	PTL_Sessions GBPUSD.pro,M15: uninit reason 3
0	18:22:29.782	pipsometer_5_decimal GBPUSD.pro,M30: initialized
0	18:22:29.782	PTL_Sessions GBPUSD.pro,M30: initialized
0	18:22:29.802	PTL_EA GBPUSD.pro,M30: initialized
0	18:22:30.275	PTL_EA GBPUSD.pro,M30: uninit reason 3
0	18:22:30.277	pipsometer_5_decimal GBPUSD.pro,M30: uninit reason 3
0	18:22:30.277	PTL_Sessions GBPUSD.pro,M30: uninit reason 3
0	18:22:30.277	pipsometer_5_decimal GBPUSD.pro,M15: initialized
0	18:22:30.277	PTL_Sessions GBPUSD.pro,M15: initialized
0	18:22:30.294	PTL_EA GBPUSD.pro,M15: initialized
0	18:22:45.953	PTL_EA GBPUSD.pro,M15: uninit reason 3
0	18:22:45.955	pipsometer_5_decimal GBPUSD.pro,M15: uninit reason 3
0	18:22:45.955	PTL_Sessions GBPUSD.pro,M15: uninit reason 3
0	18:22:45.955	pipsometer_5_decimal GBPUSD.pro,M30: initialized
0	18:22:45.955	PTL_Sessions GBPUSD.pro,M30: initialized
0	18:22:45.973	PTL_EA GBPUSD.pro,M30: initialized
0	18:23:01.336	PTL_EA XAUUSD.pro,M15: uninit reason 3
0	18:23:01.338	pipsometer_5_decimal XAUUSD.pro,M15: uninit reason 3
0	18:23:01.338	PTL_Sessions XAUUSD.pro,M15: uninit reason 3
0	18:23:01.338	pipsometer_5_decimal XAUUSD.pro,M30: initialized
0	18:23:01.338	PTL_Sessions XAUUSD.pro,M30: initialized
0	18:23:01.422	PTL_EA XAUUSD.pro,M30: initialized
0	18:23:47.889	PTL_EA XAUUSD.pro,M30: uninit reason 2
0	18:23:47.909	Expert PTL_EA XAUUSD.pro,M30: removed
0	18:23:47.931	Expert PTL_EA XAUUSD.pro,M30: loaded successfully
0	18:23:47.933	PTL_EA EURUSD.pro,M15: uninit reason 2
0	18:23:47.941	Expert PTL_EA EURUSD.pro,M15: removed
0	18:23:47.962	Expert PTL_EA EURUSD.pro,M15: loaded successfully
0	18:23:47.963	PTL_EA GBPUSD.pro,M30: uninit reason 2
0	18:23:47.975	Expert PTL_EA GBPUSD.pro,M30: removed
0	18:23:47.999	Expert PTL_EA GBPUSD.pro,M30: loaded successfully
0	18:23:48.001	PTL_EA GBPJPY.pro,M15: uninit reason 2
0	18:23:48.012	Expert PTL_EA GBPJPY.pro,M15: removed
0	18:23:48.038	Expert PTL_EA GBPJPY.pro,M15: loaded successfully
0	18:23:48.039	PTL_EA EURJPY.pro,M15: uninit reason 2
0	18:23:48.054	Expert PTL_EA EURJPY.pro,M15: removed
0	18:23:48.079	Expert PTL_EA EURJPY.pro,M15: loaded successfully
0	18:23:48.080	PTL_EA USDJPY.pro,M15: uninit reason 2
0	18:23:48.094	Expert PTL_EA USDJPY.pro,M15: removed
0	18:23:48.118	Expert PTL_EA USDJPY.pro,M15: loaded successfully
0	18:23:48.120	PTL_EA AUDUSD.pro,M30: uninit reason 2
0	18:23:48.135	Expert PTL_EA AUDUSD.pro,M30: removed
0	18:23:48.160	Expert PTL_EA AUDUSD.pro,M30: loaded successfully
0	18:23:48.161	PTL_EA USDCAD.pro,M15: uninit reason 2
0	18:23:48.178	Expert PTL_EA USDCAD.pro,M15: removed
0	18:23:48.202	Expert PTL_EA USDCAD.pro,M15: loaded successfully
0	18:23:48.204	PTL_EA GBPAUD.pro,M30: uninit reason 2
0	18:23:48.223	Expert PTL_EA GBPAUD.pro,M30: removed
0	18:23:48.249	Expert PTL_EA GBPAUD.pro,M30: loaded successfully
0	18:23:48.320	PTL_EA EURUSD.pro,M15: initialized
0	18:23:48.322	PTL_EA XAUUSD.pro,M30: initialized
0	18:23:48.363	PTL_EA GBPUSD.pro,M30: initialized
0	18:23:48.383	PTL_EA GBPJPY.pro,M15: initialized
0	18:23:48.391	PTL_EA EURJPY.pro,M15: initialized
0	18:23:48.404	PTL_EA USDJPY.pro,M15: initialized
0	18:23:48.419	PTL_EA AUDUSD.pro,M30: initialized
0	18:23:48.482	PTL_EA USDCAD.pro,M15: initialized
0	18:23:48.498	PTL_EA GBPAUD.pro,M30: initialized
0	18:24:19.829	PTL_EA XAUUSD.pro,M30: uninit reason 2
0	18:24:19.837	Expert PTL_EA XAUUSD.pro,M30: removed
0	18:24:19.854	Expert PTL_EA XAUUSD.pro,M30: loaded successfully
0	18:24:19.854	PTL_EA EURUSD.pro,M15: uninit reason 2
0	18:24:19.862	Expert PTL_EA EURUSD.pro,M15: removed
0	18:24:19.881	Expert PTL_EA EURUSD.pro,M15: loaded successfully
0	18:24:19.882	PTL_EA GBPUSD.pro,M30: uninit reason 2
0	18:24:19.893	Expert PTL_EA GBPUSD.pro,M30: removed
0	18:24:19.911	Expert PTL_EA GBPUSD.pro,M30: loaded successfully
0	18:24:19.912	PTL_EA GBPJPY.pro,M15: uninit reason 2
0	18:24:19.922	Expert PTL_EA GBPJPY.pro,M15: removed
0	18:24:19.943	Expert PTL_EA GBPJPY.pro,M15: loaded successfully
0	18:24:19.944	PTL_EA EURJPY.pro,M15: uninit reason 2
0	18:24:19.958	Expert PTL_EA EURJPY.pro,M15: removed
0	18:24:19.980	Expert PTL_EA EURJPY.pro,M15: loaded successfully
0	18:24:19.981	PTL_EA USDJPY.pro,M15: uninit reason 2
0	18:24:19.994	Expert PTL_EA USDJPY.pro,M15: removed
0	18:24:20.016	Expert PTL_EA USDJPY.pro,M15: loaded successfully
0	18:24:20.017	PTL_EA AUDUSD.pro,M30: uninit reason 2
0	18:24:20.019	PTL_EA XAUUSD.pro,M30: initialized
0	18:24:20.025	Expert PTL_EA AUDUSD.pro,M30: removed
0	18:24:20.047	Expert PTL_EA AUDUSD.pro,M30: loaded successfully
0	18:24:20.048	PTL_EA USDCAD.pro,M15: uninit reason 2
0	18:24:20.063	Expert PTL_EA USDCAD.pro,M15: removed
0	18:24:20.085	Expert PTL_EA USDCAD.pro,M15: loaded successfully
0	18:24:20.086	PTL_EA GBPAUD.pro,M30: uninit reason 2
0	18:24:20.100	Expert PTL_EA GBPAUD.pro,M30: removed
0	18:24:20.123	Expert PTL_EA GBPAUD.pro,M30: loaded successfully
0	18:24:20.141	PTL_EA EURUSD.pro,M15: initialized
0	18:24:20.173	PTL_EA GBPUSD.pro,M30: initialized
0	18:24:20.200	PTL_EA GBPJPY.pro,M15: initialized
0	18:24:20.220	PTL_EA EURJPY.pro,M15: initialized
0	18:24:20.228	PTL_EA USDJPY.pro,M15: initialized
0	18:24:20.242	PTL_EA AUDUSD.pro,M30: initialized
0	18:24:20.254	PTL_EA USDCAD.pro,M15: initialized
0	18:24:20.271	PTL_EA GBPAUD.pro,M30: initialized
0	18:24:36.709	PTL_EA XAUUSD.pro,M30: uninit reason 2
0	18:24:36.713	Expert PTL_EA XAUUSD.pro,M30: removed
0	18:24:36.731	Expert PTL_EA XAUUSD.pro,M30: loaded successfully
0	18:24:36.731	PTL_EA EURUSD.pro,M15: uninit reason 2
0	18:24:36.744	Expert PTL_EA EURUSD.pro,M15: removed
0	18:24:36.761	Expert PTL_EA EURUSD.pro,M15: loaded successfully
0	18:24:36.762	PTL_EA GBPUSD.pro,M30: uninit reason 2
0	18:24:36.770	Expert PTL_EA GBPUSD.pro,M30: removed
0	18:24:36.791	Expert PTL_EA GBPUSD.pro,M30: loaded successfully
0	18:24:36.792	PTL_EA GBPJPY.pro,M15: uninit reason 2
0	18:24:36.804	Expert PTL_EA GBPJPY.pro,M15: removed
0	18:24:36.827	Expert PTL_EA GBPJPY.pro,M15: loaded successfully
0	18:24:36.828	PTL_EA EURJPY.pro,M15: uninit reason 2
0	18:24:36.841	Expert PTL_EA EURJPY.pro,M15: removed
0	18:24:36.864	Expert PTL_EA EURJPY.pro,M15: loaded successfully
0	18:24:36.865	PTL_EA USDJPY.pro,M15: uninit reason 2
0	18:24:36.879	Expert PTL_EA USDJPY.pro,M15: removed
0	18:24:36.901	Expert PTL_EA USDJPY.pro,M15: loaded successfully
0	18:24:36.902	PTL_EA AUDUSD.pro,M30: uninit reason 2
0	18:24:36.917	Expert PTL_EA AUDUSD.pro,M30: removed
0	18:24:36.938	PTL_EA XAUUSD.pro,M30: initialized
0	18:24:36.941	Expert PTL_EA AUDUSD.pro,M30: loaded successfully
0	18:24:36.941	PTL_EA USDCAD.pro,M15: uninit reason 2
0	18:24:36.949	Expert PTL_EA USDCAD.pro,M15: removed
0	18:24:36.971	Expert PTL_EA USDCAD.pro,M15: loaded successfully
0	18:24:36.972	PTL_EA GBPAUD.pro,M30: uninit reason 2
0	18:24:36.986	Expert PTL_EA GBPAUD.pro,M30: removed
0	18:24:36.999	PTL_EA EURUSD.pro,M15: initialized
0	18:24:37.009	Expert PTL_EA GBPAUD.pro,M30: loaded successfully
0	18:24:37.044	PTL_EA GBPUSD.pro,M30: initialized
0	18:24:37.054	PTL_EA GBPJPY.pro,M15: initialized
0	18:24:37.094	PTL_EA USDJPY.pro,M15: initialized
0	18:24:37.095	PTL_EA EURJPY.pro,M15: initialized
0	18:24:37.114	PTL_EA AUDUSD.pro,M30: initialized
0	18:24:37.143	PTL_EA USDCAD.pro,M15: initialized
0	18:24:37.147	PTL_EA GBPAUD.pro,M30: initialized
0	19:23:50.892	PTL_EA GBPUSD.pro,M30: uninit reason 3
0	19:23:50.894	pipsometer_5_decimal GBPUSD.pro,M30: uninit reason 3
0	19:23:50.894	PTL_Sessions GBPUSD.pro,M30: uninit reason 3
0	19:23:50.894	pipsometer_5_decimal GBPUSD.pro,M15: initialized
0	19:23:50.894	PTL_Sessions GBPUSD.pro,M15: initialized
0	19:23:50.912	PTL_EA GBPUSD.pro,M15: initialized
0	19:30:26.940	PTL_EA GBPUSD.pro,M15: uninit reason 3
0	19:30:26.942	pipsometer_5_decimal GBPUSD.pro,M15: uninit reason 3
0	19:30:26.942	PTL_Sessions GBPUSD.pro,M15: uninit reason 3
0	19:30:26.942	pipsometer_5_decimal GBPUSD.pro,M30: initialized
0	19:30:26.942	PTL_Sessions GBPUSD.pro,M30: initialized
0	19:30:26.963	PTL_EA GBPUSD.pro,M30: initialized
0	19:30:27.748	PTL_EA GBPUSD.pro,M30: uninit reason 3
0	19:30:27.750	pipsometer_5_decimal GBPUSD.pro,M30: uninit reason 3
0	19:30:27.750	PTL_Sessions GBPUSD.pro,M30: uninit reason 3
0	19:30:27.750	pipsometer_5_decimal GBPUSD.pro,M15: initialized
0	19:30:27.750	PTL_Sessions GBPUSD.pro,M15: initialized
0	19:30:27.770	PTL_EA GBPUSD.pro,M15: initialized
0	19:41:07.197	PTL_EA GBPUSD.pro,M15: uninit reason 3
0	19:41:07.199	pipsometer_5_decimal GBPUSD.pro,M15: uninit reason 3
0	19:41:07.199	PTL_Sessions GBPUSD.pro,M15: uninit reason 3
0	19:41:07.200	pipsometer_5_decimal GBPUSD.pro,M5: initialized
0	19:41:07.200	PTL_Sessions GBPUSD.pro,M5: initialized
0	19:41:07.223	PTL_EA GBPUSD.pro,M5: initialized
0	19:41:09.124	PTL_EA GBPUSD.pro,M5: uninit reason 3
0	19:41:09.126	pipsometer_5_decimal GBPUSD.pro,M5: uninit reason 3
0	19:41:09.126	PTL_Sessions GBPUSD.pro,M5: uninit reason 3
0	19:41:09.126	pipsometer_5_decimal GBPUSD.pro,M15: initialized
0	19:41:09.126	PTL_Sessions GBPUSD.pro,M15: initialized
0	19:41:09.154	PTL_EA GBPUSD.pro,M15: initialized
0	20:06:45.507	PTL_EA USDJPY.pro,M15: uninit reason 3
0	20:06:45.509	pipsometer_5_decimal USDJPY.pro,M15: uninit reason 3
0	20:06:45.509	PTL_Sessions USDJPY.pro,M15: uninit reason 3
0	20:06:45.509	pipsometer_5_decimal USDJPY.pro,M30: initialized
0	20:06:45.509	PTL_Sessions USDJPY.pro,M30: initialized
0	20:06:45.532	PTL_EA USDJPY.pro,M30: initialized
0	20:08:52.579	PTL_EA USDJPY.pro,M30: uninit reason 3
0	20:08:52.581	pipsometer_5_decimal USDJPY.pro,M30: uninit reason 3
0	20:08:52.581	PTL_Sessions USDJPY.pro,M30: uninit reason 3
0	20:08:52.581	pipsometer_5_decimal USDJPY.pro,M15: initialized
0	20:08:52.581	PTL_Sessions USDJPY.pro,M15: initialized
0	20:08:52.603	PTL_EA USDJPY.pro,M15: initialized
0	20:09:10.693	PTL_EA GBPJPY.pro,M15: uninit reason 3
0	20:09:10.695	pipsometer_5_decimal GBPJPY.pro,M15: uninit reason 3
0	20:09:10.695	PTL_Sessions GBPJPY.pro,M15: uninit reason 3
0	20:09:10.695	pipsometer_5_decimal GBPJPY.pro,M30: initialized
0	20:09:10.696	PTL_Sessions GBPJPY.pro,M30: initialized
0	20:09:10.715	PTL_EA GBPJPY.pro,M30: initialized
0	20:09:11.106	PTL_EA GBPJPY.pro,M30: uninit reason 3
0	20:09:11.108	pipsometer_5_decimal GBPJPY.pro,M30: uninit reason 3
0	20:09:11.108	PTL_Sessions GBPJPY.pro,M30: uninit reason 3
0	20:09:11.108	pipsometer_5_decimal GBPJPY.pro,M15: initialized
0	20:09:11.108	PTL_Sessions GBPJPY.pro,M15: initialized
0	20:09:11.129	PTL_EA GBPJPY.pro,M15: initialized
0	20:09:13.864	PTL_EA GBPJPY.pro,M15: uninit reason 3
0	20:09:13.866	pipsometer_5_decimal GBPJPY.pro,M15: uninit reason 3
0	20:09:13.866	PTL_Sessions GBPJPY.pro,M15: uninit reason 3
0	20:09:13.866	pipsometer_5_decimal GBPJPY.pro,H1: initialized
0	20:09:13.866	PTL_Sessions GBPJPY.pro,H1: initialized
0	20:09:13.889	PTL_EA GBPJPY.pro,H1: initialized
0	20:09:18.288	PTL_EA GBPJPY.pro,H1: uninit reason 3
0	20:09:18.290	pipsometer_5_decimal GBPJPY.pro,H1: uninit reason 3
0	20:09:18.290	PTL_Sessions GBPJPY.pro,H1: uninit reason 3
0	20:09:18.290	pipsometer_5_decimal GBPJPY.pro,M15: initialized
0	20:09:18.290	PTL_Sessions GBPJPY.pro,M15: initialized
0	20:09:18.327	PTL_EA GBPJPY.pro,M15: initialized
0	20:09:50.651	PTL_EA GBPJPY.pro,M15: uninit reason 3
0	20:09:50.653	pipsometer_5_decimal GBPJPY.pro,M15: uninit reason 3
0	20:09:50.653	PTL_Sessions GBPJPY.pro,M15: uninit reason 3
0	20:09:50.655	pipsometer_5_decimal GBPJPY.pro,M5: initialized
0	20:09:50.655	PTL_Sessions GBPJPY.pro,M5: initialized
0	20:09:50.678	PTL_EA GBPJPY.pro,M5: initialized
0	20:09:51.861	PTL_EA GBPJPY.pro,M5: uninit reason 3
0	20:09:51.863	pipsometer_5_decimal GBPJPY.pro,M5: uninit reason 3
0	20:09:51.863	PTL_Sessions GBPJPY.pro,M5: uninit reason 3
0	20:09:51.863	pipsometer_5_decimal GBPJPY.pro,M15: initialized
0	20:09:51.863	PTL_Sessions GBPJPY.pro,M15: initialized
0	20:09:51.885	PTL_EA GBPJPY.pro,M15: initialized
0	20:12:55.822	PTL_EA EURJPY.pro,M15: uninit reason 3
0	20:12:55.824	pipsometer_5_decimal EURJPY.pro,M15: uninit reason 3
0	20:12:55.824	PTL_Sessions EURJPY.pro,M15: uninit reason 3
0	20:12:55.824	pipsometer_5_decimal EURJPY.pro,M30: initialized
0	20:12:55.824	PTL_Sessions EURJPY.pro,M30: initialized
0	20:12:55.843	PTL_EA EURJPY.pro,M30: initialized
0	20:13:09.216	PTL_EA USDJPY.pro,M15: uninit reason 3
0	20:13:09.218	pipsometer_5_decimal USDJPY.pro,M15: uninit reason 3
0	20:13:09.218	PTL_Sessions USDJPY.pro,M15: uninit reason 3
0	20:13:09.218	pipsometer_5_decimal USDJPY.pro,M30: initialized
0	20:13:09.218	PTL_Sessions USDJPY.pro,M30: initialized
0	20:13:09.256	PTL_EA USDJPY.pro,M30: initialized
0	20:13:59.012	PTL_EA AUDUSD.pro,M30: uninit reason 3
0	20:13:59.014	pipsometer_5_decimal AUDUSD.pro,M30: uninit reason 3
0	20:13:59.014	PTL_Sessions AUDUSD.pro,M30: uninit reason 3
0	20:13:59.014	pipsometer_5_decimal AUDUSD.pro,M15: initialized
0	20:13:59.014	PTL_Sessions AUDUSD.pro,M15: initialized
0	20:13:59.036	PTL_EA AUDUSD.pro,M15: initialized
0	20:18:10.923	PTL_EA EURJPY.pro,M30: uninit reason 3
0	20:18:10.925	pipsometer_5_decimal EURJPY.pro,M30: uninit reason 3
0	20:18:10.925	PTL_Sessions EURJPY.pro,M30: uninit reason 3
0	20:18:10.925	pipsometer_5_decimal EURJPY.pro,M15: initialized
0	20:18:10.925	PTL_Sessions EURJPY.pro,M15: initialized
0	20:18:10.950	PTL_EA EURJPY.pro,M15: initialized
0	20:18:19.031	PTL_EA USDJPY.pro,M30: uninit reason 3
0	20:18:19.033	pipsometer_5_decimal USDJPY.pro,M30: uninit reason 3
0	20:18:19.033	PTL_Sessions USDJPY.pro,M30: uninit reason 3
0	20:18:19.033	pipsometer_5_decimal USDJPY.pro,M15: initialized
0	20:18:19.033	PTL_Sessions USDJPY.pro,M15: initialized
0	20:18:19.052	PTL_EA USDJPY.pro,M15: initialized
0	20:18:27.256	PTL_EA EURJPY.pro,M15: uninit reason 3
0	20:18:27.258	pipsometer_5_decimal EURJPY.pro,M15: uninit reason 3
0	20:18:27.258	PTL_Sessions EURJPY.pro,M15: uninit reason 3
0	20:18:27.258	pipsometer_5_decimal EURJPY.pro,H1: initialized
0	20:18:27.258	PTL_Sessions EURJPY.pro,H1: initialized
0	20:18:27.276	PTL_EA EURJPY.pro,H1: initialized
0	20:20:24.049	PTL_EA EURUSD.pro,M15: uninit reason 3
0	20:20:24.051	pipsometer_5_decimal EURUSD.pro,M15: uninit reason 3
0	20:20:24.051	PTL_Sessions EURUSD.pro,M15: uninit reason 3
0	20:20:24.051	pipsometer_5_decimal EURUSD.pro,M30: initialized
0	20:20:24.051	PTL_Sessions EURUSD.pro,M30: initialized
0	20:20:24.070	PTL_EA EURUSD.pro,M30: initialized
0	20:20:25.051	PTL_EA EURUSD.pro,M30: uninit reason 3
0	20:20:25.053	pipsometer_5_decimal EURUSD.pro,M30: uninit reason 3
0	20:20:25.053	PTL_Sessions EURUSD.pro,M30: uninit reason 3
0	20:20:25.053	pipsometer_5_decimal EURUSD.pro,M15: initialized
0	20:20:25.053	PTL_Sessions EURUSD.pro,M15: initialized
0	20:20:25.071	PTL_EA EURUSD.pro,M15: initialized
0	20:21:00.942	PTL_EA EURJPY.pro,H1: uninit reason 3
0	20:21:00.944	pipsometer_5_decimal EURJPY.pro,H1: uninit reason 3
0	20:21:00.944	PTL_Sessions EURJPY.pro,H1: uninit reason 3
0	20:21:00.944	pipsometer_5_decimal EURJPY.pro,M15: initialized
0	20:21:00.944	PTL_Sessions EURJPY.pro,M15: initialized
0	20:21:00.961	PTL_EA EURJPY.pro,M15: initialized
0	20:41:38.256	PTL_EA XAUUSD.pro,M30: uninit reason 3
0	20:41:38.258	pipsometer_5_decimal XAUUSD.pro,M30: uninit reason 3
0	20:41:38.258	PTL_Sessions XAUUSD.pro,M30: uninit reason 3
0	20:41:38.258	pipsometer_5_decimal XAUUSD.pro,M15: initialized
0	20:41:38.258	PTL_Sessions XAUUSD.pro,M15: initialized
0	20:41:38.275	PTL_EA XAUUSD.pro,M15: initialized
0	21:08:37.188	PTL_EA GBPJPY.pro,M15: uninit reason 3
0	21:08:37.190	pipsometer_5_decimal GBPJPY.pro,M15: uninit reason 3
0	21:08:37.190	PTL_Sessions GBPJPY.pro,M15: uninit reason 3
0	21:08:37.190	pipsometer_5_decimal GBPJPY.pro,M30: initialized
0	21:08:37.190	PTL_Sessions GBPJPY.pro,M30: initialized
0	21:08:37.212	PTL_EA GBPJPY.pro,M30: initialized
0	21:17:42.489	PTL_EA GBPJPY.pro,M30: uninit reason 3
0	21:17:42.491	pipsometer_5_decimal GBPJPY.pro,M30: uninit reason 3
0	21:17:42.491	PTL_Sessions GBPJPY.pro,M30: uninit reason 3
0	21:17:42.491	pipsometer_5_decimal GBPJPY.pro,M15: initialized
0	21:17:42.491	PTL_Sessions GBPJPY.pro,M15: initialized
0	21:17:42.509	PTL_EA GBPJPY.pro,M15: initialized
0	21:18:31.874	PTL_EA USDCAD.pro,M15: uninit reason 3
0	21:18:31.876	pipsometer_5_decimal USDCAD.pro,M15: uninit reason 3
0	21:18:31.876	PTL_Sessions USDCAD.pro,M15: uninit reason 3
0	21:18:31.876	pipsometer_5_decimal USDCAD.pro,M30: initialized
0	21:18:31.876	PTL_Sessions USDCAD.pro,M30: initialized
0	21:18:31.894	PTL_EA USDCAD.pro,M30: initialized
0	21:18:32.427	PTL_EA USDCAD.pro,M30: uninit reason 3
0	21:18:32.429	pipsometer_5_decimal USDCAD.pro,M30: uninit reason 3
0	21:18:32.429	PTL_Sessions USDCAD.pro,M30: uninit reason 3
0	21:18:32.429	pipsometer_5_decimal USDCAD.pro,M15: initialized
0	21:18:32.429	PTL_Sessions USDCAD.pro,M15: initialized
0	21:18:32.448	PTL_EA USDCAD.pro,M15: initialized
0	21:29:12.322	PTL_EA XAUUSD.pro,M15: uninit reason 9
0	21:29:12.340	pipsometer_5_decimal XAUUSD.pro,M15: uninit reason 9
0	21:29:12.340	PTL_Sessions XAUUSD.pro,M15: uninit reason 9
0	21:29:12.340	PTL_EA EURUSD.pro,M15: uninit reason 9
0	21:29:12.344	pipsometer_5_decimal EURUSD.pro,M15: uninit reason 9
0	21:29:12.344	PTL_Sessions EURUSD.pro,M15: uninit reason 9
0	21:29:12.345	PTL_EA GBPUSD.pro,M15: uninit reason 9
0	21:29:12.351	pipsometer_5_decimal GBPUSD.pro,M15: uninit reason 9
0	21:29:12.352	PTL_Sessions GBPUSD.pro,M15: uninit reason 9
0	21:29:12.352	PTL_EA GBPJPY.pro,M15: uninit reason 9
0	21:29:12.358	pipsometer_5_decimal GBPJPY.pro,M15: uninit reason 9
0	21:29:12.358	PTL_Sessions GBPJPY.pro,M15: uninit reason 9
0	21:29:12.358	PTL_EA EURJPY.pro,M15: uninit reason 9
0	21:29:12.367	pipsometer_5_decimal EURJPY.pro,M15: uninit reason 9
0	21:29:12.367	PTL_Sessions EURJPY.pro,M15: uninit reason 9
0	21:29:12.367	PTL_EA USDJPY.pro,M15: uninit reason 9
0	21:29:12.375	pipsometer_5_decimal USDJPY.pro,M15: uninit reason 9
0	21:29:12.375	PTL_Sessions USDJPY.pro,M15: uninit reason 9
0	21:29:12.375	PTL_EA AUDUSD.pro,M15: uninit reason 9
0	21:29:12.384	pipsometer_5_decimal AUDUSD.pro,M15: uninit reason 9
0	21:29:12.384	PTL_Sessions AUDUSD.pro,M15: uninit reason 9
0	21:29:12.384	PTL_EA USDCAD.pro,M15: uninit reason 9
0	21:29:12.393	pipsometer_5_decimal USDCAD.pro,M15: uninit reason 9
0	21:29:12.393	PTL_Sessions USDCAD.pro,M15: uninit reason 9
0	21:29:12.393	PTL_EA GBPAUD.pro,M30: uninit reason 9
0	21:29:12.403	pipsometer_5_decimal GBPAUD.pro,M30: uninit reason 9
0	21:29:12.403	PTL_Sessions GBPAUD.pro,M30: uninit reason 9
0	21:29:12.576	Expert PTL_EA XAUUSD.pro,M15: removed
0	21:29:12.581	Custom indicator pipsometer_5_decimal XAUUSD.pro,M15: removed
0	21:29:12.584	Custom indicator PTL_Sessions XAUUSD.pro,M15: removed
0	21:29:12.589	Expert PTL_EA EURUSD.pro,M15: removed
0	21:29:12.593	Custom indicator pipsometer_5_decimal EURUSD.pro,M15: removed
0	21:29:12.597	Custom indicator PTL_Sessions EURUSD.pro,M15: removed
0	21:29:12.602	Expert PTL_EA GBPUSD.pro,M15: removed
0	21:29:12.606	Custom indicator pipsometer_5_decimal GBPUSD.pro,M15: removed
0	21:29:12.609	Custom indicator PTL_Sessions GBPUSD.pro,M15: removed
0	21:29:12.615	Expert PTL_EA GBPJPY.pro,M15: removed
0	21:29:12.619	Custom indicator pipsometer_5_decimal GBPJPY.pro,M15: removed
0	21:29:12.622	Custom indicator PTL_Sessions GBPJPY.pro,M15: removed
0	21:29:12.642	Expert PTL_EA EURJPY.pro,M15: removed
0	21:29:12.646	Custom indicator pipsometer_5_decimal EURJPY.pro,M15: removed
0	21:29:12.649	Custom indicator PTL_Sessions EURJPY.pro,M15: removed
0	21:29:12.655	Expert PTL_EA USDJPY.pro,M15: removed
0	21:29:12.660	Custom indicator pipsometer_5_decimal USDJPY.pro,M15: removed
0	21:29:12.663	Custom indicator PTL_Sessions USDJPY.pro,M15: removed
0	21:29:12.668	Expert PTL_EA AUDUSD.pro,M15: removed
0	21:29:12.673	Custom indicator pipsometer_5_decimal AUDUSD.pro,M15: removed
0	21:29:12.676	Custom indicator PTL_Sessions AUDUSD.pro,M15: removed
0	21:29:12.691	Expert PTL_EA USDCAD.pro,M15: removed
0	21:29:12.696	Custom indicator pipsometer_5_decimal USDCAD.pro,M15: removed
0	21:29:12.699	Custom indicator PTL_Sessions USDCAD.pro,M15: removed
0	21:29:12.707	Expert PTL_EA GBPAUD.pro,M30: removed
0	21:29:12.712	Custom indicator pipsometer_5_decimal GBPAUD.pro,M30: removed
0	21:29:12.715	Custom indicator PTL_Sessions GBPAUD.pro,M30: removed
