0	06:31:22.299	Custom indicator pipsometer_5_decimal XAUUSD.pro,M15: loaded successfully
0	06:31:22.313	Custom indicator PTL_Sessions XAUUSD.pro,M15: loaded successfully
0	06:31:22.328	Expert PTL_EA XAUUSD.pro,M15: loaded successfully
0	06:31:22.328	PTL_EA XAUUSD.pro,M15 inputs: InpLanguage=1; TelegramToken=927322228:AAFxIy4Tw_rfZr6LEoyO5tocsMNBxwNXIHI; TelegramNotification=true; Pair_suffix=; InpUpdateMode=1; InpTemplates=ptl_screenshot;ptl_screenshot_zoom; 
0	06:31:22.367	pipsometer_5_decimal XAUUSD.pro,M15: initialized
0	06:31:22.394	PTL_Sessions XAUUSD.pro,M15: initialized
0	06:31:22.435	Custom indicator PTL_Sessions EURUSD.pro,M15: loaded successfully
0	06:31:22.448	Custom indicator FXR_ATR_Pivots EURUSD.pro,M15: loaded successfully
0	06:31:22.462	Expert PTL_EA EURUSD.pro,M15: loaded successfully
0	06:31:22.462	PTL_EA EURUSD.pro,M15 inputs: InpLanguage=1; TelegramToken=927322228:AAFxIy4Tw_rfZr6LEoyO5tocsMNBxwNXIHI; TelegramNotification=true; Pair_suffix=; InpUpdateMode=1; InpTemplates=ptl_screenshot;ptl_screenshot_zoom; 
0	06:31:22.501	PTL_Sessions EURUSD.pro,M15: initialized
0	06:31:22.523	FXR_ATR_Pivots EURUSD.pro,M15: initialized
0	06:31:22.565	Custom indicator PTL_Sessions GBPUSD.pro,M15: loaded successfully
0	06:31:22.578	Custom indicator FXR_ATR_Pivots GBPUSD.pro,M15: loaded successfully
0	06:31:22.592	Expert PTL_EA GBPUSD.pro,M15: loaded successfully
0	06:31:22.593	PTL_EA GBPUSD.pro,M15 inputs: InpLanguage=1; TelegramToken=927322228:AAFxIy4Tw_rfZr6LEoyO5tocsMNBxwNXIHI; TelegramNotification=true; Pair_suffix=; InpUpdateMode=1; InpTemplates=ptl_screenshot;ptl_screenshot_zoom; 
0	06:31:22.913	PTL_Sessions GBPUSD.pro,M15: initialized
0	06:31:22.934	FXR_ATR_Pivots GBPUSD.pro,M15: initialized
0	06:31:22.976	Custom indicator pipsometer_5_decimal GBPJPY.pro,M15: loaded successfully
0	06:31:22.989	Custom indicator PTL_Sessions GBPJPY.pro,M15: loaded successfully
0	06:31:23.003	Expert PTL_EA GBPJPY.pro,M15: loaded successfully
0	06:31:23.004	PTL_EA GBPJPY.pro,M15 inputs: InpLanguage=1; TelegramToken=927322228:AAFxIy4Tw_rfZr6LEoyO5tocsMNBxwNXIHI; TelegramNotification=true; Pair_suffix=; InpUpdateMode=1; InpTemplates=ptl_screenshot;ptl_screenshot_zoom; 
0	06:31:23.040	pipsometer_5_decimal GBPJPY.pro,M15: initialized
0	06:31:23.068	PTL_Sessions GBPJPY.pro,M15: initialized
0	06:31:23.113	Custom indicator pipsometer_5_decimal EURJPY.pro,M15: loaded successfully
0	06:31:23.126	Custom indicator PTL_Sessions EURJPY.pro,M15: loaded successfully
0	06:31:23.141	Expert PTL_EA EURJPY.pro,M15: loaded successfully
0	06:31:23.141	PTL_EA EURJPY.pro,M15 inputs: InpLanguage=1; TelegramToken=927322228:AAFxIy4Tw_rfZr6LEoyO5tocsMNBxwNXIHI; TelegramNotification=true; Pair_suffix=; InpUpdateMode=1; InpTemplates=ptl_screenshot;ptl_screenshot_zoom; 
0	06:31:23.177	pipsometer_5_decimal EURJPY.pro,M15: initialized
0	06:31:23.204	PTL_Sessions EURJPY.pro,M15: initialized
0	06:31:23.268	Custom indicator pipsometer_5_decimal USDJPY.pro,H1: loaded successfully
0	06:31:23.282	Custom indicator PTL_Sessions USDJPY.pro,H1: loaded successfully
0	06:31:23.296	Expert PTL_EA USDJPY.pro,H1: loaded successfully
0	06:31:23.296	PTL_EA USDJPY.pro,H1 inputs: InpLanguage=1; TelegramToken=927322228:AAFxIy4Tw_rfZr6LEoyO5tocsMNBxwNXIHI; TelegramNotification=true; Pair_suffix=; InpUpdateMode=1; InpTemplates=ptl_screenshot;ptl_screenshot_zoom; 
0	06:31:23.329	pipsometer_5_decimal USDJPY.pro,H1: initialized
0	06:31:23.356	PTL_Sessions USDJPY.pro,H1: initialized
0	06:31:23.404	Custom indicator pipsometer_5_decimal AUDUSD.pro,M15: loaded successfully
0	06:31:23.417	Custom indicator PTL_Sessions AUDUSD.pro,M15: loaded successfully
0	06:31:23.432	Expert PTL_EA AUDUSD.pro,M15: loaded successfully
0	06:31:23.432	PTL_EA AUDUSD.pro,M15 inputs: InpLanguage=1; TelegramToken=927322228:AAFxIy4Tw_rfZr6LEoyO5tocsMNBxwNXIHI; TelegramNotification=true; Pair_suffix=; InpUpdateMode=1; InpTemplates=ptl_screenshot;ptl_screenshot_zoom; 
0	06:31:23.467	pipsometer_5_decimal AUDUSD.pro,M15: initialized
0	06:31:23.495	PTL_Sessions AUDUSD.pro,M15: initialized
0	06:31:23.545	Custom indicator PTL_Sessions USDCAD.pro,M15: loaded successfully
0	06:31:23.560	Custom indicator FXR_ATR_Pivots USDCAD.pro,M15: loaded successfully
0	06:31:23.577	Expert PTL_EA USDCAD.pro,M15: loaded successfully
0	06:31:23.577	PTL_EA USDCAD.pro,M15 inputs: InpLanguage=1; TelegramToken=927322228:AAFxIy4Tw_rfZr6LEoyO5tocsMNBxwNXIHI; TelegramNotification=true; Pair_suffix=; InpUpdateMode=1; InpTemplates=ptl_screenshot;ptl_screenshot_zoom; 
0	06:31:23.621	PTL_Sessions USDCAD.pro,M15: initialized
0	06:31:23.646	FXR_ATR_Pivots USDCAD.pro,M15: initialized
0	06:31:29.171	PTL_EA USDCAD.pro,M15: initialized
0	06:31:29.173	PTL_EA EURJPY.pro,M15: initialized
0	06:31:29.175	PTL_EA USDJPY.pro,H1: initialized
0	06:31:29.177	PTL_EA AUDUSD.pro,M15: initialized
0	06:31:29.177	PTL_EA EURUSD.pro,M15: initialized
0	06:31:29.179	PTL_EA XAUUSD.pro,M15: initialized
0	06:31:29.212	PTL_EA GBPUSD.pro,M15: initialized
0	06:31:29.214	PTL_EA GBPJPY.pro,M15: initialized
0	06:47:22.602	PTL_EA GBPJPY.pro,M15: uninit reason 3
0	06:47:22.604	pipsometer_5_decimal GBPJPY.pro,M15: uninit reason 3
0	06:47:22.604	PTL_Sessions GBPJPY.pro,M15: uninit reason 3
0	06:47:22.604	pipsometer_5_decimal GBPJPY.pro,M30: initialized
0	06:47:22.604	PTL_Sessions GBPJPY.pro,M30: initialized
0	06:47:22.620	PTL_EA GBPJPY.pro,M30: initialized
0	06:47:29.338	PTL_EA GBPJPY.pro,M30: uninit reason 3
0	06:47:29.340	pipsometer_5_decimal GBPJPY.pro,M30: uninit reason 3
0	06:47:29.340	PTL_Sessions GBPJPY.pro,M30: uninit reason 3
0	06:47:29.340	pipsometer_5_decimal GBPJPY.pro,Daily: initialized
0	06:47:29.340	PTL_Sessions GBPJPY.pro,Daily: initialized
0	06:47:29.358	PTL_EA GBPJPY.pro,Daily: initialized
0	06:47:37.036	PTL_EA GBPJPY.pro,Daily: uninit reason 3
0	06:47:37.038	pipsometer_5_decimal GBPJPY.pro,Daily: uninit reason 3
0	06:47:37.038	PTL_Sessions GBPJPY.pro,Daily: uninit reason 3
0	06:47:37.038	pipsometer_5_decimal GBPJPY.pro,M30: initialized
0	06:47:37.038	PTL_Sessions GBPJPY.pro,M30: initialized
0	06:47:37.055	PTL_EA GBPJPY.pro,M30: initialized
0	06:47:37.881	PTL_EA GBPJPY.pro,M30: uninit reason 3
0	06:47:37.883	pipsometer_5_decimal GBPJPY.pro,M30: uninit reason 3
0	06:47:37.883	PTL_Sessions GBPJPY.pro,M30: uninit reason 3
0	06:47:37.883	pipsometer_5_decimal GBPJPY.pro,M15: initialized
0	06:47:37.883	PTL_Sessions GBPJPY.pro,M15: initialized
0	06:47:37.900	PTL_EA GBPJPY.pro,M15: initialized
0	07:00:24.764	PTL_EA GBPJPY.pro,M15: uninit reason 3
0	07:00:24.766	pipsometer_5_decimal GBPJPY.pro,M15: uninit reason 3
0	07:00:24.766	PTL_Sessions GBPJPY.pro,M15: uninit reason 3
0	07:00:24.766	pipsometer_5_decimal GBPJPY.pro,M30: initialized
0	07:00:24.766	PTL_Sessions GBPJPY.pro,M30: initialized
0	07:00:24.783	PTL_EA GBPJPY.pro,M30: initialized
0	07:05:50.755	PTL_EA GBPJPY.pro,M30: uninit reason 3
0	07:05:50.757	pipsometer_5_decimal GBPJPY.pro,M30: uninit reason 3
0	07:05:50.757	PTL_Sessions GBPJPY.pro,M30: uninit reason 3
0	07:05:50.757	pipsometer_5_decimal GBPJPY.pro,M15: initialized
0	07:05:50.757	PTL_Sessions GBPJPY.pro,M15: initialized
0	07:05:50.779	PTL_EA GBPJPY.pro,M15: initialized
0	08:19:55.645	PTL_EA GBPJPY.pro,M15: uninit reason 3
0	08:19:55.647	pipsometer_5_decimal GBPJPY.pro,M15: uninit reason 3
0	08:19:55.647	PTL_Sessions GBPJPY.pro,M15: uninit reason 3
0	08:19:55.647	pipsometer_5_decimal GBPJPY.pro,H1: initialized
0	08:19:55.647	PTL_Sessions GBPJPY.pro,H1: initialized
0	08:19:55.665	PTL_EA GBPJPY.pro,H1: initialized
0	08:20:00.505	PTL_EA GBPJPY.pro,H1: uninit reason 3
0	08:20:00.507	pipsometer_5_decimal GBPJPY.pro,H1: uninit reason 3
0	08:20:00.507	PTL_Sessions GBPJPY.pro,H1: uninit reason 3
0	08:20:00.507	pipsometer_5_decimal GBPJPY.pro,M15: initialized
0	08:20:00.507	PTL_Sessions GBPJPY.pro,M15: initialized
0	08:20:00.523	PTL_EA GBPJPY.pro,M15: initialized
0	08:20:39.416	PTL_EA GBPJPY.pro,M15: uninit reason 3
0	08:20:39.418	pipsometer_5_decimal GBPJPY.pro,M15: uninit reason 3
0	08:20:39.418	PTL_Sessions GBPJPY.pro,M15: uninit reason 3
0	08:20:39.418	pipsometer_5_decimal GBPJPY.pro,H4: initialized
0	08:20:39.418	PTL_Sessions GBPJPY.pro,H4: initialized
0	08:20:39.436	PTL_EA GBPJPY.pro,H4: initialized
0	08:20:55.436	PTL_EA GBPJPY.pro,H4: uninit reason 3
0	08:20:55.437	pipsometer_5_decimal GBPJPY.pro,H4: uninit reason 3
0	08:20:55.437	PTL_Sessions GBPJPY.pro,H4: uninit reason 3
0	08:20:55.437	pipsometer_5_decimal GBPJPY.pro,M30: initialized
0	08:20:55.437	PTL_Sessions GBPJPY.pro,M30: initialized
0	08:20:55.454	PTL_EA GBPJPY.pro,M30: initialized
0	08:20:56.272	PTL_EA GBPJPY.pro,M30: uninit reason 3
0	08:20:56.274	pipsometer_5_decimal GBPJPY.pro,M30: uninit reason 3
0	08:20:56.274	PTL_Sessions GBPJPY.pro,M30: uninit reason 3
0	08:20:56.274	pipsometer_5_decimal GBPJPY.pro,M15: initialized
0	08:20:56.274	PTL_Sessions GBPJPY.pro,M15: initialized
0	08:20:56.291	PTL_EA GBPJPY.pro,M15: initialized
0	08:23:51.455	PTL_EA USDJPY.pro,H1: uninit reason 3
0	08:23:51.457	pipsometer_5_decimal USDJPY.pro,H1: uninit reason 3
0	08:23:51.457	PTL_Sessions USDJPY.pro,H1: uninit reason 3
0	08:23:51.457	pipsometer_5_decimal USDJPY.pro,M15: initialized
0	08:23:51.457	PTL_Sessions USDJPY.pro,M15: initialized
0	08:23:51.474	PTL_EA USDJPY.pro,M15: initialized
0	08:51:56.584	PTL_EA GBPUSD.pro,M15: uninit reason 3
0	08:51:56.587	PTL_Sessions GBPUSD.pro,M15: uninit reason 3
0	08:51:56.587	FXR_ATR_Pivots GBPUSD.pro,M15: uninit reason 3
0	08:51:56.587	PTL_Sessions GBPUSD.pro,M30: initialized
0	08:51:56.587	FXR_ATR_Pivots GBPUSD.pro,M30: initialized
0	08:51:56.604	PTL_EA GBPUSD.pro,M30: initialized
0	08:52:19.316	PTL_EA GBPUSD.pro,M30: uninit reason 3
0	08:52:19.318	PTL_Sessions GBPUSD.pro,M30: uninit reason 3
0	08:52:19.318	FXR_ATR_Pivots GBPUSD.pro,M30: uninit reason 3
0	08:52:19.318	PTL_Sessions GBPUSD.pro,M15: initialized
0	08:52:19.318	FXR_ATR_Pivots GBPUSD.pro,M15: initialized
0	08:52:19.338	PTL_EA GBPUSD.pro,M15: initialized
0	08:52:53.091	PTL_EA XAUUSD.pro,M15: uninit reason 2
0	08:52:53.106	Expert PTL_EA XAUUSD.pro,M15: removed
0	08:52:53.124	Expert PTL_EA XAUUSD.pro,M15: loaded successfully
0	08:52:53.125	PTL_EA EURUSD.pro,M15: uninit reason 2
0	08:52:53.135	Expert PTL_EA EURUSD.pro,M15: removed
0	08:52:53.151	Expert PTL_EA EURUSD.pro,M15: loaded successfully
0	08:52:53.152	PTL_EA GBPUSD.pro,M15: uninit reason 2
0	08:52:53.162	Expert PTL_EA GBPUSD.pro,M15: removed
0	08:52:53.181	Expert PTL_EA GBPUSD.pro,M15: loaded successfully
0	08:52:53.183	PTL_EA GBPJPY.pro,M15: uninit reason 2
0	08:52:53.196	Expert PTL_EA GBPJPY.pro,M15: removed
0	08:52:53.217	Expert PTL_EA GBPJPY.pro,M15: loaded successfully
0	08:52:53.219	PTL_EA EURJPY.pro,M15: uninit reason 2
0	08:52:53.231	Expert PTL_EA EURJPY.pro,M15: removed
0	08:52:53.253	Expert PTL_EA EURJPY.pro,M15: loaded successfully
0	08:52:53.255	PTL_EA USDJPY.pro,M15: uninit reason 2
0	08:52:53.268	Expert PTL_EA USDJPY.pro,M15: removed
0	08:52:53.285	PTL_EA XAUUSD.pro,M15: initialized
0	08:52:53.290	Expert PTL_EA USDJPY.pro,M15: loaded successfully
0	08:52:53.291	PTL_EA AUDUSD.pro,M15: uninit reason 2
0	08:52:53.298	Expert PTL_EA AUDUSD.pro,M15: removed
0	08:52:53.319	Expert PTL_EA AUDUSD.pro,M15: loaded successfully
0	08:52:53.321	PTL_EA USDCAD.pro,M15: uninit reason 2
0	08:52:53.337	Expert PTL_EA USDCAD.pro,M15: removed
0	08:52:53.359	Expert PTL_EA USDCAD.pro,M15: loaded successfully
0	08:52:53.394	PTL_EA EURUSD.pro,M15: initialized
0	08:52:53.466	PTL_EA GBPUSD.pro,M15: initialized
0	08:52:53.495	PTL_EA GBPJPY.pro,M15: initialized
0	08:52:53.525	PTL_EA EURJPY.pro,M15: initialized
0	08:52:53.531	PTL_EA AUDUSD.pro,M15: initialized
0	08:52:53.548	PTL_EA USDJPY.pro,M15: initialized
0	08:52:53.560	PTL_EA USDCAD.pro,M15: initialized
0	09:18:44.056	PTL_EA XAUUSD.pro,M15: uninit reason 9
0	09:18:44.060	pipsometer_5_decimal XAUUSD.pro,M15: uninit reason 9
0	09:18:44.060	PTL_Sessions XAUUSD.pro,M15: uninit reason 9
0	09:18:44.060	PTL_EA EURUSD.pro,M15: uninit reason 9
0	09:18:44.081	PTL_Sessions EURUSD.pro,M15: uninit reason 9
0	09:18:44.082	FXR_ATR_Pivots EURUSD.pro,M15: uninit reason 9
0	09:18:44.082	PTL_EA GBPUSD.pro,M15: uninit reason 9
0	09:18:44.089	PTL_Sessions GBPUSD.pro,M15: uninit reason 9
0	09:18:44.089	FXR_ATR_Pivots GBPUSD.pro,M15: uninit reason 9
0	09:18:44.089	PTL_EA GBPJPY.pro,M15: uninit reason 9
0	09:18:44.100	pipsometer_5_decimal GBPJPY.pro,M15: uninit reason 9
0	09:18:44.100	PTL_Sessions GBPJPY.pro,M15: uninit reason 9
0	09:18:44.100	PTL_EA EURJPY.pro,M15: uninit reason 9
0	09:18:44.107	pipsometer_5_decimal EURJPY.pro,M15: uninit reason 9
0	09:18:44.107	PTL_Sessions EURJPY.pro,M15: uninit reason 9
0	09:18:44.107	PTL_EA USDJPY.pro,M15: uninit reason 9
0	09:18:44.113	pipsometer_5_decimal USDJPY.pro,M15: uninit reason 9
0	09:18:44.113	PTL_Sessions USDJPY.pro,M15: uninit reason 9
0	09:18:44.113	PTL_EA AUDUSD.pro,M15: uninit reason 9
0	09:18:44.122	pipsometer_5_decimal AUDUSD.pro,M15: uninit reason 9
0	09:18:44.122	PTL_Sessions AUDUSD.pro,M15: uninit reason 9
0	09:18:44.122	PTL_EA USDCAD.pro,M15: uninit reason 9
0	09:18:44.132	PTL_Sessions USDCAD.pro,M15: uninit reason 9
0	09:18:44.132	FXR_ATR_Pivots USDCAD.pro,M15: uninit reason 9
0	09:18:44.286	Expert PTL_EA XAUUSD.pro,M15: removed
0	09:18:44.291	Custom indicator pipsometer_5_decimal XAUUSD.pro,M15: removed
0	09:18:44.294	Custom indicator PTL_Sessions XAUUSD.pro,M15: removed
0	09:18:44.300	Expert PTL_EA EURUSD.pro,M15: removed
0	09:18:44.307	Custom indicator PTL_Sessions EURUSD.pro,M15: removed
0	09:18:44.310	Custom indicator FXR_ATR_Pivots EURUSD.pro,M15: removed
0	09:18:44.332	Expert PTL_EA GBPUSD.pro,M15: removed
0	09:18:44.338	Custom indicator PTL_Sessions GBPUSD.pro,M15: removed
0	09:18:44.342	Custom indicator FXR_ATR_Pivots GBPUSD.pro,M15: removed
0	09:18:44.347	Expert PTL_EA GBPJPY.pro,M15: removed
0	09:18:44.352	Custom indicator pipsometer_5_decimal GBPJPY.pro,M15: removed
0	09:18:44.356	Custom indicator PTL_Sessions GBPJPY.pro,M15: removed
0	09:18:44.361	Expert PTL_EA EURJPY.pro,M15: removed
0	09:18:44.365	Custom indicator pipsometer_5_decimal EURJPY.pro,M15: removed
0	09:18:44.367	Custom indicator PTL_Sessions EURJPY.pro,M15: removed
0	09:18:44.382	Expert PTL_EA USDJPY.pro,M15: removed
0	09:18:44.387	Custom indicator pipsometer_5_decimal USDJPY.pro,M15: removed
0	09:18:44.390	Custom indicator PTL_Sessions USDJPY.pro,M15: removed
0	09:18:44.405	Expert PTL_EA AUDUSD.pro,M15: removed
0	09:18:44.410	Custom indicator pipsometer_5_decimal AUDUSD.pro,M15: removed
0	09:18:44.412	Custom indicator PTL_Sessions AUDUSD.pro,M15: removed
0	09:18:44.421	Expert PTL_EA USDCAD.pro,M15: removed
0	09:18:44.425	Custom indicator PTL_Sessions USDCAD.pro,M15: removed
0	09:18:44.428	Custom indicator FXR_ATR_Pivots USDCAD.pro,M15: removed
0	09:49:58.728	Custom indicator pipsometer_5_decimal XAUUSD.pro,M15: loaded successfully
0	09:49:58.749	Custom indicator PTL_Sessions XAUUSD.pro,M15: loaded successfully
0	09:49:58.773	Expert PTL_EA XAUUSD.pro,M15: loaded successfully
0	09:49:58.773	PTL_EA XAUUSD.pro,M15 inputs: InpLanguage=1; TelegramToken=927322228:AAFxIy4Tw_rfZr6LEoyO5tocsMNBxwNXIHI; TelegramNotification=true; Pair_suffix=; InpUpdateMode=1; InpTemplates=ptl_screenshot;ptl_screenshot_zoom; 
0	09:49:58.841	pipsometer_5_decimal XAUUSD.pro,M15: initialized
0	09:49:58.877	PTL_Sessions XAUUSD.pro,M15: initialized
0	09:49:58.915	Custom indicator PTL_Sessions EURUSD.pro,M15: loaded successfully
0	09:49:58.931	Custom indicator FXR_ATR_Pivots EURUSD.pro,M15: loaded successfully
0	09:49:58.950	Expert PTL_EA EURUSD.pro,M15: loaded successfully
0	09:49:58.950	PTL_EA EURUSD.pro,M15 inputs: InpLanguage=1; TelegramToken=927322228:AAFxIy4Tw_rfZr6LEoyO5tocsMNBxwNXIHI; TelegramNotification=true; Pair_suffix=; InpUpdateMode=1; InpTemplates=ptl_screenshot;ptl_screenshot_zoom; 
0	09:49:58.994	PTL_Sessions EURUSD.pro,M15: initialized
0	09:49:59.023	FXR_ATR_Pivots EURUSD.pro,M15: initialized
0	09:49:59.069	Custom indicator PTL_Sessions GBPUSD.pro,M15: loaded successfully
0	09:49:59.087	Custom indicator FXR_ATR_Pivots GBPUSD.pro,M15: loaded successfully
0	09:49:59.107	Expert PTL_EA GBPUSD.pro,M15: loaded successfully
0	09:49:59.107	PTL_EA GBPUSD.pro,M15 inputs: InpLanguage=1; TelegramToken=927322228:AAFxIy4Tw_rfZr6LEoyO5tocsMNBxwNXIHI; TelegramNotification=true; Pair_suffix=; InpUpdateMode=1; InpTemplates=ptl_screenshot;ptl_screenshot_zoom; 
0	09:49:59.548	PTL_Sessions GBPUSD.pro,M15: initialized
0	09:49:59.573	FXR_ATR_Pivots GBPUSD.pro,M15: initialized
0	09:49:59.620	Custom indicator pipsometer_5_decimal GBPJPY.pro,M15: loaded successfully
0	09:49:59.635	Custom indicator PTL_Sessions GBPJPY.pro,M15: loaded successfully
0	09:49:59.656	Expert PTL_EA GBPJPY.pro,M15: loaded successfully
0	09:49:59.656	PTL_EA GBPJPY.pro,M15 inputs: InpLanguage=1; TelegramToken=927322228:AAFxIy4Tw_rfZr6LEoyO5tocsMNBxwNXIHI; TelegramNotification=true; Pair_suffix=; InpUpdateMode=1; InpTemplates=ptl_screenshot;ptl_screenshot_zoom; 
0	09:49:59.699	pipsometer_5_decimal GBPJPY.pro,M15: initialized
0	09:49:59.732	PTL_Sessions GBPJPY.pro,M15: initialized
0	09:49:59.791	Custom indicator pipsometer_5_decimal EURJPY.pro,M15: loaded successfully
0	09:49:59.807	Custom indicator PTL_Sessions EURJPY.pro,M15: loaded successfully
0	09:49:59.824	Expert PTL_EA EURJPY.pro,M15: loaded successfully
0	09:49:59.824	PTL_EA EURJPY.pro,M15 inputs: InpLanguage=1; TelegramToken=927322228:AAFxIy4Tw_rfZr6LEoyO5tocsMNBxwNXIHI; TelegramNotification=true; Pair_suffix=; InpUpdateMode=1; InpTemplates=ptl_screenshot;ptl_screenshot_zoom; 
0	09:49:59.864	pipsometer_5_decimal EURJPY.pro,M15: initialized
0	09:49:59.898	PTL_Sessions EURJPY.pro,M15: initialized
0	09:49:59.949	Custom indicator pipsometer_5_decimal USDJPY.pro,M15: loaded successfully
0	09:49:59.963	Custom indicator PTL_Sessions USDJPY.pro,M15: loaded successfully
0	09:49:59.980	Expert PTL_EA USDJPY.pro,M15: loaded successfully
0	09:49:59.980	PTL_EA USDJPY.pro,M15 inputs: InpLanguage=1; TelegramToken=927322228:AAFxIy4Tw_rfZr6LEoyO5tocsMNBxwNXIHI; TelegramNotification=true; Pair_suffix=; InpUpdateMode=1; InpTemplates=ptl_screenshot;ptl_screenshot_zoom; 
0	09:50:00.029	pipsometer_5_decimal USDJPY.pro,M15: initialized
0	09:50:00.063	PTL_Sessions USDJPY.pro,M15: initialized
0	09:50:00.109	Custom indicator pipsometer_5_decimal AUDUSD.pro,M15: loaded successfully
0	09:50:00.123	Custom indicator PTL_Sessions AUDUSD.pro,M15: loaded successfully
0	09:50:00.138	Expert PTL_EA AUDUSD.pro,M15: loaded successfully
0	09:50:00.138	PTL_EA AUDUSD.pro,M15 inputs: InpLanguage=1; TelegramToken=927322228:AAFxIy4Tw_rfZr6LEoyO5tocsMNBxwNXIHI; TelegramNotification=true; Pair_suffix=; InpUpdateMode=1; InpTemplates=ptl_screenshot;ptl_screenshot_zoom; 
0	09:50:00.175	pipsometer_5_decimal AUDUSD.pro,M15: initialized
0	09:50:00.205	PTL_Sessions AUDUSD.pro,M15: initialized
0	09:50:00.252	Custom indicator PTL_Sessions USDCAD.pro,M15: loaded successfully
0	09:50:00.265	Custom indicator FXR_ATR_Pivots USDCAD.pro,M15: loaded successfully
0	09:50:00.278	Expert PTL_EA USDCAD.pro,M15: loaded successfully
0	09:50:00.278	PTL_EA USDCAD.pro,M15 inputs: InpLanguage=1; TelegramToken=927322228:AAFxIy4Tw_rfZr6LEoyO5tocsMNBxwNXIHI; TelegramNotification=true; Pair_suffix=; InpUpdateMode=1; InpTemplates=ptl_screenshot;ptl_screenshot_zoom; 
0	09:50:00.315	PTL_Sessions USDCAD.pro,M15: initialized
0	09:50:00.336	FXR_ATR_Pivots USDCAD.pro,M15: initialized
0	09:50:06.086	PTL_EA XAUUSD.pro,M15: initialized
0	09:50:06.086	PTL_EA EURUSD.pro,M15: initialized
0	09:50:06.094	PTL_EA USDCAD.pro,M15: initialized
0	09:50:06.098	PTL_EA GBPUSD.pro,M15: initialized
0	09:50:06.099	PTL_EA AUDUSD.pro,M15: initialized
0	09:50:06.099	PTL_EA USDJPY.pro,M15: initialized
0	09:50:06.101	PTL_EA EURJPY.pro,M15: initialized
0	09:50:06.102	PTL_EA GBPJPY.pro,M15: initialized
0	10:32:32.308	PTL_EA GBPUSD.pro,M15: uninit reason 3
0	10:32:32.310	PTL_Sessions GBPUSD.pro,M15: uninit reason 3
0	10:32:32.310	FXR_ATR_Pivots GBPUSD.pro,M15: uninit reason 3
0	10:32:32.310	PTL_Sessions GBPUSD.pro,M30: initialized
0	10:32:32.310	FXR_ATR_Pivots GBPUSD.pro,M30: initialized
0	10:32:32.327	PTL_EA GBPUSD.pro,M30: initialized
0	10:32:33.289	PTL_EA GBPUSD.pro,M30: uninit reason 3
0	10:32:33.291	PTL_Sessions GBPUSD.pro,M30: uninit reason 3
0	10:32:33.291	FXR_ATR_Pivots GBPUSD.pro,M30: uninit reason 3
0	10:32:33.291	PTL_Sessions GBPUSD.pro,M15: initialized
0	10:32:33.291	FXR_ATR_Pivots GBPUSD.pro,M15: initialized
0	10:32:33.307	PTL_EA GBPUSD.pro,M15: initialized
0	13:27:43.791	Custom indicator pipsometer_5_decimal XAUUSD.pro,M15: loaded successfully
0	13:27:43.806	Custom indicator PTL_Sessions XAUUSD.pro,M15: loaded successfully
0	13:27:43.822	Expert PTL_EA XAUUSD.pro,M15: loaded successfully
0	13:27:43.822	PTL_EA XAUUSD.pro,M15 inputs: InpLanguage=1; TelegramToken=927322228:AAFxIy4Tw_rfZr6LEoyO5tocsMNBxwNXIHI; TelegramNotification=true; Pair_suffix=; InpUpdateMode=1; InpTemplates=ptl_screenshot;ptl_screenshot_zoom; 
0	13:27:43.853	pipsometer_5_decimal XAUUSD.pro,M15: initialized
0	13:27:43.885	PTL_Sessions XAUUSD.pro,M15: initialized
0	13:27:43.931	Custom indicator PTL_Sessions EURUSD.pro,M15: loaded successfully
0	13:27:43.947	Custom indicator FXR_ATR_Pivots EURUSD.pro,M15: loaded successfully
0	13:27:43.963	Expert PTL_EA EURUSD.pro,M15: loaded successfully
0	13:27:43.963	PTL_EA EURUSD.pro,M15 inputs: InpLanguage=1; TelegramToken=927322228:AAFxIy4Tw_rfZr6LEoyO5tocsMNBxwNXIHI; TelegramNotification=true; Pair_suffix=; InpUpdateMode=1; InpTemplates=ptl_screenshot;ptl_screenshot_zoom; 
0	13:27:43.994	PTL_Sessions EURUSD.pro,M15: initialized
0	13:27:44.025	FXR_ATR_Pivots EURUSD.pro,M15: initialized
0	13:27:44.056	Custom indicator PTL_Sessions GBPUSD.pro,M15: loaded successfully
0	13:27:44.072	Custom indicator FXR_ATR_Pivots GBPUSD.pro,M15: loaded successfully
0	13:27:44.088	Expert PTL_EA GBPUSD.pro,M15: loaded successfully
0	13:27:44.088	PTL_EA GBPUSD.pro,M15 inputs: InpLanguage=1; TelegramToken=927322228:AAFxIy4Tw_rfZr6LEoyO5tocsMNBxwNXIHI; TelegramNotification=true; Pair_suffix=; InpUpdateMode=1; InpTemplates=ptl_screenshot;ptl_screenshot_zoom; 
0	13:27:44.416	PTL_Sessions GBPUSD.pro,M15: initialized
0	13:27:44.431	FXR_ATR_Pivots GBPUSD.pro,M15: initialized
0	13:27:44.478	Custom indicator pipsometer_5_decimal GBPJPY.pro,M15: loaded successfully
0	13:27:44.494	Custom indicator PTL_Sessions GBPJPY.pro,M15: loaded successfully
0	13:27:44.510	Expert PTL_EA GBPJPY.pro,M15: loaded successfully
0	13:27:44.510	PTL_EA GBPJPY.pro,M15 inputs: InpLanguage=1; TelegramToken=927322228:AAFxIy4Tw_rfZr6LEoyO5tocsMNBxwNXIHI; TelegramNotification=true; Pair_suffix=; InpUpdateMode=1; InpTemplates=ptl_screenshot;ptl_screenshot_zoom; 
0	13:27:44.541	pipsometer_5_decimal GBPJPY.pro,M15: initialized
0	13:27:44.572	PTL_Sessions GBPJPY.pro,M15: initialized
0	13:27:44.619	Custom indicator pipsometer_5_decimal EURJPY.pro,M15: loaded successfully
0	13:27:44.635	Custom indicator PTL_Sessions EURJPY.pro,M15: loaded successfully
0	13:27:44.666	Expert PTL_EA EURJPY.pro,M15: loaded successfully
0	13:27:44.666	PTL_EA EURJPY.pro,M15 inputs: InpLanguage=1; TelegramToken=927322228:AAFxIy4Tw_rfZr6LEoyO5tocsMNBxwNXIHI; TelegramNotification=true; Pair_suffix=; InpUpdateMode=1; InpTemplates=ptl_screenshot;ptl_screenshot_zoom; 
0	13:27:44.760	pipsometer_5_decimal EURJPY.pro,M15: initialized
0	13:27:44.791	PTL_Sessions EURJPY.pro,M15: initialized
0	13:27:44.853	Custom indicator pipsometer_5_decimal USDJPY.pro,M15: loaded successfully
0	13:27:44.869	Custom indicator PTL_Sessions USDJPY.pro,M15: loaded successfully
0	13:27:44.885	Expert PTL_EA USDJPY.pro,M15: loaded successfully
0	13:27:44.885	PTL_EA USDJPY.pro,M15 inputs: InpLanguage=1; TelegramToken=927322228:AAFxIy4Tw_rfZr6LEoyO5tocsMNBxwNXIHI; TelegramNotification=true; Pair_suffix=; InpUpdateMode=1; InpTemplates=ptl_screenshot;ptl_screenshot_zoom; 
0	13:27:44.916	pipsometer_5_decimal USDJPY.pro,M15: initialized
0	13:27:44.947	PTL_Sessions USDJPY.pro,M15: initialized
0	13:27:44.994	Custom indicator pipsometer_5_decimal AUDUSD.pro,M15: loaded successfully
0	13:27:45.010	Custom indicator PTL_Sessions AUDUSD.pro,M15: loaded successfully
0	13:27:45.025	Expert PTL_EA AUDUSD.pro,M15: loaded successfully
0	13:27:45.025	PTL_EA AUDUSD.pro,M15 inputs: InpLanguage=1; TelegramToken=927322228:AAFxIy4Tw_rfZr6LEoyO5tocsMNBxwNXIHI; TelegramNotification=true; Pair_suffix=; InpUpdateMode=1; InpTemplates=ptl_screenshot;ptl_screenshot_zoom; 
0	13:27:45.056	pipsometer_5_decimal AUDUSD.pro,M15: initialized
0	13:27:45.072	PTL_Sessions AUDUSD.pro,M15: initialized
0	13:27:45.119	Custom indicator PTL_Sessions USDCAD.pro,M15: loaded successfully
0	13:27:45.134	Custom indicator FXR_ATR_Pivots USDCAD.pro,M15: loaded successfully
0	13:27:45.150	Expert PTL_EA USDCAD.pro,M15: loaded successfully
0	13:27:45.150	PTL_EA USDCAD.pro,M15 inputs: InpLanguage=1; TelegramToken=927322228:AAFxIy4Tw_rfZr6LEoyO5tocsMNBxwNXIHI; TelegramNotification=true; Pair_suffix=; InpUpdateMode=1; InpTemplates=ptl_screenshot;ptl_screenshot_zoom; 
0	13:27:45.197	PTL_Sessions USDCAD.pro,M15: initialized
0	13:27:45.213	FXR_ATR_Pivots USDCAD.pro,M15: initialized
0	13:27:50.282	PTL_EA USDJPY.pro,M15: initialized
0	13:27:50.282	PTL_EA USDCAD.pro,M15: initialized
0	13:27:50.317	PTL_EA EURUSD.pro,M15: initialized
0	13:27:50.347	PTL_EA AUDUSD.pro,M15: initialized
0	13:27:50.347	PTL_EA EURJPY.pro,M15: initialized
0	13:27:50.347	PTL_EA XAUUSD.pro,M15: initialized
0	13:27:50.357	PTL_EA GBPJPY.pro,M15: initialized
0	13:27:50.357	PTL_EA GBPUSD.pro,M15: initialized
0	13:27:59.139	PTL_EA EURJPY.pro,M15: uninit reason 3
0	13:27:59.155	pipsometer_5_decimal EURJPY.pro,M15: uninit reason 3
0	13:27:59.155	PTL_Sessions EURJPY.pro,M15: uninit reason 3
0	13:27:59.155	pipsometer_5_decimal EURJPY.pro,M30: initialized
0	13:27:59.155	PTL_Sessions EURJPY.pro,M30: initialized
0	13:27:59.170	PTL_EA EURJPY.pro,M30: initialized
0	13:28:56.214	PTL_EA EURJPY.pro,M30: uninit reason 3
0	13:28:56.230	pipsometer_5_decimal EURJPY.pro,M30: uninit reason 3
0	13:28:56.230	PTL_Sessions EURJPY.pro,M30: uninit reason 3
0	13:28:56.230	pipsometer_5_decimal EURJPY.pro,M15: initialized
0	13:28:56.230	PTL_Sessions EURJPY.pro,M15: initialized
0	13:28:56.245	PTL_EA EURJPY.pro,M15: initialized
0	13:28:59.292	PTL_EA EURJPY.pro,M15: uninit reason 3
0	13:28:59.308	pipsometer_5_decimal EURJPY.pro,M15: uninit reason 3
0	13:28:59.308	PTL_Sessions EURJPY.pro,M15: uninit reason 3
0	13:28:59.308	pipsometer_5_decimal EURJPY.pro,H1: initialized
0	13:28:59.308	PTL_Sessions EURJPY.pro,H1: initialized
0	13:28:59.323	PTL_EA EURJPY.pro,H1: initialized
0	13:32:26.767	PTL_EA XAUUSD.pro,M15: uninit reason 9
0	13:32:26.767	pipsometer_5_decimal XAUUSD.pro,M15: uninit reason 9
0	13:32:26.767	PTL_Sessions XAUUSD.pro,M15: uninit reason 9
0	13:32:26.767	PTL_EA EURUSD.pro,M15: uninit reason 9
0	13:32:26.783	PTL_Sessions EURUSD.pro,M15: uninit reason 9
0	13:32:26.783	FXR_ATR_Pivots EURUSD.pro,M15: uninit reason 9
0	13:32:26.783	PTL_EA GBPUSD.pro,M15: uninit reason 9
0	13:32:26.814	PTL_Sessions GBPUSD.pro,M15: uninit reason 9
0	13:32:26.814	FXR_ATR_Pivots GBPUSD.pro,M15: uninit reason 9
0	13:32:26.814	PTL_EA GBPJPY.pro,M15: uninit reason 9
0	13:32:26.814	pipsometer_5_decimal GBPJPY.pro,M15: uninit reason 9
0	13:32:26.814	PTL_Sessions GBPJPY.pro,M15: uninit reason 9
0	13:32:26.814	PTL_EA EURJPY.pro,H1: uninit reason 9
0	13:32:26.830	pipsometer_5_decimal EURJPY.pro,H1: uninit reason 9
0	13:32:26.830	PTL_Sessions EURJPY.pro,H1: uninit reason 9
0	13:32:26.830	PTL_EA USDJPY.pro,M15: uninit reason 9
0	13:32:26.830	pipsometer_5_decimal USDJPY.pro,M15: uninit reason 9
0	13:32:26.830	PTL_Sessions USDJPY.pro,M15: uninit reason 9
0	13:32:26.830	PTL_EA AUDUSD.pro,M15: uninit reason 9
0	13:32:26.845	pipsometer_5_decimal AUDUSD.pro,M15: uninit reason 9
0	13:32:26.845	PTL_Sessions AUDUSD.pro,M15: uninit reason 9
0	13:32:26.845	PTL_EA USDCAD.pro,M15: uninit reason 9
0	13:32:26.845	PTL_Sessions USDCAD.pro,M15: uninit reason 9
0	13:32:26.845	FXR_ATR_Pivots USDCAD.pro,M15: uninit reason 9
0	13:32:26.986	Expert PTL_EA XAUUSD.pro,M15: removed
0	13:32:26.986	Custom indicator pipsometer_5_decimal XAUUSD.pro,M15: removed
0	13:32:27.001	Custom indicator PTL_Sessions XAUUSD.pro,M15: removed
0	13:32:27.001	Expert PTL_EA EURUSD.pro,M15: removed
0	13:32:27.001	Custom indicator PTL_Sessions EURUSD.pro,M15: removed
0	13:32:27.001	Custom indicator FXR_ATR_Pivots EURUSD.pro,M15: removed
0	13:32:27.017	Expert PTL_EA GBPUSD.pro,M15: removed
0	13:32:27.017	Custom indicator PTL_Sessions GBPUSD.pro,M15: removed
0	13:32:27.017	Custom indicator FXR_ATR_Pivots GBPUSD.pro,M15: removed
0	13:32:27.017	Expert PTL_EA GBPJPY.pro,M15: removed
0	13:32:27.017	Custom indicator pipsometer_5_decimal GBPJPY.pro,M15: removed
0	13:32:27.033	Custom indicator PTL_Sessions GBPJPY.pro,M15: removed
0	13:32:27.033	Expert PTL_EA EURJPY.pro,H1: removed
0	13:32:27.048	Custom indicator pipsometer_5_decimal EURJPY.pro,H1: removed
0	13:32:27.048	Custom indicator PTL_Sessions EURJPY.pro,H1: removed
0	13:32:27.064	Expert PTL_EA USDJPY.pro,M15: removed
0	13:32:27.064	Custom indicator pipsometer_5_decimal USDJPY.pro,M15: removed
0	13:32:27.064	Custom indicator PTL_Sessions USDJPY.pro,M15: removed
0	13:32:27.080	Expert PTL_EA AUDUSD.pro,M15: removed
0	13:32:27.080	Custom indicator pipsometer_5_decimal AUDUSD.pro,M15: removed
0	13:32:27.095	Custom indicator PTL_Sessions AUDUSD.pro,M15: removed
0	13:32:27.095	Expert PTL_EA USDCAD.pro,M15: removed
0	13:32:27.095	Custom indicator PTL_Sessions USDCAD.pro,M15: removed
0	13:32:27.095	Custom indicator FXR_ATR_Pivots USDCAD.pro,M15: removed
0	19:10:12.622	Custom indicator pipsometer_5_decimal XAUUSD.pro,M15: loaded successfully
0	19:10:12.636	Custom indicator PTL_Sessions XAUUSD.pro,M15: loaded successfully
0	19:10:12.652	Expert PTL_EA XAUUSD.pro,M15: loaded successfully
0	19:10:12.653	PTL_EA XAUUSD.pro,M15 inputs: InpLanguage=1; TelegramToken=927322228:AAFxIy4Tw_rfZr6LEoyO5tocsMNBxwNXIHI; TelegramNotification=true; Pair_suffix=; InpUpdateMode=1; InpTemplates=ptl_screenshot;ptl_screenshot_zoom; 
0	19:10:12.698	pipsometer_5_decimal XAUUSD.pro,M15: initialized
0	19:10:12.731	PTL_Sessions XAUUSD.pro,M15: initialized
0	19:10:12.779	Custom indicator PTL_Sessions EURUSD.pro,M15: loaded successfully
0	19:10:12.794	Custom indicator FXR_ATR_Pivots EURUSD.pro,M15: loaded successfully
0	19:10:12.810	Expert PTL_EA EURUSD.pro,M15: loaded successfully
0	19:10:12.810	PTL_EA EURUSD.pro,M15 inputs: InpLanguage=1; TelegramToken=927322228:AAFxIy4Tw_rfZr6LEoyO5tocsMNBxwNXIHI; TelegramNotification=true; Pair_suffix=; InpUpdateMode=1; InpTemplates=ptl_screenshot;ptl_screenshot_zoom; 
0	19:10:12.852	PTL_Sessions EURUSD.pro,M15: initialized
0	19:10:12.874	FXR_ATR_Pivots EURUSD.pro,M15: initialized
0	19:10:12.914	Custom indicator PTL_Sessions GBPUSD.pro,M15: loaded successfully
0	19:10:12.927	Custom indicator FXR_ATR_Pivots GBPUSD.pro,M15: loaded successfully
0	19:10:12.941	Expert PTL_EA GBPUSD.pro,M15: loaded successfully
0	19:10:12.941	PTL_EA GBPUSD.pro,M15 inputs: InpLanguage=1; TelegramToken=927322228:AAFxIy4Tw_rfZr6LEoyO5tocsMNBxwNXIHI; TelegramNotification=true; Pair_suffix=; InpUpdateMode=1; InpTemplates=ptl_screenshot;ptl_screenshot_zoom; 
0	19:10:13.267	PTL_Sessions GBPUSD.pro,M15: initialized
0	19:10:13.290	FXR_ATR_Pivots GBPUSD.pro,M15: initialized
0	19:10:13.330	Custom indicator pipsometer_5_decimal GBPJPY.pro,M15: loaded successfully
0	19:10:13.343	Custom indicator PTL_Sessions GBPJPY.pro,M15: loaded successfully
0	19:10:13.356	Expert PTL_EA GBPJPY.pro,M15: loaded successfully
0	19:10:13.356	PTL_EA GBPJPY.pro,M15 inputs: InpLanguage=1; TelegramToken=927322228:AAFxIy4Tw_rfZr6LEoyO5tocsMNBxwNXIHI; TelegramNotification=true; Pair_suffix=; InpUpdateMode=1; InpTemplates=ptl_screenshot;ptl_screenshot_zoom; 
0	19:10:13.391	pipsometer_5_decimal GBPJPY.pro,M15: initialized
0	19:10:13.418	PTL_Sessions GBPJPY.pro,M15: initialized
0	19:10:13.456	Custom indicator pipsometer_5_decimal EURJPY.pro,H1: loaded successfully
0	19:10:13.469	Custom indicator PTL_Sessions EURJPY.pro,H1: loaded successfully
0	19:10:13.482	Expert PTL_EA EURJPY.pro,H1: loaded successfully
0	19:10:13.482	PTL_EA EURJPY.pro,H1 inputs: InpLanguage=1; TelegramToken=927322228:AAFxIy4Tw_rfZr6LEoyO5tocsMNBxwNXIHI; TelegramNotification=true; Pair_suffix=; InpUpdateMode=1; InpTemplates=ptl_screenshot;ptl_screenshot_zoom; 
0	19:10:13.516	pipsometer_5_decimal EURJPY.pro,H1: initialized
0	19:10:13.543	PTL_Sessions EURJPY.pro,H1: initialized
0	19:10:13.584	Custom indicator pipsometer_5_decimal USDJPY.pro,M15: loaded successfully
0	19:10:13.597	Custom indicator PTL_Sessions USDJPY.pro,M15: loaded successfully
0	19:10:13.610	Expert PTL_EA USDJPY.pro,M15: loaded successfully
0	19:10:13.610	PTL_EA USDJPY.pro,M15 inputs: InpLanguage=1; TelegramToken=927322228:AAFxIy4Tw_rfZr6LEoyO5tocsMNBxwNXIHI; TelegramNotification=true; Pair_suffix=; InpUpdateMode=1; InpTemplates=ptl_screenshot;ptl_screenshot_zoom; 
0	19:10:13.644	pipsometer_5_decimal USDJPY.pro,M15: initialized
0	19:10:13.671	PTL_Sessions USDJPY.pro,M15: initialized
0	19:10:13.715	Custom indicator pipsometer_5_decimal AUDUSD.pro,M15: loaded successfully
0	19:10:13.728	Custom indicator PTL_Sessions AUDUSD.pro,M15: loaded successfully
0	19:10:13.741	Expert PTL_EA AUDUSD.pro,M15: loaded successfully
0	19:10:13.741	PTL_EA AUDUSD.pro,M15 inputs: InpLanguage=1; TelegramToken=927322228:AAFxIy4Tw_rfZr6LEoyO5tocsMNBxwNXIHI; TelegramNotification=true; Pair_suffix=; InpUpdateMode=1; InpTemplates=ptl_screenshot;ptl_screenshot_zoom; 
0	19:10:13.775	pipsometer_5_decimal AUDUSD.pro,M15: initialized
0	19:10:13.802	PTL_Sessions AUDUSD.pro,M15: initialized
0	19:10:13.846	Custom indicator PTL_Sessions USDCAD.pro,M15: loaded successfully
0	19:10:13.859	Custom indicator FXR_ATR_Pivots USDCAD.pro,M15: loaded successfully
0	19:10:13.872	Expert PTL_EA USDCAD.pro,M15: loaded successfully
0	19:10:13.873	PTL_EA USDCAD.pro,M15 inputs: InpLanguage=1; TelegramToken=927322228:AAFxIy4Tw_rfZr6LEoyO5tocsMNBxwNXIHI; TelegramNotification=true; Pair_suffix=; InpUpdateMode=1; InpTemplates=ptl_screenshot;ptl_screenshot_zoom; 
0	19:10:13.911	PTL_Sessions USDCAD.pro,M15: initialized
0	19:10:13.932	FXR_ATR_Pivots USDCAD.pro,M15: initialized
0	19:10:18.975	PTL_EA USDCAD.pro,M15: initialized
0	19:10:19.015	PTL_EA XAUUSD.pro,M15: initialized
0	19:10:19.021	PTL_EA USDJPY.pro,M15: initialized
0	19:10:19.021	PTL_EA GBPUSD.pro,M15: initialized
0	19:10:19.021	PTL_EA AUDUSD.pro,M15: initialized
0	19:10:19.057	PTL_EA EURUSD.pro,M15: initialized
0	19:10:19.057	PTL_EA GBPJPY.pro,M15: initialized
0	19:10:19.138	PTL_EA EURJPY.pro,H1: initialized
0	21:27:27.646	PTL_EA EURJPY.pro,H1: uninit reason 3
0	21:27:27.648	pipsometer_5_decimal EURJPY.pro,H1: uninit reason 3
0	21:27:27.648	PTL_Sessions EURJPY.pro,H1: uninit reason 3
0	21:27:27.648	pipsometer_5_decimal EURJPY.pro,M15: initialized
0	21:27:27.648	PTL_Sessions EURJPY.pro,M15: initialized
0	21:27:27.671	PTL_EA EURJPY.pro,M15: initialized
0	21:47:26.051	PTL_EA GBPUSD.pro,M15: uninit reason 3
0	21:47:26.053	PTL_Sessions GBPUSD.pro,M15: uninit reason 3
0	21:47:26.053	FXR_ATR_Pivots GBPUSD.pro,M15: uninit reason 3
0	21:47:26.053	PTL_Sessions GBPUSD.pro,M30: initialized
0	21:47:26.053	FXR_ATR_Pivots GBPUSD.pro,M30: initialized
0	21:47:26.075	PTL_EA GBPUSD.pro,M30: initialized
0	21:55:10.109	PTL_EA GBPUSD.pro,M30: uninit reason 3
0	21:55:10.111	PTL_Sessions GBPUSD.pro,M30: uninit reason 3
0	21:55:10.111	FXR_ATR_Pivots GBPUSD.pro,M30: uninit reason 3
0	21:55:10.111	PTL_Sessions GBPUSD.pro,M15: initialized
0	21:55:10.111	FXR_ATR_Pivots GBPUSD.pro,M15: initialized
0	21:55:10.130	PTL_EA GBPUSD.pro,M15: initialized
0	21:57:19.899	PTL_EA XAUUSD.pro,M15: uninit reason 9
0	21:57:19.927	pipsometer_5_decimal XAUUSD.pro,M15: uninit reason 9
0	21:57:19.927	PTL_Sessions XAUUSD.pro,M15: uninit reason 9
0	21:57:19.927	PTL_EA EURUSD.pro,M15: uninit reason 9
0	21:57:19.932	PTL_Sessions EURUSD.pro,M15: uninit reason 9
0	21:57:19.932	FXR_ATR_Pivots EURUSD.pro,M15: uninit reason 9
0	21:57:19.932	PTL_EA GBPUSD.pro,M15: uninit reason 9
0	21:57:19.938	PTL_Sessions GBPUSD.pro,M15: uninit reason 9
0	21:57:19.938	FXR_ATR_Pivots GBPUSD.pro,M15: uninit reason 9
0	21:57:19.938	PTL_EA GBPJPY.pro,M15: uninit reason 9
0	21:57:19.946	pipsometer_5_decimal GBPJPY.pro,M15: uninit reason 9
0	21:57:19.946	PTL_Sessions GBPJPY.pro,M15: uninit reason 9
0	21:57:19.946	PTL_EA EURJPY.pro,M15: uninit reason 9
0	21:57:19.952	pipsometer_5_decimal EURJPY.pro,M15: uninit reason 9
0	21:57:19.952	PTL_Sessions EURJPY.pro,M15: uninit reason 9
0	21:57:19.952	PTL_EA USDJPY.pro,M15: uninit reason 9
0	21:57:19.960	pipsometer_5_decimal USDJPY.pro,M15: uninit reason 9
0	21:57:19.960	PTL_Sessions USDJPY.pro,M15: uninit reason 9
0	21:57:19.960	PTL_EA AUDUSD.pro,M15: uninit reason 9
0	21:57:19.969	pipsometer_5_decimal AUDUSD.pro,M15: uninit reason 9
0	21:57:19.969	PTL_Sessions AUDUSD.pro,M15: uninit reason 9
0	21:57:19.969	PTL_EA USDCAD.pro,M15: uninit reason 9
0	21:57:19.977	PTL_Sessions USDCAD.pro,M15: uninit reason 9
0	21:57:19.977	FXR_ATR_Pivots USDCAD.pro,M15: uninit reason 9
0	21:57:20.126	Expert PTL_EA XAUUSD.pro,M15: removed
0	21:57:20.131	Custom indicator pipsometer_5_decimal XAUUSD.pro,M15: removed
0	21:57:20.134	Custom indicator PTL_Sessions XAUUSD.pro,M15: removed
0	21:57:20.139	Expert PTL_EA EURUSD.pro,M15: removed
0	21:57:20.144	Custom indicator PTL_Sessions EURUSD.pro,M15: removed
0	21:57:20.147	Custom indicator FXR_ATR_Pivots EURUSD.pro,M15: removed
0	21:57:20.164	Expert PTL_EA GBPUSD.pro,M15: removed
0	21:57:20.168	Custom indicator PTL_Sessions GBPUSD.pro,M15: removed
0	21:57:20.171	Custom indicator FXR_ATR_Pivots GBPUSD.pro,M15: removed
0	21:57:20.177	Expert PTL_EA GBPJPY.pro,M15: removed
0	21:57:20.181	Custom indicator pipsometer_5_decimal GBPJPY.pro,M15: removed
0	21:57:20.184	Custom indicator PTL_Sessions GBPJPY.pro,M15: removed
0	21:57:20.201	Expert PTL_EA EURJPY.pro,M15: removed
0	21:57:20.205	Custom indicator pipsometer_5_decimal EURJPY.pro,M15: removed
0	21:57:20.208	Custom indicator PTL_Sessions EURJPY.pro,M15: removed
0	21:57:20.224	Expert PTL_EA USDJPY.pro,M15: removed
0	21:57:20.227	Custom indicator pipsometer_5_decimal USDJPY.pro,M15: removed
0	21:57:20.230	Custom indicator PTL_Sessions USDJPY.pro,M15: removed
0	21:57:20.245	Expert PTL_EA AUDUSD.pro,M15: removed
0	21:57:20.249	Custom indicator pipsometer_5_decimal AUDUSD.pro,M15: removed
0	21:57:20.252	Custom indicator PTL_Sessions AUDUSD.pro,M15: removed
0	21:57:20.262	Expert PTL_EA USDCAD.pro,M15: removed
0	21:57:20.266	Custom indicator PTL_Sessions USDCAD.pro,M15: removed
0	21:57:20.268	Custom indicator FXR_ATR_Pivots USDCAD.pro,M15: removed
