0	20:30:08.968	Custom indicator pipsometer_5_decimal XAUUSD.pro,M15: loaded successfully
0	20:30:08.982	Custom indicator PTL_Sessions XAUUSD.pro,M15: loaded successfully
0	20:30:08.996	Expert PTL_EA XAUUSD.pro,M15: loaded successfully
0	20:30:08.996	PTL_EA XAUUSD.pro,M15 inputs: InpLanguage=1; TelegramToken=927322228:AAFxIy4Tw_rfZr6LEoyO5tocsMNBxwNXIHI; TelegramNotification=true; Pair_suffix=; InpUpdateMode=1; InpTemplates=ptl_screenshot;ptl_screenshot_zoom; 
0	20:30:09.038	pipsometer_5_decimal XAUUSD.pro,M15: initialized
0	20:30:09.065	PTL_Sessions XAUUSD.pro,M15: initialized
0	20:30:09.110	Custom indicator PTL_Sessions EURUSD.pro,M15: loaded successfully
0	20:30:09.124	Custom indicator FXR_ATR_Pivots EURUSD.pro,M15: loaded successfully
0	20:30:09.139	Expert PTL_EA EURUSD.pro,M15: loaded successfully
0	20:30:09.139	PTL_EA EURUSD.pro,M15 inputs: InpLanguage=1; TelegramToken=927322228:AAFxIy4Tw_rfZr6LEoyO5tocsMNBxwNXIHI; TelegramNotification=true; Pair_suffix=; InpUpdateMode=1; InpTemplates=ptl_screenshot;ptl_screenshot_zoom; 
0	20:30:09.181	PTL_Sessions EURUSD.pro,M15: initialized
0	20:30:09.203	FXR_ATR_Pivots EURUSD.pro,M15: initialized
0	20:30:09.256	Custom indicator PTL_Sessions GBPUSD.pro,M30: loaded successfully
0	20:30:09.270	Custom indicator FXR_ATR_Pivots GBPUSD.pro,M30: loaded successfully
0	20:30:09.285	Expert PTL_EA GBPUSD.pro,M30: loaded successfully
0	20:30:09.285	PTL_EA GBPUSD.pro,M30 inputs: InpLanguage=1; TelegramToken=927322228:AAFxIy4Tw_rfZr6LEoyO5tocsMNBxwNXIHI; TelegramNotification=true; Pair_suffix=; InpUpdateMode=1; InpTemplates=ptl_screenshot;ptl_screenshot_zoom; 
0	20:30:09.325	PTL_Sessions GBPUSD.pro,M30: initialized
0	20:30:09.347	FXR_ATR_Pivots GBPUSD.pro,M30: initialized
0	20:30:09.405	Custom indicator pipsometer_5_decimal GBPJPY.pro,M30: loaded successfully
0	20:30:09.418	Custom indicator PTL_Sessions GBPJPY.pro,M30: loaded successfully
0	20:30:09.433	Expert PTL_EA GBPJPY.pro,M30: loaded successfully
0	20:30:09.433	PTL_EA GBPJPY.pro,M30 inputs: InpLanguage=1; TelegramToken=927322228:AAFxIy4Tw_rfZr6LEoyO5tocsMNBxwNXIHI; TelegramNotification=true; Pair_suffix=; InpUpdateMode=1; InpTemplates=ptl_screenshot;ptl_screenshot_zoom; 
0	20:30:09.469	pipsometer_5_decimal GBPJPY.pro,M30: initialized
0	20:30:09.498	PTL_Sessions GBPJPY.pro,M30: initialized
0	20:30:09.556	Custom indicator pipsometer_5_decimal EURJPY.pro,M15: loaded successfully
0	20:30:09.570	Custom indicator PTL_Sessions EURJPY.pro,M15: loaded successfully
0	20:30:09.583	Expert PTL_EA EURJPY.pro,M15: loaded successfully
0	20:30:09.583	PTL_EA EURJPY.pro,M15 inputs: InpLanguage=1; TelegramToken=927322228:AAFxIy4Tw_rfZr6LEoyO5tocsMNBxwNXIHI; TelegramNotification=true; Pair_suffix=; InpUpdateMode=1; InpTemplates=ptl_screenshot;ptl_screenshot_zoom; 
0	20:30:09.618	pipsometer_5_decimal EURJPY.pro,M15: initialized
0	20:30:09.650	PTL_Sessions EURJPY.pro,M15: initialized
0	20:30:09.710	Custom indicator pipsometer_5_decimal USDJPY.pro,M15: loaded successfully
0	20:30:09.723	Custom indicator PTL_Sessions USDJPY.pro,M15: loaded successfully
0	20:30:09.737	Expert PTL_EA USDJPY.pro,M15: loaded successfully
0	20:30:09.737	PTL_EA USDJPY.pro,M15 inputs: InpLanguage=1; TelegramToken=927322228:AAFxIy4Tw_rfZr6LEoyO5tocsMNBxwNXIHI; TelegramNotification=true; Pair_suffix=; InpUpdateMode=1; InpTemplates=ptl_screenshot;ptl_screenshot_zoom; 
0	20:30:09.772	pipsometer_5_decimal USDJPY.pro,M15: initialized
0	20:30:09.801	PTL_Sessions USDJPY.pro,M15: initialized
0	20:30:09.859	Custom indicator pipsometer_5_decimal AUDUSD.pro,M15: loaded successfully
0	20:30:09.872	Custom indicator PTL_Sessions AUDUSD.pro,M15: loaded successfully
0	20:30:09.887	Expert PTL_EA AUDUSD.pro,M15: loaded successfully
0	20:30:09.887	PTL_EA AUDUSD.pro,M15 inputs: InpLanguage=1; TelegramToken=927322228:AAFxIy4Tw_rfZr6LEoyO5tocsMNBxwNXIHI; TelegramNotification=true; Pair_suffix=; InpUpdateMode=1; InpTemplates=ptl_screenshot;ptl_screenshot_zoom; 
0	20:30:09.922	pipsometer_5_decimal AUDUSD.pro,M15: initialized
0	20:30:09.950	PTL_Sessions AUDUSD.pro,M15: initialized
0	20:30:10.012	Custom indicator PTL_Sessions USDCAD.pro,M15: loaded successfully
0	20:30:10.026	Custom indicator FXR_ATR_Pivots USDCAD.pro,M15: loaded successfully
0	20:30:10.042	Expert PTL_EA USDCAD.pro,M15: loaded successfully
0	20:30:10.042	PTL_EA USDCAD.pro,M15 inputs: InpLanguage=1; TelegramToken=927322228:AAFxIy4Tw_rfZr6LEoyO5tocsMNBxwNXIHI; TelegramNotification=true; Pair_suffix=; InpUpdateMode=1; InpTemplates=ptl_screenshot;ptl_screenshot_zoom; 
0	20:30:10.085	PTL_Sessions USDCAD.pro,M15: initialized
0	20:30:10.108	FXR_ATR_Pivots USDCAD.pro,M15: initialized
0	20:30:16.658	PTL_EA USDCAD.pro,M15: initialized
0	20:30:16.660	PTL_EA XAUUSD.pro,M15: initialized
0	20:30:16.667	PTL_EA GBPUSD.pro,M30: initialized
0	20:30:16.667	PTL_EA EURUSD.pro,M15: initialized
0	20:30:16.669	PTL_EA AUDUSD.pro,M15: initialized
0	20:30:16.681	PTL_EA GBPJPY.pro,M30: initialized
0	20:30:16.684	PTL_EA EURJPY.pro,M15: initialized
0	20:30:16.685	PTL_EA USDJPY.pro,M15: initialized
0	21:06:32.542	PTL_EA XAUUSD.pro,M15: uninit reason 9
0	21:06:32.556	pipsometer_5_decimal XAUUSD.pro,M15: uninit reason 9
0	21:06:32.556	PTL_Sessions XAUUSD.pro,M15: uninit reason 9
0	21:06:32.556	PTL_EA EURUSD.pro,M15: uninit reason 9
0	21:06:32.569	PTL_Sessions EURUSD.pro,M15: uninit reason 9
0	21:06:32.569	FXR_ATR_Pivots EURUSD.pro,M15: uninit reason 9
0	21:06:32.569	PTL_EA GBPUSD.pro,M30: uninit reason 9
0	21:06:32.579	PTL_Sessions GBPUSD.pro,M30: uninit reason 9
0	21:06:32.579	FXR_ATR_Pivots GBPUSD.pro,M30: uninit reason 9
0	21:06:32.579	PTL_EA GBPJPY.pro,M30: uninit reason 9
0	21:06:32.583	pipsometer_5_decimal GBPJPY.pro,M30: uninit reason 9
0	21:06:32.583	PTL_Sessions GBPJPY.pro,M30: uninit reason 9
0	21:06:32.583	PTL_EA EURJPY.pro,M15: uninit reason 9
0	21:06:32.589	pipsometer_5_decimal EURJPY.pro,M15: uninit reason 9
0	21:06:32.589	PTL_Sessions EURJPY.pro,M15: uninit reason 9
0	21:06:32.589	PTL_EA USDJPY.pro,M15: uninit reason 9
0	21:06:32.595	pipsometer_5_decimal USDJPY.pro,M15: uninit reason 9
0	21:06:32.595	PTL_Sessions USDJPY.pro,M15: uninit reason 9
0	21:06:32.595	PTL_EA AUDUSD.pro,M15: uninit reason 9
0	21:06:32.601	pipsometer_5_decimal AUDUSD.pro,M15: uninit reason 9
0	21:06:32.601	PTL_Sessions AUDUSD.pro,M15: uninit reason 9
0	21:06:32.601	PTL_EA USDCAD.pro,M15: uninit reason 9
0	21:06:32.606	PTL_Sessions USDCAD.pro,M15: uninit reason 9
0	21:06:32.606	FXR_ATR_Pivots USDCAD.pro,M15: uninit reason 9
0	21:06:32.764	Expert PTL_EA XAUUSD.pro,M15: removed
0	21:06:32.768	Custom indicator pipsometer_5_decimal XAUUSD.pro,M15: removed
0	21:06:32.771	Custom indicator PTL_Sessions XAUUSD.pro,M15: removed
0	21:06:32.776	Expert PTL_EA EURUSD.pro,M15: removed
0	21:06:32.781	Custom indicator PTL_Sessions EURUSD.pro,M15: removed
0	21:06:32.784	Custom indicator FXR_ATR_Pivots EURUSD.pro,M15: removed
0	21:06:32.788	Expert PTL_EA GBPUSD.pro,M30: removed
0	21:06:32.791	Custom indicator PTL_Sessions GBPUSD.pro,M30: removed
0	21:06:32.793	Custom indicator FXR_ATR_Pivots GBPUSD.pro,M30: removed
0	21:06:32.798	Expert PTL_EA GBPJPY.pro,M30: removed
0	21:06:32.802	Custom indicator pipsometer_5_decimal GBPJPY.pro,M30: removed
0	21:06:32.804	Custom indicator PTL_Sessions GBPJPY.pro,M30: removed
0	21:06:32.810	Expert PTL_EA EURJPY.pro,M15: removed
0	21:06:32.814	Custom indicator pipsometer_5_decimal EURJPY.pro,M15: removed
0	21:06:32.816	Custom indicator PTL_Sessions EURJPY.pro,M15: removed
0	21:06:32.821	Expert PTL_EA USDJPY.pro,M15: removed
0	21:06:32.825	Custom indicator pipsometer_5_decimal USDJPY.pro,M15: removed
0	21:06:32.827	Custom indicator PTL_Sessions USDJPY.pro,M15: removed
0	21:06:32.832	Expert PTL_EA AUDUSD.pro,M15: removed
0	21:06:32.836	Custom indicator pipsometer_5_decimal AUDUSD.pro,M15: removed
0	21:06:32.838	Custom indicator PTL_Sessions AUDUSD.pro,M15: removed
0	21:06:32.846	Expert PTL_EA USDCAD.pro,M15: removed
0	21:06:32.850	Custom indicator PTL_Sessions USDCAD.pro,M15: removed
0	21:06:32.853	Custom indicator FXR_ATR_Pivots USDCAD.pro,M15: removed
