0	06:37:08.440	Custom indicator pipsometer_5_decimal XAUUSD.pro,M15: loaded successfully
0	06:37:08.455	Custom indicator PTL_Sessions XAUUSD.pro,M15: loaded successfully
0	06:37:08.471	Expert PTL_EA XAUUSD.pro,M15: loaded successfully
0	06:37:08.471	PTL_EA XAUUSD.pro,M15 inputs: InpLanguage=1; TelegramToken=927322228:AAFxIy4Tw_rfZr6LEoyO5tocsMNBxwNXIHI; TelegramNotification=true; Pair_suffix=; InpUpdateMode=1; InpTemplates=ptl_screenshot;ptl_screenshot_zoom; 
0	06:37:08.533	pipsometer_5_decimal XAUUSD.pro,M15: initialized
0	06:37:08.549	PTL_Sessions XAUUSD.pro,M15: initialized
0	06:37:08.596	Custom indicator pipsometer_5_decimal EURUSD.pro,M15: loaded successfully
0	06:37:08.612	Custom indicator PTL_Sessions EURUSD.pro,M15: loaded successfully
0	06:37:08.628	Expert PTL_EA EURUSD.pro,M15: loaded successfully
0	06:37:08.628	PTL_EA EURUSD.pro,M15 inputs: InpLanguage=1; TelegramToken=927322228:AAFxIy4Tw_rfZr6LEoyO5tocsMNBxwNXIHI; TelegramNotification=true; Pair_suffix=; InpUpdateMode=1; InpTemplates=ptl_screenshot;ptl_screenshot_zoom; 
0	06:37:08.659	pipsometer_5_decimal EURUSD.pro,M15: initialized
0	06:37:08.690	PTL_Sessions EURUSD.pro,M15: initialized
0	06:37:08.737	Custom indicator pipsometer_5_decimal GBPUSD.pro,M15: loaded successfully
0	06:37:08.753	Custom indicator PTL_Sessions GBPUSD.pro,M15: loaded successfully
0	06:37:08.753	Expert PTL_EA GBPUSD.pro,M15: loaded successfully
0	06:37:08.753	PTL_EA GBPUSD.pro,M15 inputs: InpLanguage=1; TelegramToken=927322228:AAFxIy4Tw_rfZr6LEoyO5tocsMNBxwNXIHI; TelegramNotification=true; Pair_suffix=; InpUpdateMode=1; InpTemplates=ptl_screenshot;ptl_screenshot_zoom; 
0	06:37:09.065	pipsometer_5_decimal GBPUSD.pro,M15: initialized
0	06:37:09.096	PTL_Sessions GBPUSD.pro,M15: initialized
0	06:37:09.143	Custom indicator pipsometer_5_decimal GBPJPY.pro,M15: loaded successfully
0	06:37:09.159	Custom indicator PTL_Sessions GBPJPY.pro,M15: loaded successfully
0	06:37:09.174	Expert PTL_EA GBPJPY.pro,M15: loaded successfully
0	06:37:09.174	PTL_EA GBPJPY.pro,M15 inputs: InpLanguage=1; TelegramToken=927322228:AAFxIy4Tw_rfZr6LEoyO5tocsMNBxwNXIHI; TelegramNotification=true; Pair_suffix=; InpUpdateMode=1; InpTemplates=ptl_screenshot;ptl_screenshot_zoom; 
0	06:37:09.206	pipsometer_5_decimal GBPJPY.pro,M15: initialized
0	06:37:09.237	PTL_Sessions GBPJPY.pro,M15: initialized
0	06:37:09.299	Custom indicator pipsometer_5_decimal EURJPY.pro,M15: loaded successfully
0	06:37:09.299	Custom indicator PTL_Sessions EURJPY.pro,M15: loaded successfully
0	06:37:09.315	Expert PTL_EA EURJPY.pro,M15: loaded successfully
0	06:37:09.315	PTL_EA EURJPY.pro,M15 inputs: InpLanguage=1; TelegramToken=927322228:AAFxIy4Tw_rfZr6LEoyO5tocsMNBxwNXIHI; TelegramNotification=true; Pair_suffix=; InpUpdateMode=1; InpTemplates=ptl_screenshot;ptl_screenshot_zoom; 
0	06:37:09.362	pipsometer_5_decimal EURJPY.pro,M15: initialized
0	06:37:09.393	PTL_Sessions EURJPY.pro,M15: initialized
0	06:37:09.440	Custom indicator pipsometer_5_decimal USDJPY.pro,M15: loaded successfully
0	06:37:09.456	Custom indicator PTL_Sessions USDJPY.pro,M15: loaded successfully
0	06:37:09.471	Expert PTL_EA USDJPY.pro,M15: loaded successfully
0	06:37:09.471	PTL_EA USDJPY.pro,M15 inputs: InpLanguage=1; TelegramToken=927322228:AAFxIy4Tw_rfZr6LEoyO5tocsMNBxwNXIHI; TelegramNotification=true; Pair_suffix=; InpUpdateMode=1; InpTemplates=ptl_screenshot;ptl_screenshot_zoom; 
0	06:37:09.503	pipsometer_5_decimal USDJPY.pro,M15: initialized
0	06:37:09.534	PTL_Sessions USDJPY.pro,M15: initialized
0	06:37:09.596	Custom indicator pipsometer_5_decimal AUDUSD.pro,H1: loaded successfully
0	06:37:09.596	Custom indicator PTL_Sessions AUDUSD.pro,H1: loaded successfully
0	06:37:09.612	Expert PTL_EA AUDUSD.pro,H1: loaded successfully
0	06:37:09.612	PTL_EA AUDUSD.pro,H1 inputs: InpLanguage=1; TelegramToken=927322228:AAFxIy4Tw_rfZr6LEoyO5tocsMNBxwNXIHI; TelegramNotification=true; Pair_suffix=; InpUpdateMode=1; InpTemplates=ptl_screenshot;ptl_screenshot_zoom; 
0	06:37:09.643	pipsometer_5_decimal AUDUSD.pro,H1: initialized
0	06:37:09.674	PTL_Sessions AUDUSD.pro,H1: initialized
0	06:37:09.737	Custom indicator pipsometer_5_decimal USDCAD.pro,M15: loaded successfully
0	06:37:09.753	Custom indicator PTL_Sessions USDCAD.pro,M15: loaded successfully
0	06:37:09.768	Expert PTL_EA USDCAD.pro,M15: loaded successfully
0	06:37:09.768	PTL_EA USDCAD.pro,M15 inputs: InpLanguage=1; TelegramToken=927322228:AAFxIy4Tw_rfZr6LEoyO5tocsMNBxwNXIHI; TelegramNotification=true; Pair_suffix=; InpUpdateMode=1; InpTemplates=ptl_screenshot;ptl_screenshot_zoom; 
0	06:37:09.799	pipsometer_5_decimal USDCAD.pro,M15: initialized
0	06:37:09.831	PTL_Sessions USDCAD.pro,M15: initialized
0	06:37:09.893	Custom indicator pipsometer_5_decimal GBPAUD.pro,M30: loaded successfully
0	06:37:09.893	Custom indicator PTL_Sessions GBPAUD.pro,M30: loaded successfully
0	06:37:09.909	Expert PTL_EA GBPAUD.pro,M30: loaded successfully
0	06:37:09.909	PTL_EA GBPAUD.pro,M30 inputs: InpLanguage=1; TelegramToken=927322228:AAFxIy4Tw_rfZr6LEoyO5tocsMNBxwNXIHI; TelegramNotification=true; Pair_suffix=; InpUpdateMode=1; InpTemplates=ptl_screenshot;ptl_screenshot_zoom; 
0	06:37:09.956	pipsometer_5_decimal GBPAUD.pro,M30: initialized
0	06:37:09.971	PTL_Sessions GBPAUD.pro,M30: initialized
0	06:37:15.102	PTL_EA XAUUSD.pro,M15: initialized
0	06:37:15.132	PTL_EA GBPAUD.pro,M30: initialized
0	06:37:15.132	PTL_EA AUDUSD.pro,H1: initialized
0	06:37:15.132	PTL_EA GBPUSD.pro,M15: initialized
0	06:37:15.132	PTL_EA USDJPY.pro,M15: initialized
0	06:37:15.132	PTL_EA EURUSD.pro,M15: initialized
0	06:37:15.162	PTL_EA GBPJPY.pro,M15: initialized
0	06:37:15.162	PTL_EA USDCAD.pro,M15: initialized
0	06:37:15.172	PTL_EA EURJPY.pro,M15: initialized
0	11:17:59.540	PTL_EA GBPUSD.pro,M15: uninit reason 3
0	11:17:59.542	pipsometer_5_decimal GBPUSD.pro,M15: uninit reason 3
0	11:17:59.542	PTL_Sessions GBPUSD.pro,M15: uninit reason 3
0	11:17:59.542	pipsometer_5_decimal GBPUSD.pro,M30: initialized
0	11:17:59.542	PTL_Sessions GBPUSD.pro,M30: initialized
0	11:17:59.561	PTL_EA GBPUSD.pro,M30: initialized
0	11:18:00.893	PTL_EA GBPUSD.pro,M30: uninit reason 3
0	11:18:00.895	pipsometer_5_decimal GBPUSD.pro,M30: uninit reason 3
0	11:18:00.895	PTL_Sessions GBPUSD.pro,M30: uninit reason 3
0	11:18:00.895	pipsometer_5_decimal GBPUSD.pro,M15: initialized
0	11:18:00.895	PTL_Sessions GBPUSD.pro,M15: initialized
0	11:18:00.912	PTL_EA GBPUSD.pro,M15: initialized
0	13:36:17.420	PTL_EA GBPJPY.pro,M15: uninit reason 3
0	13:36:17.422	pipsometer_5_decimal GBPJPY.pro,M15: uninit reason 3
0	13:36:17.422	PTL_Sessions GBPJPY.pro,M15: uninit reason 3
0	13:36:17.422	pipsometer_5_decimal GBPJPY.pro,M30: initialized
0	13:36:17.422	PTL_Sessions GBPJPY.pro,M30: initialized
0	13:36:17.441	PTL_EA GBPJPY.pro,M30: initialized
0	13:36:58.453	PTL_EA GBPUSD.pro,M15: uninit reason 3
0	13:36:58.455	pipsometer_5_decimal GBPUSD.pro,M15: uninit reason 3
0	13:36:58.455	PTL_Sessions GBPUSD.pro,M15: uninit reason 3
0	13:36:58.455	pipsometer_5_decimal GBPUSD.pro,M30: initialized
0	13:36:58.455	PTL_Sessions GBPUSD.pro,M30: initialized
0	13:36:58.472	PTL_EA GBPUSD.pro,M30: initialized
0	13:38:38.128	PTL_EA GBPUSD.pro,M30: uninit reason 3
0	13:38:38.130	pipsometer_5_decimal GBPUSD.pro,M30: uninit reason 3
0	13:38:38.130	PTL_Sessions GBPUSD.pro,M30: uninit reason 3
0	13:38:38.130	pipsometer_5_decimal GBPUSD.pro,M15: initialized
0	13:38:38.130	PTL_Sessions GBPUSD.pro,M15: initialized
0	13:38:38.148	PTL_EA GBPUSD.pro,M15: initialized
0	13:39:50.228	PTL_EA GBPUSD.pro,M15: uninit reason 3
0	13:39:50.230	pipsometer_5_decimal GBPUSD.pro,M15: uninit reason 3
0	13:39:50.230	PTL_Sessions GBPUSD.pro,M15: uninit reason 3
0	13:39:50.230	pipsometer_5_decimal GBPUSD.pro,H1: initialized
0	13:39:50.230	PTL_Sessions GBPUSD.pro,H1: initialized
0	13:39:50.249	PTL_EA GBPUSD.pro,H1: initialized
0	13:39:53.374	PTL_EA GBPUSD.pro,H1: uninit reason 3
0	13:39:53.376	pipsometer_5_decimal GBPUSD.pro,H1: uninit reason 3
0	13:39:53.376	PTL_Sessions GBPUSD.pro,H1: uninit reason 3
0	13:39:53.376	pipsometer_5_decimal GBPUSD.pro,M15: initialized
0	13:39:53.376	PTL_Sessions GBPUSD.pro,M15: initialized
0	13:39:53.391	PTL_EA GBPUSD.pro,M15: initialized
0	14:05:05.277	PTL_EA GBPUSD.pro,M15: uninit reason 3
0	14:05:05.279	pipsometer_5_decimal GBPUSD.pro,M15: uninit reason 3
0	14:05:05.279	PTL_Sessions GBPUSD.pro,M15: uninit reason 3
0	14:05:05.279	pipsometer_5_decimal GBPUSD.pro,M30: initialized
0	14:05:05.279	PTL_Sessions GBPUSD.pro,M30: initialized
0	14:05:05.296	PTL_EA GBPUSD.pro,M30: initialized
0	14:05:05.902	PTL_EA GBPUSD.pro,M30: uninit reason 3
0	14:05:05.904	pipsometer_5_decimal GBPUSD.pro,M30: uninit reason 3
0	14:05:05.904	PTL_Sessions GBPUSD.pro,M30: uninit reason 3
0	14:05:05.904	pipsometer_5_decimal GBPUSD.pro,M15: initialized
0	14:05:05.905	PTL_Sessions GBPUSD.pro,M15: initialized
0	14:05:05.924	PTL_EA GBPUSD.pro,M15: initialized
0	14:23:07.320	PTL_EA GBPUSD.pro,M15: uninit reason 3
0	14:23:07.322	pipsometer_5_decimal GBPUSD.pro,M15: uninit reason 3
0	14:23:07.322	PTL_Sessions GBPUSD.pro,M15: uninit reason 3
0	14:23:07.322	pipsometer_5_decimal GBPUSD.pro,M30: initialized
0	14:23:07.322	PTL_Sessions GBPUSD.pro,M30: initialized
0	14:23:07.339	PTL_EA GBPUSD.pro,M30: initialized
0	14:23:14.035	PTL_EA GBPUSD.pro,M30: uninit reason 3
0	14:23:14.037	pipsometer_5_decimal GBPUSD.pro,M30: uninit reason 3
0	14:23:14.037	PTL_Sessions GBPUSD.pro,M30: uninit reason 3
0	14:23:14.037	pipsometer_5_decimal GBPUSD.pro,M15: initialized
0	14:23:14.037	PTL_Sessions GBPUSD.pro,M15: initialized
0	14:23:14.054	PTL_EA GBPUSD.pro,M15: initialized
0	16:15:57.397	PTL_EA XAUUSD.pro,M15: uninit reason 9
0	16:15:57.402	pipsometer_5_decimal XAUUSD.pro,M15: uninit reason 9
0	16:15:57.402	PTL_Sessions XAUUSD.pro,M15: uninit reason 9
0	16:15:57.402	PTL_EA EURUSD.pro,M15: uninit reason 9
0	16:15:57.428	pipsometer_5_decimal EURUSD.pro,M15: uninit reason 9
0	16:15:57.428	PTL_Sessions EURUSD.pro,M15: uninit reason 9
0	16:15:57.428	PTL_EA GBPUSD.pro,M15: uninit reason 9
0	16:15:57.447	pipsometer_5_decimal GBPUSD.pro,M15: uninit reason 9
0	16:15:57.447	PTL_Sessions GBPUSD.pro,M15: uninit reason 9
0	16:15:57.447	PTL_EA GBPJPY.pro,M30: uninit reason 9
0	16:15:57.458	pipsometer_5_decimal GBPJPY.pro,M30: uninit reason 9
0	16:15:57.458	PTL_Sessions GBPJPY.pro,M30: uninit reason 9
0	16:15:57.458	PTL_EA EURJPY.pro,M15: uninit reason 9
0	16:15:57.468	pipsometer_5_decimal EURJPY.pro,M15: uninit reason 9
0	16:15:57.468	PTL_Sessions EURJPY.pro,M15: uninit reason 9
0	16:15:57.469	PTL_EA USDJPY.pro,M15: uninit reason 9
0	16:15:57.482	pipsometer_5_decimal USDJPY.pro,M15: uninit reason 9
0	16:15:57.482	PTL_Sessions USDJPY.pro,M15: uninit reason 9
0	16:15:57.482	PTL_EA AUDUSD.pro,H1: uninit reason 9
0	16:15:57.497	pipsometer_5_decimal AUDUSD.pro,H1: uninit reason 9
0	16:15:57.497	PTL_Sessions AUDUSD.pro,H1: uninit reason 9
0	16:15:57.497	PTL_EA USDCAD.pro,M15: uninit reason 9
0	16:15:57.511	pipsometer_5_decimal USDCAD.pro,M15: uninit reason 9
0	16:15:57.511	PTL_Sessions USDCAD.pro,M15: uninit reason 9
0	16:15:57.511	PTL_EA GBPAUD.pro,M30: uninit reason 9
0	16:15:57.524	pipsometer_5_decimal GBPAUD.pro,M30: uninit reason 9
0	16:15:57.524	PTL_Sessions GBPAUD.pro,M30: uninit reason 9
0	16:15:57.705	Expert PTL_EA XAUUSD.pro,M15: removed
0	16:15:57.709	Custom indicator pipsometer_5_decimal XAUUSD.pro,M15: removed
0	16:15:57.715	Custom indicator PTL_Sessions XAUUSD.pro,M15: removed
0	16:15:57.720	Expert PTL_EA EURUSD.pro,M15: removed
0	16:15:57.724	Custom indicator pipsometer_5_decimal EURUSD.pro,M15: removed
0	16:15:57.727	Custom indicator PTL_Sessions EURUSD.pro,M15: removed
0	16:15:57.734	Expert PTL_EA GBPUSD.pro,M15: removed
0	16:15:57.738	Custom indicator pipsometer_5_decimal GBPUSD.pro,M15: removed
0	16:15:57.741	Custom indicator PTL_Sessions GBPUSD.pro,M15: removed
0	16:15:57.748	Expert PTL_EA GBPJPY.pro,M30: removed
0	16:15:57.753	Custom indicator pipsometer_5_decimal GBPJPY.pro,M30: removed
0	16:15:57.755	Custom indicator PTL_Sessions GBPJPY.pro,M30: removed
0	16:15:57.772	Expert PTL_EA EURJPY.pro,M15: removed
0	16:15:57.779	Custom indicator pipsometer_5_decimal EURJPY.pro,M15: removed
0	16:15:57.782	Custom indicator PTL_Sessions EURJPY.pro,M15: removed
0	16:15:57.787	Expert PTL_EA USDJPY.pro,M15: removed
0	16:15:57.791	Custom indicator pipsometer_5_decimal USDJPY.pro,M15: removed
0	16:15:57.796	Custom indicator PTL_Sessions USDJPY.pro,M15: removed
0	16:15:57.816	Expert PTL_EA AUDUSD.pro,H1: removed
0	16:15:57.820	Custom indicator pipsometer_5_decimal AUDUSD.pro,H1: removed
0	16:15:57.822	Custom indicator PTL_Sessions AUDUSD.pro,H1: removed
0	16:15:57.839	Expert PTL_EA USDCAD.pro,M15: removed
0	16:15:57.843	Custom indicator pipsometer_5_decimal USDCAD.pro,M15: removed
0	16:15:57.848	Custom indicator PTL_Sessions USDCAD.pro,M15: removed
0	16:15:57.856	Expert PTL_EA GBPAUD.pro,M30: removed
0	16:15:57.861	Custom indicator pipsometer_5_decimal GBPAUD.pro,M30: removed
0	16:15:57.864	Custom indicator PTL_Sessions GBPAUD.pro,M30: removed
0	19:20:39.692	Custom indicator pipsometer_5_decimal XAUUSD.pro,M15: loaded successfully
0	19:20:39.705	Custom indicator PTL_Sessions XAUUSD.pro,M15: loaded successfully
0	19:20:39.720	Expert PTL_EA XAUUSD.pro,M15: loaded successfully
0	19:20:39.720	PTL_EA XAUUSD.pro,M15 inputs: InpLanguage=1; TelegramToken=927322228:AAFxIy4Tw_rfZr6LEoyO5tocsMNBxwNXIHI; TelegramNotification=true; Pair_suffix=; InpUpdateMode=1; InpTemplates=ptl_screenshot;ptl_screenshot_zoom; 
0	19:20:39.756	pipsometer_5_decimal XAUUSD.pro,M15: initialized
0	19:20:39.787	PTL_Sessions XAUUSD.pro,M15: initialized
0	19:20:39.824	Custom indicator pipsometer_5_decimal EURUSD.pro,M15: loaded successfully
0	19:20:39.838	Custom indicator PTL_Sessions EURUSD.pro,M15: loaded successfully
0	19:20:39.852	Expert PTL_EA EURUSD.pro,M15: loaded successfully
0	19:20:39.852	PTL_EA EURUSD.pro,M15 inputs: InpLanguage=1; TelegramToken=927322228:AAFxIy4Tw_rfZr6LEoyO5tocsMNBxwNXIHI; TelegramNotification=true; Pair_suffix=; InpUpdateMode=1; InpTemplates=ptl_screenshot;ptl_screenshot_zoom; 
0	19:20:39.884	pipsometer_5_decimal EURUSD.pro,M15: initialized
0	19:20:39.913	PTL_Sessions EURUSD.pro,M15: initialized
0	19:20:39.956	Custom indicator pipsometer_5_decimal GBPUSD.pro,M15: loaded successfully
0	19:20:39.970	Custom indicator PTL_Sessions GBPUSD.pro,M15: loaded successfully
0	19:20:39.984	Expert PTL_EA GBPUSD.pro,M15: loaded successfully
0	19:20:39.984	PTL_EA GBPUSD.pro,M15 inputs: InpLanguage=1; TelegramToken=927322228:AAFxIy4Tw_rfZr6LEoyO5tocsMNBxwNXIHI; TelegramNotification=true; Pair_suffix=; InpUpdateMode=1; InpTemplates=ptl_screenshot;ptl_screenshot_zoom; 
0	19:20:40.289	pipsometer_5_decimal GBPUSD.pro,M15: initialized
0	19:20:40.319	PTL_Sessions GBPUSD.pro,M15: initialized
0	19:20:40.360	Custom indicator pipsometer_5_decimal GBPJPY.pro,M30: loaded successfully
0	19:20:40.374	Custom indicator PTL_Sessions GBPJPY.pro,M30: loaded successfully
0	19:20:40.388	Expert PTL_EA GBPJPY.pro,M30: loaded successfully
0	19:20:40.388	PTL_EA GBPJPY.pro,M30 inputs: InpLanguage=1; TelegramToken=927322228:AAFxIy4Tw_rfZr6LEoyO5tocsMNBxwNXIHI; TelegramNotification=true; Pair_suffix=; InpUpdateMode=1; InpTemplates=ptl_screenshot;ptl_screenshot_zoom; 
0	19:20:40.419	pipsometer_5_decimal GBPJPY.pro,M30: initialized
0	19:20:40.446	PTL_Sessions GBPJPY.pro,M30: initialized
0	19:20:40.489	Custom indicator pipsometer_5_decimal EURJPY.pro,M15: loaded successfully
0	19:20:40.503	Custom indicator PTL_Sessions EURJPY.pro,M15: loaded successfully
0	19:20:40.518	Expert PTL_EA EURJPY.pro,M15: loaded successfully
0	19:20:40.518	PTL_EA EURJPY.pro,M15 inputs: InpLanguage=1; TelegramToken=927322228:AAFxIy4Tw_rfZr6LEoyO5tocsMNBxwNXIHI; TelegramNotification=true; Pair_suffix=; InpUpdateMode=1; InpTemplates=ptl_screenshot;ptl_screenshot_zoom; 
0	19:20:40.550	pipsometer_5_decimal EURJPY.pro,M15: initialized
0	19:20:40.577	PTL_Sessions EURJPY.pro,M15: initialized
0	19:20:40.627	Custom indicator pipsometer_5_decimal USDJPY.pro,M15: loaded successfully
0	19:20:40.640	Custom indicator PTL_Sessions USDJPY.pro,M15: loaded successfully
0	19:20:40.655	Expert PTL_EA USDJPY.pro,M15: loaded successfully
0	19:20:40.655	PTL_EA USDJPY.pro,M15 inputs: InpLanguage=1; TelegramToken=927322228:AAFxIy4Tw_rfZr6LEoyO5tocsMNBxwNXIHI; TelegramNotification=true; Pair_suffix=; InpUpdateMode=1; InpTemplates=ptl_screenshot;ptl_screenshot_zoom; 
0	19:20:40.689	pipsometer_5_decimal USDJPY.pro,M15: initialized
0	19:20:40.719	PTL_Sessions USDJPY.pro,M15: initialized
0	19:20:40.772	Custom indicator pipsometer_5_decimal AUDUSD.pro,H1: loaded successfully
0	19:20:40.785	Custom indicator PTL_Sessions AUDUSD.pro,H1: loaded successfully
0	19:20:40.799	Expert PTL_EA AUDUSD.pro,H1: loaded successfully
0	19:20:40.799	PTL_EA AUDUSD.pro,H1 inputs: InpLanguage=1; TelegramToken=927322228:AAFxIy4Tw_rfZr6LEoyO5tocsMNBxwNXIHI; TelegramNotification=true; Pair_suffix=; InpUpdateMode=1; InpTemplates=ptl_screenshot;ptl_screenshot_zoom; 
0	19:20:40.830	pipsometer_5_decimal AUDUSD.pro,H1: initialized
0	19:20:40.857	PTL_Sessions AUDUSD.pro,H1: initialized
0	19:20:40.912	Custom indicator pipsometer_5_decimal USDCAD.pro,M15: loaded successfully
0	19:20:40.926	Custom indicator PTL_Sessions USDCAD.pro,M15: loaded successfully
0	19:20:40.940	Expert PTL_EA USDCAD.pro,M15: loaded successfully
0	19:20:40.940	PTL_EA USDCAD.pro,M15 inputs: InpLanguage=1; TelegramToken=927322228:AAFxIy4Tw_rfZr6LEoyO5tocsMNBxwNXIHI; TelegramNotification=true; Pair_suffix=; InpUpdateMode=1; InpTemplates=ptl_screenshot;ptl_screenshot_zoom; 
0	19:20:40.971	pipsometer_5_decimal USDCAD.pro,M15: initialized
0	19:20:40.999	PTL_Sessions USDCAD.pro,M15: initialized
0	19:20:41.055	Custom indicator pipsometer_5_decimal GBPAUD.pro,M30: loaded successfully
0	19:20:41.079	Custom indicator PTL_Sessions GBPAUD.pro,M30: loaded successfully
0	19:20:41.092	Expert PTL_EA GBPAUD.pro,M30: loaded successfully
0	19:20:41.092	PTL_EA GBPAUD.pro,M30 inputs: InpLanguage=1; TelegramToken=927322228:AAFxIy4Tw_rfZr6LEoyO5tocsMNBxwNXIHI; TelegramNotification=true; Pair_suffix=; InpUpdateMode=1; InpTemplates=ptl_screenshot;ptl_screenshot_zoom; 
0	19:20:41.127	pipsometer_5_decimal GBPAUD.pro,M30: initialized
0	19:20:41.155	PTL_Sessions GBPAUD.pro,M30: initialized
0	19:20:52.679	PTL_EA USDCAD.pro,M15: initialized
0	19:20:52.680	PTL_EA XAUUSD.pro,M15: initialized
0	19:20:52.706	PTL_EA AUDUSD.pro,H1: initialized
0	19:20:52.733	PTL_EA GBPUSD.pro,M15: initialized
0	19:20:52.756	PTL_EA GBPJPY.pro,M30: initialized
0	19:20:52.779	PTL_EA EURJPY.pro,M15: initialized
0	19:20:52.803	PTL_EA EURUSD.pro,M15: initialized
0	19:20:52.824	PTL_EA GBPAUD.pro,M30: initialized
0	19:20:52.850	PTL_EA USDJPY.pro,M15: initialized
0	19:21:17.398	PTL_EA USDCAD.pro,M15: uninit reason 3
0	19:21:17.400	pipsometer_5_decimal USDCAD.pro,M15: uninit reason 3
0	19:21:17.400	PTL_Sessions USDCAD.pro,M15: uninit reason 3
0	19:21:17.400	pipsometer_5_decimal USDCAD.pro,M30: initialized
0	19:21:17.400	PTL_Sessions USDCAD.pro,M30: initialized
0	19:21:17.416	PTL_EA USDCAD.pro,M30: initialized
0	19:21:18.673	PTL_EA USDCAD.pro,M30: uninit reason 3
0	19:21:18.675	pipsometer_5_decimal USDCAD.pro,M30: uninit reason 3
0	19:21:18.675	PTL_Sessions USDCAD.pro,M30: uninit reason 3
0	19:21:18.675	pipsometer_5_decimal USDCAD.pro,M15: initialized
0	19:21:18.675	PTL_Sessions USDCAD.pro,M15: initialized
0	19:21:18.692	PTL_EA USDCAD.pro,M15: initialized
0	20:49:17.034	pipsometer_5_decimal GBPUSD.pro,M15: uninit reason 7
0	20:49:17.034	PTL_Sessions GBPUSD.pro,M15: uninit reason 7
0	20:49:17.035	PTL_EA GBPUSD.pro,M15: uninit reason 7
0	20:49:17.047	Expert PTL_EA GBPUSD.pro,M15: removed
0	20:49:17.050	Custom indicator pipsometer_5_decimal GBPUSD.pro,M15: removed
0	20:49:17.052	Custom indicator PTL_Sessions GBPUSD.pro,M15: removed
0	20:49:17.080	Custom indicator pipsometer_5_decimal GBPUSD.pro,M15: loaded successfully
0	20:49:17.094	Custom indicator PTL_Sessions GBPUSD.pro,M15: loaded successfully
0	20:49:17.109	Expert PTL_EA GBPUSD.pro,M15: loaded successfully
0	20:49:17.109	PTL_EA GBPUSD.pro,M15 inputs: InpLanguage=1; TelegramToken=927322228:AAFxIy4Tw_rfZr6LEoyO5tocsMNBxwNXIHI; TelegramNotification=true; Pair_suffix=; InpUpdateMode=1; InpTemplates=ptl_screenshot;ptl_screenshot_zoom; 
0	20:49:17.134	pipsometer_5_decimal GBPUSD.pro,M15: initialized
0	20:49:17.161	PTL_Sessions GBPUSD.pro,M15: initialized
0	20:49:17.262	PTL_EA GBPUSD.pro,M15: initialized
0	20:49:19.463	pipsometer_5_decimal GBPUSD.pro,M15: uninit reason 7
0	20:49:19.463	PTL_Sessions GBPUSD.pro,M15: uninit reason 7
0	20:49:19.463	PTL_EA GBPUSD.pro,M15: uninit reason 7
0	20:49:19.475	Expert PTL_EA GBPUSD.pro,M15: removed
0	20:49:19.478	Custom indicator pipsometer_5_decimal GBPUSD.pro,M15: removed
0	20:49:19.481	Custom indicator PTL_Sessions GBPUSD.pro,M15: removed
0	20:49:19.675	Custom indicator PTL_Sessions GBPUSD.pro,M15: loaded successfully
0	20:49:19.688	Custom indicator FXR_ATR_Pivots GBPUSD.pro,M15: loaded successfully
0	20:49:19.704	Expert PTL_EA GBPUSD.pro,M15: loaded successfully
0	20:49:19.704	PTL_EA GBPUSD.pro,M15 inputs: InpLanguage=1; TelegramToken=927322228:AAFxIy4Tw_rfZr6LEoyO5tocsMNBxwNXIHI; TelegramNotification=true; Pair_suffix=; InpUpdateMode=1; InpTemplates=ptl_screenshot;ptl_screenshot_zoom; 
0	20:49:19.734	PTL_Sessions GBPUSD.pro,M15: initialized
0	20:49:19.757	FXR_ATR_Pivots GBPUSD.pro,M15: initialized
0	20:49:19.862	PTL_EA GBPUSD.pro,M15: initialized
0	21:06:01.538	PTL_EA GBPUSD.pro,M15: uninit reason 3
0	21:06:01.540	PTL_Sessions GBPUSD.pro,M15: uninit reason 3
0	21:06:01.540	FXR_ATR_Pivots GBPUSD.pro,M15: uninit reason 3
0	21:06:01.540	PTL_Sessions GBPUSD.pro,M30: initialized
0	21:06:01.540	FXR_ATR_Pivots GBPUSD.pro,M30: initialized
0	21:06:01.559	PTL_EA GBPUSD.pro,M30: initialized
0	21:06:01.974	PTL_EA GBPUSD.pro,M30: uninit reason 3
0	21:06:01.976	PTL_Sessions GBPUSD.pro,M30: uninit reason 3
0	21:06:01.976	FXR_ATR_Pivots GBPUSD.pro,M30: uninit reason 3
0	21:06:01.976	PTL_Sessions GBPUSD.pro,M15: initialized
0	21:06:01.976	FXR_ATR_Pivots GBPUSD.pro,M15: initialized
0	21:06:01.993	PTL_EA GBPUSD.pro,M15: initialized
0	21:10:14.040	pipsometer_5_decimal GBPAUD.pro,M30: uninit reason 4
0	21:10:14.040	PTL_Sessions GBPAUD.pro,M30: uninit reason 4
0	21:10:14.040	PTL_EA GBPAUD.pro,M30: uninit reason 4
0	21:10:14.055	Expert PTL_EA GBPAUD.pro,M30: removed
0	21:10:14.059	Custom indicator pipsometer_5_decimal GBPAUD.pro,M30: removed
0	21:10:14.062	Custom indicator PTL_Sessions GBPAUD.pro,M30: removed
0	21:11:47.887	PTL_EA GBPJPY.pro,M30: uninit reason 3
0	21:11:47.889	pipsometer_5_decimal GBPJPY.pro,M30: uninit reason 3
0	21:11:47.889	PTL_Sessions GBPJPY.pro,M30: uninit reason 3
0	21:11:47.889	pipsometer_5_decimal GBPJPY.pro,H4: initialized
0	21:11:47.889	PTL_Sessions GBPJPY.pro,H4: initialized
0	21:11:47.910	PTL_EA GBPJPY.pro,H4: initialized
0	21:15:11.555	PTL_EA GBPJPY.pro,H4: uninit reason 3
0	21:15:11.557	pipsometer_5_decimal GBPJPY.pro,H4: uninit reason 3
0	21:15:11.557	PTL_Sessions GBPJPY.pro,H4: uninit reason 3
0	21:15:11.557	pipsometer_5_decimal GBPJPY.pro,M15: initialized
0	21:15:11.557	PTL_Sessions GBPJPY.pro,M15: initialized
0	21:15:11.575	PTL_EA GBPJPY.pro,M15: initialized
0	22:00:15.205	PTL_EA XAUUSD.pro,M15: uninit reason 9
0	22:00:15.245	pipsometer_5_decimal XAUUSD.pro,M15: uninit reason 9
0	22:00:15.245	PTL_Sessions XAUUSD.pro,M15: uninit reason 9
0	22:00:15.246	PTL_EA EURUSD.pro,M15: uninit reason 9
0	22:00:15.256	pipsometer_5_decimal EURUSD.pro,M15: uninit reason 9
0	22:00:15.256	PTL_Sessions EURUSD.pro,M15: uninit reason 9
0	22:00:15.257	PTL_EA GBPUSD.pro,M15: uninit reason 9
0	22:00:15.266	PTL_Sessions GBPUSD.pro,M15: uninit reason 9
0	22:00:15.266	FXR_ATR_Pivots GBPUSD.pro,M15: uninit reason 9
0	22:00:15.267	PTL_EA GBPJPY.pro,M15: uninit reason 9
0	22:00:15.278	pipsometer_5_decimal GBPJPY.pro,M15: uninit reason 9
0	22:00:15.278	PTL_Sessions GBPJPY.pro,M15: uninit reason 9
0	22:00:15.278	PTL_EA EURJPY.pro,M15: uninit reason 9
0	22:00:15.286	pipsometer_5_decimal EURJPY.pro,M15: uninit reason 9
0	22:00:15.286	PTL_Sessions EURJPY.pro,M15: uninit reason 9
0	22:00:15.286	PTL_EA USDJPY.pro,M15: uninit reason 9
0	22:00:15.296	pipsometer_5_decimal USDJPY.pro,M15: uninit reason 9
0	22:00:15.296	PTL_Sessions USDJPY.pro,M15: uninit reason 9
0	22:00:15.296	PTL_EA AUDUSD.pro,H1: uninit reason 9
0	22:00:15.305	pipsometer_5_decimal AUDUSD.pro,H1: uninit reason 9
0	22:00:15.305	PTL_Sessions AUDUSD.pro,H1: uninit reason 9
0	22:00:15.305	PTL_EA USDCAD.pro,M15: uninit reason 9
0	22:00:15.312	pipsometer_5_decimal USDCAD.pro,M15: uninit reason 9
0	22:00:15.312	PTL_Sessions USDCAD.pro,M15: uninit reason 9
0	22:00:15.503	Expert PTL_EA XAUUSD.pro,M15: removed
0	22:00:15.508	Custom indicator pipsometer_5_decimal XAUUSD.pro,M15: removed
0	22:00:15.512	Custom indicator PTL_Sessions XAUUSD.pro,M15: removed
0	22:00:15.519	Expert PTL_EA EURUSD.pro,M15: removed
0	22:00:15.525	Custom indicator pipsometer_5_decimal EURUSD.pro,M15: removed
0	22:00:15.529	Custom indicator PTL_Sessions EURUSD.pro,M15: removed
0	22:00:15.552	Expert PTL_EA GBPUSD.pro,M15: removed
0	22:00:15.557	Custom indicator PTL_Sessions GBPUSD.pro,M15: removed
0	22:00:15.560	Custom indicator FXR_ATR_Pivots GBPUSD.pro,M15: removed
0	22:00:15.578	Expert PTL_EA GBPJPY.pro,M15: removed
0	22:00:15.583	Custom indicator pipsometer_5_decimal GBPJPY.pro,M15: removed
0	22:00:15.585	Custom indicator PTL_Sessions GBPJPY.pro,M15: removed
0	22:00:15.590	Expert PTL_EA EURJPY.pro,M15: removed
0	22:00:15.595	Custom indicator pipsometer_5_decimal EURJPY.pro,M15: removed
0	22:00:15.598	Custom indicator PTL_Sessions EURJPY.pro,M15: removed
0	22:00:15.603	Expert PTL_EA USDJPY.pro,M15: removed
0	22:00:15.608	Custom indicator pipsometer_5_decimal USDJPY.pro,M15: removed
0	22:00:15.612	Custom indicator PTL_Sessions USDJPY.pro,M15: removed
0	22:00:15.617	Expert PTL_EA AUDUSD.pro,H1: removed
0	22:00:15.621	Custom indicator pipsometer_5_decimal AUDUSD.pro,H1: removed
0	22:00:15.623	Custom indicator PTL_Sessions AUDUSD.pro,H1: removed
0	22:00:15.634	Expert PTL_EA USDCAD.pro,M15: removed
0	22:00:15.639	Custom indicator pipsometer_5_decimal USDCAD.pro,M15: removed
0	22:00:15.641	Custom indicator PTL_Sessions USDCAD.pro,M15: removed
