0	06:26:05.383	Custom indicator PTL_Sessions XAUUSD.pro,M15: loaded successfully
0	06:26:05.398	Custom indicator pipsometer_5_decimal XAUUSD.pro,M15: loaded successfully
0	06:26:05.414	Expert PTL_EA XAUUSD.pro,M15: loaded successfully
0	06:26:05.414	PTL_EA XAUUSD.pro,M15 inputs: InpLanguage=1; TelegramToken=927322228:AAFxIy4Tw_rfZr6LEoyO5tocsMNBxwNXIHI; TelegramNotification=true; Pair_suffix=; InpUpdateMode=1; InpTemplates=ptl_screenshot;ptl_screenshot_zoom; 
0	06:26:05.461	PTL_Sessions XAUUSD.pro,M15: initialized
0	06:26:05.492	pipsometer_5_decimal XAUUSD.pro,M15: initialized
0	06:26:05.539	Custom indicator PTL_Sessions EURUSD.pro,M15: loaded successfully
0	06:26:05.555	Custom indicator pipsometer_5_decimal EURUSD.pro,M15: loaded successfully
0	06:26:05.570	Expert PTL_EA EURUSD.pro,M15: loaded successfully
0	06:26:05.570	PTL_EA EURUSD.pro,M15 inputs: InpLanguage=1; TelegramToken=927322228:AAFxIy4Tw_rfZr6LEoyO5tocsMNBxwNXIHI; TelegramNotification=true; Pair_suffix=; InpUpdateMode=1; InpTemplates=ptl_screenshot;ptl_screenshot_zoom; 
0	06:26:05.617	PTL_Sessions EURUSD.pro,M15: initialized
0	06:26:05.633	pipsometer_5_decimal EURUSD.pro,M15: initialized
0	06:26:05.695	Custom indicator PTL_Sessions GBPUSD.pro,M15: loaded successfully
0	06:26:05.711	Custom indicator pipsometer_5_decimal GBPUSD.pro,M15: loaded successfully
0	06:26:05.726	Expert PTL_EA GBPUSD.pro,M15: loaded successfully
0	06:26:05.726	PTL_EA GBPUSD.pro,M15 inputs: InpLanguage=1; TelegramToken=927322228:AAFxIy4Tw_rfZr6LEoyO5tocsMNBxwNXIHI; TelegramNotification=true; Pair_suffix=; InpUpdateMode=1; InpTemplates=ptl_screenshot;ptl_screenshot_zoom; 
0	06:26:06.117	PTL_Sessions GBPUSD.pro,M15: initialized
0	06:26:06.133	pipsometer_5_decimal GBPUSD.pro,M15: initialized
0	06:26:06.195	Custom indicator PTL_Sessions GBPJPY.pro,M15: loaded successfully
0	06:26:06.211	Custom indicator pipsometer_5_decimal GBPJPY.pro,M15: loaded successfully
0	06:26:06.226	Expert PTL_EA GBPJPY.pro,M15: loaded successfully
0	06:26:06.226	PTL_EA GBPJPY.pro,M15 inputs: InpLanguage=1; TelegramToken=927322228:AAFxIy4Tw_rfZr6LEoyO5tocsMNBxwNXIHI; TelegramNotification=true; Pair_suffix=; InpUpdateMode=1; InpTemplates=ptl_screenshot;ptl_screenshot_zoom; 
0	06:26:06.273	PTL_Sessions GBPJPY.pro,M15: initialized
0	06:26:06.305	pipsometer_5_decimal GBPJPY.pro,M15: initialized
0	06:26:06.367	Custom indicator PTL_Sessions EURJPY.pro,M15: loaded successfully
0	06:26:06.383	Custom indicator pipsometer_5_decimal EURJPY.pro,M15: loaded successfully
0	06:26:06.398	Expert PTL_EA EURJPY.pro,M15: loaded successfully
0	06:26:06.398	PTL_EA EURJPY.pro,M15 inputs: InpLanguage=1; TelegramToken=927322228:AAFxIy4Tw_rfZr6LEoyO5tocsMNBxwNXIHI; TelegramNotification=true; Pair_suffix=; InpUpdateMode=1; InpTemplates=ptl_screenshot;ptl_screenshot_zoom; 
0	06:26:06.445	PTL_Sessions EURJPY.pro,M15: initialized
0	06:26:06.476	pipsometer_5_decimal EURJPY.pro,M15: initialized
0	06:26:06.539	Custom indicator PTL_Sessions USDJPY.pro,M15: loaded successfully
0	06:26:06.555	Custom indicator pipsometer_5_decimal USDJPY.pro,M15: loaded successfully
0	06:26:06.570	Expert PTL_EA USDJPY.pro,M15: loaded successfully
0	06:26:06.570	PTL_EA USDJPY.pro,M15 inputs: InpLanguage=1; TelegramToken=927322228:AAFxIy4Tw_rfZr6LEoyO5tocsMNBxwNXIHI; TelegramNotification=true; Pair_suffix=; InpUpdateMode=1; InpTemplates=ptl_screenshot;ptl_screenshot_zoom; 
0	06:26:06.617	PTL_Sessions USDJPY.pro,M15: initialized
0	06:26:06.633	pipsometer_5_decimal USDJPY.pro,M15: initialized
0	06:26:06.695	Custom indicator PTL_Sessions AUDUSD.pro,M30: loaded successfully
0	06:26:06.711	Custom indicator pipsometer_5_decimal AUDUSD.pro,M30: loaded successfully
0	06:26:06.726	Expert PTL_EA AUDUSD.pro,M30: loaded successfully
0	06:26:06.726	PTL_EA AUDUSD.pro,M30 inputs: InpLanguage=1; TelegramToken=927322228:AAFxIy4Tw_rfZr6LEoyO5tocsMNBxwNXIHI; TelegramNotification=true; Pair_suffix=; InpUpdateMode=1; InpTemplates=ptl_screenshot;ptl_screenshot_zoom; 
0	06:26:06.773	PTL_Sessions AUDUSD.pro,M30: initialized
0	06:26:06.793	pipsometer_5_decimal AUDUSD.pro,M30: initialized
0	06:26:06.869	Custom indicator PTL_Sessions USDCAD.pro,M30: loaded successfully
0	06:26:06.885	Custom indicator pipsometer_5_decimal USDCAD.pro,M30: loaded successfully
0	06:26:06.901	Expert PTL_EA USDCAD.pro,M30: loaded successfully
0	06:26:06.901	PTL_EA USDCAD.pro,M30 inputs: InpLanguage=1; TelegramToken=927322228:AAFxIy4Tw_rfZr6LEoyO5tocsMNBxwNXIHI; TelegramNotification=true; Pair_suffix=; InpUpdateMode=1; InpTemplates=ptl_screenshot;ptl_screenshot_zoom; 
0	06:26:06.948	PTL_Sessions USDCAD.pro,M30: initialized
0	06:26:06.963	pipsometer_5_decimal USDCAD.pro,M30: initialized
0	06:26:39.629	PTL_EA GBPJPY.pro,M15: initialized
0	06:26:39.664	PTL_EA USDJPY.pro,M15: initialized
0	06:26:39.703	PTL_EA XAUUSD.pro,M15: initialized
0	06:26:39.703	PTL_EA EURJPY.pro,M15: initialized
0	06:26:39.782	PTL_EA USDCAD.pro,M30: initialized
0	06:26:39.782	PTL_EA AUDUSD.pro,M30: initialized
0	06:26:39.782	PTL_EA GBPUSD.pro,M15: initialized
0	06:26:39.782	PTL_EA EURUSD.pro,M15: initialized
0	06:41:14.433	PTL_EA EURJPY.pro,M15: uninit reason 3
0	06:41:14.435	PTL_Sessions EURJPY.pro,M15: uninit reason 3
0	06:41:14.435	pipsometer_5_decimal EURJPY.pro,M15: uninit reason 3
0	06:41:14.435	PTL_Sessions EURJPY.pro,H4: initialized
0	06:41:14.435	pipsometer_5_decimal EURJPY.pro,H4: initialized
0	06:41:14.452	PTL_EA EURJPY.pro,H4: initialized
0	06:41:18.985	PTL_EA EURJPY.pro,H4: uninit reason 3
0	06:41:18.987	PTL_Sessions EURJPY.pro,H4: uninit reason 3
0	06:41:18.987	pipsometer_5_decimal EURJPY.pro,H4: uninit reason 3
0	06:41:18.987	PTL_Sessions EURJPY.pro,H1: initialized
0	06:41:18.987	pipsometer_5_decimal EURJPY.pro,H1: initialized
0	06:41:19.005	PTL_EA EURJPY.pro,H1: initialized
0	06:41:26.103	PTL_EA EURJPY.pro,H1: uninit reason 3
0	06:41:26.105	PTL_Sessions EURJPY.pro,H1: uninit reason 3
0	06:41:26.105	pipsometer_5_decimal EURJPY.pro,H1: uninit reason 3
0	06:41:26.105	PTL_Sessions EURJPY.pro,M15: initialized
0	06:41:26.105	pipsometer_5_decimal EURJPY.pro,M15: initialized
0	06:41:26.122	PTL_EA EURJPY.pro,M15: initialized
0	06:41:29.515	PTL_EA GBPUSD.pro,M15: uninit reason 3
0	06:41:29.517	PTL_Sessions GBPUSD.pro,M15: uninit reason 3
0	06:41:29.517	pipsometer_5_decimal GBPUSD.pro,M15: uninit reason 3
0	06:41:29.517	PTL_Sessions GBPUSD.pro,H1: initialized
0	06:41:29.517	pipsometer_5_decimal GBPUSD.pro,H1: initialized
0	06:41:29.534	PTL_EA GBPUSD.pro,H1: initialized
0	06:41:32.019	PTL_EA GBPUSD.pro,H1: uninit reason 3
0	06:41:32.021	PTL_Sessions GBPUSD.pro,H1: uninit reason 3
0	06:41:32.021	pipsometer_5_decimal GBPUSD.pro,H1: uninit reason 3
0	06:41:32.021	PTL_Sessions GBPUSD.pro,M15: initialized
0	06:41:32.021	pipsometer_5_decimal GBPUSD.pro,M15: initialized
0	06:41:32.038	PTL_EA GBPUSD.pro,M15: initialized
0	06:45:26.615	PTL_EA XAUUSD.pro,M15: uninit reason 3
0	06:45:26.617	PTL_Sessions XAUUSD.pro,M15: uninit reason 3
0	06:45:26.617	pipsometer_5_decimal XAUUSD.pro,M15: uninit reason 3
0	06:45:26.617	PTL_Sessions XAUUSD.pro,M30: initialized
0	06:45:26.617	pipsometer_5_decimal XAUUSD.pro,M30: initialized
0	06:45:26.634	PTL_EA XAUUSD.pro,M30: initialized
0	07:22:32.405	PTL_EA AUDUSD.pro,M30: uninit reason 3
0	07:22:32.407	PTL_Sessions AUDUSD.pro,M30: uninit reason 3
0	07:22:32.407	pipsometer_5_decimal AUDUSD.pro,M30: uninit reason 3
0	07:22:32.407	PTL_Sessions AUDUSD.pro,M15: initialized
0	07:22:32.407	pipsometer_5_decimal AUDUSD.pro,M15: initialized
0	07:22:32.424	PTL_EA AUDUSD.pro,M15: initialized
0	07:23:15.918	PTL_EA GBPUSD.pro,M15: uninit reason 3
0	07:23:15.920	PTL_Sessions GBPUSD.pro,M15: uninit reason 3
0	07:23:15.920	pipsometer_5_decimal GBPUSD.pro,M15: uninit reason 3
0	07:23:15.920	PTL_Sessions GBPUSD.pro,M30: initialized
0	07:23:15.920	pipsometer_5_decimal GBPUSD.pro,M30: initialized
0	07:23:15.937	PTL_EA GBPUSD.pro,M30: initialized
0	07:23:16.651	PTL_EA GBPUSD.pro,M30: uninit reason 3
0	07:23:16.653	PTL_Sessions GBPUSD.pro,M30: uninit reason 3
0	07:23:16.653	pipsometer_5_decimal GBPUSD.pro,M30: uninit reason 3
0	07:23:16.653	PTL_Sessions GBPUSD.pro,M15: initialized
0	07:23:16.653	pipsometer_5_decimal GBPUSD.pro,M15: initialized
0	07:23:16.670	PTL_EA GBPUSD.pro,M15: initialized
0	07:25:11.180	PTL_EA AUDUSD.pro,M15: uninit reason 3
0	07:25:11.182	PTL_Sessions AUDUSD.pro,M15: uninit reason 3
0	07:25:11.182	pipsometer_5_decimal AUDUSD.pro,M15: uninit reason 3
0	07:25:11.182	PTL_Sessions AUDUSD.pro,Weekly: initialized
0	07:25:11.182	pipsometer_5_decimal AUDUSD.pro,Weekly: initialized
0	07:25:11.201	PTL_EA AUDUSD.pro,Weekly: initialized
0	07:25:39.886	PTL_EA AUDUSD.pro,Weekly: uninit reason 3
0	07:25:39.888	PTL_Sessions AUDUSD.pro,Weekly: uninit reason 3
0	07:25:39.888	pipsometer_5_decimal AUDUSD.pro,Weekly: uninit reason 3
0	07:25:39.888	PTL_Sessions AUDUSD.pro,Daily: initialized
0	07:25:39.888	pipsometer_5_decimal AUDUSD.pro,Daily: initialized
0	07:25:39.907	PTL_EA AUDUSD.pro,Daily: initialized
0	07:25:51.628	PTL_EA AUDUSD.pro,Daily: uninit reason 3
0	07:25:51.630	PTL_Sessions AUDUSD.pro,Daily: uninit reason 3
0	07:25:51.630	pipsometer_5_decimal AUDUSD.pro,Daily: uninit reason 3
0	07:25:51.630	PTL_Sessions AUDUSD.pro,H1: initialized
0	07:25:51.630	pipsometer_5_decimal AUDUSD.pro,H1: initialized
0	07:25:51.647	PTL_EA AUDUSD.pro,H1: initialized
0	07:25:53.440	PTL_EA AUDUSD.pro,H1: uninit reason 3
0	07:25:53.442	PTL_Sessions AUDUSD.pro,H1: uninit reason 3
0	07:25:53.442	pipsometer_5_decimal AUDUSD.pro,H1: uninit reason 3
0	07:25:53.442	PTL_Sessions AUDUSD.pro,M15: initialized
0	07:25:53.442	pipsometer_5_decimal AUDUSD.pro,M15: initialized
0	07:25:53.460	PTL_EA AUDUSD.pro,M15: initialized
0	07:36:43.323	PTL_EA EURJPY.pro,M15: uninit reason 3
0	07:36:43.325	PTL_Sessions EURJPY.pro,M15: uninit reason 3
0	07:36:43.325	pipsometer_5_decimal EURJPY.pro,M15: uninit reason 3
0	07:36:43.325	PTL_Sessions EURJPY.pro,M30: initialized
0	07:36:43.325	pipsometer_5_decimal EURJPY.pro,M30: initialized
0	07:36:43.342	PTL_EA EURJPY.pro,M30: initialized
0	07:36:43.928	PTL_EA EURJPY.pro,M30: uninit reason 3
0	07:36:43.930	PTL_Sessions EURJPY.pro,M30: uninit reason 3
0	07:36:43.930	pipsometer_5_decimal EURJPY.pro,M30: uninit reason 3
0	07:36:43.930	PTL_Sessions EURJPY.pro,M15: initialized
0	07:36:43.930	pipsometer_5_decimal EURJPY.pro,M15: initialized
0	07:36:43.947	PTL_EA EURJPY.pro,M15: initialized
0	07:42:40.839	PTL_EA GBPJPY.pro,M15: uninit reason 3
0	07:42:40.841	PTL_Sessions GBPJPY.pro,M15: uninit reason 3
0	07:42:40.841	pipsometer_5_decimal GBPJPY.pro,M15: uninit reason 3
0	07:42:40.841	PTL_Sessions GBPJPY.pro,H1: initialized
0	07:42:40.841	pipsometer_5_decimal GBPJPY.pro,H1: initialized
0	07:42:40.859	PTL_EA GBPJPY.pro,H1: initialized
0	07:42:42.448	PTL_EA GBPJPY.pro,H1: uninit reason 3
0	07:42:42.450	PTL_Sessions GBPJPY.pro,H1: uninit reason 3
0	07:42:42.450	pipsometer_5_decimal GBPJPY.pro,H1: uninit reason 3
0	07:42:42.450	PTL_Sessions GBPJPY.pro,M30: initialized
0	07:42:42.450	pipsometer_5_decimal GBPJPY.pro,M30: initialized
0	07:42:42.467	PTL_EA GBPJPY.pro,M30: initialized
0	07:44:25.493	PTL_EA AUDUSD.pro,M15: uninit reason 3
0	07:44:25.495	PTL_Sessions AUDUSD.pro,M15: uninit reason 3
0	07:44:25.495	pipsometer_5_decimal AUDUSD.pro,M15: uninit reason 3
0	07:44:25.495	PTL_Sessions AUDUSD.pro,M30: initialized
0	07:44:25.495	pipsometer_5_decimal AUDUSD.pro,M30: initialized
0	07:44:25.513	PTL_EA AUDUSD.pro,M30: initialized
0	07:44:38.923	PTL_EA AUDUSD.pro,M30: uninit reason 3
0	07:44:38.925	PTL_Sessions AUDUSD.pro,M30: uninit reason 3
0	07:44:38.925	pipsometer_5_decimal AUDUSD.pro,M30: uninit reason 3
0	07:44:38.925	PTL_Sessions AUDUSD.pro,Daily: initialized
0	07:44:38.925	pipsometer_5_decimal AUDUSD.pro,Daily: initialized
0	07:44:38.942	PTL_EA AUDUSD.pro,Daily: initialized
0	07:44:58.713	PTL_EA AUDUSD.pro,Daily: uninit reason 3
0	07:44:58.715	PTL_Sessions AUDUSD.pro,Daily: uninit reason 3
0	07:44:58.715	pipsometer_5_decimal AUDUSD.pro,Daily: uninit reason 3
0	07:44:58.715	PTL_Sessions AUDUSD.pro,M30: initialized
0	07:44:58.715	pipsometer_5_decimal AUDUSD.pro,M30: initialized
0	07:44:58.740	PTL_EA AUDUSD.pro,M30: initialized
0	07:46:25.225	PTL_EA USDJPY.pro,M15: uninit reason 3
0	07:46:25.227	PTL_Sessions USDJPY.pro,M15: uninit reason 3
0	07:46:25.227	pipsometer_5_decimal USDJPY.pro,M15: uninit reason 3
0	07:46:25.227	PTL_Sessions USDJPY.pro,M30: initialized
0	07:46:25.227	pipsometer_5_decimal USDJPY.pro,M30: initialized
0	07:46:25.244	PTL_EA USDJPY.pro,M30: initialized
0	07:57:38.530	PTL_EA USDJPY.pro,M30: uninit reason 3
0	07:57:38.532	PTL_Sessions USDJPY.pro,M30: uninit reason 3
0	07:57:38.532	pipsometer_5_decimal USDJPY.pro,M30: uninit reason 3
0	07:57:38.532	PTL_Sessions USDJPY.pro,M15: initialized
0	07:57:38.533	pipsometer_5_decimal USDJPY.pro,M15: initialized
0	07:57:38.550	PTL_EA USDJPY.pro,M15: initialized
0	08:09:43.094	PTL_EA GBPJPY.pro,M30: uninit reason 3
0	08:09:43.096	PTL_Sessions GBPJPY.pro,M30: uninit reason 3
0	08:09:43.096	pipsometer_5_decimal GBPJPY.pro,M30: uninit reason 3
0	08:09:43.096	PTL_Sessions GBPJPY.pro,M15: initialized
0	08:09:43.096	pipsometer_5_decimal GBPJPY.pro,M15: initialized
0	08:09:43.113	PTL_EA GBPJPY.pro,M15: initialized
0	08:09:55.655	PTL_EA XAUUSD.pro,M30: uninit reason 3
0	08:09:55.657	PTL_Sessions XAUUSD.pro,M30: uninit reason 3
0	08:09:55.657	pipsometer_5_decimal XAUUSD.pro,M30: uninit reason 3
0	08:09:55.657	PTL_Sessions XAUUSD.pro,M15: initialized
0	08:09:55.657	pipsometer_5_decimal XAUUSD.pro,M15: initialized
0	08:09:55.678	PTL_EA XAUUSD.pro,M15: initialized
0	10:26:38.327	PTL_EA GBPJPY.pro,M15: uninit reason 3
0	10:26:38.329	PTL_Sessions GBPJPY.pro,M15: uninit reason 3
0	10:26:38.329	pipsometer_5_decimal GBPJPY.pro,M15: uninit reason 3
0	10:26:38.329	PTL_Sessions GBPJPY.pro,M30: initialized
0	10:26:38.329	pipsometer_5_decimal GBPJPY.pro,M30: initialized
0	10:26:38.346	PTL_EA GBPJPY.pro,M30: initialized
0	10:26:40.322	PTL_EA GBPJPY.pro,M30: uninit reason 3
0	10:26:40.324	PTL_Sessions GBPJPY.pro,M30: uninit reason 3
0	10:26:40.324	pipsometer_5_decimal GBPJPY.pro,M30: uninit reason 3
0	10:26:40.324	PTL_Sessions GBPJPY.pro,H1: initialized
0	10:26:40.324	pipsometer_5_decimal GBPJPY.pro,H1: initialized
0	10:26:40.347	PTL_EA GBPJPY.pro,H1: initialized
0	10:32:34.247	PTL_EA GBPJPY.pro,H1: uninit reason 3
0	10:32:34.249	PTL_Sessions GBPJPY.pro,H1: uninit reason 3
0	10:32:34.249	pipsometer_5_decimal GBPJPY.pro,H1: uninit reason 3
0	10:32:34.249	PTL_Sessions GBPJPY.pro,M15: initialized
0	10:32:34.249	pipsometer_5_decimal GBPJPY.pro,M15: initialized
0	10:32:34.271	PTL_EA GBPJPY.pro,M15: initialized
0	11:02:05.825	PTL_EA USDCAD.pro,M30: uninit reason 3
0	11:02:05.827	PTL_Sessions USDCAD.pro,M30: uninit reason 3
0	11:02:05.827	pipsometer_5_decimal USDCAD.pro,M30: uninit reason 3
0	11:02:05.827	PTL_Sessions USDCAD.pro,H1: initialized
0	11:02:05.827	pipsometer_5_decimal USDCAD.pro,H1: initialized
0	11:02:05.845	PTL_EA USDCAD.pro,H1: initialized
0	11:02:07.105	PTL_EA USDCAD.pro,H1: uninit reason 3
0	11:02:07.107	PTL_Sessions USDCAD.pro,H1: uninit reason 3
0	11:02:07.107	pipsometer_5_decimal USDCAD.pro,H1: uninit reason 3
0	11:02:07.108	PTL_Sessions USDCAD.pro,M5: initialized
0	11:02:07.108	pipsometer_5_decimal USDCAD.pro,M5: initialized
0	11:02:07.125	PTL_EA USDCAD.pro,M5: initialized
0	11:02:07.993	PTL_EA USDCAD.pro,M5: uninit reason 3
0	11:02:07.995	PTL_Sessions USDCAD.pro,M5: uninit reason 3
0	11:02:07.995	pipsometer_5_decimal USDCAD.pro,M5: uninit reason 3
0	11:02:07.995	PTL_Sessions USDCAD.pro,M15: initialized
0	11:02:07.995	pipsometer_5_decimal USDCAD.pro,M15: initialized
0	11:02:08.013	PTL_EA USDCAD.pro,M15: initialized
0	11:03:10.246	PTL_EA USDCAD.pro,M15: uninit reason 3
0	11:03:10.248	PTL_Sessions USDCAD.pro,M15: uninit reason 3
0	11:03:10.248	pipsometer_5_decimal USDCAD.pro,M15: uninit reason 3
0	11:03:10.248	PTL_Sessions USDCAD.pro,M30: initialized
0	11:03:10.248	pipsometer_5_decimal USDCAD.pro,M30: initialized
0	11:03:10.266	PTL_EA USDCAD.pro,M30: initialized
0	11:03:21.820	PTL_EA USDCAD.pro,M30: uninit reason 3
0	11:03:21.822	PTL_Sessions USDCAD.pro,M30: uninit reason 3
0	11:03:21.822	pipsometer_5_decimal USDCAD.pro,M30: uninit reason 3
0	11:03:21.822	PTL_Sessions USDCAD.pro,M15: initialized
0	11:03:21.822	pipsometer_5_decimal USDCAD.pro,M15: initialized
0	11:03:21.843	PTL_EA USDCAD.pro,M15: initialized
0	11:04:32.004	PTL_EA USDCAD.pro,M15: uninit reason 3
0	11:04:32.006	PTL_Sessions USDCAD.pro,M15: uninit reason 3
0	11:04:32.006	pipsometer_5_decimal USDCAD.pro,M15: uninit reason 3
0	11:04:32.006	PTL_Sessions USDCAD.pro,H1: initialized
0	11:04:32.006	pipsometer_5_decimal USDCAD.pro,H1: initialized
0	11:04:32.025	PTL_EA USDCAD.pro,H1: initialized
0	11:08:32.217	PTL_EA USDCAD.pro,H1: uninit reason 3
0	11:08:32.219	PTL_Sessions USDCAD.pro,H1: uninit reason 3
0	11:08:32.219	pipsometer_5_decimal USDCAD.pro,H1: uninit reason 3
0	11:08:32.219	PTL_Sessions USDCAD.pro,M15: initialized
0	11:08:32.219	pipsometer_5_decimal USDCAD.pro,M15: initialized
0	11:08:32.238	PTL_EA USDCAD.pro,M15: initialized
0	11:15:38.854	PTL_EA USDCAD.pro,M15: uninit reason 3
0	11:15:38.856	PTL_Sessions USDCAD.pro,M15: uninit reason 3
0	11:15:38.856	pipsometer_5_decimal USDCAD.pro,M15: uninit reason 3
0	11:15:38.856	PTL_Sessions USDCAD.pro,M30: initialized
0	11:15:38.856	pipsometer_5_decimal USDCAD.pro,M30: initialized
0	11:15:38.877	PTL_EA USDCAD.pro,M30: initialized
0	11:20:12.899	PTL_EA USDCAD.pro,M30: uninit reason 3
0	11:20:12.901	PTL_Sessions USDCAD.pro,M30: uninit reason 3
0	11:20:12.901	pipsometer_5_decimal USDCAD.pro,M30: uninit reason 3
0	11:20:12.901	PTL_Sessions USDCAD.pro,M15: initialized
0	11:20:12.901	pipsometer_5_decimal USDCAD.pro,M15: initialized
0	11:20:12.919	PTL_EA USDCAD.pro,M15: initialized
0	11:32:19.248	PTL_EA USDCAD.pro,M15: uninit reason 3
0	11:32:19.250	PTL_Sessions USDCAD.pro,M15: uninit reason 3
0	11:32:19.250	pipsometer_5_decimal USDCAD.pro,M15: uninit reason 3
0	11:32:19.250	PTL_Sessions USDCAD.pro,H1: initialized
0	11:32:19.250	pipsometer_5_decimal USDCAD.pro,H1: initialized
0	11:32:19.270	PTL_EA USDCAD.pro,H1: initialized
0	11:36:49.879	PTL_EA USDCAD.pro,H1: uninit reason 3
0	11:36:49.881	PTL_Sessions USDCAD.pro,H1: uninit reason 3
0	11:36:49.881	pipsometer_5_decimal USDCAD.pro,H1: uninit reason 3
0	11:36:49.881	PTL_Sessions USDCAD.pro,M15: initialized
0	11:36:49.881	pipsometer_5_decimal USDCAD.pro,M15: initialized
0	11:36:49.900	PTL_EA USDCAD.pro,M15: initialized
0	12:15:25.893	PTL_EA USDCAD.pro,M15: uninit reason 3
0	12:15:25.895	PTL_Sessions USDCAD.pro,M15: uninit reason 3
0	12:15:25.895	pipsometer_5_decimal USDCAD.pro,M15: uninit reason 3
0	12:15:25.895	PTL_Sessions USDCAD.pro,M30: initialized
0	12:15:25.895	pipsometer_5_decimal USDCAD.pro,M30: initialized
0	12:15:25.913	PTL_EA USDCAD.pro,M30: initialized
0	12:15:26.297	PTL_EA USDCAD.pro,M30: uninit reason 3
0	12:15:26.299	PTL_Sessions USDCAD.pro,M30: uninit reason 3
0	12:15:26.299	pipsometer_5_decimal USDCAD.pro,M30: uninit reason 3
0	12:15:26.299	PTL_Sessions USDCAD.pro,M15: initialized
0	12:15:26.299	pipsometer_5_decimal USDCAD.pro,M15: initialized
0	12:15:26.319	PTL_EA USDCAD.pro,M15: initialized
0	12:22:00.388	PTL_EA XAUUSD.pro,M15: uninit reason 3
0	12:22:00.390	PTL_Sessions XAUUSD.pro,M15: uninit reason 3
0	12:22:00.390	pipsometer_5_decimal XAUUSD.pro,M15: uninit reason 3
0	12:22:00.390	PTL_Sessions XAUUSD.pro,M30: initialized
0	12:22:00.391	pipsometer_5_decimal XAUUSD.pro,M30: initialized
0	12:22:00.454	PTL_EA XAUUSD.pro,M30: initialized
0	12:33:02.206	PTL_EA XAUUSD.pro,M30: uninit reason 9
0	12:33:02.239	PTL_Sessions XAUUSD.pro,M30: uninit reason 9
0	12:33:02.239	pipsometer_5_decimal XAUUSD.pro,M30: uninit reason 9
0	12:33:02.239	PTL_EA EURUSD.pro,M15: uninit reason 9
0	12:33:02.247	PTL_Sessions EURUSD.pro,M15: uninit reason 9
0	12:33:02.247	pipsometer_5_decimal EURUSD.pro,M15: uninit reason 9
0	12:33:02.247	PTL_EA GBPUSD.pro,M15: uninit reason 9
0	12:33:02.257	PTL_Sessions GBPUSD.pro,M15: uninit reason 9
0	12:33:02.257	pipsometer_5_decimal GBPUSD.pro,M15: uninit reason 9
0	12:33:02.257	PTL_EA GBPJPY.pro,M15: uninit reason 9
0	12:33:02.264	PTL_Sessions GBPJPY.pro,M15: uninit reason 9
0	12:33:02.264	pipsometer_5_decimal GBPJPY.pro,M15: uninit reason 9
0	12:33:02.264	PTL_EA EURJPY.pro,M15: uninit reason 9
0	12:33:02.271	PTL_Sessions EURJPY.pro,M15: uninit reason 9
0	12:33:02.272	pipsometer_5_decimal EURJPY.pro,M15: uninit reason 9
0	12:33:02.272	PTL_EA USDJPY.pro,M15: uninit reason 9
0	12:33:02.280	PTL_Sessions USDJPY.pro,M15: uninit reason 9
0	12:33:02.280	pipsometer_5_decimal USDJPY.pro,M15: uninit reason 9
0	12:33:02.280	PTL_EA AUDUSD.pro,M30: uninit reason 9
0	12:33:02.289	PTL_Sessions AUDUSD.pro,M30: uninit reason 9
0	12:33:02.289	pipsometer_5_decimal AUDUSD.pro,M30: uninit reason 9
0	12:33:02.289	PTL_EA USDCAD.pro,M15: uninit reason 9
0	12:33:02.297	PTL_Sessions USDCAD.pro,M15: uninit reason 9
0	12:33:02.297	pipsometer_5_decimal USDCAD.pro,M15: uninit reason 9
0	12:33:02.466	Expert PTL_EA XAUUSD.pro,M30: removed
0	12:33:02.471	Custom indicator PTL_Sessions XAUUSD.pro,M30: removed
0	12:33:02.473	Custom indicator pipsometer_5_decimal XAUUSD.pro,M30: removed
0	12:33:02.478	Expert PTL_EA EURUSD.pro,M15: removed
0	12:33:02.483	Custom indicator PTL_Sessions EURUSD.pro,M15: removed
0	12:33:02.486	Custom indicator pipsometer_5_decimal EURUSD.pro,M15: removed
0	12:33:02.492	Expert PTL_EA GBPUSD.pro,M15: removed
0	12:33:02.496	Custom indicator PTL_Sessions GBPUSD.pro,M15: removed
0	12:33:02.500	Custom indicator pipsometer_5_decimal GBPUSD.pro,M15: removed
0	12:33:02.506	Expert PTL_EA GBPJPY.pro,M15: removed
0	12:33:02.510	Custom indicator PTL_Sessions GBPJPY.pro,M15: removed
0	12:33:02.513	Custom indicator pipsometer_5_decimal GBPJPY.pro,M15: removed
0	12:33:02.528	Expert PTL_EA EURJPY.pro,M15: removed
0	12:33:02.532	Custom indicator PTL_Sessions EURJPY.pro,M15: removed
0	12:33:02.536	Custom indicator pipsometer_5_decimal EURJPY.pro,M15: removed
0	12:33:02.541	Expert PTL_EA USDJPY.pro,M15: removed
0	12:33:02.545	Custom indicator PTL_Sessions USDJPY.pro,M15: removed
0	12:33:02.548	Custom indicator pipsometer_5_decimal USDJPY.pro,M15: removed
0	12:33:02.554	Expert PTL_EA AUDUSD.pro,M30: removed
0	12:33:02.559	Custom indicator PTL_Sessions AUDUSD.pro,M30: removed
0	12:33:02.562	Custom indicator pipsometer_5_decimal AUDUSD.pro,M30: removed
0	12:33:02.572	Expert PTL_EA USDCAD.pro,M15: removed
0	12:33:02.576	Custom indicator PTL_Sessions USDCAD.pro,M15: removed
0	12:33:02.579	Custom indicator pipsometer_5_decimal USDCAD.pro,M15: removed
0	18:33:45.928	Custom indicator PTL_Sessions XAUUSD.pro,M30: loaded successfully
0	18:33:45.949	Custom indicator pipsometer_5_decimal XAUUSD.pro,M30: loaded successfully
0	18:33:45.975	Expert PTL_EA XAUUSD.pro,M30: loaded successfully
0	18:33:45.976	PTL_EA XAUUSD.pro,M30 inputs: InpLanguage=1; TelegramToken=927322228:AAFxIy4Tw_rfZr6LEoyO5tocsMNBxwNXIHI; TelegramNotification=true; Pair_suffix=; InpUpdateMode=1; InpTemplates=ptl_screenshot;ptl_screenshot_zoom; 
0	18:33:46.045	PTL_Sessions XAUUSD.pro,M30: initialized
0	18:33:46.082	pipsometer_5_decimal XAUUSD.pro,M30: initialized
0	18:33:46.147	Custom indicator PTL_Sessions EURUSD.pro,M15: loaded successfully
0	18:33:46.166	Custom indicator pipsometer_5_decimal EURUSD.pro,M15: loaded successfully
0	18:33:46.190	Expert PTL_EA EURUSD.pro,M15: loaded successfully
0	18:33:46.190	PTL_EA EURUSD.pro,M15 inputs: InpLanguage=1; TelegramToken=927322228:AAFxIy4Tw_rfZr6LEoyO5tocsMNBxwNXIHI; TelegramNotification=true; Pair_suffix=; InpUpdateMode=1; InpTemplates=ptl_screenshot;ptl_screenshot_zoom; 
0	18:33:46.252	PTL_Sessions EURUSD.pro,M15: initialized
0	18:33:46.285	pipsometer_5_decimal EURUSD.pro,M15: initialized
0	18:33:46.353	Custom indicator PTL_Sessions GBPUSD.pro,M15: loaded successfully
0	18:33:46.375	Custom indicator pipsometer_5_decimal GBPUSD.pro,M15: loaded successfully
0	18:33:46.400	Expert PTL_EA GBPUSD.pro,M15: loaded successfully
0	18:33:46.400	PTL_EA GBPUSD.pro,M15 inputs: InpLanguage=1; TelegramToken=927322228:AAFxIy4Tw_rfZr6LEoyO5tocsMNBxwNXIHI; TelegramNotification=true; Pair_suffix=; InpUpdateMode=1; InpTemplates=ptl_screenshot;ptl_screenshot_zoom; 
0	18:33:47.052	PTL_Sessions GBPUSD.pro,M15: initialized
0	18:33:47.087	pipsometer_5_decimal GBPUSD.pro,M15: initialized
0	18:33:47.152	Custom indicator PTL_Sessions GBPJPY.pro,M15: loaded successfully
0	18:33:47.170	Custom indicator pipsometer_5_decimal GBPJPY.pro,M15: loaded successfully
0	18:33:47.189	Expert PTL_EA GBPJPY.pro,M15: loaded successfully
0	18:33:47.189	PTL_EA GBPJPY.pro,M15 inputs: InpLanguage=1; TelegramToken=927322228:AAFxIy4Tw_rfZr6LEoyO5tocsMNBxwNXIHI; TelegramNotification=true; Pair_suffix=; InpUpdateMode=1; InpTemplates=ptl_screenshot;ptl_screenshot_zoom; 
0	18:33:47.248	PTL_Sessions GBPJPY.pro,M15: initialized
0	18:33:47.274	pipsometer_5_decimal GBPJPY.pro,M15: initialized
0	18:33:47.322	Custom indicator PTL_Sessions EURJPY.pro,M15: loaded successfully
0	18:33:47.336	Custom indicator pipsometer_5_decimal EURJPY.pro,M15: loaded successfully
0	18:33:47.353	Expert PTL_EA EURJPY.pro,M15: loaded successfully
0	18:33:47.353	PTL_EA EURJPY.pro,M15 inputs: InpLanguage=1; TelegramToken=927322228:AAFxIy4Tw_rfZr6LEoyO5tocsMNBxwNXIHI; TelegramNotification=true; Pair_suffix=; InpUpdateMode=1; InpTemplates=ptl_screenshot;ptl_screenshot_zoom; 
0	18:33:47.396	PTL_Sessions EURJPY.pro,M15: initialized
0	18:33:47.431	pipsometer_5_decimal EURJPY.pro,M15: initialized
0	18:33:47.500	Custom indicator PTL_Sessions USDJPY.pro,M15: loaded successfully
0	18:33:47.519	Custom indicator pipsometer_5_decimal USDJPY.pro,M15: loaded successfully
0	18:33:47.541	Expert PTL_EA USDJPY.pro,M15: loaded successfully
0	18:33:47.541	PTL_EA USDJPY.pro,M15 inputs: InpLanguage=1; TelegramToken=927322228:AAFxIy4Tw_rfZr6LEoyO5tocsMNBxwNXIHI; TelegramNotification=true; Pair_suffix=; InpUpdateMode=1; InpTemplates=ptl_screenshot;ptl_screenshot_zoom; 
0	18:33:47.599	PTL_Sessions USDJPY.pro,M15: initialized
0	18:33:47.625	pipsometer_5_decimal USDJPY.pro,M15: initialized
0	18:33:47.685	Custom indicator PTL_Sessions AUDUSD.pro,M30: loaded successfully
0	18:33:47.698	Custom indicator pipsometer_5_decimal AUDUSD.pro,M30: loaded successfully
0	18:33:47.714	Expert PTL_EA AUDUSD.pro,M30: loaded successfully
0	18:33:47.714	PTL_EA AUDUSD.pro,M30 inputs: InpLanguage=1; TelegramToken=927322228:AAFxIy4Tw_rfZr6LEoyO5tocsMNBxwNXIHI; TelegramNotification=true; Pair_suffix=; InpUpdateMode=1; InpTemplates=ptl_screenshot;ptl_screenshot_zoom; 
0	18:33:47.756	PTL_Sessions AUDUSD.pro,M30: initialized
0	18:33:47.784	pipsometer_5_decimal AUDUSD.pro,M30: initialized
0	18:33:47.867	Custom indicator PTL_Sessions USDCAD.pro,M15: loaded successfully
0	18:33:47.885	Custom indicator pipsometer_5_decimal USDCAD.pro,M15: loaded successfully
0	18:33:47.906	Expert PTL_EA USDCAD.pro,M15: loaded successfully
0	18:33:47.906	PTL_EA USDCAD.pro,M15 inputs: InpLanguage=1; TelegramToken=927322228:AAFxIy4Tw_rfZr6LEoyO5tocsMNBxwNXIHI; TelegramNotification=true; Pair_suffix=; InpUpdateMode=1; InpTemplates=ptl_screenshot;ptl_screenshot_zoom; 
0	18:33:47.949	PTL_Sessions USDCAD.pro,M15: initialized
0	18:33:47.991	pipsometer_5_decimal USDCAD.pro,M15: initialized
0	18:33:56.907	PTL_EA USDCAD.pro,M15: initialized
0	18:33:56.907	PTL_EA EURUSD.pro,M15: initialized
0	18:33:56.976	PTL_EA GBPJPY.pro,M15: initialized
0	18:33:56.977	PTL_EA GBPUSD.pro,M15: initialized
0	18:33:56.978	PTL_EA XAUUSD.pro,M30: initialized
0	18:33:57.043	PTL_EA USDJPY.pro,M15: initialized
0	18:33:57.044	PTL_EA EURJPY.pro,M15: initialized
0	18:33:57.078	PTL_EA AUDUSD.pro,M30: initialized
0	18:39:38.623	PTL_EA GBPUSD.pro,M15: uninit reason 3
0	18:39:38.625	PTL_Sessions GBPUSD.pro,M15: uninit reason 3
0	18:39:38.625	pipsometer_5_decimal GBPUSD.pro,M15: uninit reason 3
0	18:39:38.625	PTL_Sessions GBPUSD.pro,M30: initialized
0	18:39:38.625	pipsometer_5_decimal GBPUSD.pro,M30: initialized
0	18:39:38.643	PTL_EA GBPUSD.pro,M30: initialized
0	18:39:41.502	PTL_EA GBPUSD.pro,M30: uninit reason 3
0	18:39:41.504	PTL_Sessions GBPUSD.pro,M30: uninit reason 3
0	18:39:41.504	pipsometer_5_decimal GBPUSD.pro,M30: uninit reason 3
0	18:39:41.504	PTL_Sessions GBPUSD.pro,H1: initialized
0	18:39:41.504	pipsometer_5_decimal GBPUSD.pro,H1: initialized
0	18:39:41.523	PTL_EA GBPUSD.pro,H1: initialized
0	18:39:42.155	PTL_EA GBPUSD.pro,H1: uninit reason 3
0	18:39:42.157	PTL_Sessions GBPUSD.pro,H1: uninit reason 3
0	18:39:42.157	pipsometer_5_decimal GBPUSD.pro,H1: uninit reason 3
0	18:39:42.157	PTL_Sessions GBPUSD.pro,M30: initialized
0	18:39:42.157	pipsometer_5_decimal GBPUSD.pro,M30: initialized
0	18:39:42.174	PTL_EA GBPUSD.pro,M30: initialized
0	18:39:57.024	PTL_EA GBPUSD.pro,M30: uninit reason 3
0	18:39:57.026	PTL_Sessions GBPUSD.pro,M30: uninit reason 3
0	18:39:57.026	pipsometer_5_decimal GBPUSD.pro,M30: uninit reason 3
0	18:39:57.026	PTL_Sessions GBPUSD.pro,M15: initialized
0	18:39:57.026	pipsometer_5_decimal GBPUSD.pro,M15: initialized
0	18:39:57.044	PTL_EA GBPUSD.pro,M15: initialized
0	18:41:04.943	pipsometer_5_decimal USDCAD.pro,M15: uninit reason 2
0	18:41:04.945	Custom indicator pipsometer_5_decimal USDCAD.pro,M15: removed
0	18:41:04.959	Custom indicator pipsometer_5_decimal USDCAD.pro,M15: loaded successfully
0	18:41:04.981	pipsometer_5_decimal USDCAD.pro,M15: initialized
0	18:41:04.982	pipsometer_5_decimal AUDUSD.pro,M30: uninit reason 2
0	18:41:04.984	Custom indicator pipsometer_5_decimal AUDUSD.pro,M30: removed
0	18:41:04.996	Custom indicator pipsometer_5_decimal AUDUSD.pro,M30: loaded successfully
0	18:41:05.017	pipsometer_5_decimal AUDUSD.pro,M30: initialized
0	18:41:05.018	pipsometer_5_decimal GBPUSD.pro,M15: uninit reason 2
0	18:41:05.021	Custom indicator pipsometer_5_decimal GBPUSD.pro,M15: removed
0	18:41:05.033	Custom indicator pipsometer_5_decimal GBPUSD.pro,M15: loaded successfully
0	18:41:05.056	pipsometer_5_decimal GBPUSD.pro,M15: initialized
0	18:41:05.057	pipsometer_5_decimal USDJPY.pro,M15: uninit reason 2
0	18:41:05.060	Custom indicator pipsometer_5_decimal USDJPY.pro,M15: removed
0	18:41:05.074	Custom indicator pipsometer_5_decimal USDJPY.pro,M15: loaded successfully
0	18:41:05.096	pipsometer_5_decimal USDJPY.pro,M15: initialized
0	18:41:05.097	pipsometer_5_decimal EURJPY.pro,M15: uninit reason 2
0	18:41:05.099	Custom indicator pipsometer_5_decimal EURJPY.pro,M15: removed
0	18:41:05.111	Custom indicator pipsometer_5_decimal EURJPY.pro,M15: loaded successfully
0	18:41:05.133	pipsometer_5_decimal EURJPY.pro,M15: initialized
0	18:41:05.133	pipsometer_5_decimal XAUUSD.pro,M30: uninit reason 2
0	18:41:05.136	Custom indicator pipsometer_5_decimal XAUUSD.pro,M30: removed
0	18:41:05.148	Custom indicator pipsometer_5_decimal XAUUSD.pro,M30: loaded successfully
0	18:41:05.169	pipsometer_5_decimal XAUUSD.pro,M30: initialized
0	18:41:05.170	pipsometer_5_decimal EURUSD.pro,M15: uninit reason 2
0	18:41:05.172	Custom indicator pipsometer_5_decimal EURUSD.pro,M15: removed
0	18:41:05.185	Custom indicator pipsometer_5_decimal EURUSD.pro,M15: loaded successfully
0	18:41:05.206	pipsometer_5_decimal EURUSD.pro,M15: initialized
0	18:41:05.207	pipsometer_5_decimal GBPJPY.pro,M15: uninit reason 2
0	18:41:05.209	Custom indicator pipsometer_5_decimal GBPJPY.pro,M15: removed
0	18:41:05.222	Custom indicator pipsometer_5_decimal GBPJPY.pro,M15: loaded successfully
0	18:41:05.243	pipsometer_5_decimal GBPJPY.pro,M15: initialized
0	18:41:22.479	pipsometer_5_decimal USDCAD.pro,M15: uninit reason 1
0	18:41:22.482	Custom indicator pipsometer_5_decimal USDCAD.pro,M15: removed
0	18:41:28.334	Custom indicator pipsometer_5_decimal USDCAD.pro,M15: loaded successfully
0	18:41:30.128	pipsometer_5_decimal USDCAD.pro,M15: initialized
0	18:41:40.909	Custom indicator pipsometer_5_decimal USDCAD.pro,M15: loaded successfully
0	18:41:42.871	Custom indicator pipsometer_5_decimal USDCAD.pro,M15: removed
0	18:41:46.973	pipsometer_5_decimal USDCAD.pro,M15: uninit reason 1
0	18:41:46.976	Custom indicator pipsometer_5_decimal USDCAD.pro,M15: removed
0	18:41:49.390	Custom indicator pipsometer_5_decimal USDCAD.pro,M15: loaded successfully
0	18:41:53.737	pipsometer_5_decimal USDCAD.pro,M15: initialized
0	18:42:56.822	pipsometer_5_decimal USDCAD.pro,M15: uninit reason 2
0	18:42:56.825	Custom indicator pipsometer_5_decimal USDCAD.pro,M15: removed
0	18:42:56.838	Custom indicator pipsometer_5_decimal USDCAD.pro,M15: loaded successfully
0	18:42:56.864	pipsometer_5_decimal USDCAD.pro,M15: initialized
0	18:42:56.864	pipsometer_5_decimal AUDUSD.pro,M30: uninit reason 2
0	18:42:56.867	Custom indicator pipsometer_5_decimal AUDUSD.pro,M30: removed
0	18:42:56.880	Custom indicator pipsometer_5_decimal AUDUSD.pro,M30: loaded successfully
0	18:42:56.903	pipsometer_5_decimal AUDUSD.pro,M30: initialized
0	18:42:56.903	pipsometer_5_decimal GBPUSD.pro,M15: uninit reason 2
0	18:42:56.906	Custom indicator pipsometer_5_decimal GBPUSD.pro,M15: removed
0	18:42:56.917	Custom indicator pipsometer_5_decimal GBPUSD.pro,M15: loaded successfully
0	18:42:56.939	pipsometer_5_decimal GBPUSD.pro,M15: initialized
0	18:42:56.939	pipsometer_5_decimal USDJPY.pro,M15: uninit reason 2
0	18:42:56.941	Custom indicator pipsometer_5_decimal USDJPY.pro,M15: removed
0	18:42:56.953	Custom indicator pipsometer_5_decimal USDJPY.pro,M15: loaded successfully
0	18:42:56.975	pipsometer_5_decimal USDJPY.pro,M15: initialized
0	18:42:56.975	pipsometer_5_decimal EURJPY.pro,M15: uninit reason 2
0	18:42:56.978	Custom indicator pipsometer_5_decimal EURJPY.pro,M15: removed
0	18:42:56.989	Custom indicator pipsometer_5_decimal EURJPY.pro,M15: loaded successfully
0	18:42:57.011	pipsometer_5_decimal EURJPY.pro,M15: initialized
0	18:42:57.011	pipsometer_5_decimal XAUUSD.pro,M30: uninit reason 2
0	18:42:57.014	Custom indicator pipsometer_5_decimal XAUUSD.pro,M30: removed
0	18:42:57.027	Custom indicator pipsometer_5_decimal XAUUSD.pro,M30: loaded successfully
0	18:42:57.050	pipsometer_5_decimal XAUUSD.pro,M30: initialized
0	18:42:57.050	pipsometer_5_decimal EURUSD.pro,M15: uninit reason 2
0	18:42:57.052	Custom indicator pipsometer_5_decimal EURUSD.pro,M15: removed
0	18:42:57.064	Custom indicator pipsometer_5_decimal EURUSD.pro,M15: loaded successfully
0	18:42:57.086	pipsometer_5_decimal EURUSD.pro,M15: initialized
0	18:42:57.086	pipsometer_5_decimal GBPJPY.pro,M15: uninit reason 2
0	18:42:57.088	Custom indicator pipsometer_5_decimal GBPJPY.pro,M15: removed
0	18:42:57.099	Custom indicator pipsometer_5_decimal GBPJPY.pro,M15: loaded successfully
0	18:42:57.127	pipsometer_5_decimal GBPJPY.pro,M15: initialized
0	18:43:05.999	pipsometer_5_decimal USDCAD.pro,M15: uninit reason 1
0	18:43:06.002	Custom indicator pipsometer_5_decimal USDCAD.pro,M15: removed
0	18:43:09.507	Custom indicator pipsometer_5_decimal USDCAD.pro,M15: loaded successfully
0	18:43:11.048	pipsometer_5_decimal USDCAD.pro,M15: initialized
0	18:43:38.582	pipsometer_5_decimal USDCAD.pro,M15: uninit reason 2
0	18:43:38.586	Custom indicator pipsometer_5_decimal USDCAD.pro,M15: removed
0	18:43:38.600	Custom indicator pipsometer_5_decimal USDCAD.pro,M15: loaded successfully
0	18:43:38.622	pipsometer_5_decimal USDCAD.pro,M15: initialized
0	18:43:38.623	pipsometer_5_decimal AUDUSD.pro,M30: uninit reason 2
0	18:43:38.625	Custom indicator pipsometer_5_decimal AUDUSD.pro,M30: removed
0	18:43:38.637	Custom indicator pipsometer_5_decimal AUDUSD.pro,M30: loaded successfully
0	18:43:38.658	pipsometer_5_decimal AUDUSD.pro,M30: initialized
0	18:43:38.658	pipsometer_5_decimal GBPUSD.pro,M15: uninit reason 2
0	18:43:38.660	Custom indicator pipsometer_5_decimal GBPUSD.pro,M15: removed
0	18:43:38.671	Custom indicator pipsometer_5_decimal GBPUSD.pro,M15: loaded successfully
0	18:43:38.692	pipsometer_5_decimal GBPUSD.pro,M15: initialized
0	18:43:38.692	pipsometer_5_decimal USDJPY.pro,M15: uninit reason 2
0	18:43:38.694	Custom indicator pipsometer_5_decimal USDJPY.pro,M15: removed
0	18:43:38.706	Custom indicator pipsometer_5_decimal USDJPY.pro,M15: loaded successfully
0	18:43:38.730	pipsometer_5_decimal USDJPY.pro,M15: initialized
0	18:43:38.730	pipsometer_5_decimal EURJPY.pro,M15: uninit reason 2
0	18:43:38.732	Custom indicator pipsometer_5_decimal EURJPY.pro,M15: removed
0	18:43:38.744	Custom indicator pipsometer_5_decimal EURJPY.pro,M15: loaded successfully
0	18:43:38.766	pipsometer_5_decimal EURJPY.pro,M15: initialized
0	18:43:38.766	pipsometer_5_decimal XAUUSD.pro,M30: uninit reason 2
0	18:43:38.768	Custom indicator pipsometer_5_decimal XAUUSD.pro,M30: removed
0	18:43:38.780	Custom indicator pipsometer_5_decimal XAUUSD.pro,M30: loaded successfully
0	18:43:38.801	pipsometer_5_decimal XAUUSD.pro,M30: initialized
0	18:43:38.802	pipsometer_5_decimal EURUSD.pro,M15: uninit reason 2
0	18:43:38.804	Custom indicator pipsometer_5_decimal EURUSD.pro,M15: removed
0	18:43:38.816	Custom indicator pipsometer_5_decimal EURUSD.pro,M15: loaded successfully
0	18:43:38.839	pipsometer_5_decimal EURUSD.pro,M15: initialized
0	18:43:38.840	pipsometer_5_decimal GBPJPY.pro,M15: uninit reason 2
0	18:43:38.842	Custom indicator pipsometer_5_decimal GBPJPY.pro,M15: removed
0	18:43:38.855	Custom indicator pipsometer_5_decimal GBPJPY.pro,M15: loaded successfully
0	18:43:38.877	pipsometer_5_decimal GBPJPY.pro,M15: initialized
0	18:43:45.522	pipsometer_5_decimal USDCAD.pro,M15: uninit reason 1
0	18:43:45.524	Custom indicator pipsometer_5_decimal USDCAD.pro,M15: removed
0	18:43:48.475	Custom indicator pipsometer_5_decimal USDCAD.pro,M15: loaded successfully
0	18:43:49.972	pipsometer_5_decimal USDCAD.pro,M15: initialized
0	18:44:01.551	PTL_Sessions USDCAD.pro,M15: uninit reason 7
0	18:44:01.551	pipsometer_5_decimal USDCAD.pro,M15: uninit reason 7
0	18:44:01.551	PTL_EA USDCAD.pro,M15: uninit reason 7
0	18:44:01.557	Expert PTL_EA USDCAD.pro,M15: removed
0	18:44:01.561	Custom indicator PTL_Sessions USDCAD.pro,M15: removed
0	18:44:01.563	Custom indicator pipsometer_5_decimal USDCAD.pro,M15: removed
0	18:44:01.981	Custom indicator PTL_Sessions USDCAD.pro,M15: loaded successfully
0	18:44:01.996	Custom indicator pipsometer_5_decimal USDCAD.pro,M15: loaded successfully
0	18:44:02.010	Expert PTL_EA USDCAD.pro,M15: loaded successfully
0	18:44:02.010	PTL_EA USDCAD.pro,M15 inputs: InpLanguage=1; TelegramToken=927322228:AAFxIy4Tw_rfZr6LEoyO5tocsMNBxwNXIHI; TelegramNotification=true; Pair_suffix=; InpUpdateMode=1; InpTemplates=ptl_screenshot;ptl_screenshot_zoom; 
0	18:44:02.039	PTL_Sessions USDCAD.pro,M15: initialized
0	18:44:02.059	pipsometer_5_decimal USDCAD.pro,M15: initialized
0	18:44:02.172	PTL_EA USDCAD.pro,M15: initialized
0	18:44:12.267	pipsometer_5_decimal USDCAD.pro,M15: uninit reason 1
0	18:44:12.269	Custom indicator pipsometer_5_decimal USDCAD.pro,M15: removed
0	18:44:16.341	Custom indicator pipsometer_5_decimal USDCAD.pro,M15: loaded successfully
0	18:44:17.532	pipsometer_5_decimal USDCAD.pro,M15: initialized
0	18:44:35.127	PTL_Sessions AUDUSD.pro,M30: uninit reason 7
0	18:44:35.127	pipsometer_5_decimal AUDUSD.pro,M30: uninit reason 7
0	18:44:35.127	PTL_EA AUDUSD.pro,M30: uninit reason 7
0	18:44:35.139	Expert PTL_EA AUDUSD.pro,M30: removed
0	18:44:35.141	Custom indicator PTL_Sessions AUDUSD.pro,M30: removed
0	18:44:35.144	Custom indicator pipsometer_5_decimal AUDUSD.pro,M30: removed
0	18:44:35.158	Custom indicator PTL_Sessions AUDUSD.pro,M30: loaded successfully
0	18:44:35.170	Custom indicator pipsometer_5_decimal AUDUSD.pro,M30: loaded successfully
0	18:44:35.186	Expert PTL_EA AUDUSD.pro,M30: loaded successfully
0	18:44:35.186	PTL_EA AUDUSD.pro,M30 inputs: InpLanguage=1; TelegramToken=927322228:AAFxIy4Tw_rfZr6LEoyO5tocsMNBxwNXIHI; TelegramNotification=true; Pair_suffix=; InpUpdateMode=1; InpTemplates=ptl_screenshot;ptl_screenshot_zoom; 
0	18:44:35.216	PTL_Sessions AUDUSD.pro,M30: initialized
0	18:44:35.240	pipsometer_5_decimal AUDUSD.pro,M30: initialized
0	18:44:35.365	PTL_EA AUDUSD.pro,M30: initialized
0	18:44:59.517	PTL_Sessions USDJPY.pro,M15: uninit reason 7
0	18:44:59.517	pipsometer_5_decimal USDJPY.pro,M15: uninit reason 7
0	18:44:59.517	PTL_EA USDJPY.pro,M15: uninit reason 7
0	18:44:59.523	Expert PTL_EA USDJPY.pro,M15: removed
0	18:44:59.526	Custom indicator PTL_Sessions USDJPY.pro,M15: removed
0	18:44:59.529	Custom indicator pipsometer_5_decimal USDJPY.pro,M15: removed
0	18:44:59.547	Custom indicator PTL_Sessions USDJPY.pro,M15: loaded successfully
0	18:44:59.561	Custom indicator pipsometer_5_decimal USDJPY.pro,M15: loaded successfully
0	18:44:59.576	Expert PTL_EA USDJPY.pro,M15: loaded successfully
0	18:44:59.576	PTL_EA USDJPY.pro,M15 inputs: InpLanguage=1; TelegramToken=927322228:AAFxIy4Tw_rfZr6LEoyO5tocsMNBxwNXIHI; TelegramNotification=true; Pair_suffix=; InpUpdateMode=1; InpTemplates=ptl_screenshot;ptl_screenshot_zoom; 
0	18:44:59.606	PTL_Sessions USDJPY.pro,M15: initialized
0	18:44:59.629	pipsometer_5_decimal USDJPY.pro,M15: initialized
0	18:44:59.734	PTL_EA USDJPY.pro,M15: initialized
0	18:45:03.203	PTL_Sessions EURJPY.pro,M15: uninit reason 7
0	18:45:03.203	pipsometer_5_decimal EURJPY.pro,M15: uninit reason 7
0	18:45:03.203	PTL_EA EURJPY.pro,M15: uninit reason 7
0	18:45:03.209	Expert PTL_EA EURJPY.pro,M15: removed
0	18:45:03.212	Custom indicator PTL_Sessions EURJPY.pro,M15: removed
0	18:45:03.215	Custom indicator pipsometer_5_decimal EURJPY.pro,M15: removed
0	18:45:03.230	Custom indicator PTL_Sessions EURJPY.pro,M15: loaded successfully
0	18:45:03.242	Custom indicator pipsometer_5_decimal EURJPY.pro,M15: loaded successfully
0	18:45:03.258	Expert PTL_EA EURJPY.pro,M15: loaded successfully
0	18:45:03.258	PTL_EA EURJPY.pro,M15 inputs: InpLanguage=1; TelegramToken=927322228:AAFxIy4Tw_rfZr6LEoyO5tocsMNBxwNXIHI; TelegramNotification=true; Pair_suffix=; InpUpdateMode=1; InpTemplates=ptl_screenshot;ptl_screenshot_zoom; 
0	18:45:03.289	PTL_Sessions EURJPY.pro,M15: initialized
0	18:45:03.311	pipsometer_5_decimal EURJPY.pro,M15: initialized
0	18:45:03.764	PTL_EA EURJPY.pro,M15: initialized
0	18:45:07.931	PTL_Sessions GBPJPY.pro,M15: uninit reason 7
0	18:45:07.931	pipsometer_5_decimal GBPJPY.pro,M15: uninit reason 7
0	18:45:07.931	PTL_EA GBPJPY.pro,M15: uninit reason 7
0	18:45:07.943	Expert PTL_EA GBPJPY.pro,M15: removed
0	18:45:07.946	Custom indicator PTL_Sessions GBPJPY.pro,M15: removed
0	18:45:07.948	Custom indicator pipsometer_5_decimal GBPJPY.pro,M15: removed
0	18:45:07.963	Custom indicator PTL_Sessions GBPJPY.pro,M15: loaded successfully
0	18:45:07.975	Custom indicator pipsometer_5_decimal GBPJPY.pro,M15: loaded successfully
0	18:45:07.990	Expert PTL_EA GBPJPY.pro,M15: loaded successfully
0	18:45:07.990	PTL_EA GBPJPY.pro,M15 inputs: InpLanguage=1; TelegramToken=927322228:AAFxIy4Tw_rfZr6LEoyO5tocsMNBxwNXIHI; TelegramNotification=true; Pair_suffix=; InpUpdateMode=1; InpTemplates=ptl_screenshot;ptl_screenshot_zoom; 
0	18:45:08.019	PTL_Sessions GBPJPY.pro,M15: initialized
0	18:45:08.042	pipsometer_5_decimal GBPJPY.pro,M15: initialized
0	18:45:08.161	PTL_EA GBPJPY.pro,M15: initialized
0	18:45:11.859	PTL_Sessions GBPUSD.pro,M15: uninit reason 7
0	18:45:11.860	pipsometer_5_decimal GBPUSD.pro,M15: uninit reason 7
0	18:45:11.860	PTL_EA GBPUSD.pro,M15: uninit reason 7
0	18:45:11.866	Expert PTL_EA GBPUSD.pro,M15: removed
0	18:45:11.868	Custom indicator PTL_Sessions GBPUSD.pro,M15: removed
0	18:45:11.871	Custom indicator pipsometer_5_decimal GBPUSD.pro,M15: removed
0	18:45:11.885	Custom indicator PTL_Sessions GBPUSD.pro,M15: loaded successfully
0	18:45:11.897	Custom indicator pipsometer_5_decimal GBPUSD.pro,M15: loaded successfully
0	18:45:11.912	Expert PTL_EA GBPUSD.pro,M15: loaded successfully
0	18:45:11.912	PTL_EA GBPUSD.pro,M15 inputs: InpLanguage=1; TelegramToken=927322228:AAFxIy4Tw_rfZr6LEoyO5tocsMNBxwNXIHI; TelegramNotification=true; Pair_suffix=; InpUpdateMode=1; InpTemplates=ptl_screenshot;ptl_screenshot_zoom; 
0	18:45:11.940	PTL_Sessions GBPUSD.pro,M15: initialized
0	18:45:11.962	pipsometer_5_decimal GBPUSD.pro,M15: initialized
0	18:45:12.059	PTL_EA GBPUSD.pro,M15: initialized
0	18:45:19.205	PTL_Sessions EURUSD.pro,M15: uninit reason 7
0	18:45:19.205	pipsometer_5_decimal EURUSD.pro,M15: uninit reason 7
0	18:45:19.206	PTL_EA EURUSD.pro,M15: uninit reason 7
0	18:45:19.216	Expert PTL_EA EURUSD.pro,M15: removed
0	18:45:19.218	Custom indicator PTL_Sessions EURUSD.pro,M15: removed
0	18:45:19.221	Custom indicator pipsometer_5_decimal EURUSD.pro,M15: removed
0	18:45:19.235	Custom indicator PTL_Sessions EURUSD.pro,M15: loaded successfully
0	18:45:19.248	Custom indicator pipsometer_5_decimal EURUSD.pro,M15: loaded successfully
0	18:45:19.263	Expert PTL_EA EURUSD.pro,M15: loaded successfully
0	18:45:19.263	PTL_EA EURUSD.pro,M15 inputs: InpLanguage=1; TelegramToken=927322228:AAFxIy4Tw_rfZr6LEoyO5tocsMNBxwNXIHI; TelegramNotification=true; Pair_suffix=; InpUpdateMode=1; InpTemplates=ptl_screenshot;ptl_screenshot_zoom; 
0	18:45:19.293	PTL_Sessions EURUSD.pro,M15: initialized
0	18:45:19.316	pipsometer_5_decimal EURUSD.pro,M15: initialized
0	18:45:19.426	PTL_EA EURUSD.pro,M15: initialized
0	18:45:23.617	PTL_Sessions XAUUSD.pro,M30: uninit reason 7
0	18:45:23.617	pipsometer_5_decimal XAUUSD.pro,M30: uninit reason 7
0	18:45:23.618	PTL_EA XAUUSD.pro,M30: uninit reason 7
0	18:45:23.623	Expert PTL_EA XAUUSD.pro,M30: removed
0	18:45:23.626	Custom indicator PTL_Sessions XAUUSD.pro,M30: removed
0	18:45:23.628	Custom indicator pipsometer_5_decimal XAUUSD.pro,M30: removed
0	18:45:23.642	Custom indicator PTL_Sessions XAUUSD.pro,M30: loaded successfully
0	18:45:23.655	Custom indicator pipsometer_5_decimal XAUUSD.pro,M30: loaded successfully
0	18:45:23.671	Expert PTL_EA XAUUSD.pro,M30: loaded successfully
0	18:45:23.671	PTL_EA XAUUSD.pro,M30 inputs: InpLanguage=1; TelegramToken=927322228:AAFxIy4Tw_rfZr6LEoyO5tocsMNBxwNXIHI; TelegramNotification=true; Pair_suffix=; InpUpdateMode=1; InpTemplates=ptl_screenshot;ptl_screenshot_zoom; 
0	18:45:23.699	PTL_Sessions XAUUSD.pro,M30: initialized
0	18:45:23.720	pipsometer_5_decimal XAUUSD.pro,M30: initialized
0	18:45:23.833	PTL_EA XAUUSD.pro,M30: initialized
0	18:46:24.430	PTL_EA GBPUSD.pro,M15: uninit reason 3
0	18:46:24.432	PTL_Sessions GBPUSD.pro,M15: uninit reason 3
0	18:46:24.432	pipsometer_5_decimal GBPUSD.pro,M15: uninit reason 3
0	18:46:24.432	PTL_Sessions GBPUSD.pro,M30: initialized
0	18:46:24.432	pipsometer_5_decimal GBPUSD.pro,M30: initialized
0	18:46:24.451	PTL_EA GBPUSD.pro,M30: initialized
0	18:54:28.335	PTL_EA GBPUSD.pro,M30: uninit reason 3
0	18:54:28.337	PTL_Sessions GBPUSD.pro,M30: uninit reason 3
0	18:54:28.337	pipsometer_5_decimal GBPUSD.pro,M30: uninit reason 3
0	18:54:28.337	PTL_Sessions GBPUSD.pro,M15: initialized
0	18:54:28.337	pipsometer_5_decimal GBPUSD.pro,M15: initialized
0	18:54:28.358	PTL_EA GBPUSD.pro,M15: initialized
0	19:01:30.218	PTL_EA GBPJPY.pro,M15: uninit reason 3
0	19:01:30.220	PTL_Sessions GBPJPY.pro,M15: uninit reason 3
0	19:01:30.220	pipsometer_5_decimal GBPJPY.pro,M15: uninit reason 3
0	19:01:30.220	PTL_Sessions GBPJPY.pro,M30: initialized
0	19:01:30.220	pipsometer_5_decimal GBPJPY.pro,M30: initialized
0	19:01:30.239	PTL_EA GBPJPY.pro,M30: initialized
0	19:01:31.108	PTL_EA GBPJPY.pro,M30: uninit reason 3
0	19:01:31.110	PTL_Sessions GBPJPY.pro,M30: uninit reason 3
0	19:01:31.110	pipsometer_5_decimal GBPJPY.pro,M30: uninit reason 3
0	19:01:31.110	PTL_Sessions GBPJPY.pro,M15: initialized
0	19:01:31.110	pipsometer_5_decimal GBPJPY.pro,M15: initialized
0	19:01:31.128	PTL_EA GBPJPY.pro,M15: initialized
0	20:01:14.606	PTL_EA GBPUSD.pro,M15: uninit reason 3
0	20:01:14.608	PTL_Sessions GBPUSD.pro,M15: uninit reason 3
0	20:01:14.608	pipsometer_5_decimal GBPUSD.pro,M15: uninit reason 3
0	20:01:14.608	PTL_Sessions GBPUSD.pro,M30: initialized
0	20:01:14.608	pipsometer_5_decimal GBPUSD.pro,M30: initialized
0	20:01:14.625	PTL_EA GBPUSD.pro,M30: initialized
0	20:01:25.030	PTL_EA GBPUSD.pro,M30: uninit reason 3
0	20:01:25.032	PTL_Sessions GBPUSD.pro,M30: uninit reason 3
0	20:01:25.032	pipsometer_5_decimal GBPUSD.pro,M30: uninit reason 3
0	20:01:25.032	PTL_Sessions GBPUSD.pro,H1: initialized
0	20:01:25.032	pipsometer_5_decimal GBPUSD.pro,H1: initialized
0	20:01:25.051	PTL_EA GBPUSD.pro,H1: initialized
0	20:05:12.799	PTL_EA GBPUSD.pro,H1: uninit reason 3
0	20:05:12.801	PTL_Sessions GBPUSD.pro,H1: uninit reason 3
0	20:05:12.801	pipsometer_5_decimal GBPUSD.pro,H1: uninit reason 3
0	20:05:12.801	PTL_Sessions GBPUSD.pro,H4: initialized
0	20:05:12.801	pipsometer_5_decimal GBPUSD.pro,H4: initialized
0	20:05:12.820	PTL_EA GBPUSD.pro,H4: initialized
0	20:05:18.601	PTL_EA GBPUSD.pro,H4: uninit reason 3
0	20:05:18.603	PTL_Sessions GBPUSD.pro,H4: uninit reason 3
0	20:05:18.603	pipsometer_5_decimal GBPUSD.pro,H4: uninit reason 3
0	20:05:18.603	PTL_Sessions GBPUSD.pro,M15: initialized
0	20:05:18.603	pipsometer_5_decimal GBPUSD.pro,M15: initialized
0	20:05:18.622	PTL_EA GBPUSD.pro,M15: initialized
0	20:20:25.448	PTL_EA EURUSD.pro,M15: uninit reason 3
0	20:20:25.450	PTL_Sessions EURUSD.pro,M15: uninit reason 3
0	20:20:25.450	pipsometer_5_decimal EURUSD.pro,M15: uninit reason 3
0	20:20:25.450	PTL_Sessions EURUSD.pro,H1: initialized
0	20:20:25.450	pipsometer_5_decimal EURUSD.pro,H1: initialized
0	20:20:25.475	PTL_EA EURUSD.pro,H1: initialized
0	20:21:07.125	PTL_EA EURUSD.pro,H1: uninit reason 3
0	20:21:07.127	PTL_Sessions EURUSD.pro,H1: uninit reason 3
0	20:21:07.127	pipsometer_5_decimal EURUSD.pro,H1: uninit reason 3
0	20:21:07.127	PTL_Sessions EURUSD.pro,H4: initialized
0	20:21:07.127	pipsometer_5_decimal EURUSD.pro,H4: initialized
0	20:21:07.156	PTL_EA EURUSD.pro,H4: initialized
0	20:21:16.995	PTL_EA EURUSD.pro,H4: uninit reason 3
0	20:21:16.997	PTL_Sessions EURUSD.pro,H4: uninit reason 3
0	20:21:16.997	pipsometer_5_decimal EURUSD.pro,H4: uninit reason 3
0	20:21:16.997	PTL_Sessions EURUSD.pro,H1: initialized
0	20:21:16.997	pipsometer_5_decimal EURUSD.pro,H1: initialized
0	20:21:17.025	PTL_EA EURUSD.pro,H1: initialized
0	20:27:09.914	PTL_EA EURUSD.pro,H1: uninit reason 3
0	20:27:09.916	PTL_Sessions EURUSD.pro,H1: uninit reason 3
0	20:27:09.916	pipsometer_5_decimal EURUSD.pro,H1: uninit reason 3
0	20:27:09.916	PTL_Sessions EURUSD.pro,M15: initialized
0	20:27:09.916	pipsometer_5_decimal EURUSD.pro,M15: initialized
0	20:27:09.940	PTL_EA EURUSD.pro,M15: initialized
0	20:28:41.543	PTL_EA USDJPY.pro,M15: uninit reason 3
0	20:28:41.545	PTL_Sessions USDJPY.pro,M15: uninit reason 3
0	20:28:41.545	pipsometer_5_decimal USDJPY.pro,M15: uninit reason 3
0	20:28:41.545	PTL_Sessions USDJPY.pro,M30: initialized
0	20:28:41.545	pipsometer_5_decimal USDJPY.pro,M30: initialized
0	20:28:41.569	PTL_EA USDJPY.pro,M30: initialized
0	20:28:42.423	PTL_EA USDJPY.pro,M30: uninit reason 3
0	20:28:42.425	PTL_Sessions USDJPY.pro,M30: uninit reason 3
0	20:28:42.425	pipsometer_5_decimal USDJPY.pro,M30: uninit reason 3
0	20:28:42.425	PTL_Sessions USDJPY.pro,H1: initialized
0	20:28:42.425	pipsometer_5_decimal USDJPY.pro,H1: initialized
0	20:28:42.450	PTL_EA USDJPY.pro,H1: initialized
0	21:05:07.032	PTL_EA XAUUSD.pro,M30: uninit reason 3
0	21:05:07.034	PTL_Sessions XAUUSD.pro,M30: uninit reason 3
0	21:05:07.034	pipsometer_5_decimal XAUUSD.pro,M30: uninit reason 3
0	21:05:07.034	PTL_Sessions XAUUSD.pro,M15: initialized
0	21:05:07.034	pipsometer_5_decimal XAUUSD.pro,M15: initialized
0	21:05:07.055	PTL_EA XAUUSD.pro,M15: initialized
0	21:05:36.119	PTL_EA XAUUSD.pro,M15: uninit reason 3
0	21:05:36.121	PTL_Sessions XAUUSD.pro,M15: uninit reason 3
0	21:05:36.121	pipsometer_5_decimal XAUUSD.pro,M15: uninit reason 3
0	21:05:36.121	PTL_Sessions XAUUSD.pro,H1: initialized
0	21:05:36.121	pipsometer_5_decimal XAUUSD.pro,H1: initialized
0	21:05:36.141	PTL_EA XAUUSD.pro,H1: initialized
0	21:05:36.570	PTL_EA XAUUSD.pro,H1: uninit reason 3
0	21:05:36.572	PTL_Sessions XAUUSD.pro,H1: uninit reason 3
0	21:05:36.572	pipsometer_5_decimal XAUUSD.pro,H1: uninit reason 3
0	21:05:36.572	PTL_Sessions XAUUSD.pro,H4: initialized
0	21:05:36.572	pipsometer_5_decimal XAUUSD.pro,H4: initialized
0	21:05:36.591	PTL_EA XAUUSD.pro,H4: initialized
0	21:05:48.582	PTL_EA XAUUSD.pro,H4: uninit reason 3
0	21:05:48.584	PTL_Sessions XAUUSD.pro,H4: uninit reason 3
0	21:05:48.584	pipsometer_5_decimal XAUUSD.pro,H4: uninit reason 3
0	21:05:48.584	PTL_Sessions XAUUSD.pro,M15: initialized
0	21:05:48.584	pipsometer_5_decimal XAUUSD.pro,M15: initialized
0	21:05:48.605	PTL_EA XAUUSD.pro,M15: initialized
0	21:06:47.074	PTL_EA GBPUSD.pro,M15: uninit reason 3
0	21:06:47.076	PTL_Sessions GBPUSD.pro,M15: uninit reason 3
0	21:06:47.076	pipsometer_5_decimal GBPUSD.pro,M15: uninit reason 3
0	21:06:47.076	PTL_Sessions GBPUSD.pro,H1: initialized
0	21:06:47.076	pipsometer_5_decimal GBPUSD.pro,H1: initialized
0	21:06:47.094	PTL_EA GBPUSD.pro,H1: initialized
0	21:07:22.269	PTL_EA GBPUSD.pro,H1: uninit reason 3
0	21:07:22.271	PTL_Sessions GBPUSD.pro,H1: uninit reason 3
0	21:07:22.271	pipsometer_5_decimal GBPUSD.pro,H1: uninit reason 3
0	21:07:22.271	PTL_Sessions GBPUSD.pro,M30: initialized
0	21:07:22.271	pipsometer_5_decimal GBPUSD.pro,M30: initialized
0	21:07:22.289	PTL_EA GBPUSD.pro,M30: initialized
0	21:09:19.349	PTL_EA GBPJPY.pro,M15: uninit reason 3
0	21:09:19.351	PTL_Sessions GBPJPY.pro,M15: uninit reason 3
0	21:09:19.351	pipsometer_5_decimal GBPJPY.pro,M15: uninit reason 3
0	21:09:19.351	PTL_Sessions GBPJPY.pro,M30: initialized
0	21:09:19.351	pipsometer_5_decimal GBPJPY.pro,M30: initialized
0	21:09:19.370	PTL_EA GBPJPY.pro,M30: initialized
0	21:09:19.852	PTL_EA GBPJPY.pro,M30: uninit reason 3
0	21:09:19.854	PTL_Sessions GBPJPY.pro,M30: uninit reason 3
0	21:09:19.854	pipsometer_5_decimal GBPJPY.pro,M30: uninit reason 3
0	21:09:19.854	PTL_Sessions GBPJPY.pro,H1: initialized
0	21:09:19.854	pipsometer_5_decimal GBPJPY.pro,H1: initialized
0	21:09:19.875	PTL_EA GBPJPY.pro,H1: initialized
0	21:12:09.854	PTL_EA XAUUSD.pro,M15: uninit reason 3
0	21:12:09.856	PTL_Sessions XAUUSD.pro,M15: uninit reason 3
0	21:12:09.856	pipsometer_5_decimal XAUUSD.pro,M15: uninit reason 3
0	21:12:09.856	PTL_Sessions XAUUSD.pro,M30: initialized
0	21:12:09.856	pipsometer_5_decimal XAUUSD.pro,M30: initialized
0	21:12:09.876	PTL_EA XAUUSD.pro,M30: initialized
0	21:12:10.965	PTL_EA XAUUSD.pro,M30: uninit reason 3
0	21:12:10.967	PTL_Sessions XAUUSD.pro,M30: uninit reason 3
0	21:12:10.967	pipsometer_5_decimal XAUUSD.pro,M30: uninit reason 3
0	21:12:10.967	PTL_Sessions XAUUSD.pro,H1: initialized
0	21:12:10.967	pipsometer_5_decimal XAUUSD.pro,H1: initialized
0	21:12:10.987	PTL_EA XAUUSD.pro,H1: initialized
0	21:17:17.568	PTL_EA XAUUSD.pro,H1: uninit reason 3
0	21:17:17.570	PTL_Sessions XAUUSD.pro,H1: uninit reason 3
0	21:17:17.570	pipsometer_5_decimal XAUUSD.pro,H1: uninit reason 3
0	21:17:17.570	PTL_Sessions XAUUSD.pro,H4: initialized
0	21:17:17.570	pipsometer_5_decimal XAUUSD.pro,H4: initialized
0	21:17:17.588	PTL_EA XAUUSD.pro,H4: initialized
0	21:17:56.724	PTL_EA XAUUSD.pro,H4: uninit reason 3
0	21:17:56.726	PTL_Sessions XAUUSD.pro,H4: uninit reason 3
0	21:17:56.726	pipsometer_5_decimal XAUUSD.pro,H4: uninit reason 3
0	21:17:56.726	PTL_Sessions XAUUSD.pro,H1: initialized
0	21:17:56.726	pipsometer_5_decimal XAUUSD.pro,H1: initialized
0	21:17:56.746	PTL_EA XAUUSD.pro,H1: initialized
0	21:43:02.137	PTL_EA XAUUSD.pro,H1: uninit reason 2
0	21:43:02.148	Expert PTL_EA XAUUSD.pro,H1: removed
0	21:43:02.164	Expert PTL_EA XAUUSD.pro,H1: loaded successfully
0	21:43:02.166	PTL_EA EURUSD.pro,M15: uninit reason 2
0	21:43:02.176	Expert PTL_EA EURUSD.pro,M15: removed
0	21:43:02.194	Expert PTL_EA EURUSD.pro,M15: loaded successfully
0	21:43:02.195	PTL_EA GBPUSD.pro,M30: uninit reason 2
0	21:43:02.205	Expert PTL_EA GBPUSD.pro,M30: removed
0	21:43:02.224	Expert PTL_EA GBPUSD.pro,M30: loaded successfully
0	21:43:02.226	PTL_EA GBPJPY.pro,H1: uninit reason 2
0	21:43:02.238	Expert PTL_EA GBPJPY.pro,H1: removed
0	21:43:02.261	Expert PTL_EA GBPJPY.pro,H1: loaded successfully
0	21:43:02.262	PTL_EA EURJPY.pro,M15: uninit reason 2
0	21:43:02.278	Expert PTL_EA EURJPY.pro,M15: removed
0	21:43:02.299	Expert PTL_EA EURJPY.pro,M15: loaded successfully
0	21:43:02.301	PTL_EA USDJPY.pro,H1: uninit reason 2
0	21:43:02.312	Expert PTL_EA USDJPY.pro,H1: removed
0	21:43:02.329	PTL_EA XAUUSD.pro,H1: initialized
0	21:43:02.335	Expert PTL_EA USDJPY.pro,H1: loaded successfully
0	21:43:02.336	PTL_EA AUDUSD.pro,M30: uninit reason 2
0	21:43:02.348	Expert PTL_EA AUDUSD.pro,M30: removed
0	21:43:02.369	Expert PTL_EA AUDUSD.pro,M30: loaded successfully
0	21:43:02.371	PTL_EA USDCAD.pro,M15: uninit reason 2
0	21:43:02.382	Expert PTL_EA USDCAD.pro,M15: removed
0	21:43:02.391	PTL_EA EURUSD.pro,M15: initialized
0	21:43:02.404	Expert PTL_EA USDCAD.pro,M15: loaded successfully
0	21:43:02.444	PTL_EA GBPUSD.pro,M30: initialized
0	21:43:02.469	PTL_EA GBPJPY.pro,H1: initialized
0	21:43:02.523	PTL_EA EURJPY.pro,M15: initialized
0	21:43:02.526	PTL_EA USDJPY.pro,H1: initialized
0	21:43:02.543	PTL_EA AUDUSD.pro,M30: initialized
0	21:43:02.559	PTL_EA USDCAD.pro,M15: initialized
0	22:00:29.556	PTL_EA GBPUSD.pro,M30: uninit reason 3
0	22:00:29.558	PTL_Sessions GBPUSD.pro,M30: uninit reason 3
0	22:00:29.558	pipsometer_5_decimal GBPUSD.pro,M30: uninit reason 3
0	22:00:29.558	PTL_Sessions GBPUSD.pro,M15: initialized
0	22:00:29.558	pipsometer_5_decimal GBPUSD.pro,M15: initialized
0	22:00:29.580	PTL_EA GBPUSD.pro,M15: initialized
0	22:02:37.397	PTL_EA XAUUSD.pro,H1: uninit reason 2
0	22:02:37.419	Expert PTL_EA XAUUSD.pro,H1: removed
0	22:02:37.436	Expert PTL_EA XAUUSD.pro,H1: loaded successfully
0	22:02:37.437	PTL_EA EURUSD.pro,M15: uninit reason 2
0	22:02:37.444	Expert PTL_EA EURUSD.pro,M15: removed
0	22:02:37.461	Expert PTL_EA EURUSD.pro,M15: loaded successfully
0	22:02:37.462	PTL_EA GBPUSD.pro,M15: uninit reason 2
0	22:02:37.475	Expert PTL_EA GBPUSD.pro,M15: removed
0	22:02:37.494	Expert PTL_EA GBPUSD.pro,M15: loaded successfully
0	22:02:37.495	PTL_EA GBPJPY.pro,H1: uninit reason 2
0	22:02:37.508	Expert PTL_EA GBPJPY.pro,H1: removed
0	22:02:37.531	Expert PTL_EA GBPJPY.pro,H1: loaded successfully
0	22:02:37.532	PTL_EA EURJPY.pro,M15: uninit reason 2
0	22:02:37.545	Expert PTL_EA EURJPY.pro,M15: removed
0	22:02:37.567	Expert PTL_EA EURJPY.pro,M15: loaded successfully
0	22:02:37.568	PTL_EA USDJPY.pro,H1: uninit reason 2
0	22:02:37.583	Expert PTL_EA USDJPY.pro,H1: removed
0	22:02:37.605	Expert PTL_EA USDJPY.pro,H1: loaded successfully
0	22:02:37.606	PTL_EA AUDUSD.pro,M30: uninit reason 2
0	22:02:37.611	PTL_EA XAUUSD.pro,H1: initialized
0	22:02:37.619	Expert PTL_EA AUDUSD.pro,M30: removed
0	22:02:37.641	Expert PTL_EA AUDUSD.pro,M30: loaded successfully
0	22:02:37.642	PTL_EA USDCAD.pro,M15: uninit reason 2
0	22:02:37.654	Expert PTL_EA USDCAD.pro,M15: removed
0	22:02:37.676	Expert PTL_EA USDCAD.pro,M15: loaded successfully
0	22:02:37.722	PTL_EA EURUSD.pro,M15: initialized
0	22:02:37.761	PTL_EA GBPUSD.pro,M15: initialized
0	22:02:37.782	PTL_EA GBPJPY.pro,H1: initialized
0	22:02:37.782	PTL_EA EURJPY.pro,M15: initialized
0	22:02:37.787	PTL_EA USDJPY.pro,H1: initialized
0	22:02:37.816	PTL_EA AUDUSD.pro,M30: initialized
0	22:02:37.838	PTL_EA USDCAD.pro,M15: initialized
0	22:03:18.449	PTL_EA XAUUSD.pro,H1: uninit reason 9
0	22:03:18.455	PTL_Sessions XAUUSD.pro,H1: uninit reason 9
0	22:03:18.455	pipsometer_5_decimal XAUUSD.pro,H1: uninit reason 9
0	22:03:18.455	PTL_EA EURUSD.pro,M15: uninit reason 9
0	22:03:18.460	PTL_Sessions EURUSD.pro,M15: uninit reason 9
0	22:03:18.460	pipsometer_5_decimal EURUSD.pro,M15: uninit reason 9
0	22:03:18.460	PTL_EA GBPUSD.pro,M15: uninit reason 9
0	22:03:18.467	PTL_Sessions GBPUSD.pro,M15: uninit reason 9
0	22:03:18.467	pipsometer_5_decimal GBPUSD.pro,M15: uninit reason 9
0	22:03:18.467	PTL_EA GBPJPY.pro,H1: uninit reason 9
0	22:03:18.474	PTL_Sessions GBPJPY.pro,H1: uninit reason 9
0	22:03:18.475	pipsometer_5_decimal GBPJPY.pro,H1: uninit reason 9
0	22:03:18.475	PTL_EA EURJPY.pro,M15: uninit reason 9
0	22:03:18.483	PTL_Sessions EURJPY.pro,M15: uninit reason 9
0	22:03:18.483	pipsometer_5_decimal EURJPY.pro,M15: uninit reason 9
0	22:03:18.483	PTL_EA USDJPY.pro,H1: uninit reason 9
0	22:03:18.492	PTL_Sessions USDJPY.pro,H1: uninit reason 9
0	22:03:18.492	pipsometer_5_decimal USDJPY.pro,H1: uninit reason 9
0	22:03:18.492	PTL_EA AUDUSD.pro,M30: uninit reason 9
0	22:03:18.501	PTL_Sessions AUDUSD.pro,M30: uninit reason 9
0	22:03:18.501	pipsometer_5_decimal AUDUSD.pro,M30: uninit reason 9
0	22:03:18.501	PTL_EA USDCAD.pro,M15: uninit reason 9
0	22:03:18.509	PTL_Sessions USDCAD.pro,M15: uninit reason 9
0	22:03:18.509	pipsometer_5_decimal USDCAD.pro,M15: uninit reason 9
0	22:03:18.676	Expert PTL_EA XAUUSD.pro,H1: removed
0	22:03:18.681	Custom indicator PTL_Sessions XAUUSD.pro,H1: removed
0	22:03:18.684	Custom indicator pipsometer_5_decimal XAUUSD.pro,H1: removed
0	22:03:18.689	Expert PTL_EA EURUSD.pro,M15: removed
0	22:03:18.696	Custom indicator PTL_Sessions EURUSD.pro,M15: removed
0	22:03:18.700	Custom indicator pipsometer_5_decimal EURUSD.pro,M15: removed
0	22:03:18.763	Expert PTL_EA GBPUSD.pro,M15: removed
0	22:03:18.768	Custom indicator PTL_Sessions GBPUSD.pro,M15: removed
0	22:03:18.771	Custom indicator pipsometer_5_decimal GBPUSD.pro,M15: removed
0	22:03:18.786	Expert PTL_EA GBPJPY.pro,H1: removed
0	22:03:18.792	Custom indicator PTL_Sessions GBPJPY.pro,H1: removed
0	22:03:18.795	Custom indicator pipsometer_5_decimal GBPJPY.pro,H1: removed
0	22:03:18.802	Expert PTL_EA EURJPY.pro,M15: removed
0	22:03:18.817	Custom indicator PTL_Sessions EURJPY.pro,M15: removed
0	22:03:18.821	Custom indicator pipsometer_5_decimal EURJPY.pro,M15: removed
0	22:03:18.828	Expert PTL_EA USDJPY.pro,H1: removed
0	22:03:18.835	Custom indicator PTL_Sessions USDJPY.pro,H1: removed
0	22:03:18.838	Custom indicator pipsometer_5_decimal USDJPY.pro,H1: removed
0	22:03:18.845	Expert PTL_EA AUDUSD.pro,M30: removed
0	22:03:18.854	Custom indicator PTL_Sessions AUDUSD.pro,M30: removed
0	22:03:18.859	Custom indicator pipsometer_5_decimal AUDUSD.pro,M30: removed
0	22:03:18.872	Expert PTL_EA USDCAD.pro,M15: removed
0	22:03:18.902	Custom indicator PTL_Sessions USDCAD.pro,M15: removed
0	22:03:18.908	Custom indicator pipsometer_5_decimal USDCAD.pro,M15: removed
