0	06:57:55.463	Custom indicator pipsometer_5_decimal XAUUSD.pro,M15: loaded successfully
0	06:57:55.484	Custom indicator PTL_Sessions XAUUSD.pro,M15: loaded successfully
0	06:57:55.506	Expert PTL_EA XAUUSD.pro,M15: loaded successfully
0	06:57:55.506	PTL_EA XAUUSD.pro,M15 inputs: InpLanguage=1; TelegramToken=927322228:AAFxIy4Tw_rfZr6LEoyO5tocsMNBxwNXIHI; TelegramNotification=true; Pair_suffix=; InpUpdateMode=1; InpTemplates=ptl_screenshot;ptl_screenshot_zoom; 
0	06:57:55.560	pipsometer_5_decimal XAUUSD.pro,M15: initialized
0	06:57:55.598	PTL_Sessions XAUUSD.pro,M15: initialized
0	06:57:55.639	Custom indicator pipsometer_5_decimal EURUSD.pro,M15: loaded successfully
0	06:57:55.653	Custom indicator PTL_Sessions EURUSD.pro,M15: loaded successfully
0	06:57:55.667	Expert PTL_EA EURUSD.pro,M15: loaded successfully
0	06:57:55.667	PTL_EA EURUSD.pro,M15 inputs: InpLanguage=1; TelegramToken=927322228:AAFxIy4Tw_rfZr6LEoyO5tocsMNBxwNXIHI; TelegramNotification=true; Pair_suffix=; InpUpdateMode=1; InpTemplates=ptl_screenshot;ptl_screenshot_zoom; 
0	06:57:55.719	pipsometer_5_decimal EURUSD.pro,M15: initialized
0	06:57:55.754	PTL_Sessions EURUSD.pro,M15: initialized
0	06:57:55.813	Custom indicator pipsometer_5_decimal GBPUSD.pro,M15: loaded successfully
0	06:57:55.836	Custom indicator PTL_Sessions GBPUSD.pro,M15: loaded successfully
0	06:57:55.862	Expert PTL_EA GBPUSD.pro,M15: loaded successfully
0	06:57:55.862	PTL_EA GBPUSD.pro,M15 inputs: InpLanguage=1; TelegramToken=927322228:AAFxIy4Tw_rfZr6LEoyO5tocsMNBxwNXIHI; TelegramNotification=true; Pair_suffix=; InpUpdateMode=1; InpTemplates=ptl_screenshot;ptl_screenshot_zoom; 
0	06:57:56.286	pipsometer_5_decimal GBPUSD.pro,M15: initialized
0	06:57:56.314	PTL_Sessions GBPUSD.pro,M15: initialized
0	06:57:56.361	Custom indicator pipsometer_5_decimal GBPJPY.pro,M15: loaded successfully
0	06:57:56.375	Custom indicator PTL_Sessions GBPJPY.pro,M15: loaded successfully
0	06:57:56.389	Expert PTL_EA GBPJPY.pro,M15: loaded successfully
0	06:57:56.389	PTL_EA GBPJPY.pro,M15 inputs: InpLanguage=1; TelegramToken=927322228:AAFxIy4Tw_rfZr6LEoyO5tocsMNBxwNXIHI; TelegramNotification=true; Pair_suffix=; InpUpdateMode=1; InpTemplates=ptl_screenshot;ptl_screenshot_zoom; 
0	06:57:56.426	pipsometer_5_decimal GBPJPY.pro,M15: initialized
0	06:57:56.453	PTL_Sessions GBPJPY.pro,M15: initialized
0	06:57:56.501	Custom indicator pipsometer_5_decimal EURJPY.pro,M15: loaded successfully
0	06:57:56.514	Custom indicator PTL_Sessions EURJPY.pro,M15: loaded successfully
0	06:57:56.528	Expert PTL_EA EURJPY.pro,M15: loaded successfully
0	06:57:56.528	PTL_EA EURJPY.pro,M15 inputs: InpLanguage=1; TelegramToken=927322228:AAFxIy4Tw_rfZr6LEoyO5tocsMNBxwNXIHI; TelegramNotification=true; Pair_suffix=; InpUpdateMode=1; InpTemplates=ptl_screenshot;ptl_screenshot_zoom; 
0	06:57:56.563	pipsometer_5_decimal EURJPY.pro,M15: initialized
0	06:57:56.591	PTL_Sessions EURJPY.pro,M15: initialized
0	06:57:56.640	Custom indicator pipsometer_5_decimal USDJPY.pro,M15: loaded successfully
0	06:57:56.654	Custom indicator PTL_Sessions USDJPY.pro,M15: loaded successfully
0	06:57:56.669	Expert PTL_EA USDJPY.pro,M15: loaded successfully
0	06:57:56.669	PTL_EA USDJPY.pro,M15 inputs: InpLanguage=1; TelegramToken=927322228:AAFxIy4Tw_rfZr6LEoyO5tocsMNBxwNXIHI; TelegramNotification=true; Pair_suffix=; InpUpdateMode=1; InpTemplates=ptl_screenshot;ptl_screenshot_zoom; 
0	06:57:56.703	pipsometer_5_decimal USDJPY.pro,M15: initialized
0	06:57:56.730	PTL_Sessions USDJPY.pro,M15: initialized
0	06:57:56.782	Custom indicator pipsometer_5_decimal AUDUSD.pro,M15: loaded successfully
0	06:57:56.795	Custom indicator PTL_Sessions AUDUSD.pro,M15: loaded successfully
0	06:57:56.809	Expert PTL_EA AUDUSD.pro,M15: loaded successfully
0	06:57:56.809	PTL_EA AUDUSD.pro,M15 inputs: InpLanguage=1; TelegramToken=927322228:AAFxIy4Tw_rfZr6LEoyO5tocsMNBxwNXIHI; TelegramNotification=true; Pair_suffix=; InpUpdateMode=1; InpTemplates=ptl_screenshot;ptl_screenshot_zoom; 
0	06:57:56.844	pipsometer_5_decimal AUDUSD.pro,M15: initialized
0	06:57:56.874	PTL_Sessions AUDUSD.pro,M15: initialized
0	06:57:56.924	Custom indicator pipsometer_5_decimal USDCAD.pro,M15: loaded successfully
0	06:57:56.937	Custom indicator PTL_Sessions USDCAD.pro,M15: loaded successfully
0	06:57:56.951	Expert PTL_EA USDCAD.pro,M15: loaded successfully
0	06:57:56.951	PTL_EA USDCAD.pro,M15 inputs: InpLanguage=1; TelegramToken=927322228:AAFxIy4Tw_rfZr6LEoyO5tocsMNBxwNXIHI; TelegramNotification=true; Pair_suffix=; InpUpdateMode=1; InpTemplates=ptl_screenshot;ptl_screenshot_zoom; 
0	06:57:56.985	pipsometer_5_decimal USDCAD.pro,M15: initialized
0	06:57:57.012	PTL_Sessions USDCAD.pro,M15: initialized
0	06:57:57.059	Custom indicator pipsometer_5_decimal GBPAUD.pro,M30: loaded successfully
0	06:57:57.074	Custom indicator PTL_Sessions GBPAUD.pro,M30: loaded successfully
0	06:57:57.088	Expert PTL_EA GBPAUD.pro,M30: loaded successfully
0	06:57:57.088	PTL_EA GBPAUD.pro,M30 inputs: InpLanguage=1; TelegramToken=927322228:AAFxIy4Tw_rfZr6LEoyO5tocsMNBxwNXIHI; TelegramNotification=true; Pair_suffix=; InpUpdateMode=1; InpTemplates=ptl_screenshot;ptl_screenshot_zoom; 
0	06:57:57.121	pipsometer_5_decimal GBPAUD.pro,M30: initialized
0	06:57:57.149	PTL_Sessions GBPAUD.pro,M30: initialized
0	06:58:02.887	PTL_EA EURUSD.pro,M15: initialized
0	06:58:02.898	PTL_EA USDCAD.pro,M15: initialized
0	06:58:02.901	PTL_EA GBPAUD.pro,M30: initialized
0	06:58:02.938	PTL_EA EURJPY.pro,M15: initialized
0	06:58:02.938	PTL_EA USDJPY.pro,M15: initialized
0	06:58:02.939	PTL_EA GBPUSD.pro,M15: initialized
0	06:58:02.967	PTL_EA GBPJPY.pro,M15: initialized
0	06:58:03.015	PTL_EA XAUUSD.pro,M15: initialized
0	06:58:03.017	PTL_EA AUDUSD.pro,M15: initialized
0	07:00:38.871	PTL_EA XAUUSD.pro,M15: uninit reason 3
0	07:00:38.873	pipsometer_5_decimal XAUUSD.pro,M15: uninit reason 3
0	07:00:38.873	PTL_Sessions XAUUSD.pro,M15: uninit reason 3
0	07:00:38.873	pipsometer_5_decimal XAUUSD.pro,M30: initialized
0	07:00:38.873	PTL_Sessions XAUUSD.pro,M30: initialized
0	07:00:38.890	PTL_EA XAUUSD.pro,M30: initialized
0	07:01:41.448	PTL_EA XAUUSD.pro,M30: uninit reason 3
0	07:01:41.450	pipsometer_5_decimal XAUUSD.pro,M30: uninit reason 3
0	07:01:41.450	PTL_Sessions XAUUSD.pro,M30: uninit reason 3
0	07:01:41.450	pipsometer_5_decimal XAUUSD.pro,M15: initialized
0	07:01:41.450	PTL_Sessions XAUUSD.pro,M15: initialized
0	07:01:41.471	PTL_EA XAUUSD.pro,M15: initialized
0	07:03:45.205	PTL_EA GBPUSD.pro,M15: uninit reason 3
0	07:03:45.207	pipsometer_5_decimal GBPUSD.pro,M15: uninit reason 3
0	07:03:45.207	PTL_Sessions GBPUSD.pro,M15: uninit reason 3
0	07:03:45.207	pipsometer_5_decimal GBPUSD.pro,M30: initialized
0	07:03:45.207	PTL_Sessions GBPUSD.pro,M30: initialized
0	07:03:45.225	PTL_EA GBPUSD.pro,M30: initialized
0	07:03:46.531	PTL_EA GBPUSD.pro,M30: uninit reason 3
0	07:03:46.533	pipsometer_5_decimal GBPUSD.pro,M30: uninit reason 3
0	07:03:46.533	PTL_Sessions GBPUSD.pro,M30: uninit reason 3
0	07:03:46.533	pipsometer_5_decimal GBPUSD.pro,M15: initialized
0	07:03:46.533	PTL_Sessions GBPUSD.pro,M15: initialized
0	07:03:46.550	PTL_EA GBPUSD.pro,M15: initialized
0	07:29:12.120	PTL_EA EURUSD.pro,M15: uninit reason 3
0	07:29:12.122	pipsometer_5_decimal EURUSD.pro,M15: uninit reason 3
0	07:29:12.122	PTL_Sessions EURUSD.pro,M15: uninit reason 3
0	07:29:12.123	pipsometer_5_decimal EURUSD.pro,M5: initialized
0	07:29:12.123	PTL_Sessions EURUSD.pro,M5: initialized
0	07:29:12.140	PTL_EA EURUSD.pro,M5: initialized
0	07:29:13.053	PTL_EA EURUSD.pro,M5: uninit reason 3
0	07:29:13.055	pipsometer_5_decimal EURUSD.pro,M5: uninit reason 3
0	07:29:13.055	PTL_Sessions EURUSD.pro,M5: uninit reason 3
0	07:29:13.055	pipsometer_5_decimal EURUSD.pro,M15: initialized
0	07:29:13.055	PTL_Sessions EURUSD.pro,M15: initialized
0	07:29:13.077	PTL_EA EURUSD.pro,M15: initialized
0	07:35:28.031	PTL_EA GBPUSD.pro,M15: uninit reason 3
0	07:35:28.033	pipsometer_5_decimal GBPUSD.pro,M15: uninit reason 3
0	07:35:28.033	PTL_Sessions GBPUSD.pro,M15: uninit reason 3
0	07:35:28.033	pipsometer_5_decimal GBPUSD.pro,M30: initialized
0	07:35:28.033	PTL_Sessions GBPUSD.pro,M30: initialized
0	07:35:28.051	PTL_EA GBPUSD.pro,M30: initialized
0	07:36:22.950	PTL_EA GBPUSD.pro,M30: uninit reason 3
0	07:36:22.952	pipsometer_5_decimal GBPUSD.pro,M30: uninit reason 3
0	07:36:22.952	PTL_Sessions GBPUSD.pro,M30: uninit reason 3
0	07:36:22.952	pipsometer_5_decimal GBPUSD.pro,H1: initialized
0	07:36:22.952	PTL_Sessions GBPUSD.pro,H1: initialized
0	07:36:22.970	PTL_EA GBPUSD.pro,H1: initialized
0	07:36:26.306	PTL_EA GBPUSD.pro,H1: uninit reason 3
0	07:36:26.308	pipsometer_5_decimal GBPUSD.pro,H1: uninit reason 3
0	07:36:26.308	PTL_Sessions GBPUSD.pro,H1: uninit reason 3
0	07:36:26.308	pipsometer_5_decimal GBPUSD.pro,M15: initialized
0	07:36:26.308	PTL_Sessions GBPUSD.pro,M15: initialized
0	07:36:26.325	PTL_EA GBPUSD.pro,M15: initialized
0	07:36:35.520	PTL_EA GBPUSD.pro,M15: uninit reason 3
0	07:36:35.522	pipsometer_5_decimal GBPUSD.pro,M15: uninit reason 3
0	07:36:35.522	PTL_Sessions GBPUSD.pro,M15: uninit reason 3
0	07:36:35.522	pipsometer_5_decimal GBPUSD.pro,M30: initialized
0	07:36:35.522	PTL_Sessions GBPUSD.pro,M30: initialized
0	07:36:35.539	PTL_EA GBPUSD.pro,M30: initialized
0	07:37:22.101	PTL_EA GBPUSD.pro,M30: uninit reason 3
0	07:37:22.103	pipsometer_5_decimal GBPUSD.pro,M30: uninit reason 3
0	07:37:22.103	PTL_Sessions GBPUSD.pro,M30: uninit reason 3
0	07:37:22.103	pipsometer_5_decimal GBPUSD.pro,H1: initialized
0	07:37:22.103	PTL_Sessions GBPUSD.pro,H1: initialized
0	07:37:22.124	PTL_EA GBPUSD.pro,H1: initialized
0	07:37:24.684	PTL_EA GBPUSD.pro,H1: uninit reason 3
0	07:37:24.686	pipsometer_5_decimal GBPUSD.pro,H1: uninit reason 3
0	07:37:24.686	PTL_Sessions GBPUSD.pro,H1: uninit reason 3
0	07:37:24.686	pipsometer_5_decimal GBPUSD.pro,M30: initialized
0	07:37:24.686	PTL_Sessions GBPUSD.pro,M30: initialized
0	07:37:24.702	PTL_EA GBPUSD.pro,M30: initialized
0	07:37:25.149	PTL_EA GBPUSD.pro,M30: uninit reason 3
0	07:37:25.151	pipsometer_5_decimal GBPUSD.pro,M30: uninit reason 3
0	07:37:25.151	PTL_Sessions GBPUSD.pro,M30: uninit reason 3
0	07:37:25.151	pipsometer_5_decimal GBPUSD.pro,M15: initialized
0	07:37:25.151	PTL_Sessions GBPUSD.pro,M15: initialized
0	07:37:25.167	PTL_EA GBPUSD.pro,M15: initialized
0	07:38:24.278	PTL_EA GBPUSD.pro,M15: uninit reason 3
0	07:38:24.280	pipsometer_5_decimal GBPUSD.pro,M15: uninit reason 3
0	07:38:24.280	PTL_Sessions GBPUSD.pro,M15: uninit reason 3
0	07:38:24.280	pipsometer_5_decimal GBPUSD.pro,H1: initialized
0	07:38:24.280	PTL_Sessions GBPUSD.pro,H1: initialized
0	07:38:24.298	PTL_EA GBPUSD.pro,H1: initialized
0	07:38:35.270	PTL_EA GBPUSD.pro,H1: uninit reason 3
0	07:38:35.272	pipsometer_5_decimal GBPUSD.pro,H1: uninit reason 3
0	07:38:35.272	PTL_Sessions GBPUSD.pro,H1: uninit reason 3
0	07:38:35.272	pipsometer_5_decimal GBPUSD.pro,M15: initialized
0	07:38:35.272	PTL_Sessions GBPUSD.pro,M15: initialized
0	07:38:35.288	PTL_EA GBPUSD.pro,M15: initialized
0	12:17:25.076	PTL_EA EURUSD.pro,M15: uninit reason 3
0	12:17:25.078	pipsometer_5_decimal EURUSD.pro,M15: uninit reason 3
0	12:17:25.078	PTL_Sessions EURUSD.pro,M15: uninit reason 3
0	12:17:25.078	pipsometer_5_decimal EURUSD.pro,M30: initialized
0	12:17:25.078	PTL_Sessions EURUSD.pro,M30: initialized
0	12:17:25.097	PTL_EA EURUSD.pro,M30: initialized
0	12:17:26.097	PTL_EA EURUSD.pro,M30: uninit reason 3
0	12:17:26.099	pipsometer_5_decimal EURUSD.pro,M30: uninit reason 3
0	12:17:26.099	PTL_Sessions EURUSD.pro,M30: uninit reason 3
0	12:17:26.099	pipsometer_5_decimal EURUSD.pro,M15: initialized
0	12:17:26.099	PTL_Sessions EURUSD.pro,M15: initialized
0	12:17:26.115	PTL_EA EURUSD.pro,M15: initialized
0	12:51:36.956	PTL_EA GBPUSD.pro,M15: uninit reason 3
0	12:51:36.958	pipsometer_5_decimal GBPUSD.pro,M15: uninit reason 3
0	12:51:36.958	PTL_Sessions GBPUSD.pro,M15: uninit reason 3
0	12:51:36.958	pipsometer_5_decimal GBPUSD.pro,M30: initialized
0	12:51:36.958	PTL_Sessions GBPUSD.pro,M30: initialized
0	12:51:36.976	PTL_EA GBPUSD.pro,M30: initialized
0	12:51:39.308	PTL_EA GBPUSD.pro,M30: uninit reason 3
0	12:51:39.310	pipsometer_5_decimal GBPUSD.pro,M30: uninit reason 3
0	12:51:39.310	PTL_Sessions GBPUSD.pro,M30: uninit reason 3
0	12:51:39.311	pipsometer_5_decimal GBPUSD.pro,M5: initialized
0	12:51:39.311	PTL_Sessions GBPUSD.pro,M5: initialized
0	12:51:39.326	PTL_EA GBPUSD.pro,M5: initialized
0	12:51:39.765	PTL_EA GBPUSD.pro,M5: uninit reason 3
0	12:51:39.767	pipsometer_5_decimal GBPUSD.pro,M5: uninit reason 3
0	12:51:39.767	PTL_Sessions GBPUSD.pro,M5: uninit reason 3
0	12:51:39.767	pipsometer_5_decimal GBPUSD.pro,M15: initialized
0	12:51:39.767	PTL_Sessions GBPUSD.pro,M15: initialized
0	12:51:39.783	PTL_EA GBPUSD.pro,M15: initialized
0	12:51:54.021	PTL_EA GBPJPY.pro,M15: uninit reason 3
0	12:51:54.023	pipsometer_5_decimal GBPJPY.pro,M15: uninit reason 3
0	12:51:54.023	PTL_Sessions GBPJPY.pro,M15: uninit reason 3
0	12:51:54.023	pipsometer_5_decimal GBPJPY.pro,M30: initialized
0	12:51:54.023	PTL_Sessions GBPJPY.pro,M30: initialized
0	12:51:54.039	PTL_EA GBPJPY.pro,M30: initialized
0	12:51:55.519	PTL_EA GBPJPY.pro,M30: uninit reason 3
0	12:51:55.521	pipsometer_5_decimal GBPJPY.pro,M30: uninit reason 3
0	12:51:55.521	PTL_Sessions GBPJPY.pro,M30: uninit reason 3
0	12:51:55.521	pipsometer_5_decimal GBPJPY.pro,M15: initialized
0	12:51:55.521	PTL_Sessions GBPJPY.pro,M15: initialized
0	12:51:55.537	PTL_EA GBPJPY.pro,M15: initialized
0	12:52:20.173	PTL_EA XAUUSD.pro,M15: uninit reason 9
0	12:52:20.192	pipsometer_5_decimal XAUUSD.pro,M15: uninit reason 9
0	12:52:20.192	PTL_Sessions XAUUSD.pro,M15: uninit reason 9
0	12:52:20.192	PTL_EA EURUSD.pro,M15: uninit reason 9
0	12:52:20.200	pipsometer_5_decimal EURUSD.pro,M15: uninit reason 9
0	12:52:20.200	PTL_Sessions EURUSD.pro,M15: uninit reason 9
0	12:52:20.200	PTL_EA GBPUSD.pro,M15: uninit reason 9
0	12:52:20.206	pipsometer_5_decimal GBPUSD.pro,M15: uninit reason 9
0	12:52:20.206	PTL_Sessions GBPUSD.pro,M15: uninit reason 9
0	12:52:20.206	PTL_EA GBPJPY.pro,M15: uninit reason 9
0	12:52:20.211	pipsometer_5_decimal GBPJPY.pro,M15: uninit reason 9
0	12:52:20.211	PTL_Sessions GBPJPY.pro,M15: uninit reason 9
0	12:52:20.211	PTL_EA EURJPY.pro,M15: uninit reason 9
0	12:52:20.218	pipsometer_5_decimal EURJPY.pro,M15: uninit reason 9
0	12:52:20.218	PTL_Sessions EURJPY.pro,M15: uninit reason 9
0	12:52:20.218	PTL_EA USDJPY.pro,M15: uninit reason 9
0	12:52:20.223	pipsometer_5_decimal USDJPY.pro,M15: uninit reason 9
0	12:52:20.223	PTL_Sessions USDJPY.pro,M15: uninit reason 9
0	12:52:20.224	PTL_EA AUDUSD.pro,M15: uninit reason 9
0	12:52:20.231	pipsometer_5_decimal AUDUSD.pro,M15: uninit reason 9
0	12:52:20.231	PTL_Sessions AUDUSD.pro,M15: uninit reason 9
0	12:52:20.231	PTL_EA USDCAD.pro,M15: uninit reason 9
0	12:52:20.238	pipsometer_5_decimal USDCAD.pro,M15: uninit reason 9
0	12:52:20.238	PTL_Sessions USDCAD.pro,M15: uninit reason 9
0	12:52:20.238	PTL_EA GBPAUD.pro,M30: uninit reason 9
0	12:52:20.249	pipsometer_5_decimal GBPAUD.pro,M30: uninit reason 9
0	12:52:20.249	PTL_Sessions GBPAUD.pro,M30: uninit reason 9
0	12:52:20.862	Expert PTL_EA XAUUSD.pro,M15: removed
0	12:52:20.867	Custom indicator pipsometer_5_decimal XAUUSD.pro,M15: removed
0	12:52:20.869	Custom indicator PTL_Sessions XAUUSD.pro,M15: removed
0	12:52:20.875	Expert PTL_EA EURUSD.pro,M15: removed
0	12:52:20.879	Custom indicator pipsometer_5_decimal EURUSD.pro,M15: removed
0	12:52:20.883	Custom indicator PTL_Sessions EURUSD.pro,M15: removed
0	12:52:20.888	Expert PTL_EA GBPUSD.pro,M15: removed
0	12:52:20.893	Custom indicator pipsometer_5_decimal GBPUSD.pro,M15: removed
0	12:52:20.898	Custom indicator PTL_Sessions GBPUSD.pro,M15: removed
0	12:52:20.918	Expert PTL_EA GBPJPY.pro,M15: removed
0	12:52:20.923	Custom indicator pipsometer_5_decimal GBPJPY.pro,M15: removed
0	12:52:20.927	Custom indicator PTL_Sessions GBPJPY.pro,M15: removed
0	12:52:20.933	Expert PTL_EA EURJPY.pro,M15: removed
0	12:52:20.938	Custom indicator pipsometer_5_decimal EURJPY.pro,M15: removed
0	12:52:20.941	Custom indicator PTL_Sessions EURJPY.pro,M15: removed
0	12:52:20.958	Expert PTL_EA USDJPY.pro,M15: removed
0	12:52:20.962	Custom indicator pipsometer_5_decimal USDJPY.pro,M15: removed
0	12:52:20.964	Custom indicator PTL_Sessions USDJPY.pro,M15: removed
0	12:52:20.970	Expert PTL_EA AUDUSD.pro,M15: removed
0	12:52:20.973	Custom indicator pipsometer_5_decimal AUDUSD.pro,M15: removed
0	12:52:20.976	Custom indicator PTL_Sessions AUDUSD.pro,M15: removed
0	12:52:20.990	Expert PTL_EA USDCAD.pro,M15: removed
0	12:52:20.995	Custom indicator pipsometer_5_decimal USDCAD.pro,M15: removed
0	12:52:20.998	Custom indicator PTL_Sessions USDCAD.pro,M15: removed
0	12:52:21.005	Expert PTL_EA GBPAUD.pro,M30: removed
0	12:52:21.010	Custom indicator pipsometer_5_decimal GBPAUD.pro,M30: removed
0	12:52:21.013	Custom indicator PTL_Sessions GBPAUD.pro,M30: removed
0	14:45:16.850	Custom indicator pipsometer_5_decimal XAUUSD.pro,M15: loaded successfully
0	14:45:16.864	Custom indicator PTL_Sessions XAUUSD.pro,M15: loaded successfully
0	14:45:16.879	Expert PTL_EA XAUUSD.pro,M15: loaded successfully
0	14:45:16.879	PTL_EA XAUUSD.pro,M15 inputs: InpLanguage=1; TelegramToken=927322228:AAFxIy4Tw_rfZr6LEoyO5tocsMNBxwNXIHI; TelegramNotification=true; Pair_suffix=; InpUpdateMode=1; InpTemplates=ptl_screenshot;ptl_screenshot_zoom; 
0	14:45:16.921	pipsometer_5_decimal XAUUSD.pro,M15: initialized
0	14:45:16.949	PTL_Sessions XAUUSD.pro,M15: initialized
0	14:45:16.991	Custom indicator pipsometer_5_decimal EURUSD.pro,M15: loaded successfully
0	14:45:17.004	Custom indicator PTL_Sessions EURUSD.pro,M15: loaded successfully
0	14:45:17.021	Expert PTL_EA EURUSD.pro,M15: loaded successfully
0	14:45:17.021	PTL_EA EURUSD.pro,M15 inputs: InpLanguage=1; TelegramToken=927322228:AAFxIy4Tw_rfZr6LEoyO5tocsMNBxwNXIHI; TelegramNotification=true; Pair_suffix=; InpUpdateMode=1; InpTemplates=ptl_screenshot;ptl_screenshot_zoom; 
0	14:45:17.058	pipsometer_5_decimal EURUSD.pro,M15: initialized
0	14:45:17.088	PTL_Sessions EURUSD.pro,M15: initialized
0	14:45:17.133	Custom indicator pipsometer_5_decimal GBPUSD.pro,M15: loaded successfully
0	14:45:17.146	Custom indicator PTL_Sessions GBPUSD.pro,M15: loaded successfully
0	14:45:17.162	Expert PTL_EA GBPUSD.pro,M15: loaded successfully
0	14:45:17.162	PTL_EA GBPUSD.pro,M15 inputs: InpLanguage=1; TelegramToken=927322228:AAFxIy4Tw_rfZr6LEoyO5tocsMNBxwNXIHI; TelegramNotification=true; Pair_suffix=; InpUpdateMode=1; InpTemplates=ptl_screenshot;ptl_screenshot_zoom; 
0	14:45:17.483	pipsometer_5_decimal GBPUSD.pro,M15: initialized
0	14:45:17.511	PTL_Sessions GBPUSD.pro,M15: initialized
0	14:45:17.554	Custom indicator pipsometer_5_decimal GBPJPY.pro,M15: loaded successfully
0	14:45:17.568	Custom indicator PTL_Sessions GBPJPY.pro,M15: loaded successfully
0	14:45:17.582	Expert PTL_EA GBPJPY.pro,M15: loaded successfully
0	14:45:17.582	PTL_EA GBPJPY.pro,M15 inputs: InpLanguage=1; TelegramToken=927322228:AAFxIy4Tw_rfZr6LEoyO5tocsMNBxwNXIHI; TelegramNotification=true; Pair_suffix=; InpUpdateMode=1; InpTemplates=ptl_screenshot;ptl_screenshot_zoom; 
0	14:45:17.617	pipsometer_5_decimal GBPJPY.pro,M15: initialized
0	14:45:17.647	PTL_Sessions GBPJPY.pro,M15: initialized
0	14:45:17.731	Custom indicator pipsometer_5_decimal EURJPY.pro,M15: loaded successfully
0	14:45:17.749	Custom indicator PTL_Sessions EURJPY.pro,M15: loaded successfully
0	14:45:17.779	Expert PTL_EA EURJPY.pro,M15: loaded successfully
0	14:45:17.779	PTL_EA EURJPY.pro,M15 inputs: InpLanguage=1; TelegramToken=927322228:AAFxIy4Tw_rfZr6LEoyO5tocsMNBxwNXIHI; TelegramNotification=true; Pair_suffix=; InpUpdateMode=1; InpTemplates=ptl_screenshot;ptl_screenshot_zoom; 
0	14:45:17.834	pipsometer_5_decimal EURJPY.pro,M15: initialized
0	14:45:17.867	PTL_Sessions EURJPY.pro,M15: initialized
0	14:45:17.934	Custom indicator pipsometer_5_decimal USDJPY.pro,M15: loaded successfully
0	14:45:17.950	Custom indicator PTL_Sessions USDJPY.pro,M15: loaded successfully
0	14:45:17.967	Expert PTL_EA USDJPY.pro,M15: loaded successfully
0	14:45:17.967	PTL_EA USDJPY.pro,M15 inputs: InpLanguage=1; TelegramToken=927322228:AAFxIy4Tw_rfZr6LEoyO5tocsMNBxwNXIHI; TelegramNotification=true; Pair_suffix=; InpUpdateMode=1; InpTemplates=ptl_screenshot;ptl_screenshot_zoom; 
0	14:45:18.011	pipsometer_5_decimal USDJPY.pro,M15: initialized
0	14:45:18.046	PTL_Sessions USDJPY.pro,M15: initialized
0	14:45:18.111	Custom indicator pipsometer_5_decimal AUDUSD.pro,M15: loaded successfully
0	14:45:18.128	Custom indicator PTL_Sessions AUDUSD.pro,M15: loaded successfully
0	14:45:18.143	Expert PTL_EA AUDUSD.pro,M15: loaded successfully
0	14:45:18.143	PTL_EA AUDUSD.pro,M15 inputs: InpLanguage=1; TelegramToken=927322228:AAFxIy4Tw_rfZr6LEoyO5tocsMNBxwNXIHI; TelegramNotification=true; Pair_suffix=; InpUpdateMode=1; InpTemplates=ptl_screenshot;ptl_screenshot_zoom; 
0	14:45:18.182	pipsometer_5_decimal AUDUSD.pro,M15: initialized
0	14:45:18.211	PTL_Sessions AUDUSD.pro,M15: initialized
0	14:45:18.270	Custom indicator pipsometer_5_decimal USDCAD.pro,M15: loaded successfully
0	14:45:18.284	Custom indicator PTL_Sessions USDCAD.pro,M15: loaded successfully
0	14:45:18.300	Expert PTL_EA USDCAD.pro,M15: loaded successfully
0	14:45:18.300	PTL_EA USDCAD.pro,M15 inputs: InpLanguage=1; TelegramToken=927322228:AAFxIy4Tw_rfZr6LEoyO5tocsMNBxwNXIHI; TelegramNotification=true; Pair_suffix=; InpUpdateMode=1; InpTemplates=ptl_screenshot;ptl_screenshot_zoom; 
0	14:45:18.340	pipsometer_5_decimal USDCAD.pro,M15: initialized
0	14:45:18.369	PTL_Sessions USDCAD.pro,M15: initialized
0	14:45:18.441	Custom indicator pipsometer_5_decimal GBPAUD.pro,M30: loaded successfully
0	14:45:18.454	Custom indicator PTL_Sessions GBPAUD.pro,M30: loaded successfully
0	14:45:18.469	Expert PTL_EA GBPAUD.pro,M30: loaded successfully
0	14:45:18.469	PTL_EA GBPAUD.pro,M30 inputs: InpLanguage=1; TelegramToken=927322228:AAFxIy4Tw_rfZr6LEoyO5tocsMNBxwNXIHI; TelegramNotification=true; Pair_suffix=; InpUpdateMode=1; InpTemplates=ptl_screenshot;ptl_screenshot_zoom; 
0	14:45:18.505	pipsometer_5_decimal GBPAUD.pro,M30: initialized
0	14:45:18.536	PTL_Sessions GBPAUD.pro,M30: initialized
0	14:45:27.335	PTL_EA EURUSD.pro,M15: initialized
0	14:45:27.369	PTL_EA USDCAD.pro,M15: initialized
0	14:45:27.371	PTL_EA GBPAUD.pro,M30: initialized
0	14:45:27.372	PTL_EA EURJPY.pro,M15: initialized
0	14:45:27.432	PTL_EA GBPUSD.pro,M15: initialized
0	14:45:27.465	PTL_EA GBPJPY.pro,M15: initialized
0	14:45:27.466	PTL_EA XAUUSD.pro,M15: initialized
0	14:45:27.495	PTL_EA AUDUSD.pro,M15: initialized
0	14:45:27.495	PTL_EA USDJPY.pro,M15: initialized
0	15:11:07.674	PTL_EA GBPUSD.pro,M15: uninit reason 3
0	15:11:07.676	pipsometer_5_decimal GBPUSD.pro,M15: uninit reason 3
0	15:11:07.676	PTL_Sessions GBPUSD.pro,M15: uninit reason 3
0	15:11:07.676	pipsometer_5_decimal GBPUSD.pro,M30: initialized
0	15:11:07.676	PTL_Sessions GBPUSD.pro,M30: initialized
0	15:11:07.696	PTL_EA GBPUSD.pro,M30: initialized
0	15:11:08.295	PTL_EA GBPUSD.pro,M30: uninit reason 3
0	15:11:08.297	pipsometer_5_decimal GBPUSD.pro,M30: uninit reason 3
0	15:11:08.297	PTL_Sessions GBPUSD.pro,M30: uninit reason 3
0	15:11:08.297	pipsometer_5_decimal GBPUSD.pro,M15: initialized
0	15:11:08.297	PTL_Sessions GBPUSD.pro,M15: initialized
0	15:11:08.312	PTL_EA GBPUSD.pro,M15: initialized
0	15:15:19.099	PTL_EA GBPUSD.pro,M15: uninit reason 3
0	15:15:19.101	pipsometer_5_decimal GBPUSD.pro,M15: uninit reason 3
0	15:15:19.101	PTL_Sessions GBPUSD.pro,M15: uninit reason 3
0	15:15:19.101	pipsometer_5_decimal GBPUSD.pro,M30: initialized
0	15:15:19.101	PTL_Sessions GBPUSD.pro,M30: initialized
0	15:15:19.120	PTL_EA GBPUSD.pro,M30: initialized
0	15:15:20.193	PTL_EA GBPUSD.pro,M30: uninit reason 3
0	15:15:20.195	pipsometer_5_decimal GBPUSD.pro,M30: uninit reason 3
0	15:15:20.195	PTL_Sessions GBPUSD.pro,M30: uninit reason 3
0	15:15:20.195	pipsometer_5_decimal GBPUSD.pro,M15: initialized
0	15:15:20.195	PTL_Sessions GBPUSD.pro,M15: initialized
0	15:15:20.212	PTL_EA GBPUSD.pro,M15: initialized
0	15:43:57.353	PTL_EA GBPJPY.pro,M15: uninit reason 3
0	15:43:57.355	pipsometer_5_decimal GBPJPY.pro,M15: uninit reason 3
0	15:43:57.355	PTL_Sessions GBPJPY.pro,M15: uninit reason 3
0	15:43:57.355	pipsometer_5_decimal GBPJPY.pro,M30: initialized
0	15:43:57.355	PTL_Sessions GBPJPY.pro,M30: initialized
0	15:43:57.373	PTL_EA GBPJPY.pro,M30: initialized
0	15:43:58.382	PTL_EA GBPJPY.pro,M30: uninit reason 3
0	15:43:58.384	pipsometer_5_decimal GBPJPY.pro,M30: uninit reason 3
0	15:43:58.384	PTL_Sessions GBPJPY.pro,M30: uninit reason 3
0	15:43:58.384	pipsometer_5_decimal GBPJPY.pro,M15: initialized
0	15:43:58.384	PTL_Sessions GBPJPY.pro,M15: initialized
0	15:43:58.403	PTL_EA GBPJPY.pro,M15: initialized
0	15:44:51.255	PTL_EA EURJPY.pro,M15: uninit reason 3
0	15:44:51.257	pipsometer_5_decimal EURJPY.pro,M15: uninit reason 3
0	15:44:51.257	PTL_Sessions EURJPY.pro,M15: uninit reason 3
0	15:44:51.258	pipsometer_5_decimal EURJPY.pro,M5: initialized
0	15:44:51.258	PTL_Sessions EURJPY.pro,M5: initialized
0	15:44:51.274	PTL_EA EURJPY.pro,M5: initialized
0	15:44:52.148	PTL_EA EURJPY.pro,M5: uninit reason 3
0	15:44:52.150	pipsometer_5_decimal EURJPY.pro,M5: uninit reason 3
0	15:44:52.150	PTL_Sessions EURJPY.pro,M5: uninit reason 3
0	15:44:52.150	pipsometer_5_decimal EURJPY.pro,M15: initialized
0	15:44:52.150	PTL_Sessions EURJPY.pro,M15: initialized
0	15:44:52.167	PTL_EA EURJPY.pro,M15: initialized
0	17:57:27.583	PTL_EA GBPUSD.pro,M15: uninit reason 3
0	17:57:27.585	pipsometer_5_decimal GBPUSD.pro,M15: uninit reason 3
0	17:57:27.585	PTL_Sessions GBPUSD.pro,M15: uninit reason 3
0	17:57:27.585	pipsometer_5_decimal GBPUSD.pro,M30: initialized
0	17:57:27.585	PTL_Sessions GBPUSD.pro,M30: initialized
0	17:57:27.602	PTL_EA GBPUSD.pro,M30: initialized
0	17:57:27.995	PTL_EA GBPUSD.pro,M30: uninit reason 3
0	17:57:27.997	pipsometer_5_decimal GBPUSD.pro,M30: uninit reason 3
0	17:57:27.997	PTL_Sessions GBPUSD.pro,M30: uninit reason 3
0	17:57:27.997	pipsometer_5_decimal GBPUSD.pro,M15: initialized
0	17:57:27.997	PTL_Sessions GBPUSD.pro,M15: initialized
0	17:57:28.014	PTL_EA GBPUSD.pro,M15: initialized
0	19:25:05.799	PTL_EA GBPUSD.pro,M15: uninit reason 3
0	19:25:05.801	pipsometer_5_decimal GBPUSD.pro,M15: uninit reason 3
0	19:25:05.801	PTL_Sessions GBPUSD.pro,M15: uninit reason 3
0	19:25:05.802	pipsometer_5_decimal GBPUSD.pro,M5: initialized
0	19:25:05.802	PTL_Sessions GBPUSD.pro,M5: initialized
0	19:25:05.820	PTL_EA GBPUSD.pro,M5: initialized
0	19:25:06.580	PTL_EA GBPUSD.pro,M5: uninit reason 3
0	19:25:06.582	pipsometer_5_decimal GBPUSD.pro,M5: uninit reason 3
0	19:25:06.582	PTL_Sessions GBPUSD.pro,M5: uninit reason 3
0	19:25:06.582	pipsometer_5_decimal GBPUSD.pro,M15: initialized
0	19:25:06.582	PTL_Sessions GBPUSD.pro,M15: initialized
0	19:25:06.600	PTL_EA GBPUSD.pro,M15: initialized
0	19:27:54.368	PTL_EA GBPUSD.pro,M15: uninit reason 3
0	19:27:54.370	pipsometer_5_decimal GBPUSD.pro,M15: uninit reason 3
0	19:27:54.370	PTL_Sessions GBPUSD.pro,M15: uninit reason 3
0	19:27:54.370	pipsometer_5_decimal GBPUSD.pro,H1: initialized
0	19:27:54.370	PTL_Sessions GBPUSD.pro,H1: initialized
0	19:27:54.390	PTL_EA GBPUSD.pro,H1: initialized
0	19:49:57.013	PTL_EA GBPUSD.pro,H1: uninit reason 3
0	19:49:57.015	pipsometer_5_decimal GBPUSD.pro,H1: uninit reason 3
0	19:49:57.015	PTL_Sessions GBPUSD.pro,H1: uninit reason 3
0	19:49:57.015	pipsometer_5_decimal GBPUSD.pro,M15: initialized
0	19:49:57.015	PTL_Sessions GBPUSD.pro,M15: initialized
0	19:49:57.034	PTL_EA GBPUSD.pro,M15: initialized
0	20:02:59.029	PTL_EA AUDUSD.pro,M15: uninit reason 3
0	20:02:59.031	pipsometer_5_decimal AUDUSD.pro,M15: uninit reason 3
0	20:02:59.031	PTL_Sessions AUDUSD.pro,M15: uninit reason 3
0	20:02:59.031	pipsometer_5_decimal AUDUSD.pro,M30: initialized
0	20:02:59.031	PTL_Sessions AUDUSD.pro,M30: initialized
0	20:02:59.048	PTL_EA AUDUSD.pro,M30: initialized
0	20:02:59.531	PTL_EA AUDUSD.pro,M30: uninit reason 3
0	20:02:59.534	pipsometer_5_decimal AUDUSD.pro,M30: uninit reason 3
0	20:02:59.534	PTL_Sessions AUDUSD.pro,M30: uninit reason 3
0	20:02:59.534	pipsometer_5_decimal AUDUSD.pro,H1: initialized
0	20:02:59.534	PTL_Sessions AUDUSD.pro,H1: initialized
0	20:02:59.553	PTL_EA AUDUSD.pro,H1: initialized
0	20:05:15.725	PTL_EA USDCAD.pro,M15: uninit reason 3
0	20:05:15.727	pipsometer_5_decimal USDCAD.pro,M15: uninit reason 3
0	20:05:15.727	PTL_Sessions USDCAD.pro,M15: uninit reason 3
0	20:05:15.727	pipsometer_5_decimal USDCAD.pro,M30: initialized
0	20:05:15.727	PTL_Sessions USDCAD.pro,M30: initialized
0	20:05:15.745	PTL_EA USDCAD.pro,M30: initialized
0	20:05:17.518	PTL_EA USDCAD.pro,M30: uninit reason 3
0	20:05:17.520	pipsometer_5_decimal USDCAD.pro,M30: uninit reason 3
0	20:05:17.520	PTL_Sessions USDCAD.pro,M30: uninit reason 3
0	20:05:17.520	pipsometer_5_decimal USDCAD.pro,M15: initialized
0	20:05:17.520	PTL_Sessions USDCAD.pro,M15: initialized
0	20:05:17.542	PTL_EA USDCAD.pro,M15: initialized
0	20:12:01.982	PTL_EA GBPUSD.pro,M15: uninit reason 3
0	20:12:01.984	pipsometer_5_decimal GBPUSD.pro,M15: uninit reason 3
0	20:12:01.984	PTL_Sessions GBPUSD.pro,M15: uninit reason 3
0	20:12:01.984	pipsometer_5_decimal GBPUSD.pro,H1: initialized
0	20:12:01.984	PTL_Sessions GBPUSD.pro,H1: initialized
0	20:12:02.005	PTL_EA GBPUSD.pro,H1: initialized
0	20:15:52.207	PTL_EA GBPUSD.pro,H1: uninit reason 3
0	20:15:52.209	pipsometer_5_decimal GBPUSD.pro,H1: uninit reason 3
0	20:15:52.209	PTL_Sessions GBPUSD.pro,H1: uninit reason 3
0	20:15:52.209	pipsometer_5_decimal GBPUSD.pro,M15: initialized
0	20:15:52.209	PTL_Sessions GBPUSD.pro,M15: initialized
0	20:15:52.227	PTL_EA GBPUSD.pro,M15: initialized
0	20:21:21.092	PTL_EA GBPUSD.pro,M15: uninit reason 3
0	20:21:21.094	pipsometer_5_decimal GBPUSD.pro,M15: uninit reason 3
0	20:21:21.094	PTL_Sessions GBPUSD.pro,M15: uninit reason 3
0	20:21:21.094	pipsometer_5_decimal GBPUSD.pro,M30: initialized
0	20:21:21.094	PTL_Sessions GBPUSD.pro,M30: initialized
0	20:21:21.111	PTL_EA GBPUSD.pro,M30: initialized
0	20:31:46.066	PTL_EA GBPUSD.pro,M30: uninit reason 3
0	20:31:46.068	pipsometer_5_decimal GBPUSD.pro,M30: uninit reason 3
0	20:31:46.068	PTL_Sessions GBPUSD.pro,M30: uninit reason 3
0	20:31:46.068	pipsometer_5_decimal GBPUSD.pro,M15: initialized
0	20:31:46.068	PTL_Sessions GBPUSD.pro,M15: initialized
0	20:31:46.085	PTL_EA GBPUSD.pro,M15: initialized
0	20:36:27.236	PTL_EA GBPUSD.pro,M15: uninit reason 3
0	20:36:27.238	pipsometer_5_decimal GBPUSD.pro,M15: uninit reason 3
0	20:36:27.238	PTL_Sessions GBPUSD.pro,M15: uninit reason 3
0	20:36:27.238	pipsometer_5_decimal GBPUSD.pro,M30: initialized
0	20:36:27.238	PTL_Sessions GBPUSD.pro,M30: initialized
0	20:36:27.253	PTL_EA GBPUSD.pro,M30: initialized
0	20:39:11.258	PTL_EA GBPUSD.pro,M30: uninit reason 3
0	20:39:11.260	pipsometer_5_decimal GBPUSD.pro,M30: uninit reason 3
0	20:39:11.260	PTL_Sessions GBPUSD.pro,M30: uninit reason 3
0	20:39:11.260	pipsometer_5_decimal GBPUSD.pro,M15: initialized
0	20:39:11.260	PTL_Sessions GBPUSD.pro,M15: initialized
0	20:39:11.280	PTL_EA GBPUSD.pro,M15: initialized
0	20:51:15.001	PTL_EA GBPJPY.pro,M15: uninit reason 3
0	20:51:15.003	pipsometer_5_decimal GBPJPY.pro,M15: uninit reason 3
0	20:51:15.003	PTL_Sessions GBPJPY.pro,M15: uninit reason 3
0	20:51:15.003	pipsometer_5_decimal GBPJPY.pro,M30: initialized
0	20:51:15.003	PTL_Sessions GBPJPY.pro,M30: initialized
0	20:51:15.020	PTL_EA GBPJPY.pro,M30: initialized
0	20:51:19.779	PTL_EA GBPJPY.pro,M30: uninit reason 3
0	20:51:19.781	pipsometer_5_decimal GBPJPY.pro,M30: uninit reason 3
0	20:51:19.781	PTL_Sessions GBPJPY.pro,M30: uninit reason 3
0	20:51:19.781	pipsometer_5_decimal GBPJPY.pro,M15: initialized
0	20:51:19.781	PTL_Sessions GBPJPY.pro,M15: initialized
0	20:51:19.799	PTL_EA GBPJPY.pro,M15: initialized
0	20:51:37.057	PTL_EA GBPJPY.pro,M15: uninit reason 3
0	20:51:37.060	pipsometer_5_decimal GBPJPY.pro,M15: uninit reason 3
0	20:51:37.060	PTL_Sessions GBPJPY.pro,M15: uninit reason 3
0	20:51:37.060	pipsometer_5_decimal GBPJPY.pro,H1: initialized
0	20:51:37.060	PTL_Sessions GBPJPY.pro,H1: initialized
0	20:51:37.078	PTL_EA GBPJPY.pro,H1: initialized
0	21:03:44.483	PTL_EA GBPJPY.pro,H1: uninit reason 3
0	21:03:44.485	pipsometer_5_decimal GBPJPY.pro,H1: uninit reason 3
0	21:03:44.485	PTL_Sessions GBPJPY.pro,H1: uninit reason 3
0	21:03:44.485	pipsometer_5_decimal GBPJPY.pro,M15: initialized
0	21:03:44.485	PTL_Sessions GBPJPY.pro,M15: initialized
0	21:03:44.503	PTL_EA GBPJPY.pro,M15: initialized
0	21:04:46.021	PTL_EA GBPUSD.pro,M15: uninit reason 3
0	21:04:46.023	pipsometer_5_decimal GBPUSD.pro,M15: uninit reason 3
0	21:04:46.023	PTL_Sessions GBPUSD.pro,M15: uninit reason 3
0	21:04:46.023	pipsometer_5_decimal GBPUSD.pro,H4: initialized
0	21:04:46.023	PTL_Sessions GBPUSD.pro,H4: initialized
0	21:04:46.043	PTL_EA GBPUSD.pro,H4: initialized
0	21:04:53.501	PTL_EA GBPUSD.pro,H4: uninit reason 3
0	21:04:53.503	pipsometer_5_decimal GBPUSD.pro,H4: uninit reason 3
0	21:04:53.503	PTL_Sessions GBPUSD.pro,H4: uninit reason 3
0	21:04:53.503	pipsometer_5_decimal GBPUSD.pro,H1: initialized
0	21:04:53.503	PTL_Sessions GBPUSD.pro,H1: initialized
0	21:04:53.522	PTL_EA GBPUSD.pro,H1: initialized
0	21:05:00.885	PTL_EA GBPUSD.pro,H1: uninit reason 3
0	21:05:00.887	pipsometer_5_decimal GBPUSD.pro,H1: uninit reason 3
0	21:05:00.887	PTL_Sessions GBPUSD.pro,H1: uninit reason 3
0	21:05:00.887	pipsometer_5_decimal GBPUSD.pro,M30: initialized
0	21:05:00.887	PTL_Sessions GBPUSD.pro,M30: initialized
0	21:05:00.906	PTL_EA GBPUSD.pro,M30: initialized
0	21:05:18.749	PTL_EA GBPUSD.pro,M30: uninit reason 3
0	21:05:18.751	pipsometer_5_decimal GBPUSD.pro,M30: uninit reason 3
0	21:05:18.751	PTL_Sessions GBPUSD.pro,M30: uninit reason 3
0	21:05:18.751	pipsometer_5_decimal GBPUSD.pro,M15: initialized
0	21:05:18.751	PTL_Sessions GBPUSD.pro,M15: initialized
0	21:05:18.769	PTL_EA GBPUSD.pro,M15: initialized
0	21:07:57.132	PTL_EA EURUSD.pro,M15: uninit reason 3
0	21:07:57.134	pipsometer_5_decimal EURUSD.pro,M15: uninit reason 3
0	21:07:57.134	PTL_Sessions EURUSD.pro,M15: uninit reason 3
0	21:07:57.134	pipsometer_5_decimal EURUSD.pro,M30: initialized
0	21:07:57.134	PTL_Sessions EURUSD.pro,M30: initialized
0	21:07:57.154	PTL_EA EURUSD.pro,M30: initialized
0	21:08:01.583	PTL_EA EURUSD.pro,M30: uninit reason 3
0	21:08:01.585	pipsometer_5_decimal EURUSD.pro,M30: uninit reason 3
0	21:08:01.585	PTL_Sessions EURUSD.pro,M30: uninit reason 3
0	21:08:01.585	pipsometer_5_decimal EURUSD.pro,M15: initialized
0	21:08:01.585	PTL_Sessions EURUSD.pro,M15: initialized
0	21:08:01.604	PTL_EA EURUSD.pro,M15: initialized
0	21:18:40.561	PTL_EA EURUSD.pro,M15: uninit reason 3
0	21:18:40.563	pipsometer_5_decimal EURUSD.pro,M15: uninit reason 3
0	21:18:40.563	PTL_Sessions EURUSD.pro,M15: uninit reason 3
0	21:18:40.563	pipsometer_5_decimal EURUSD.pro,M30: initialized
0	21:18:40.563	PTL_Sessions EURUSD.pro,M30: initialized
0	21:18:40.583	PTL_EA EURUSD.pro,M30: initialized
0	21:34:40.229	PTL_EA EURUSD.pro,M30: uninit reason 3
0	21:34:40.231	pipsometer_5_decimal EURUSD.pro,M30: uninit reason 3
0	21:34:40.231	PTL_Sessions EURUSD.pro,M30: uninit reason 3
0	21:34:40.231	pipsometer_5_decimal EURUSD.pro,M15: initialized
0	21:34:40.231	PTL_Sessions EURUSD.pro,M15: initialized
0	21:34:40.249	PTL_EA EURUSD.pro,M15: initialized
0	21:50:09.430	PTL_EA EURUSD.pro,M15: uninit reason 3
0	21:50:09.432	pipsometer_5_decimal EURUSD.pro,M15: uninit reason 3
0	21:50:09.432	PTL_Sessions EURUSD.pro,M15: uninit reason 3
0	21:50:09.433	pipsometer_5_decimal EURUSD.pro,M5: initialized
0	21:50:09.433	PTL_Sessions EURUSD.pro,M5: initialized
0	21:50:09.453	PTL_EA EURUSD.pro,M5: initialized
0	21:50:10.928	PTL_EA EURUSD.pro,M5: uninit reason 3
0	21:50:10.930	pipsometer_5_decimal EURUSD.pro,M5: uninit reason 3
0	21:50:10.930	PTL_Sessions EURUSD.pro,M5: uninit reason 3
0	21:50:10.930	pipsometer_5_decimal EURUSD.pro,M15: initialized
0	21:50:10.930	PTL_Sessions EURUSD.pro,M15: initialized
0	21:50:10.947	PTL_EA EURUSD.pro,M15: initialized
0	21:51:09.465	PTL_EA GBPUSD.pro,M15: uninit reason 3
0	21:51:09.467	pipsometer_5_decimal GBPUSD.pro,M15: uninit reason 3
0	21:51:09.467	PTL_Sessions GBPUSD.pro,M15: uninit reason 3
0	21:51:09.467	pipsometer_5_decimal GBPUSD.pro,M30: initialized
0	21:51:09.467	PTL_Sessions GBPUSD.pro,M30: initialized
0	21:51:09.487	PTL_EA GBPUSD.pro,M30: initialized
0	21:51:35.034	PTL_EA GBPUSD.pro,M30: uninit reason 3
0	21:51:35.036	pipsometer_5_decimal GBPUSD.pro,M30: uninit reason 3
0	21:51:35.036	PTL_Sessions GBPUSD.pro,M30: uninit reason 3
0	21:51:35.036	pipsometer_5_decimal GBPUSD.pro,H1: initialized
0	21:51:35.036	PTL_Sessions GBPUSD.pro,H1: initialized
0	21:51:35.054	PTL_EA GBPUSD.pro,H1: initialized
0	21:52:55.940	PTL_EA GBPUSD.pro,H1: uninit reason 3
0	21:52:55.942	pipsometer_5_decimal GBPUSD.pro,H1: uninit reason 3
0	21:52:55.942	PTL_Sessions GBPUSD.pro,H1: uninit reason 3
0	21:52:55.942	pipsometer_5_decimal GBPUSD.pro,M15: initialized
0	21:52:55.942	PTL_Sessions GBPUSD.pro,M15: initialized
0	21:52:55.960	PTL_EA GBPUSD.pro,M15: initialized
0	21:55:51.458	PTL_EA GBPJPY.pro,M15: uninit reason 3
0	21:55:51.460	pipsometer_5_decimal GBPJPY.pro,M15: uninit reason 3
0	21:55:51.460	PTL_Sessions GBPJPY.pro,M15: uninit reason 3
0	21:55:51.462	pipsometer_5_decimal GBPJPY.pro,M5: initialized
0	21:55:51.462	PTL_Sessions GBPJPY.pro,M5: initialized
0	21:55:51.480	PTL_EA GBPJPY.pro,M5: initialized
0	21:55:52.013	PTL_EA GBPJPY.pro,M5: uninit reason 3
0	21:55:52.015	pipsometer_5_decimal GBPJPY.pro,M5: uninit reason 3
0	21:55:52.015	PTL_Sessions GBPJPY.pro,M5: uninit reason 3
0	21:55:52.015	pipsometer_5_decimal GBPJPY.pro,M15: initialized
0	21:55:52.015	PTL_Sessions GBPJPY.pro,M15: initialized
0	21:55:52.034	PTL_EA GBPJPY.pro,M15: initialized
0	21:59:25.714	PTL_EA XAUUSD.pro,M15: uninit reason 9
0	21:59:25.751	pipsometer_5_decimal XAUUSD.pro,M15: uninit reason 9
0	21:59:25.751	PTL_Sessions XAUUSD.pro,M15: uninit reason 9
0	21:59:25.751	PTL_EA EURUSD.pro,M15: uninit reason 9
0	21:59:25.759	pipsometer_5_decimal EURUSD.pro,M15: uninit reason 9
0	21:59:25.759	PTL_Sessions EURUSD.pro,M15: uninit reason 9
0	21:59:25.759	PTL_EA GBPUSD.pro,M15: uninit reason 9
0	21:59:25.764	pipsometer_5_decimal GBPUSD.pro,M15: uninit reason 9
0	21:59:25.764	PTL_Sessions GBPUSD.pro,M15: uninit reason 9
0	21:59:25.764	PTL_EA GBPJPY.pro,M15: uninit reason 9
0	21:59:25.771	pipsometer_5_decimal GBPJPY.pro,M15: uninit reason 9
0	21:59:25.771	PTL_Sessions GBPJPY.pro,M15: uninit reason 9
0	21:59:25.771	PTL_EA EURJPY.pro,M15: uninit reason 9
0	21:59:25.778	pipsometer_5_decimal EURJPY.pro,M15: uninit reason 9
0	21:59:25.778	PTL_Sessions EURJPY.pro,M15: uninit reason 9
0	21:59:25.778	PTL_EA USDJPY.pro,M15: uninit reason 9
0	21:59:25.785	pipsometer_5_decimal USDJPY.pro,M15: uninit reason 9
0	21:59:25.785	PTL_Sessions USDJPY.pro,M15: uninit reason 9
0	21:59:25.785	PTL_EA AUDUSD.pro,H1: uninit reason 9
0	21:59:25.793	pipsometer_5_decimal AUDUSD.pro,H1: uninit reason 9
0	21:59:25.793	PTL_Sessions AUDUSD.pro,H1: uninit reason 9
0	21:59:25.793	PTL_EA USDCAD.pro,M15: uninit reason 9
0	21:59:25.802	pipsometer_5_decimal USDCAD.pro,M15: uninit reason 9
0	21:59:25.802	PTL_Sessions USDCAD.pro,M15: uninit reason 9
0	21:59:25.802	PTL_EA GBPAUD.pro,M30: uninit reason 9
0	21:59:25.810	pipsometer_5_decimal GBPAUD.pro,M30: uninit reason 9
0	21:59:25.810	PTL_Sessions GBPAUD.pro,M30: uninit reason 9
0	21:59:25.992	Expert PTL_EA XAUUSD.pro,M15: removed
0	21:59:25.997	Custom indicator pipsometer_5_decimal XAUUSD.pro,M15: removed
0	21:59:26.002	Custom indicator PTL_Sessions XAUUSD.pro,M15: removed
0	21:59:26.009	Expert PTL_EA EURUSD.pro,M15: removed
0	21:59:26.015	Custom indicator pipsometer_5_decimal EURUSD.pro,M15: removed
0	21:59:26.017	Custom indicator PTL_Sessions EURUSD.pro,M15: removed
0	21:59:26.042	Expert PTL_EA GBPUSD.pro,M15: removed
0	21:59:26.047	Custom indicator pipsometer_5_decimal GBPUSD.pro,M15: removed
0	21:59:26.050	Custom indicator PTL_Sessions GBPUSD.pro,M15: removed
0	21:59:26.070	Expert PTL_EA GBPJPY.pro,M15: removed
0	21:59:26.076	Custom indicator pipsometer_5_decimal GBPJPY.pro,M15: removed
0	21:59:26.079	Custom indicator PTL_Sessions GBPJPY.pro,M15: removed
0	21:59:26.085	Expert PTL_EA EURJPY.pro,M15: removed
0	21:59:26.089	Custom indicator pipsometer_5_decimal EURJPY.pro,M15: removed
0	21:59:26.092	Custom indicator PTL_Sessions EURJPY.pro,M15: removed
0	21:59:26.097	Expert PTL_EA USDJPY.pro,M15: removed
0	21:59:26.102	Custom indicator pipsometer_5_decimal USDJPY.pro,M15: removed
0	21:59:26.104	Custom indicator PTL_Sessions USDJPY.pro,M15: removed
0	21:59:26.111	Expert PTL_EA AUDUSD.pro,H1: removed
0	21:59:26.115	Custom indicator pipsometer_5_decimal AUDUSD.pro,H1: removed
0	21:59:26.118	Custom indicator PTL_Sessions AUDUSD.pro,H1: removed
0	21:59:26.134	Expert PTL_EA USDCAD.pro,M15: removed
0	21:59:26.139	Custom indicator pipsometer_5_decimal USDCAD.pro,M15: removed
0	21:59:26.142	Custom indicator PTL_Sessions USDCAD.pro,M15: removed
0	21:59:26.150	Expert PTL_EA GBPAUD.pro,M30: removed
0	21:59:26.155	Custom indicator pipsometer_5_decimal GBPAUD.pro,M30: removed
0	21:59:26.158	Custom indicator PTL_Sessions GBPAUD.pro,M30: removed
