0	21:14:10.258	Custom indicator pipsometer_5_decimal XAUUSD.pro,M15: loaded successfully
0	21:14:10.271	Custom indicator PTL_Sessions XAUUSD.pro,M15: loaded successfully
0	21:14:10.287	Expert PTL_EA XAUUSD.pro,M15: loaded successfully
0	21:14:10.287	PTL_EA XAUUSD.pro,M15 inputs: InpLanguage=1; TelegramToken=927322228:AAFxIy4Tw_rfZr6LEoyO5tocsMNBxwNXIHI; TelegramNotification=true; Pair_suffix=; InpUpdateMode=1; InpTemplates=ptl_screenshot;ptl_screenshot_zoom; 
0	21:14:10.327	pipsometer_5_decimal XAUUSD.pro,M15: initialized
0	21:14:10.353	PTL_Sessions XAUUSD.pro,M15: initialized
0	21:14:10.395	Custom indicator pipsometer_5_decimal EURUSD.pro,M15: loaded successfully
0	21:14:10.409	Custom indicator PTL_Sessions EURUSD.pro,M15: loaded successfully
0	21:14:10.423	Expert PTL_EA EURUSD.pro,M15: loaded successfully
0	21:14:10.423	PTL_EA EURUSD.pro,M15 inputs: InpLanguage=1; TelegramToken=927322228:AAFxIy4Tw_rfZr6LEoyO5tocsMNBxwNXIHI; TelegramNotification=true; Pair_suffix=; InpUpdateMode=1; InpTemplates=ptl_screenshot;ptl_screenshot_zoom; 
0	21:14:10.462	pipsometer_5_decimal EURUSD.pro,M15: initialized
0	21:14:10.490	PTL_Sessions EURUSD.pro,M15: initialized
0	21:14:10.535	Custom indicator PTL_Sessions GBPUSD.pro,M15: loaded successfully
0	21:14:10.548	Custom indicator FXR_ATR_Pivots GBPUSD.pro,M15: loaded successfully
0	21:14:10.562	Expert PTL_EA GBPUSD.pro,M15: loaded successfully
0	21:14:10.562	PTL_EA GBPUSD.pro,M15 inputs: InpLanguage=1; TelegramToken=927322228:AAFxIy4Tw_rfZr6LEoyO5tocsMNBxwNXIHI; TelegramNotification=true; Pair_suffix=; InpUpdateMode=1; InpTemplates=ptl_screenshot;ptl_screenshot_zoom; 
0	21:14:10.875	PTL_Sessions GBPUSD.pro,M15: initialized
0	21:14:10.896	FXR_ATR_Pivots GBPUSD.pro,M15: initialized
0	21:14:10.947	Custom indicator pipsometer_5_decimal GBPJPY.pro,M15: loaded successfully
0	21:14:10.960	Custom indicator PTL_Sessions GBPJPY.pro,M15: loaded successfully
0	21:14:10.974	Expert PTL_EA GBPJPY.pro,M15: loaded successfully
0	21:14:10.975	PTL_EA GBPJPY.pro,M15 inputs: InpLanguage=1; TelegramToken=927322228:AAFxIy4Tw_rfZr6LEoyO5tocsMNBxwNXIHI; TelegramNotification=true; Pair_suffix=; InpUpdateMode=1; InpTemplates=ptl_screenshot;ptl_screenshot_zoom; 
0	21:14:11.009	pipsometer_5_decimal GBPJPY.pro,M15: initialized
0	21:14:11.039	PTL_Sessions GBPJPY.pro,M15: initialized
0	21:14:11.122	Custom indicator pipsometer_5_decimal EURJPY.pro,M15: loaded successfully
0	21:14:11.143	Custom indicator PTL_Sessions EURJPY.pro,M15: loaded successfully
0	21:14:11.174	Expert PTL_EA EURJPY.pro,M15: loaded successfully
0	21:14:11.174	PTL_EA EURJPY.pro,M15 inputs: InpLanguage=1; TelegramToken=927322228:AAFxIy4Tw_rfZr6LEoyO5tocsMNBxwNXIHI; TelegramNotification=true; Pair_suffix=; InpUpdateMode=1; InpTemplates=ptl_screenshot;ptl_screenshot_zoom; 
0	21:14:11.290	pipsometer_5_decimal EURJPY.pro,M15: initialized
0	21:14:11.363	PTL_Sessions EURJPY.pro,M15: initialized
0	21:14:11.462	Custom indicator pipsometer_5_decimal USDJPY.pro,M15: loaded successfully
0	21:14:11.479	Custom indicator PTL_Sessions USDJPY.pro,M15: loaded successfully
0	21:14:11.500	Expert PTL_EA USDJPY.pro,M15: loaded successfully
0	21:14:11.500	PTL_EA USDJPY.pro,M15 inputs: InpLanguage=1; TelegramToken=927322228:AAFxIy4Tw_rfZr6LEoyO5tocsMNBxwNXIHI; TelegramNotification=true; Pair_suffix=; InpUpdateMode=1; InpTemplates=ptl_screenshot;ptl_screenshot_zoom; 
0	21:14:11.560	pipsometer_5_decimal USDJPY.pro,M15: initialized
0	21:14:11.625	PTL_Sessions USDJPY.pro,M15: initialized
0	21:14:11.702	Custom indicator pipsometer_5_decimal AUDUSD.pro,H1: loaded successfully
0	21:14:11.720	Custom indicator PTL_Sessions AUDUSD.pro,H1: loaded successfully
0	21:14:11.741	Expert PTL_EA AUDUSD.pro,H1: loaded successfully
0	21:14:11.741	PTL_EA AUDUSD.pro,H1 inputs: InpLanguage=1; TelegramToken=927322228:AAFxIy4Tw_rfZr6LEoyO5tocsMNBxwNXIHI; TelegramNotification=true; Pair_suffix=; InpUpdateMode=1; InpTemplates=ptl_screenshot;ptl_screenshot_zoom; 
0	21:14:11.790	pipsometer_5_decimal AUDUSD.pro,H1: initialized
0	21:14:11.837	PTL_Sessions AUDUSD.pro,H1: initialized
0	21:14:11.913	Custom indicator pipsometer_5_decimal USDCAD.pro,M15: loaded successfully
0	21:14:11.932	Custom indicator PTL_Sessions USDCAD.pro,M15: loaded successfully
0	21:14:11.949	Expert PTL_EA USDCAD.pro,M15: loaded successfully
0	21:14:11.949	PTL_EA USDCAD.pro,M15 inputs: InpLanguage=1; TelegramToken=927322228:AAFxIy4Tw_rfZr6LEoyO5tocsMNBxwNXIHI; TelegramNotification=true; Pair_suffix=; InpUpdateMode=1; InpTemplates=ptl_screenshot;ptl_screenshot_zoom; 
0	21:14:11.992	pipsometer_5_decimal USDCAD.pro,M15: initialized
0	21:14:12.029	PTL_Sessions USDCAD.pro,M15: initialized
0	21:14:19.158	PTL_EA USDJPY.pro,M15: initialized
0	21:14:19.181	PTL_EA EURUSD.pro,M15: initialized
0	21:14:19.185	PTL_EA GBPUSD.pro,M15: initialized
0	21:14:19.187	PTL_EA USDCAD.pro,M15: initialized
0	21:14:19.192	PTL_EA XAUUSD.pro,M15: initialized
0	21:14:19.192	PTL_EA GBPJPY.pro,M15: initialized
0	21:14:19.192	PTL_EA EURJPY.pro,M15: initialized
0	21:14:19.193	PTL_EA AUDUSD.pro,H1: initialized
0	21:15:08.607	PTL_EA XAUUSD.pro,M15: uninit reason 9
0	21:15:08.623	pipsometer_5_decimal XAUUSD.pro,M15: uninit reason 9
0	21:15:08.623	PTL_Sessions XAUUSD.pro,M15: uninit reason 9
0	21:15:08.623	PTL_EA EURUSD.pro,M15: uninit reason 9
0	21:15:08.632	pipsometer_5_decimal EURUSD.pro,M15: uninit reason 9
0	21:15:08.632	PTL_Sessions EURUSD.pro,M15: uninit reason 9
0	21:15:08.632	PTL_EA GBPUSD.pro,M15: uninit reason 9
0	21:15:08.637	PTL_Sessions GBPUSD.pro,M15: uninit reason 9
0	21:15:08.637	FXR_ATR_Pivots GBPUSD.pro,M15: uninit reason 9
0	21:15:08.637	PTL_EA GBPJPY.pro,M15: uninit reason 9
0	21:15:08.642	pipsometer_5_decimal GBPJPY.pro,M15: uninit reason 9
0	21:15:08.642	PTL_Sessions GBPJPY.pro,M15: uninit reason 9
0	21:15:08.642	PTL_EA EURJPY.pro,M15: uninit reason 9
0	21:15:08.647	pipsometer_5_decimal EURJPY.pro,M15: uninit reason 9
0	21:15:08.647	PTL_Sessions EURJPY.pro,M15: uninit reason 9
0	21:15:08.647	PTL_EA USDJPY.pro,M15: uninit reason 9
0	21:15:08.652	pipsometer_5_decimal USDJPY.pro,M15: uninit reason 9
0	21:15:08.652	PTL_Sessions USDJPY.pro,M15: uninit reason 9
0	21:15:08.652	PTL_EA AUDUSD.pro,H1: uninit reason 9
0	21:15:08.657	pipsometer_5_decimal AUDUSD.pro,H1: uninit reason 9
0	21:15:08.657	PTL_Sessions AUDUSD.pro,H1: uninit reason 9
0	21:15:08.657	PTL_EA USDCAD.pro,M15: uninit reason 9
0	21:15:08.662	pipsometer_5_decimal USDCAD.pro,M15: uninit reason 9
0	21:15:08.662	PTL_Sessions USDCAD.pro,M15: uninit reason 9
0	21:15:08.825	Expert PTL_EA XAUUSD.pro,M15: removed
0	21:15:08.828	Custom indicator pipsometer_5_decimal XAUUSD.pro,M15: removed
0	21:15:08.831	Custom indicator PTL_Sessions XAUUSD.pro,M15: removed
0	21:15:08.839	Expert PTL_EA EURUSD.pro,M15: removed
0	21:15:08.843	Custom indicator pipsometer_5_decimal EURUSD.pro,M15: removed
0	21:15:08.846	Custom indicator PTL_Sessions EURUSD.pro,M15: removed
0	21:15:08.852	Expert PTL_EA GBPUSD.pro,M15: removed
0	21:15:08.856	Custom indicator PTL_Sessions GBPUSD.pro,M15: removed
0	21:15:08.859	Custom indicator FXR_ATR_Pivots GBPUSD.pro,M15: removed
0	21:15:08.865	Expert PTL_EA GBPJPY.pro,M15: removed
0	21:15:08.870	Custom indicator pipsometer_5_decimal GBPJPY.pro,M15: removed
0	21:15:08.874	Custom indicator PTL_Sessions GBPJPY.pro,M15: removed
0	21:15:08.879	Expert PTL_EA EURJPY.pro,M15: removed
0	21:15:08.883	Custom indicator pipsometer_5_decimal EURJPY.pro,M15: removed
0	21:15:08.886	Custom indicator PTL_Sessions EURJPY.pro,M15: removed
0	21:15:08.891	Expert PTL_EA USDJPY.pro,M15: removed
0	21:15:08.896	Custom indicator pipsometer_5_decimal USDJPY.pro,M15: removed
0	21:15:08.899	Custom indicator PTL_Sessions USDJPY.pro,M15: removed
0	21:15:08.915	Expert PTL_EA AUDUSD.pro,H1: removed
0	21:15:08.919	Custom indicator pipsometer_5_decimal AUDUSD.pro,H1: removed
0	21:15:08.921	Custom indicator PTL_Sessions AUDUSD.pro,H1: removed
0	21:15:08.930	Expert PTL_EA USDCAD.pro,M15: removed
0	21:15:08.935	Custom indicator pipsometer_5_decimal USDCAD.pro,M15: removed
0	21:15:08.937	Custom indicator PTL_Sessions USDCAD.pro,M15: removed
