0	10:43:14.408	Custom indicator PTL_Sessions XAUUSD.pro,M15: loaded successfully
0	10:43:14.423	Custom indicator FXR_ATR_Pivots XAUUSD.pro,M15: loaded successfully
0	10:43:14.439	Expert PTL_EA XAUUSD.pro,M15: loaded successfully
0	10:43:14.439	PTL_EA XAUUSD.pro,M15 inputs: InpLanguage=1; TelegramToken=927322228:AAFxIy4Tw_rfZr6LEoyO5tocsMNBxwNXIHI; TelegramNotification=true; Pair_suffix=; InpUpdateMode=1; InpTemplates=ptl_screenshot;ptl_screenshot_zoom; 
0	10:43:14.470	PTL_Sessions XAUUSD.pro,M15: initialized
0	10:43:14.486	FXR_ATR_Pivots XAUUSD.pro,M15: initialized
0	10:43:14.517	Custom indicator PTL_Sessions EURUSD.pro,M30: loaded successfully
0	10:43:14.533	Custom indicator FXR_ATR_Pivots EURUSD.pro,M30: loaded successfully
0	10:43:14.548	Expert PTL_EA EURUSD.pro,M30: loaded successfully
0	10:43:14.548	PTL_EA EURUSD.pro,M30 inputs: InpLanguage=1; TelegramToken=927322228:AAFxIy4Tw_rfZr6LEoyO5tocsMNBxwNXIHI; TelegramNotification=true; Pair_suffix=; InpUpdateMode=1; InpTemplates=ptl_screenshot;ptl_screenshot_zoom; 
0	10:43:14.580	PTL_Sessions EURUSD.pro,M30: initialized
0	10:43:14.595	FXR_ATR_Pivots EURUSD.pro,M30: initialized
0	10:43:14.642	Custom indicator PTL_Sessions GBPUSD.pro,M15: loaded successfully
0	10:43:14.658	Custom indicator FXR_ATR_Pivots GBPUSD.pro,M15: loaded successfully
0	10:43:14.673	Expert PTL_EA GBPUSD.pro,M15: loaded successfully
0	10:43:14.673	PTL_EA GBPUSD.pro,M15 inputs: InpLanguage=1; TelegramToken=927322228:AAFxIy4Tw_rfZr6LEoyO5tocsMNBxwNXIHI; TelegramNotification=true; Pair_suffix=; InpUpdateMode=1; InpTemplates=ptl_screenshot;ptl_screenshot_zoom; 
0	10:43:14.689	PTL_Sessions GBPUSD.pro,M15: initialized
0	10:43:14.720	FXR_ATR_Pivots GBPUSD.pro,M15: initialized
0	10:43:14.751	Custom indicator PTL_Sessions GBPJPY.pro,M15: loaded successfully
0	10:43:14.767	Custom indicator FXR_ATR_Pivots GBPJPY.pro,M15: loaded successfully
0	10:43:14.783	Expert PTL_EA GBPJPY.pro,M15: loaded successfully
0	10:43:14.783	PTL_EA GBPJPY.pro,M15 inputs: InpLanguage=1; TelegramToken=927322228:AAFxIy4Tw_rfZr6LEoyO5tocsMNBxwNXIHI; TelegramNotification=true; Pair_suffix=; InpUpdateMode=1; InpTemplates=ptl_screenshot;ptl_screenshot_zoom; 
0	10:43:14.814	PTL_Sessions GBPJPY.pro,M15: initialized
0	10:43:14.845	FXR_ATR_Pivots GBPJPY.pro,M15: initialized
0	10:43:14.876	Custom indicator PTL_Sessions EURJPY.pro,M15: loaded successfully
0	10:43:14.892	Custom indicator FXR_ATR_Pivots EURJPY.pro,M15: loaded successfully
0	10:43:14.908	Expert PTL_EA EURJPY.pro,M15: loaded successfully
0	10:43:14.908	PTL_EA EURJPY.pro,M15 inputs: InpLanguage=1; TelegramToken=927322228:AAFxIy4Tw_rfZr6LEoyO5tocsMNBxwNXIHI; TelegramNotification=true; Pair_suffix=; InpUpdateMode=1; InpTemplates=ptl_screenshot;ptl_screenshot_zoom; 
0	10:43:14.939	PTL_Sessions EURJPY.pro,M15: initialized
0	10:43:14.955	FXR_ATR_Pivots EURJPY.pro,M15: initialized
0	10:43:15.001	Custom indicator PTL_Sessions AUDUSD.pro,M30: loaded successfully
0	10:43:15.017	Custom indicator FXR_ATR_Pivots AUDUSD.pro,M30: loaded successfully
0	10:43:15.033	Expert PTL_EA AUDUSD.pro,M30: loaded successfully
0	10:43:15.033	PTL_EA AUDUSD.pro,M30 inputs: InpLanguage=1; TelegramToken=927322228:AAFxIy4Tw_rfZr6LEoyO5tocsMNBxwNXIHI; TelegramNotification=true; Pair_suffix=; InpUpdateMode=1; InpTemplates=ptl_screenshot;ptl_screenshot_zoom; 
0	10:43:15.064	PTL_Sessions AUDUSD.pro,M30: initialized
0	10:43:15.080	FXR_ATR_Pivots AUDUSD.pro,M30: initialized
0	10:43:15.111	Custom indicator pipsometer_5_decimal USDCAD.pro,M15: loaded successfully
0	10:43:15.126	Custom indicator time_table USDCAD.pro,M15: loaded successfully
0	10:43:15.142	Custom indicator PTL_Sessions USDCAD.pro,M15: loaded successfully
0	10:43:15.158	Custom indicator FXR_ATR_Pivots USDCAD.pro,M15: loaded successfully
0	10:43:15.173	Expert PTL_EA USDCAD.pro,M15: loaded successfully
0	10:43:15.173	PTL_EA USDCAD.pro,M15 inputs: InpLanguage=1; TelegramToken=927322228:AAFxIy4Tw_rfZr6LEoyO5tocsMNBxwNXIHI; TelegramNotification=true; Pair_suffix=; InpUpdateMode=1; InpTemplates=ptl_screenshot;ptl_screenshot_zoom; 
0	10:43:15.205	pipsometer_5_decimal USDCAD.pro,M15: initialized
0	10:43:15.220	time_table USDCAD.pro,M15: initialized
0	10:43:15.251	PTL_Sessions USDCAD.pro,M15: initialized
0	10:43:15.267	FXR_ATR_Pivots USDCAD.pro,M15: initialized
0	10:43:15.314	Custom indicator PTL_Sessions GBPAUD.pro,M15: loaded successfully
0	10:43:15.330	Custom indicator FXR_ATR_Pivots GBPAUD.pro,M15: loaded successfully
0	10:43:15.345	Expert PTL_EA GBPAUD.pro,M15: loaded successfully
0	10:43:15.345	PTL_EA GBPAUD.pro,M15 inputs: InpLanguage=1; TelegramToken=927322228:AAFxIy4Tw_rfZr6LEoyO5tocsMNBxwNXIHI; TelegramNotification=true; Pair_suffix=; InpUpdateMode=1; InpTemplates=ptl_screenshot;ptl_screenshot_zoom; 
0	10:43:15.376	PTL_Sessions GBPAUD.pro,M15: initialized
0	10:43:15.392	FXR_ATR_Pivots GBPAUD.pro,M15: initialized
0	10:43:15.439	Custom indicator PTL_Sessions USDJPY.pro,M15: loaded successfully
0	10:43:15.455	Custom indicator FXR_ATR_Pivots USDJPY.pro,M15: loaded successfully
0	10:43:15.470	Expert PTL_EA USDJPY.pro,M15: loaded successfully
0	10:43:15.470	PTL_EA USDJPY.pro,M15 inputs: InpLanguage=1; TelegramToken=927322228:AAFxIy4Tw_rfZr6LEoyO5tocsMNBxwNXIHI; TelegramNotification=true; Pair_suffix=; InpUpdateMode=1; InpTemplates=ptl_screenshot;ptl_screenshot_zoom; 
0	10:43:15.501	PTL_Sessions USDJPY.pro,M15: initialized
0	10:43:15.517	FXR_ATR_Pivots USDJPY.pro,M15: initialized
0	10:43:19.954	PTL_EA GBPUSD.pro,M15: initialized
0	10:43:19.964	PTL_EA GBPJPY.pro,M15: initialized
0	10:43:19.976	PTL_EA XAUUSD.pro,M15: initialized
0	10:43:19.978	PTL_EA AUDUSD.pro,M30: initialized
0	10:43:19.978	PTL_EA EURUSD.pro,M30: initialized
0	10:43:19.984	PTL_EA USDCAD.pro,M15: initialized
0	10:43:19.988	PTL_EA GBPAUD.pro,M15: initialized
0	10:43:19.988	PTL_EA USDJPY.pro,M15: initialized
0	10:43:20.008	PTL_EA EURJPY.pro,M15: initialized
0	10:43:27.458	PTL_Sessions EURUSD.pro,M30: uninit reason 7
0	10:43:27.458	FXR_ATR_Pivots EURUSD.pro,M30: uninit reason 7
0	10:43:27.458	PTL_EA EURUSD.pro,M30: uninit reason 7
0	10:43:27.474	Expert PTL_EA EURUSD.pro,M30: removed
0	10:43:27.474	Custom indicator PTL_Sessions EURUSD.pro,M30: removed
0	10:43:27.490	Custom indicator FXR_ATR_Pivots EURUSD.pro,M30: removed
0	10:43:27.505	Custom indicator PTL_Sessions EURUSD.pro,M30: loaded successfully
0	10:43:27.521	Expert PTL_EA EURUSD.pro,M30: loaded successfully
0	10:43:27.521	PTL_EA EURUSD.pro,M30 inputs: InpLanguage=1; TelegramToken=927322228:AAFxIy4Tw_rfZr6LEoyO5tocsMNBxwNXIHI; TelegramNotification=true; Pair_suffix=; InpUpdateMode=1; InpTemplates=ptl_screenshot;ptl_screenshot_zoom; 
0	10:43:27.552	PTL_Sessions EURUSD.pro,M30: initialized
0	10:43:27.661	PTL_EA EURUSD.pro,M30: initialized
0	10:43:45.645	PTL_EA EURUSD.pro,M30: uninit reason 3
0	10:43:45.661	PTL_Sessions EURUSD.pro,M30: uninit reason 3
0	10:43:45.661	PTL_Sessions EURUSD.pro,M15: initialized
0	10:43:45.661	PTL_EA EURUSD.pro,M15: initialized
0	11:18:45.624	PTL_EA XAUUSD.pro,M15: uninit reason 3
0	11:18:45.626	PTL_Sessions XAUUSD.pro,M15: uninit reason 3
0	11:18:45.626	FXR_ATR_Pivots XAUUSD.pro,M15: uninit reason 3
0	11:18:45.626	PTL_Sessions XAUUSD.pro,M30: initialized
0	11:18:45.626	FXR_ATR_Pivots XAUUSD.pro,M30: initialized
0	11:18:45.643	PTL_EA XAUUSD.pro,M30: initialized
0	11:18:46.576	PTL_EA XAUUSD.pro,M30: uninit reason 3
0	11:18:46.578	PTL_Sessions XAUUSD.pro,M30: uninit reason 3
0	11:18:46.578	FXR_ATR_Pivots XAUUSD.pro,M30: uninit reason 3
0	11:18:46.578	PTL_Sessions XAUUSD.pro,M15: initialized
0	11:18:46.578	FXR_ATR_Pivots XAUUSD.pro,M15: initialized
0	11:18:46.595	PTL_EA XAUUSD.pro,M15: initialized
0	12:22:24.418	PTL_EA GBPUSD.pro,M15: uninit reason 3
0	12:22:24.420	PTL_Sessions GBPUSD.pro,M15: uninit reason 3
0	12:22:24.420	FXR_ATR_Pivots GBPUSD.pro,M15: uninit reason 3
0	12:22:24.420	PTL_Sessions GBPUSD.pro,M30: initialized
0	12:22:24.420	FXR_ATR_Pivots GBPUSD.pro,M30: initialized
0	12:22:24.436	PTL_EA GBPUSD.pro,M30: initialized
0	12:22:24.816	PTL_EA GBPUSD.pro,M30: uninit reason 3
0	12:22:24.818	PTL_Sessions GBPUSD.pro,M30: uninit reason 3
0	12:22:24.818	FXR_ATR_Pivots GBPUSD.pro,M30: uninit reason 3
0	12:22:24.818	PTL_Sessions GBPUSD.pro,M15: initialized
0	12:22:24.818	FXR_ATR_Pivots GBPUSD.pro,M15: initialized
0	12:22:24.832	PTL_EA GBPUSD.pro,M15: initialized
0	12:58:48.064	PTL_EA GBPJPY.pro,M15: uninit reason 3
0	12:58:48.066	PTL_Sessions GBPJPY.pro,M15: uninit reason 3
0	12:58:48.066	FXR_ATR_Pivots GBPJPY.pro,M15: uninit reason 3
0	12:58:48.066	PTL_Sessions GBPJPY.pro,M30: initialized
0	12:58:48.066	FXR_ATR_Pivots GBPJPY.pro,M30: initialized
0	12:58:48.081	PTL_EA GBPJPY.pro,M30: initialized
0	13:24:21.770	PTL_EA GBPUSD.pro,M15: uninit reason 3
0	13:24:21.772	PTL_Sessions GBPUSD.pro,M15: uninit reason 3
0	13:24:21.772	FXR_ATR_Pivots GBPUSD.pro,M15: uninit reason 3
0	13:24:21.772	PTL_Sessions GBPUSD.pro,M30: initialized
0	13:24:21.772	FXR_ATR_Pivots GBPUSD.pro,M30: initialized
0	13:24:21.785	PTL_EA GBPUSD.pro,M30: initialized
0	13:30:35.689	PTL_EA GBPUSD.pro,M30: uninit reason 3
0	13:30:35.691	PTL_Sessions GBPUSD.pro,M30: uninit reason 3
0	13:30:35.691	FXR_ATR_Pivots GBPUSD.pro,M30: uninit reason 3
0	13:30:35.691	PTL_Sessions GBPUSD.pro,M15: initialized
0	13:30:35.691	FXR_ATR_Pivots GBPUSD.pro,M15: initialized
0	13:30:35.707	PTL_EA GBPUSD.pro,M15: initialized
0	13:35:44.900	PTL_EA GBPJPY.pro,M30: uninit reason 3
0	13:35:44.902	PTL_Sessions GBPJPY.pro,M30: uninit reason 3
0	13:35:44.902	FXR_ATR_Pivots GBPJPY.pro,M30: uninit reason 3
0	13:35:44.902	PTL_Sessions GBPJPY.pro,M15: initialized
0	13:35:44.902	FXR_ATR_Pivots GBPJPY.pro,M15: initialized
0	13:35:44.918	PTL_EA GBPJPY.pro,M15: initialized
0	14:39:52.828	PTL_EA GBPUSD.pro,M15: uninit reason 3
0	14:39:52.830	PTL_Sessions GBPUSD.pro,M15: uninit reason 3
0	14:39:52.830	FXR_ATR_Pivots GBPUSD.pro,M15: uninit reason 3
0	14:39:52.830	PTL_Sessions GBPUSD.pro,M30: initialized
0	14:39:52.830	FXR_ATR_Pivots GBPUSD.pro,M30: initialized
0	14:39:52.844	PTL_EA GBPUSD.pro,M30: initialized
0	14:42:56.991	Custom indicator PTL_Sessions S&P.fs,H1: loaded successfully
0	14:42:57.016	Expert PTL_EA S&P.fs,H1: loaded successfully
0	14:42:57.016	PTL_EA S&P.fs,H1 inputs: InpLanguage=1; TelegramToken=927322228:AAFxIy4Tw_rfZr6LEoyO5tocsMNBxwNXIHI; TelegramNotification=true; Pair_suffix=; InpUpdateMode=1; InpTemplates=ptl_screenshot;ptl_screenshot_zoom; 
0	14:42:57.048	PTL_Sessions S&P.fs,H1: initialized
0	14:42:57.167	PTL_EA S&P.fs,H1: initialized
0	14:43:06.537	Custom indicator PTL_Sessions USDINDEX.fs,H1: loaded successfully
0	14:43:06.556	Expert PTL_EA USDINDEX.fs,H1: loaded successfully
0	14:43:06.556	PTL_EA USDINDEX.fs,H1 inputs: InpLanguage=1; TelegramToken=927322228:AAFxIy4Tw_rfZr6LEoyO5tocsMNBxwNXIHI; TelegramNotification=true; Pair_suffix=; InpUpdateMode=1; InpTemplates=ptl_screenshot;ptl_screenshot_zoom; 
0	14:43:06.587	PTL_Sessions USDINDEX.fs,H1: initialized
0	14:43:06.682	PTL_EA USDINDEX.fs,H1: initialized
0	14:43:14.985	PTL_EA S&P.fs,H1: uninit reason 3
0	14:43:14.987	PTL_Sessions S&P.fs,H1: uninit reason 3
0	14:43:14.987	PTL_Sessions S&P.fs,M15: initialized
0	14:43:15.003	PTL_EA S&P.fs,M15: initialized
0	14:43:34.951	PTL_EA S&P.fs,M15: uninit reason 3
0	14:43:34.953	PTL_Sessions S&P.fs,M15: uninit reason 3
0	14:43:34.953	PTL_Sessions S&P.fs,M30: initialized
0	14:43:34.969	PTL_EA S&P.fs,M30: initialized
0	14:47:05.269	PTL_EA XAUUSD.pro,M15: uninit reason 2
0	14:47:05.280	Expert PTL_EA XAUUSD.pro,M15: removed
0	14:47:05.296	Expert PTL_EA XAUUSD.pro,M15: loaded successfully
0	14:47:05.297	PTL_EA EURUSD.pro,M15: uninit reason 2
0	14:47:05.303	Expert PTL_EA EURUSD.pro,M15: removed
0	14:47:05.319	Expert PTL_EA EURUSD.pro,M15: loaded successfully
0	14:47:05.320	PTL_EA GBPUSD.pro,M30: uninit reason 2
0	14:47:05.327	Expert PTL_EA GBPUSD.pro,M30: removed
0	14:47:05.343	Expert PTL_EA GBPUSD.pro,M30: loaded successfully
0	14:47:05.344	PTL_EA GBPJPY.pro,M15: uninit reason 2
0	14:47:05.351	Expert PTL_EA GBPJPY.pro,M15: removed
0	14:47:05.368	Expert PTL_EA GBPJPY.pro,M15: loaded successfully
0	14:47:05.368	PTL_EA EURJPY.pro,M15: uninit reason 2
0	14:47:05.376	Expert PTL_EA EURJPY.pro,M15: removed
0	14:47:05.392	Expert PTL_EA EURJPY.pro,M15: loaded successfully
0	14:47:05.393	PTL_EA AUDUSD.pro,M30: uninit reason 2
0	14:47:05.401	Expert PTL_EA AUDUSD.pro,M30: removed
0	14:47:05.418	Expert PTL_EA AUDUSD.pro,M30: loaded successfully
0	14:47:05.419	PTL_EA USDCAD.pro,M15: uninit reason 2
0	14:47:05.427	Expert PTL_EA USDCAD.pro,M15: removed
0	14:47:05.443	Expert PTL_EA USDCAD.pro,M15: loaded successfully
0	14:47:05.445	PTL_EA GBPAUD.pro,M15: uninit reason 2
0	14:47:05.454	Expert PTL_EA GBPAUD.pro,M15: removed
0	14:47:05.460	PTL_EA XAUUSD.pro,M15: initialized
0	14:47:05.470	Expert PTL_EA GBPAUD.pro,M15: loaded successfully
0	14:47:05.471	PTL_EA USDJPY.pro,M15: uninit reason 2
0	14:47:05.479	Expert PTL_EA USDJPY.pro,M15: removed
0	14:47:05.495	Expert PTL_EA USDJPY.pro,M15: loaded successfully
0	14:47:05.496	PTL_EA S&P.fs,M30: uninit reason 2
0	14:47:05.503	Expert PTL_EA S&P.fs,M30: removed
0	14:47:05.519	Expert PTL_EA S&P.fs,M30: loaded successfully
0	14:47:05.520	PTL_EA USDINDEX.fs,H1: uninit reason 2
0	14:47:05.527	Expert PTL_EA USDINDEX.fs,H1: removed
0	14:47:05.541	PTL_EA EURUSD.pro,M15: initialized
0	14:47:05.543	Expert PTL_EA USDINDEX.fs,H1: loaded successfully
0	14:47:05.570	PTL_EA GBPUSD.pro,M30: initialized
0	14:47:05.589	PTL_EA GBPJPY.pro,M15: initialized
0	14:47:05.659	PTL_EA AUDUSD.pro,M30: initialized
0	14:47:05.666	PTL_EA EURJPY.pro,M15: initialized
0	14:47:05.682	PTL_EA USDCAD.pro,M15: initialized
0	14:47:05.688	PTL_EA USDJPY.pro,M15: initialized
0	14:47:05.690	PTL_EA S&P.fs,M30: initialized
0	14:47:05.690	PTL_EA GBPAUD.pro,M15: initialized
0	14:47:05.707	PTL_EA USDINDEX.fs,H1: initialized
0	14:59:53.104	PTL_EA GBPUSD.pro,M30: uninit reason 3
0	14:59:53.106	PTL_Sessions GBPUSD.pro,M30: uninit reason 3
0	14:59:53.106	FXR_ATR_Pivots GBPUSD.pro,M30: uninit reason 3
0	14:59:53.106	PTL_Sessions GBPUSD.pro,M15: initialized
0	14:59:53.106	FXR_ATR_Pivots GBPUSD.pro,M15: initialized
0	14:59:53.117	PTL_EA GBPUSD.pro,M15: initialized
0	15:04:16.177	PTL_EA EURUSD.pro,M15: uninit reason 3
0	15:04:16.179	PTL_Sessions EURUSD.pro,M15: uninit reason 3
0	15:04:16.179	PTL_Sessions EURUSD.pro,M30: initialized
0	15:04:16.194	PTL_EA EURUSD.pro,M30: initialized
0	15:12:33.648	PTL_EA EURUSD.pro,M30: uninit reason 3
0	15:12:33.650	PTL_Sessions EURUSD.pro,M30: uninit reason 3
0	15:12:33.650	PTL_Sessions EURUSD.pro,M15: initialized
0	15:12:33.664	PTL_EA EURUSD.pro,M15: initialized
0	15:32:53.286	PTL_EA GBPUSD.pro,M15: uninit reason 3
0	15:32:53.288	PTL_Sessions GBPUSD.pro,M15: uninit reason 3
0	15:32:53.288	FXR_ATR_Pivots GBPUSD.pro,M15: uninit reason 3
0	15:32:53.288	PTL_Sessions GBPUSD.pro,M30: initialized
0	15:32:53.288	FXR_ATR_Pivots GBPUSD.pro,M30: initialized
0	15:32:53.304	PTL_EA GBPUSD.pro,M30: initialized
0	15:34:01.897	PTL_EA GBPUSD.pro,M30: uninit reason 3
0	15:34:01.899	PTL_Sessions GBPUSD.pro,M30: uninit reason 3
0	15:34:01.899	FXR_ATR_Pivots GBPUSD.pro,M30: uninit reason 3
0	15:34:01.899	PTL_Sessions GBPUSD.pro,M15: initialized
0	15:34:01.899	FXR_ATR_Pivots GBPUSD.pro,M15: initialized
0	15:34:01.912	PTL_EA GBPUSD.pro,M15: initialized
0	15:42:03.534	PTL_EA GBPUSD.pro,M15: uninit reason 3
0	15:42:03.536	PTL_Sessions GBPUSD.pro,M15: uninit reason 3
0	15:42:03.536	FXR_ATR_Pivots GBPUSD.pro,M15: uninit reason 3
0	15:42:03.536	PTL_Sessions GBPUSD.pro,H1: initialized
0	15:42:03.536	FXR_ATR_Pivots GBPUSD.pro,H1: initialized
0	15:42:03.551	PTL_EA GBPUSD.pro,H1: initialized
0	15:42:04.267	PTL_EA GBPUSD.pro,H1: uninit reason 3
0	15:42:04.269	PTL_Sessions GBPUSD.pro,H1: uninit reason 3
0	15:42:04.269	FXR_ATR_Pivots GBPUSD.pro,H1: uninit reason 3
0	15:42:04.269	PTL_Sessions GBPUSD.pro,H4: initialized
0	15:42:04.269	FXR_ATR_Pivots GBPUSD.pro,H4: initialized
0	15:42:04.282	PTL_EA GBPUSD.pro,H4: initialized
0	15:42:07.989	PTL_Sessions GBPUSD.pro,H4: uninit reason 7
0	15:42:07.989	FXR_ATR_Pivots GBPUSD.pro,H4: uninit reason 7
0	15:42:07.989	PTL_EA GBPUSD.pro,H4: uninit reason 7
0	15:42:08.000	Expert PTL_EA GBPUSD.pro,H4: removed
0	15:42:08.004	Custom indicator PTL_Sessions GBPUSD.pro,H4: removed
0	15:42:08.007	Custom indicator FXR_ATR_Pivots GBPUSD.pro,H4: removed
0	15:42:08.025	Custom indicator PTL_Sessions GBPUSD.pro,H4: loaded successfully
0	15:42:08.041	Expert PTL_EA GBPUSD.pro,H4: loaded successfully
0	15:42:08.041	PTL_EA GBPUSD.pro,H4 inputs: InpLanguage=1; TelegramToken=927322228:AAFxIy4Tw_rfZr6LEoyO5tocsMNBxwNXIHI; TelegramNotification=true; Pair_suffix=; InpUpdateMode=1; InpTemplates=ptl_screenshot;ptl_screenshot_zoom; 
0	18:19:16.313	Compiling 'MACD Crossover Signal'
0	18:19:16.314	Compiling 'pipsometer_5_decimal'
0	18:19:16.314	Compiling 'Stochastic'
0	18:19:20.268	Compiling 'PipeClient'
0	18:19:23.594	Custom indicator PTL_Sessions USDINDEX.fs,H1: loaded successfully
0	18:19:23.607	Custom indicator pipsometer_5_decimal USDINDEX.fs,H1: loaded successfully
0	18:19:23.623	Expert PTL_EA USDINDEX.fs,H1: loaded successfully
0	18:19:23.623	PTL_EA USDINDEX.fs,H1 inputs: InpLanguage=1; TelegramToken=927322228:AAFxIy4Tw_rfZr6LEoyO5tocsMNBxwNXIHI; TelegramNotification=true; Pair_suffix=; InpUpdateMode=1; InpTemplates=ptl_screenshot;ptl_screenshot_zoom; 
0	18:19:23.665	PTL_Sessions USDINDEX.fs,H1: initialized
0	18:19:23.687	pipsometer_5_decimal USDINDEX.fs,H1: initialized
0	18:19:23.728	Custom indicator PTL_Sessions S&P.fs,M30: loaded successfully
0	18:19:23.745	Expert PTL_EA S&P.fs,M30: loaded successfully
0	18:19:23.745	PTL_EA S&P.fs,M30 inputs: InpLanguage=1; TelegramToken=927322228:AAFxIy4Tw_rfZr6LEoyO5tocsMNBxwNXIHI; TelegramNotification=true; Pair_suffix=; InpUpdateMode=1; InpTemplates=ptl_screenshot;ptl_screenshot_zoom; 
0	18:19:23.782	PTL_Sessions S&P.fs,M30: initialized
0	18:19:23.827	Custom indicator PTL_Sessions XAUUSD.pro,M15: loaded successfully
0	18:19:23.840	Custom indicator pipsometer_5_decimal XAUUSD.pro,M15: loaded successfully
0	18:19:23.857	Expert PTL_EA XAUUSD.pro,M15: loaded successfully
0	18:19:23.857	PTL_EA XAUUSD.pro,M15 inputs: InpLanguage=1; TelegramToken=927322228:AAFxIy4Tw_rfZr6LEoyO5tocsMNBxwNXIHI; TelegramNotification=true; Pair_suffix=; InpUpdateMode=1; InpTemplates=ptl_screenshot;ptl_screenshot_zoom; 
0	18:19:23.897	PTL_Sessions XAUUSD.pro,M15: initialized
0	18:19:23.922	pipsometer_5_decimal XAUUSD.pro,M15: initialized
0	18:19:23.988	Custom indicator PTL_Sessions EURUSD.pro,M15: loaded successfully
0	18:19:24.003	Custom indicator pipsometer_5_decimal EURUSD.pro,M15: loaded successfully
0	18:19:24.030	Expert PTL_EA EURUSD.pro,M15: loaded successfully
0	18:19:24.030	PTL_EA EURUSD.pro,M15 inputs: InpLanguage=1; TelegramToken=927322228:AAFxIy4Tw_rfZr6LEoyO5tocsMNBxwNXIHI; TelegramNotification=true; Pair_suffix=; InpUpdateMode=1; InpTemplates=ptl_screenshot;ptl_screenshot_zoom; 
0	18:19:24.083	PTL_Sessions EURUSD.pro,M15: initialized
0	18:19:24.115	pipsometer_5_decimal EURUSD.pro,M15: initialized
0	18:19:24.174	Custom indicator PTL_Sessions GBPUSD.pro,M30: loaded successfully
0	18:19:24.188	Custom indicator pipsometer_5_decimal GBPUSD.pro,M30: loaded successfully
0	18:19:24.204	Expert PTL_EA GBPUSD.pro,M30: loaded successfully
0	18:19:24.204	PTL_EA GBPUSD.pro,M30 inputs: InpLanguage=1; TelegramToken=927322228:AAFxIy4Tw_rfZr6LEoyO5tocsMNBxwNXIHI; TelegramNotification=true; Pair_suffix=; InpUpdateMode=1; InpTemplates=ptl_screenshot;ptl_screenshot_zoom; 
0	18:19:24.254	PTL_Sessions GBPUSD.pro,M30: initialized
0	18:19:24.278	pipsometer_5_decimal GBPUSD.pro,M30: initialized
0	18:19:24.344	Custom indicator PTL_Sessions GBPJPY.pro,M15: loaded successfully
0	18:19:24.361	Expert PTL_EA GBPJPY.pro,M15: loaded successfully
0	18:19:24.361	PTL_EA GBPJPY.pro,M15 inputs: InpLanguage=1; TelegramToken=927322228:AAFxIy4Tw_rfZr6LEoyO5tocsMNBxwNXIHI; TelegramNotification=true; Pair_suffix=; InpUpdateMode=1; InpTemplates=ptl_screenshot;ptl_screenshot_zoom; 
0	18:19:24.400	PTL_Sessions GBPJPY.pro,M15: initialized
0	18:19:24.461	Custom indicator PTL_Sessions EURJPY.pro,M15: loaded successfully
0	18:19:24.475	Custom indicator FXR_ATR_Pivots EURJPY.pro,M15: loaded successfully
0	18:19:24.493	Expert PTL_EA EURJPY.pro,M15: loaded successfully
0	18:19:24.493	PTL_EA EURJPY.pro,M15 inputs: InpLanguage=1; TelegramToken=927322228:AAFxIy4Tw_rfZr6LEoyO5tocsMNBxwNXIHI; TelegramNotification=true; Pair_suffix=; InpUpdateMode=1; InpTemplates=ptl_screenshot;ptl_screenshot_zoom; 
0	18:19:24.535	PTL_Sessions EURJPY.pro,M15: initialized
0	18:19:24.557	FXR_ATR_Pivots EURJPY.pro,M15: initialized
0	18:19:24.625	Custom indicator PTL_Sessions USDJPY.pro,M30: loaded successfully
0	18:19:24.637	Custom indicator pipsometer_5_decimal USDJPY.pro,M30: loaded successfully
0	18:19:24.653	Expert PTL_EA USDJPY.pro,M30: loaded successfully
0	18:19:24.653	PTL_EA USDJPY.pro,M30 inputs: InpLanguage=1; TelegramToken=927322228:AAFxIy4Tw_rfZr6LEoyO5tocsMNBxwNXIHI; TelegramNotification=true; Pair_suffix=; InpUpdateMode=1; InpTemplates=ptl_screenshot;ptl_screenshot_zoom; 
0	18:19:24.694	PTL_Sessions USDJPY.pro,M30: initialized
0	18:19:24.716	pipsometer_5_decimal USDJPY.pro,M30: initialized
0	18:19:24.788	Custom indicator PTL_Sessions AUDUSD.pro,M30: loaded successfully
0	18:19:24.801	Custom indicator pipsometer_5_decimal AUDUSD.pro,M30: loaded successfully
0	18:19:24.816	Expert PTL_EA AUDUSD.pro,M30: loaded successfully
0	18:19:24.816	PTL_EA AUDUSD.pro,M30 inputs: InpLanguage=1; TelegramToken=927322228:AAFxIy4Tw_rfZr6LEoyO5tocsMNBxwNXIHI; TelegramNotification=true; Pair_suffix=; InpUpdateMode=1; InpTemplates=ptl_screenshot;ptl_screenshot_zoom; 
0	18:19:24.854	PTL_Sessions AUDUSD.pro,M30: initialized
0	18:19:24.875	pipsometer_5_decimal AUDUSD.pro,M30: initialized
0	18:19:24.939	Custom indicator PTL_Sessions USDCAD.pro,M15: loaded successfully
0	18:19:24.950	Custom indicator pipsometer_5_decimal USDCAD.pro,M15: loaded successfully
0	18:19:24.966	Expert PTL_EA USDCAD.pro,M15: loaded successfully
0	18:19:24.966	PTL_EA USDCAD.pro,M15 inputs: InpLanguage=1; TelegramToken=927322228:AAFxIy4Tw_rfZr6LEoyO5tocsMNBxwNXIHI; TelegramNotification=true; Pair_suffix=; InpUpdateMode=1; InpTemplates=ptl_screenshot;ptl_screenshot_zoom; 
0	18:19:25.005	PTL_Sessions USDCAD.pro,M15: initialized
0	18:19:25.029	pipsometer_5_decimal USDCAD.pro,M15: initialized
0	18:19:34.214	PTL_EA EURJPY.pro,M15: initialized
0	18:19:34.251	PTL_EA USDINDEX.fs,H1: initialized
0	18:19:34.270	PTL_EA XAUUSD.pro,M15: initialized
0	18:19:34.274	PTL_EA USDJPY.pro,M30: initialized
0	18:19:34.274	PTL_EA GBPJPY.pro,M15: initialized
0	18:19:34.311	PTL_EA USDCAD.pro,M15: initialized
0	18:19:34.311	PTL_EA GBPUSD.pro,M30: initialized
0	18:19:34.348	PTL_EA EURUSD.pro,M15: initialized
0	18:19:34.385	PTL_EA AUDUSD.pro,M30: initialized
0	18:19:34.385	PTL_EA S&P.fs,M30: initialized
0	18:19:42.107	PTL_EA S&P.fs,M30: uninit reason 3
0	18:19:42.108	PTL_Sessions S&P.fs,M30: uninit reason 3
0	18:19:42.108	PTL_Sessions S&P.fs,M15: initialized
0	18:19:42.127	PTL_EA S&P.fs,M15: initialized
0	18:20:35.244	PTL_EA USDINDEX.fs,H1: uninit reason 2
0	18:20:35.253	Expert PTL_EA USDINDEX.fs,H1: removed
0	18:20:35.273	Expert PTL_EA USDINDEX.fs,H1: loaded successfully
0	18:20:35.274	PTL_EA S&P.fs,M15: uninit reason 2
0	18:20:35.281	Expert PTL_EA S&P.fs,M15: removed
0	18:20:35.301	Expert PTL_EA S&P.fs,M15: loaded successfully
0	18:20:35.302	PTL_EA XAUUSD.pro,M15: uninit reason 2
0	18:20:35.313	Expert PTL_EA XAUUSD.pro,M15: removed
0	18:20:35.336	Expert PTL_EA XAUUSD.pro,M15: loaded successfully
0	18:20:35.338	PTL_EA EURUSD.pro,M15: uninit reason 2
0	18:20:35.350	Expert PTL_EA EURUSD.pro,M15: removed
0	18:20:35.375	Expert PTL_EA EURUSD.pro,M15: loaded successfully
0	18:20:35.376	PTL_EA GBPUSD.pro,M30: uninit reason 2
0	18:20:35.390	Expert PTL_EA GBPUSD.pro,M30: removed
0	18:20:35.415	Expert PTL_EA GBPUSD.pro,M30: loaded successfully
0	18:20:35.417	PTL_EA GBPJPY.pro,M15: uninit reason 2
0	18:20:35.430	Expert PTL_EA GBPJPY.pro,M15: removed
0	18:20:35.456	Expert PTL_EA GBPJPY.pro,M15: loaded successfully
0	18:20:35.457	PTL_EA EURJPY.pro,M15: uninit reason 2
0	18:20:35.471	Expert PTL_EA EURJPY.pro,M15: removed
0	18:20:35.480	PTL_EA USDINDEX.fs,H1: initialized
0	18:20:35.498	Expert PTL_EA EURJPY.pro,M15: loaded successfully
0	18:20:35.499	PTL_EA USDJPY.pro,M30: uninit reason 2
0	18:20:35.511	Expert PTL_EA USDJPY.pro,M30: removed
0	18:20:35.535	Expert PTL_EA USDJPY.pro,M30: loaded successfully
0	18:20:35.536	PTL_EA AUDUSD.pro,M30: uninit reason 2
0	18:20:35.548	Expert PTL_EA AUDUSD.pro,M30: removed
0	18:20:35.574	Expert PTL_EA AUDUSD.pro,M30: loaded successfully
0	18:20:35.575	PTL_EA USDCAD.pro,M15: uninit reason 2
0	18:20:35.587	Expert PTL_EA USDCAD.pro,M15: removed
0	18:20:35.595	PTL_EA S&P.fs,M15: initialized
0	18:20:35.613	Expert PTL_EA USDCAD.pro,M15: loaded successfully
0	18:20:35.806	PTL_EA XAUUSD.pro,M15: initialized
0	18:20:35.817	PTL_EA EURUSD.pro,M15: initialized
0	18:20:35.921	PTL_EA GBPUSD.pro,M30: initialized
0	18:20:35.924	PTL_EA GBPJPY.pro,M15: initialized
0	18:20:35.927	PTL_EA EURJPY.pro,M15: initialized
0	18:20:35.938	PTL_EA AUDUSD.pro,M30: initialized
0	18:20:35.940	PTL_EA USDJPY.pro,M30: initialized
0	18:20:35.951	PTL_EA USDCAD.pro,M15: initialized
0	18:47:27.619	PTL_EA GBPUSD.pro,M30: uninit reason 3
0	18:47:27.621	PTL_Sessions GBPUSD.pro,M30: uninit reason 3
0	18:47:27.621	pipsometer_5_decimal GBPUSD.pro,M30: uninit reason 3
0	18:47:27.621	PTL_Sessions GBPUSD.pro,M15: initialized
0	18:47:27.621	pipsometer_5_decimal GBPUSD.pro,M15: initialized
0	18:47:27.639	PTL_EA GBPUSD.pro,M15: initialized
0	19:17:37.454	PTL_EA XAUUSD.pro,M15: uninit reason 3
0	19:17:37.456	PTL_Sessions XAUUSD.pro,M15: uninit reason 3
0	19:17:37.456	pipsometer_5_decimal XAUUSD.pro,M15: uninit reason 3
0	19:17:37.456	PTL_Sessions XAUUSD.pro,M30: initialized
0	19:17:37.456	pipsometer_5_decimal XAUUSD.pro,M30: initialized
0	19:17:37.474	PTL_EA XAUUSD.pro,M30: initialized
0	19:17:39.590	PTL_EA XAUUSD.pro,M30: uninit reason 3
0	19:17:39.592	PTL_Sessions XAUUSD.pro,M30: uninit reason 3
0	19:17:39.592	pipsometer_5_decimal XAUUSD.pro,M30: uninit reason 3
0	19:17:39.592	PTL_Sessions XAUUSD.pro,H1: initialized
0	19:17:39.592	pipsometer_5_decimal XAUUSD.pro,H1: initialized
0	19:17:39.610	PTL_EA XAUUSD.pro,H1: initialized
0	19:17:41.224	PTL_EA XAUUSD.pro,H1: uninit reason 3
0	19:17:41.226	PTL_Sessions XAUUSD.pro,H1: uninit reason 3
0	19:17:41.226	pipsometer_5_decimal XAUUSD.pro,H1: uninit reason 3
0	19:17:41.226	PTL_Sessions XAUUSD.pro,H4: initialized
0	19:17:41.226	pipsometer_5_decimal XAUUSD.pro,H4: initialized
0	19:17:41.245	PTL_EA XAUUSD.pro,H4: initialized
0	19:17:42.413	PTL_EA XAUUSD.pro,H4: uninit reason 3
0	19:17:42.414	PTL_Sessions XAUUSD.pro,H4: uninit reason 3
0	19:17:42.414	pipsometer_5_decimal XAUUSD.pro,H4: uninit reason 3
0	19:17:42.414	PTL_Sessions XAUUSD.pro,Daily: initialized
0	19:17:42.414	pipsometer_5_decimal XAUUSD.pro,Daily: initialized
0	19:17:42.432	PTL_EA XAUUSD.pro,Daily: initialized
0	19:17:44.307	PTL_EA XAUUSD.pro,Daily: uninit reason 3
0	19:17:44.309	PTL_Sessions XAUUSD.pro,Daily: uninit reason 3
0	19:17:44.309	pipsometer_5_decimal XAUUSD.pro,Daily: uninit reason 3
0	19:17:44.309	PTL_Sessions XAUUSD.pro,M15: initialized
0	19:17:44.309	pipsometer_5_decimal XAUUSD.pro,M15: initialized
0	19:17:44.329	PTL_EA XAUUSD.pro,M15: initialized
0	19:22:29.203	PTL_EA GBPUSD.pro,M15: uninit reason 3
0	19:22:29.205	PTL_Sessions GBPUSD.pro,M15: uninit reason 3
0	19:22:29.205	pipsometer_5_decimal GBPUSD.pro,M15: uninit reason 3
0	19:22:29.205	PTL_Sessions GBPUSD.pro,M30: initialized
0	19:22:29.205	pipsometer_5_decimal GBPUSD.pro,M30: initialized
0	19:22:29.226	PTL_EA GBPUSD.pro,M30: initialized
0	19:22:30.392	PTL_EA GBPUSD.pro,M30: uninit reason 3
0	19:22:30.394	PTL_Sessions GBPUSD.pro,M30: uninit reason 3
0	19:22:30.394	pipsometer_5_decimal GBPUSD.pro,M30: uninit reason 3
0	19:22:30.394	PTL_Sessions GBPUSD.pro,M15: initialized
0	19:22:30.394	pipsometer_5_decimal GBPUSD.pro,M15: initialized
0	19:22:30.412	PTL_EA GBPUSD.pro,M15: initialized
0	20:23:36.534	PTL_EA XAUUSD.pro,M15: uninit reason 3
0	20:23:36.536	PTL_Sessions XAUUSD.pro,M15: uninit reason 3
0	20:23:36.536	pipsometer_5_decimal XAUUSD.pro,M15: uninit reason 3
0	20:23:36.536	PTL_Sessions XAUUSD.pro,M30: initialized
0	20:23:36.536	pipsometer_5_decimal XAUUSD.pro,M30: initialized
0	20:23:36.556	PTL_EA XAUUSD.pro,M30: initialized
0	20:24:08.642	PTL_EA GBPUSD.pro,M15: uninit reason 3
0	20:24:08.643	PTL_Sessions GBPUSD.pro,M15: uninit reason 3
0	20:24:08.643	pipsometer_5_decimal GBPUSD.pro,M15: uninit reason 3
0	20:24:08.643	PTL_Sessions GBPUSD.pro,M30: initialized
0	20:24:08.643	pipsometer_5_decimal GBPUSD.pro,M30: initialized
0	20:24:08.662	PTL_EA GBPUSD.pro,M30: initialized
0	20:25:17.549	PTL_EA USDCAD.pro,M15: uninit reason 3
0	20:25:17.551	PTL_Sessions USDCAD.pro,M15: uninit reason 3
0	20:25:17.551	pipsometer_5_decimal USDCAD.pro,M15: uninit reason 3
0	20:25:17.551	PTL_Sessions USDCAD.pro,M30: initialized
0	20:25:17.551	pipsometer_5_decimal USDCAD.pro,M30: initialized
0	20:25:17.571	PTL_EA USDCAD.pro,M30: initialized
0	20:33:25.278	PTL_EA USDINDEX.fs,H1: uninit reason 2
0	20:33:25.294	Expert PTL_EA USDINDEX.fs,H1: removed
0	20:33:25.312	Expert PTL_EA USDINDEX.fs,H1: loaded successfully
0	20:33:25.312	PTL_EA S&P.fs,M15: uninit reason 2
0	20:33:25.321	Expert PTL_EA S&P.fs,M15: removed
0	20:33:25.337	Expert PTL_EA S&P.fs,M15: loaded successfully
0	20:33:25.338	PTL_EA XAUUSD.pro,M30: uninit reason 2
0	20:33:25.349	Expert PTL_EA XAUUSD.pro,M30: removed
0	20:33:25.371	Expert PTL_EA XAUUSD.pro,M30: loaded successfully
0	20:33:25.371	PTL_EA EURUSD.pro,M15: uninit reason 2
0	20:33:25.386	Expert PTL_EA EURUSD.pro,M15: removed
0	20:33:25.408	Expert PTL_EA EURUSD.pro,M15: loaded successfully
0	20:33:25.408	PTL_EA GBPUSD.pro,M30: uninit reason 2
0	20:33:25.422	Expert PTL_EA GBPUSD.pro,M30: removed
0	20:33:25.444	Expert PTL_EA GBPUSD.pro,M30: loaded successfully
0	20:33:25.445	PTL_EA GBPJPY.pro,M15: uninit reason 2
0	20:33:25.460	Expert PTL_EA GBPJPY.pro,M15: removed
0	20:33:25.482	Expert PTL_EA GBPJPY.pro,M15: loaded successfully
0	20:33:25.482	PTL_EA EURJPY.pro,M15: uninit reason 2
0	20:33:25.497	Expert PTL_EA EURJPY.pro,M15: removed
0	20:33:25.520	Expert PTL_EA EURJPY.pro,M15: loaded successfully
0	20:33:25.521	PTL_EA USDJPY.pro,M30: uninit reason 2
0	20:33:25.537	Expert PTL_EA USDJPY.pro,M30: removed
0	20:33:25.544	PTL_EA USDINDEX.fs,H1: initialized
0	20:33:25.560	Expert PTL_EA USDJPY.pro,M30: loaded successfully
0	20:33:25.561	PTL_EA AUDUSD.pro,M30: uninit reason 2
0	20:33:25.576	Expert PTL_EA AUDUSD.pro,M30: removed
0	20:33:25.598	PTL_EA S&P.fs,M15: initialized
0	20:33:25.599	Expert PTL_EA AUDUSD.pro,M30: loaded successfully
0	20:33:25.600	PTL_EA USDCAD.pro,M30: uninit reason 2
0	20:33:25.606	PTL_EA XAUUSD.pro,M30: initialized
0	20:33:25.607	Expert PTL_EA USDCAD.pro,M30: removed
0	20:33:25.629	Expert PTL_EA USDCAD.pro,M30: loaded successfully
0	20:33:25.678	PTL_EA EURUSD.pro,M15: initialized
0	20:33:25.747	PTL_EA GBPUSD.pro,M30: initialized
0	20:33:25.757	PTL_EA GBPJPY.pro,M15: initialized
0	20:33:25.786	PTL_EA USDJPY.pro,M30: initialized
0	20:33:25.797	PTL_EA EURJPY.pro,M15: initialized
0	20:33:25.805	PTL_EA AUDUSD.pro,M30: initialized
0	20:33:25.831	PTL_EA USDCAD.pro,M30: initialized
0	20:37:09.376	PTL_EA GBPUSD.pro,M30: uninit reason 3
0	20:37:09.378	PTL_Sessions GBPUSD.pro,M30: uninit reason 3
0	20:37:09.378	pipsometer_5_decimal GBPUSD.pro,M30: uninit reason 3
0	20:37:09.378	PTL_Sessions GBPUSD.pro,M15: initialized
0	20:37:09.378	pipsometer_5_decimal GBPUSD.pro,M15: initialized
0	20:37:09.398	PTL_EA GBPUSD.pro,M15: initialized
0	21:18:20.641	PTL_EA USDINDEX.fs,H1: uninit reason 2
0	21:18:20.645	Expert PTL_EA USDINDEX.fs,H1: removed
0	21:18:20.663	Expert PTL_EA USDINDEX.fs,H1: loaded successfully
0	21:18:20.663	PTL_EA S&P.fs,M15: uninit reason 2
0	21:18:20.677	Expert PTL_EA S&P.fs,M15: removed
0	21:18:20.698	Expert PTL_EA S&P.fs,M15: loaded successfully
0	21:18:20.698	PTL_EA XAUUSD.pro,M30: uninit reason 2
0	21:18:20.712	Expert PTL_EA XAUUSD.pro,M30: removed
0	21:18:20.733	Expert PTL_EA XAUUSD.pro,M30: loaded successfully
0	21:18:20.734	PTL_EA EURUSD.pro,M15: uninit reason 2
0	21:18:20.746	Expert PTL_EA EURUSD.pro,M15: removed
0	21:18:20.768	Expert PTL_EA EURUSD.pro,M15: loaded successfully
0	21:18:20.769	PTL_EA GBPUSD.pro,M15: uninit reason 2
0	21:18:20.783	Expert PTL_EA GBPUSD.pro,M15: removed
0	21:18:20.805	Expert PTL_EA GBPUSD.pro,M15: loaded successfully
0	21:18:20.806	PTL_EA GBPJPY.pro,M15: uninit reason 2
0	21:18:20.821	Expert PTL_EA GBPJPY.pro,M15: removed
0	21:18:20.844	Expert PTL_EA GBPJPY.pro,M15: loaded successfully
0	21:18:20.845	PTL_EA EURJPY.pro,M15: uninit reason 2
0	21:18:20.861	Expert PTL_EA EURJPY.pro,M15: removed
0	21:18:20.871	PTL_EA S&P.fs,M15: initialized
0	21:18:20.871	PTL_EA USDINDEX.fs,H1: initialized
0	21:18:20.884	Expert PTL_EA EURJPY.pro,M15: loaded successfully
0	21:18:20.885	PTL_EA USDJPY.pro,M30: uninit reason 2
0	21:18:20.893	Expert PTL_EA USDJPY.pro,M30: removed
0	21:18:20.916	Expert PTL_EA USDJPY.pro,M30: loaded successfully
0	21:18:20.916	PTL_EA AUDUSD.pro,M30: uninit reason 2
0	21:18:20.933	Expert PTL_EA AUDUSD.pro,M30: removed
0	21:18:20.957	Expert PTL_EA AUDUSD.pro,M30: loaded successfully
0	21:18:20.972	PTL_EA USDCAD.pro,M30: uninit reason 2
0	21:18:20.983	PTL_EA XAUUSD.pro,M30: initialized
0	21:18:20.985	Expert PTL_EA USDCAD.pro,M30: removed
0	21:18:21.008	Expert PTL_EA USDCAD.pro,M30: loaded successfully
0	21:18:21.060	PTL_EA GBPJPY.pro,M15: initialized
0	21:18:21.067	PTL_EA EURUSD.pro,M15: initialized
0	21:18:21.108	PTL_EA GBPUSD.pro,M15: initialized
0	21:18:21.164	PTL_EA EURJPY.pro,M15: initialized
0	21:18:21.172	PTL_EA USDJPY.pro,M30: initialized
0	21:18:21.178	PTL_EA AUDUSD.pro,M30: initialized
0	21:18:21.209	PTL_EA USDCAD.pro,M30: initialized
0	21:28:25.282	PTL_EA GBPUSD.pro,M15: uninit reason 3
0	21:28:25.284	PTL_Sessions GBPUSD.pro,M15: uninit reason 3
0	21:28:25.284	pipsometer_5_decimal GBPUSD.pro,M15: uninit reason 3
0	21:28:25.284	PTL_Sessions GBPUSD.pro,M30: initialized
0	21:28:25.284	pipsometer_5_decimal GBPUSD.pro,M30: initialized
0	21:28:25.302	PTL_EA GBPUSD.pro,M30: initialized
0	21:28:32.906	PTL_EA GBPUSD.pro,M30: uninit reason 3
0	21:28:32.908	PTL_Sessions GBPUSD.pro,M30: uninit reason 3
0	21:28:32.908	pipsometer_5_decimal GBPUSD.pro,M30: uninit reason 3
0	21:28:32.908	PTL_Sessions GBPUSD.pro,M15: initialized
0	21:28:32.908	pipsometer_5_decimal GBPUSD.pro,M15: initialized
0	21:28:32.927	PTL_EA GBPUSD.pro,M15: initialized
0	21:46:25.719	PTL_EA USDINDEX.fs,H1: uninit reason 2
0	21:46:25.731	Expert PTL_EA USDINDEX.fs,H1: removed
0	21:46:25.747	Expert PTL_EA USDINDEX.fs,H1: loaded successfully
0	21:46:25.748	PTL_EA S&P.fs,M15: uninit reason 2
0	21:46:25.753	Expert PTL_EA S&P.fs,M15: removed
0	21:46:25.772	Expert PTL_EA S&P.fs,M15: loaded successfully
0	21:46:25.772	PTL_EA XAUUSD.pro,M30: uninit reason 2
0	21:46:25.785	Expert PTL_EA XAUUSD.pro,M30: removed
0	21:46:25.804	Expert PTL_EA XAUUSD.pro,M30: loaded successfully
0	21:46:25.805	PTL_EA EURUSD.pro,M15: uninit reason 2
0	21:46:25.817	Expert PTL_EA EURUSD.pro,M15: removed
0	21:46:25.838	Expert PTL_EA EURUSD.pro,M15: loaded successfully
0	21:46:25.839	PTL_EA GBPUSD.pro,M15: uninit reason 2
0	21:46:25.855	Expert PTL_EA GBPUSD.pro,M15: removed
0	21:46:25.878	Expert PTL_EA GBPUSD.pro,M15: loaded successfully
0	21:46:25.878	PTL_EA GBPJPY.pro,M15: uninit reason 2
0	21:46:25.895	Expert PTL_EA GBPJPY.pro,M15: removed
0	21:46:25.917	Expert PTL_EA GBPJPY.pro,M15: loaded successfully
0	21:46:25.918	PTL_EA EURJPY.pro,M15: uninit reason 2
0	21:46:25.933	Expert PTL_EA EURJPY.pro,M15: removed
0	21:46:25.955	Expert PTL_EA EURJPY.pro,M15: loaded successfully
0	21:46:25.956	PTL_EA USDJPY.pro,M30: uninit reason 2
0	21:46:25.971	Expert PTL_EA USDJPY.pro,M30: removed
0	21:46:25.972	PTL_EA USDINDEX.fs,H1: initialized
0	21:46:25.993	Expert PTL_EA USDJPY.pro,M30: loaded successfully
0	21:46:25.993	PTL_EA AUDUSD.pro,M30: uninit reason 2
0	21:46:26.006	Expert PTL_EA AUDUSD.pro,M30: removed
0	21:46:26.011	PTL_EA S&P.fs,M15: initialized
0	21:46:26.028	Expert PTL_EA AUDUSD.pro,M30: loaded successfully
0	21:46:26.029	PTL_EA USDCAD.pro,M30: uninit reason 2
0	21:46:26.039	Expert PTL_EA USDCAD.pro,M30: removed
0	21:46:26.060	Expert PTL_EA USDCAD.pro,M30: loaded successfully
0	21:46:26.076	PTL_EA XAUUSD.pro,M30: initialized
0	21:46:26.153	PTL_EA EURUSD.pro,M15: initialized
0	21:46:26.193	PTL_EA GBPUSD.pro,M15: initialized
0	21:46:26.223	PTL_EA GBPJPY.pro,M15: initialized
0	21:46:26.229	PTL_EA EURJPY.pro,M15: initialized
0	21:46:26.271	PTL_EA AUDUSD.pro,M30: initialized
0	21:46:26.271	PTL_EA USDJPY.pro,M30: initialized
0	21:46:26.284	PTL_EA USDCAD.pro,M30: initialized
0	22:13:09.207	PTL_EA USDINDEX.fs,H1: uninit reason 2
0	22:13:09.228	Expert PTL_EA USDINDEX.fs,H1: removed
0	22:13:09.253	Expert PTL_EA USDINDEX.fs,H1: loaded successfully
0	22:13:09.253	PTL_EA S&P.fs,M15: uninit reason 2
0	22:13:09.263	Expert PTL_EA S&P.fs,M15: removed
0	22:13:09.280	Expert PTL_EA S&P.fs,M15: loaded successfully
0	22:13:09.280	PTL_EA XAUUSD.pro,M30: uninit reason 2
0	22:13:09.291	Expert PTL_EA XAUUSD.pro,M30: removed
0	22:13:09.311	Expert PTL_EA XAUUSD.pro,M30: loaded successfully
0	22:13:09.311	PTL_EA EURUSD.pro,M15: uninit reason 2
0	22:13:09.328	Expert PTL_EA EURUSD.pro,M15: removed
0	22:13:09.352	Expert PTL_EA EURUSD.pro,M15: loaded successfully
0	22:13:09.353	PTL_EA GBPUSD.pro,M15: uninit reason 2
0	22:13:09.365	Expert PTL_EA GBPUSD.pro,M15: removed
0	22:13:09.389	Expert PTL_EA GBPUSD.pro,M15: loaded successfully
0	22:13:09.389	PTL_EA GBPJPY.pro,M15: uninit reason 2
0	22:13:09.403	Expert PTL_EA GBPJPY.pro,M15: removed
0	22:13:09.426	Expert PTL_EA GBPJPY.pro,M15: loaded successfully
0	22:13:09.427	PTL_EA EURJPY.pro,M15: uninit reason 2
0	22:13:09.443	Expert PTL_EA EURJPY.pro,M15: removed
0	22:13:09.465	Expert PTL_EA EURJPY.pro,M15: loaded successfully
0	22:13:09.466	PTL_EA USDJPY.pro,M30: uninit reason 2
0	22:13:09.481	Expert PTL_EA USDJPY.pro,M30: removed
0	22:13:09.504	Expert PTL_EA USDJPY.pro,M30: loaded successfully
0	22:13:09.505	PTL_EA AUDUSD.pro,M30: uninit reason 2
0	22:13:09.514	PTL_EA XAUUSD.pro,M30: initialized
0	22:13:09.520	Expert PTL_EA AUDUSD.pro,M30: removed
0	22:13:09.523	PTL_EA S&P.fs,M15: initialized
0	22:13:09.524	PTL_EA USDINDEX.fs,H1: initialized
0	22:13:09.544	Expert PTL_EA AUDUSD.pro,M30: loaded successfully
0	22:13:09.544	PTL_EA USDCAD.pro,M30: uninit reason 2
0	22:13:09.551	Expert PTL_EA USDCAD.pro,M30: removed
0	22:13:09.572	Expert PTL_EA USDCAD.pro,M30: loaded successfully
0	22:13:09.663	PTL_EA EURUSD.pro,M15: initialized
0	22:13:09.668	PTL_EA GBPJPY.pro,M15: initialized
0	22:13:09.687	PTL_EA GBPUSD.pro,M15: initialized
0	22:13:09.707	PTL_EA EURJPY.pro,M15: initialized
0	22:13:09.723	PTL_EA USDJPY.pro,M30: initialized
0	22:13:09.736	PTL_EA AUDUSD.pro,M30: initialized
0	22:13:09.741	PTL_EA USDCAD.pro,M30: initialized
0	22:14:41.341	PTL_EA USDINDEX.fs,H1: uninit reason 9
0	22:14:41.343	PTL_Sessions USDINDEX.fs,H1: uninit reason 9
0	22:14:41.343	pipsometer_5_decimal USDINDEX.fs,H1: uninit reason 9
0	22:14:41.343	PTL_EA S&P.fs,M15: uninit reason 9
0	22:14:41.351	PTL_Sessions S&P.fs,M15: uninit reason 9
0	22:14:41.352	PTL_EA XAUUSD.pro,M30: uninit reason 9
0	22:14:41.358	PTL_Sessions XAUUSD.pro,M30: uninit reason 9
0	22:14:41.358	pipsometer_5_decimal XAUUSD.pro,M30: uninit reason 9
0	22:14:41.358	PTL_EA EURUSD.pro,M15: uninit reason 9
0	22:14:41.365	PTL_Sessions EURUSD.pro,M15: uninit reason 9
0	22:14:41.365	pipsometer_5_decimal EURUSD.pro,M15: uninit reason 9
0	22:14:41.365	PTL_EA GBPUSD.pro,M15: uninit reason 9
0	22:14:41.375	PTL_Sessions GBPUSD.pro,M15: uninit reason 9
0	22:14:41.375	pipsometer_5_decimal GBPUSD.pro,M15: uninit reason 9
0	22:14:41.375	PTL_EA GBPJPY.pro,M15: uninit reason 9
0	22:14:41.382	PTL_Sessions GBPJPY.pro,M15: uninit reason 9
0	22:14:41.382	PTL_EA EURJPY.pro,M15: uninit reason 9
0	22:14:41.391	PTL_Sessions EURJPY.pro,M15: uninit reason 9
0	22:14:41.391	FXR_ATR_Pivots EURJPY.pro,M15: uninit reason 9
0	22:14:41.391	PTL_EA USDJPY.pro,M30: uninit reason 9
0	22:14:41.401	PTL_Sessions USDJPY.pro,M30: uninit reason 9
0	22:14:41.401	pipsometer_5_decimal USDJPY.pro,M30: uninit reason 9
0	22:14:41.401	PTL_EA AUDUSD.pro,M30: uninit reason 9
0	22:14:41.410	PTL_Sessions AUDUSD.pro,M30: uninit reason 9
0	22:14:41.410	pipsometer_5_decimal AUDUSD.pro,M30: uninit reason 9
0	22:14:41.410	PTL_EA USDCAD.pro,M30: uninit reason 9
0	22:14:41.420	PTL_Sessions USDCAD.pro,M30: uninit reason 9
0	22:14:41.420	pipsometer_5_decimal USDCAD.pro,M30: uninit reason 9
0	22:14:41.619	Expert PTL_EA USDINDEX.fs,H1: removed
0	22:14:41.624	Custom indicator PTL_Sessions USDINDEX.fs,H1: removed
0	22:14:41.628	Custom indicator pipsometer_5_decimal USDINDEX.fs,H1: removed
0	22:14:41.633	Expert PTL_EA S&P.fs,M15: removed
0	22:14:41.640	Custom indicator PTL_Sessions S&P.fs,M15: removed
0	22:14:41.645	Expert PTL_EA XAUUSD.pro,M30: removed
0	22:14:41.649	Custom indicator PTL_Sessions XAUUSD.pro,M30: removed
0	22:14:41.652	Custom indicator pipsometer_5_decimal XAUUSD.pro,M30: removed
0	22:14:41.659	Expert PTL_EA EURUSD.pro,M15: removed
0	22:14:41.663	Custom indicator PTL_Sessions EURUSD.pro,M15: removed
0	22:14:41.666	Custom indicator pipsometer_5_decimal EURUSD.pro,M15: removed
0	22:14:41.673	Expert PTL_EA GBPUSD.pro,M15: removed
0	22:14:41.678	Custom indicator PTL_Sessions GBPUSD.pro,M15: removed
0	22:14:41.680	Custom indicator pipsometer_5_decimal GBPUSD.pro,M15: removed
0	22:14:41.701	Expert PTL_EA GBPJPY.pro,M15: removed
0	22:14:41.706	Custom indicator PTL_Sessions GBPJPY.pro,M15: removed
0	22:14:41.712	Expert PTL_EA EURJPY.pro,M15: removed
0	22:14:41.715	Custom indicator PTL_Sessions EURJPY.pro,M15: removed
0	22:14:41.718	Custom indicator FXR_ATR_Pivots EURJPY.pro,M15: removed
0	22:14:41.736	Expert PTL_EA USDJPY.pro,M30: removed
0	22:14:41.742	Custom indicator PTL_Sessions USDJPY.pro,M30: removed
0	22:14:41.745	Custom indicator pipsometer_5_decimal USDJPY.pro,M30: removed
0	22:14:41.750	Expert PTL_EA AUDUSD.pro,M30: removed
0	22:14:41.756	Custom indicator PTL_Sessions AUDUSD.pro,M30: removed
0	22:14:41.759	Custom indicator pipsometer_5_decimal AUDUSD.pro,M30: removed
0	22:14:41.768	Expert PTL_EA USDCAD.pro,M30: removed
0	22:14:41.774	Custom indicator PTL_Sessions USDCAD.pro,M30: removed
0	22:14:41.777	Custom indicator pipsometer_5_decimal USDCAD.pro,M30: removed
