0	07:20:29.738	MetaTrader build 1260 started (AxiCorp Financial Services Pty Ltd)
0	07:20:29.739	Windows 10 Enterprise x64, IE 11, UAC, 4 x Intel Core i5-4210U  @ 1.70GHz, Memory: 9609 / 12176 Mb, Disk: 51 / 99 Gb, GMT+7
0	07:20:29.739	Data Folder: C:\Users\PHAM THANH LUAN\AppData\Roaming\MetaQuotes\Terminal\9662C61C6715C26397817D3943CECEEC
2	07:20:32.086	Custom indicator pipsometer_5_decimal XAUUSD.pro,M15: loaded successfully
2	07:20:32.099	Custom indicator PTL_Sessions XAUUSD.pro,M15: loaded successfully
2	07:20:32.115	Expert PTL_EA XAUUSD.pro,M15: loaded successfully
2	07:20:32.236	Custom indicator pipsometer_5_decimal EURUSD.pro,M15: loaded successfully
2	07:20:32.250	Custom indicator PTL_Sessions EURUSD.pro,M15: loaded successfully
2	07:20:32.265	Expert PTL_EA EURUSD.pro,M15: loaded successfully
2	07:20:32.390	Custom indicator pipsometer_5_decimal GBPUSD.pro,M15: loaded successfully
2	07:20:32.404	Custom indicator PTL_Sessions GBPUSD.pro,M15: loaded successfully
2	07:20:32.419	Expert PTL_EA GBPUSD.pro,M15: loaded successfully
2	07:20:32.842	Custom indicator pipsometer_5_decimal GBPJPY.pro,M15: loaded successfully
2	07:20:32.856	Custom indicator PTL_Sessions GBPJPY.pro,M15: loaded successfully
2	07:20:32.871	Expert PTL_EA GBPJPY.pro,M15: loaded successfully
2	07:20:32.997	Custom indicator pipsometer_5_decimal EURJPY.pro,M15: loaded successfully
2	07:20:33.010	Custom indicator PTL_Sessions EURJPY.pro,M15: loaded successfully
2	07:20:33.025	Expert PTL_EA EURJPY.pro,M15: loaded successfully
2	07:20:33.153	Custom indicator pipsometer_5_decimal USDJPY.pro,M15: loaded successfully
2	07:20:33.167	Custom indicator PTL_Sessions USDJPY.pro,M15: loaded successfully
2	07:20:33.182	Expert PTL_EA USDJPY.pro,M15: loaded successfully
2	07:20:33.309	Custom indicator pipsometer_5_decimal AUDUSD.pro,M15: loaded successfully
2	07:20:33.323	Custom indicator PTL_Sessions AUDUSD.pro,M15: loaded successfully
2	07:20:33.337	Expert PTL_EA AUDUSD.pro,M15: loaded successfully
2	07:20:33.466	Custom indicator pipsometer_5_decimal USDCAD.pro,M15: loaded successfully
2	07:20:33.481	Custom indicator PTL_Sessions USDCAD.pro,M15: loaded successfully
2	07:20:33.496	Expert PTL_EA USDCAD.pro,M15: loaded successfully
2	07:20:33.625	Custom indicator pipsometer_5_decimal GBPAUD.pro,M30: loaded successfully
2	07:20:33.640	Custom indicator PTL_Sessions GBPAUD.pro,M30: loaded successfully
2	07:20:33.656	Expert PTL_EA GBPAUD.pro,M30: loaded successfully
0	07:20:35.147	'4136965': login on AxiTrader-US02-Live through AxiAccelerator (ping: 236.84 ms)
0	07:20:37.516	'4136965': login datacenter on AxiTrader-US02-Live through AxiAccelerator (ping: 236.84 ms)
0	07:20:38.234	'4136965': previous successful authorization performed from 65.115.8.115
0	07:20:46.456	'4136965': ping to current access point AxiAccelerator is 234.30 ms
1	11:19:04.988	'4136965': ping failed
1	11:19:07.362	'4136965': connect failed [No connection]
0	11:19:13.234	'4136965': login on AxiTrader-US02-Live through AxiAccelerator (ping: n/a)
0	11:19:15.556	'4136965': login datacenter on AxiTrader-US02-Live through AxiAccelerator (ping: n/a)
0	11:19:16.330	'4136965': previous successful authorization performed from 204.245.143.113
0	11:19:32.874	'4136965': ping to current access point AxiAccelerator is 234.22 ms
1	11:37:05.626	'4136965': ping failed
1	11:37:06.146	'4136965': ping failed
1	11:37:08.973	'4136965': datacenter connecting failed [6]
0	11:37:10.054	'4136965': login on AxiTrader-US02-Live through Alternate DC US1 (ping: 271.55 ms)
0	11:37:12.509	'4136965': login datacenter on AxiTrader-US02-Live through Alternate DC US1 (ping: 271.55 ms)
0	11:37:13.191	'4136965': previous successful authorization performed from 208.46.149.107
1	13:53:20.281	'4136965': ping failed
0	13:53:20.833	'4136965': login datacenter on AxiTrader-US02-Live
0	13:53:22.312	'4136965': login on AxiTrader-US02-Live through Alternate DC US2 (ping: 255.53 ms)
0	13:53:24.396	'4136965': login datacenter on AxiTrader-US02-Live through Alternate DC US2 (ping: 255.53 ms)
0	13:53:25.137	'4136965': previous successful authorization performed from 171.232.108.128
0	13:53:30.337	'4136965': auto connecting to a better access point AxiAccelerator (ping is 232.87 ms)
0	13:53:31.072	'4136965': login on AxiTrader-US02-Live through AxiAccelerator (ping: 232.87 ms)
0	13:53:32.799	'4136965': login datacenter on AxiTrader-US02-Live through AxiAccelerator (ping: 232.87 ms)
0	13:53:33.475	'4136965': previous successful authorization performed from 171.232.108.128
1	17:05:21.884	'4136965': ping failed
0	17:05:24.248	'4136965': login on AxiTrader-US02-Live through Alternate DC US1 (ping: 239.91 ms)
0	17:05:27.463	'4136965': login datacenter on AxiTrader-US02-Live through Alternate DC US1 (ping: 239.91 ms)
0	17:05:28.230	'4136965': previous successful authorization performed from 208.46.149.112
0	17:05:33.690	'4136965': auto connecting to a better access point AxiAccelerator (ping is 243.59 ms)
0	17:05:34.398	'4136965': login on AxiTrader-US02-Live through AxiAccelerator (ping: 243.59 ms)
0	17:05:36.098	'4136965': login datacenter on AxiTrader-US02-Live through AxiAccelerator (ping: 243.59 ms)
0	17:05:36.732	'4136965': previous successful authorization performed from 171.232.108.128
1	18:41:06.927	'4136965': ping failed
1	18:41:07.400	'4136965': connect failed [No connection]
0	18:41:13.104	'4136965': login on AxiTrader-US02-Live through AxiAccelerator (ping: n/a)
0	18:41:14.857	'4136965': login datacenter on AxiTrader-US02-Live through AxiAccelerator (ping: n/a)
0	18:41:15.533	'4136965': previous successful authorization performed from 208.46.149.107
0	18:41:21.780	'4136965': ping to current access point AxiAccelerator is 240.16 ms
2	20:41:43.960	Expert PTL_EA XAUUSD.pro,M15: removed
2	20:41:43.986	Expert PTL_EA XAUUSD.pro,M15: loaded successfully
2	20:41:43.998	Expert PTL_EA EURUSD.pro,M15: removed
2	20:41:44.021	Expert PTL_EA EURUSD.pro,M15: loaded successfully
2	20:41:44.036	Expert PTL_EA GBPUSD.pro,M15: removed
2	20:41:44.060	Expert PTL_EA GBPUSD.pro,M15: loaded successfully
2	20:41:44.074	Expert PTL_EA GBPJPY.pro,M15: removed
2	20:41:44.098	Expert PTL_EA GBPJPY.pro,M15: loaded successfully
2	20:41:44.112	Expert PTL_EA EURJPY.pro,M15: removed
2	20:41:44.135	Expert PTL_EA EURJPY.pro,M15: loaded successfully
2	20:41:44.152	Expert PTL_EA USDJPY.pro,M15: removed
2	20:41:44.175	Expert PTL_EA USDJPY.pro,M15: loaded successfully
2	20:41:44.192	Expert PTL_EA AUDUSD.pro,M15: removed
2	20:41:44.215	Expert PTL_EA AUDUSD.pro,M15: loaded successfully
2	20:41:44.228	Expert PTL_EA USDCAD.pro,M15: removed
2	20:41:44.251	Expert PTL_EA USDCAD.pro,M15: loaded successfully
2	20:41:44.272	Expert PTL_EA GBPAUD.pro,M30: removed
2	20:41:44.294	Expert PTL_EA GBPAUD.pro,M30: loaded successfully
2	20:42:44.739	Expert PTL_EA XAUUSD.pro,M15: removed
2	20:42:44.758	Expert PTL_EA XAUUSD.pro,M15: loaded successfully
2	20:42:44.767	Expert PTL_EA EURUSD.pro,M15: removed
2	20:42:44.788	Expert PTL_EA EURUSD.pro,M15: loaded successfully
2	20:42:44.799	Expert PTL_EA GBPUSD.pro,M15: removed
2	20:42:44.820	Expert PTL_EA GBPUSD.pro,M15: loaded successfully
2	20:42:44.833	Expert PTL_EA GBPJPY.pro,M15: removed
2	20:42:44.857	Expert PTL_EA GBPJPY.pro,M15: loaded successfully
2	20:42:44.872	Expert PTL_EA EURJPY.pro,M15: removed
2	20:42:44.895	Expert PTL_EA EURJPY.pro,M15: loaded successfully
2	20:42:44.909	Expert PTL_EA USDJPY.pro,M15: removed
2	20:42:44.932	Expert PTL_EA USDJPY.pro,M15: loaded successfully
2	20:42:44.947	Expert PTL_EA AUDUSD.pro,M15: removed
2	20:42:44.971	Expert PTL_EA AUDUSD.pro,M15: loaded successfully
2	20:42:44.983	Expert PTL_EA USDCAD.pro,M15: removed
2	20:42:45.008	Expert PTL_EA USDCAD.pro,M15: loaded successfully
2	20:42:45.022	Expert PTL_EA GBPAUD.pro,M30: removed
2	20:42:45.045	Expert PTL_EA GBPAUD.pro,M30: loaded successfully
2	20:45:14.983	Expert PTL_EA XAUUSD.pro,M15: removed
2	20:45:15.006	Expert PTL_EA XAUUSD.pro,M15: loaded successfully
2	20:45:15.016	Expert PTL_EA EURUSD.pro,M15: removed
2	20:45:15.036	Expert PTL_EA EURUSD.pro,M15: loaded successfully
2	20:45:15.046	Expert PTL_EA GBPUSD.pro,M30: removed
2	20:45:15.068	Expert PTL_EA GBPUSD.pro,M30: loaded successfully
2	20:45:15.082	Expert PTL_EA GBPJPY.pro,M15: removed
2	20:45:15.106	Expert PTL_EA GBPJPY.pro,M15: loaded successfully
2	20:45:15.120	Expert PTL_EA EURJPY.pro,M15: removed
2	20:45:15.144	Expert PTL_EA EURJPY.pro,M15: loaded successfully
2	20:45:15.161	Expert PTL_EA USDJPY.pro,M15: removed
2	20:45:15.184	Expert PTL_EA USDJPY.pro,M15: loaded successfully
2	20:45:15.211	Expert PTL_EA AUDUSD.pro,M15: removed
2	20:45:15.233	Expert PTL_EA AUDUSD.pro,M15: loaded successfully
2	20:45:15.254	Expert PTL_EA USDCAD.pro,M15: removed
2	20:45:15.282	Expert PTL_EA USDCAD.pro,M15: loaded successfully
2	20:45:15.290	Expert PTL_EA GBPAUD.pro,M30: removed
2	20:45:15.315	Expert PTL_EA GBPAUD.pro,M30: loaded successfully
2	20:45:54.529	Expert PTL_EA XAUUSD.pro,M15: removed
2	20:45:54.557	Expert PTL_EA XAUUSD.pro,M15: loaded successfully
2	20:45:54.567	Expert PTL_EA EURUSD.pro,M15: removed
2	20:45:54.589	Expert PTL_EA EURUSD.pro,M15: loaded successfully
2	20:45:54.599	Expert PTL_EA GBPUSD.pro,M15: removed
2	20:45:54.620	Expert PTL_EA GBPUSD.pro,M15: loaded successfully
2	20:45:54.634	Expert PTL_EA GBPJPY.pro,M15: removed
2	20:45:54.656	Expert PTL_EA GBPJPY.pro,M15: loaded successfully
2	20:45:54.671	Expert PTL_EA EURJPY.pro,M15: removed
2	20:45:54.693	Expert PTL_EA EURJPY.pro,M15: loaded successfully
2	20:45:54.707	Expert PTL_EA USDJPY.pro,M15: removed
2	20:45:54.729	Expert PTL_EA USDJPY.pro,M15: loaded successfully
2	20:45:54.743	Expert PTL_EA AUDUSD.pro,M15: removed
2	20:45:54.765	Expert PTL_EA AUDUSD.pro,M15: loaded successfully
2	20:45:54.780	Expert PTL_EA USDCAD.pro,M15: removed
2	20:45:54.801	Expert PTL_EA USDCAD.pro,M15: loaded successfully
2	20:45:54.816	Expert PTL_EA GBPAUD.pro,M30: removed
2	20:45:54.838	Expert PTL_EA GBPAUD.pro,M30: loaded successfully
2	20:47:11.628	Expert PTL_EA XAUUSD.pro,M15: removed
2	20:47:11.646	Expert PTL_EA XAUUSD.pro,M15: loaded successfully
2	20:47:11.655	Expert PTL_EA EURUSD.pro,M15: removed
2	20:47:11.675	Expert PTL_EA EURUSD.pro,M15: loaded successfully
2	20:47:11.687	Expert PTL_EA GBPUSD.pro,M30: removed
2	20:47:11.708	Expert PTL_EA GBPUSD.pro,M30: loaded successfully
2	20:47:11.720	Expert PTL_EA GBPJPY.pro,M15: removed
2	20:47:11.744	Expert PTL_EA GBPJPY.pro,M15: loaded successfully
2	20:47:11.760	Expert PTL_EA EURJPY.pro,M15: removed
2	20:47:11.784	Expert PTL_EA EURJPY.pro,M15: loaded successfully
2	20:47:11.800	Expert PTL_EA USDJPY.pro,M15: removed
2	20:47:11.824	Expert PTL_EA USDJPY.pro,M15: loaded successfully
2	20:47:11.839	Expert PTL_EA AUDUSD.pro,M15: removed
2	20:47:11.863	Expert PTL_EA AUDUSD.pro,M15: loaded successfully
2	20:47:11.872	Expert PTL_EA USDCAD.pro,M15: removed
2	20:47:11.895	Expert PTL_EA USDCAD.pro,M15: loaded successfully
2	20:47:11.913	Expert PTL_EA GBPAUD.pro,M30: removed
2	20:47:11.936	Expert PTL_EA GBPAUD.pro,M30: loaded successfully
2	20:49:21.568	Expert PTL_EA XAUUSD.pro,M15: removed
2	20:49:21.587	Expert PTL_EA XAUUSD.pro,M15: loaded successfully
2	20:49:21.594	Expert PTL_EA EURUSD.pro,M30: removed
2	20:49:21.613	Expert PTL_EA EURUSD.pro,M30: loaded successfully
2	20:49:21.626	Expert PTL_EA GBPUSD.pro,M15: removed
2	20:49:21.650	Expert PTL_EA GBPUSD.pro,M15: loaded successfully
2	20:49:21.663	Expert PTL_EA GBPJPY.pro,M15: removed
2	20:49:21.693	Expert PTL_EA GBPJPY.pro,M15: loaded successfully
2	20:49:21.708	Expert PTL_EA EURJPY.pro,M15: removed
2	20:49:21.731	Expert PTL_EA EURJPY.pro,M15: loaded successfully
2	20:49:21.747	Expert PTL_EA USDJPY.pro,M15: removed
2	20:49:21.769	Expert PTL_EA USDJPY.pro,M15: loaded successfully
2	20:49:21.845	Expert PTL_EA AUDUSD.pro,M30: removed
2	20:49:21.876	Expert PTL_EA AUDUSD.pro,M30: loaded successfully
2	20:49:21.900	Expert PTL_EA USDCAD.pro,M15: removed
2	20:49:21.950	Expert PTL_EA USDCAD.pro,M15: loaded successfully
2	20:49:21.957	Expert PTL_EA GBPAUD.pro,M30: removed
2	20:49:21.979	Expert PTL_EA GBPAUD.pro,M30: loaded successfully
2	21:43:54.383	Expert PTL_EA XAUUSD.pro,M15: removed
2	21:43:54.388	Custom indicator pipsometer_5_decimal XAUUSD.pro,M15: removed
2	21:43:54.391	Custom indicator PTL_Sessions XAUUSD.pro,M15: removed
2	21:43:54.396	Expert PTL_EA EURUSD.pro,M30: removed
2	21:43:54.401	Custom indicator pipsometer_5_decimal EURUSD.pro,M30: removed
2	21:43:54.404	Custom indicator PTL_Sessions EURUSD.pro,M30: removed
2	21:43:54.422	Expert PTL_EA GBPUSD.pro,M15: removed
2	21:43:54.426	Custom indicator pipsometer_5_decimal GBPUSD.pro,M15: removed
2	21:43:54.429	Custom indicator PTL_Sessions GBPUSD.pro,M15: removed
2	21:43:54.435	Expert PTL_EA GBPJPY.pro,M15: removed
2	21:43:54.439	Custom indicator pipsometer_5_decimal GBPJPY.pro,M15: removed
2	21:43:54.443	Custom indicator PTL_Sessions GBPJPY.pro,M15: removed
2	21:43:54.448	Expert PTL_EA EURJPY.pro,M15: removed
2	21:43:54.454	Custom indicator pipsometer_5_decimal EURJPY.pro,M15: removed
2	21:43:54.457	Custom indicator PTL_Sessions EURJPY.pro,M15: removed
2	21:43:54.462	Expert PTL_EA USDJPY.pro,M15: removed
2	21:43:54.465	Custom indicator pipsometer_5_decimal USDJPY.pro,M15: removed
2	21:43:54.468	Custom indicator PTL_Sessions USDJPY.pro,M15: removed
2	21:43:54.485	Expert PTL_EA AUDUSD.pro,M30: removed
2	21:43:54.489	Custom indicator pipsometer_5_decimal AUDUSD.pro,M30: removed
2	21:43:54.492	Custom indicator PTL_Sessions AUDUSD.pro,M30: removed
2	21:43:54.497	Expert PTL_EA USDCAD.pro,M15: removed
2	21:43:54.501	Custom indicator pipsometer_5_decimal USDCAD.pro,M15: removed
2	21:43:54.504	Custom indicator PTL_Sessions USDCAD.pro,M15: removed
2	21:43:54.514	Expert PTL_EA GBPAUD.pro,M30: removed
2	21:43:54.518	Custom indicator pipsometer_5_decimal GBPAUD.pro,M30: removed
2	21:43:54.521	Custom indicator PTL_Sessions GBPAUD.pro,M30: removed
0	21:43:57.809	MetaTrader build 1260 stopped
