0	11:17:41.816	MetaTrader build 1260 started (AxiCorp Financial Services Pty Ltd)
0	11:17:41.816	Windows 10 Enterprise x64, IE 11, UAC, 4 x Intel Core i5-4210U  @ 1.70GHz, Memory: 9611 / 12176 Mb, Disk: 53 / 99 Gb, GMT+7
0	11:17:41.816	Data Folder: C:\Users\PHAM THANH LUAN\AppData\Roaming\MetaQuotes\Terminal\9662C61C6715C26397817D3943CECEEC
2	11:17:45.461	Custom indicator pipsometer_5_decimal XAUUSD.pro,M15: loaded successfully
2	11:17:45.485	Custom indicator time_table XAUUSD.pro,M15: loaded successfully
2	11:17:45.506	Custom indicator PTL_Sessions XAUUSD.pro,M15: loaded successfully
2	11:17:45.527	Expert PTL_EA XAUUSD.pro,M15: loaded successfully
2	11:17:45.711	Custom indicator pipsometer_5_decimal EURUSD.pro,M15: loaded successfully
2	11:17:45.732	Custom indicator time_table EURUSD.pro,M15: loaded successfully
2	11:17:45.753	Custom indicator PTL_Sessions EURUSD.pro,M15: loaded successfully
2	11:17:45.775	Expert PTL_EA EURUSD.pro,M15: loaded successfully
2	11:17:45.968	Custom indicator pipsometer_5_decimal GBPUSD.pro,M15: loaded successfully
2	11:17:45.989	Custom indicator time_table GBPUSD.pro,M15: loaded successfully
2	11:17:46.010	Custom indicator PTL_Sessions GBPUSD.pro,M15: loaded successfully
2	11:17:46.031	Expert PTL_EA GBPUSD.pro,M15: loaded successfully
2	11:17:46.793	Custom indicator pipsometer_5_decimal GBPJPY.pro,M15: loaded successfully
2	11:17:46.815	Custom indicator time_table GBPJPY.pro,M15: loaded successfully
2	11:17:46.836	Custom indicator PTL_Sessions GBPJPY.pro,M15: loaded successfully
2	11:17:46.858	Expert PTL_EA GBPJPY.pro,M15: loaded successfully
2	11:17:47.057	Custom indicator pipsometer_5_decimal EURJPY.pro,M15: loaded successfully
2	11:17:47.078	Custom indicator time_table EURJPY.pro,M15: loaded successfully
2	11:17:47.099	Custom indicator PTL_Sessions EURJPY.pro,M15: loaded successfully
2	11:17:47.123	Expert PTL_EA EURJPY.pro,M15: loaded successfully
2	11:17:47.328	Custom indicator pipsometer_5_decimal USDJPY.pro,M15: loaded successfully
2	11:17:47.349	Custom indicator time_table USDJPY.pro,M15: loaded successfully
2	11:17:47.370	Custom indicator PTL_Sessions USDJPY.pro,M15: loaded successfully
2	11:17:47.392	Expert PTL_EA USDJPY.pro,M15: loaded successfully
2	11:17:47.596	Custom indicator pipsometer_5_decimal USDCAD.pro,M15: loaded successfully
2	11:17:47.621	Custom indicator time_table USDCAD.pro,M15: loaded successfully
2	11:17:47.642	Custom indicator PTL_Sessions USDCAD.pro,M15: loaded successfully
2	11:17:47.664	Expert PTL_EA USDCAD.pro,M15: loaded successfully
2	11:17:47.872	Custom indicator pipsometer_5_decimal USDCHF.pro,M30: loaded successfully
2	11:17:47.893	Custom indicator time_table USDCHF.pro,M30: loaded successfully
2	11:17:47.914	Custom indicator PTL_Sessions USDCHF.pro,M30: loaded successfully
2	11:17:47.936	Expert PTL_EA USDCHF.pro,M30: loaded successfully
2	11:17:48.143	Custom indicator pipsometer_5_decimal AUDUSD.pro,M15: loaded successfully
2	11:17:48.164	Custom indicator time_table AUDUSD.pro,M15: loaded successfully
2	11:17:48.184	Custom indicator PTL_Sessions AUDUSD.pro,M15: loaded successfully
2	11:17:48.207	Expert PTL_EA AUDUSD.pro,M15: loaded successfully
0	11:17:49.816	'4136965': login on AxiTrader-US02-Live through AxiAccelerator (ping: 252.64 ms)
0	11:17:53.309	'4136965': login datacenter on AxiTrader-US02-Live through AxiAccelerator (ping: 252.64 ms)
0	11:17:54.028	'4136965': previous successful authorization performed from 208.46.149.108
0	11:17:59.446	'4136965': ping to current access point AxiAccelerator is 237.35 ms
0	12:31:55.395	'4136965': login on AxiTrader-US02-Live through AxiAccelerator (ping: 237.35 ms)
0	12:31:57.115	'4136965': login datacenter on AxiTrader-US02-Live through AxiAccelerator (ping: 237.35 ms)
0	12:31:57.796	'4136965': previous successful authorization performed from 128.177.176.107
0	12:32:03.134	'4136965': ping to current access point AxiAccelerator is 248.68 ms
2	12:53:31.901	Expert PTL_EA XAUUSD.pro,M15: removed
2	12:53:31.907	Custom indicator pipsometer_5_decimal XAUUSD.pro,M15: removed
2	12:53:31.912	Custom indicator time_table XAUUSD.pro,M15: removed
2	12:53:31.916	Custom indicator PTL_Sessions XAUUSD.pro,M15: removed
2	12:53:31.926	Expert PTL_EA EURUSD.pro,M15: removed
2	12:53:31.933	Custom indicator pipsometer_5_decimal EURUSD.pro,M15: removed
2	12:53:31.936	Custom indicator time_table EURUSD.pro,M15: removed
2	12:53:31.942	Custom indicator PTL_Sessions EURUSD.pro,M15: removed
2	12:53:31.950	Expert PTL_EA GBPUSD.pro,M15: removed
2	12:53:31.954	Custom indicator pipsometer_5_decimal GBPUSD.pro,M15: removed
2	12:53:31.961	Custom indicator time_table GBPUSD.pro,M15: removed
2	12:53:31.966	Custom indicator PTL_Sessions GBPUSD.pro,M15: removed
2	12:53:31.973	Expert PTL_EA GBPJPY.pro,M15: removed
2	12:53:31.980	Custom indicator pipsometer_5_decimal GBPJPY.pro,M15: removed
2	12:53:31.984	Custom indicator time_table GBPJPY.pro,M15: removed
2	12:53:31.987	Custom indicator PTL_Sessions GBPJPY.pro,M15: removed
2	12:53:32.015	Expert PTL_EA EURJPY.pro,M15: removed
2	12:53:32.020	Custom indicator pipsometer_5_decimal EURJPY.pro,M15: removed
2	12:53:32.024	Custom indicator time_table EURJPY.pro,M15: removed
2	12:53:32.027	Custom indicator PTL_Sessions EURJPY.pro,M15: removed
2	12:53:32.048	Expert PTL_EA USDJPY.pro,M15: removed
2	12:53:32.051	Custom indicator pipsometer_5_decimal USDJPY.pro,M15: removed
2	12:53:32.054	Custom indicator time_table USDJPY.pro,M15: removed
2	12:53:32.058	Custom indicator PTL_Sessions USDJPY.pro,M15: removed
2	12:53:32.076	Expert PTL_EA USDCAD.pro,M15: removed
2	12:53:32.080	Custom indicator pipsometer_5_decimal USDCAD.pro,M15: removed
2	12:53:32.082	Custom indicator time_table USDCAD.pro,M15: removed
2	12:53:32.085	Custom indicator PTL_Sessions USDCAD.pro,M15: removed
2	12:53:32.102	Expert PTL_EA USDCHF.pro,M30: removed
2	12:53:32.107	Custom indicator pipsometer_5_decimal USDCHF.pro,M30: removed
2	12:53:32.110	Custom indicator time_table USDCHF.pro,M30: removed
2	12:53:32.113	Custom indicator PTL_Sessions USDCHF.pro,M30: removed
2	12:53:32.120	Expert PTL_EA AUDUSD.pro,M15: removed
2	12:53:32.125	Custom indicator pipsometer_5_decimal AUDUSD.pro,M15: removed
2	12:53:32.127	Custom indicator time_table AUDUSD.pro,M15: removed
2	12:53:32.130	Custom indicator PTL_Sessions AUDUSD.pro,M15: removed
0	12:53:36.104	MetaTrader build 1260 stopped
0	14:06:30.503	MetaTrader build 1260 started (AxiCorp Financial Services Pty Ltd)
0	14:06:30.503	Windows 10 Enterprise x64, IE 11, UAC, 4 x Intel Core i5-4210U  @ 1.70GHz, Memory: 8438 / 12176 Mb, Disk: 53 / 99 Gb, GMT+7
0	14:06:30.503	Data Folder: C:\Users\PHAM THANH LUAN\AppData\Roaming\MetaQuotes\Terminal\9662C61C6715C26397817D3943CECEEC
2	14:06:32.647	Custom indicator pipsometer_5_decimal XAUUSD.pro,M15: loaded successfully
2	14:06:32.662	Custom indicator time_table XAUUSD.pro,M15: loaded successfully
2	14:06:32.675	Custom indicator PTL_Sessions XAUUSD.pro,M15: loaded successfully
2	14:06:32.689	Expert PTL_EA XAUUSD.pro,M15: loaded successfully
2	14:06:32.791	Custom indicator pipsometer_5_decimal EURUSD.pro,M15: loaded successfully
2	14:06:32.803	Custom indicator time_table EURUSD.pro,M15: loaded successfully
2	14:06:32.815	Custom indicator PTL_Sessions EURUSD.pro,M15: loaded successfully
2	14:06:32.828	Expert PTL_EA EURUSD.pro,M15: loaded successfully
2	14:06:32.937	Custom indicator pipsometer_5_decimal GBPUSD.pro,M15: loaded successfully
2	14:06:32.951	Custom indicator time_table GBPUSD.pro,M15: loaded successfully
2	14:06:32.963	Custom indicator PTL_Sessions GBPUSD.pro,M15: loaded successfully
2	14:06:32.975	Expert PTL_EA GBPUSD.pro,M15: loaded successfully
2	14:06:33.080	Custom indicator pipsometer_5_decimal GBPJPY.pro,M15: loaded successfully
2	14:06:33.093	Custom indicator time_table GBPJPY.pro,M15: loaded successfully
2	14:06:33.105	Custom indicator PTL_Sessions GBPJPY.pro,M15: loaded successfully
2	14:06:33.117	Expert PTL_EA GBPJPY.pro,M15: loaded successfully
2	14:06:33.222	Custom indicator pipsometer_5_decimal EURJPY.pro,M15: loaded successfully
2	14:06:33.234	Custom indicator time_table EURJPY.pro,M15: loaded successfully
2	14:06:33.246	Custom indicator PTL_Sessions EURJPY.pro,M15: loaded successfully
2	14:06:33.259	Expert PTL_EA EURJPY.pro,M15: loaded successfully
2	14:06:33.380	Custom indicator pipsometer_5_decimal USDJPY.pro,M15: loaded successfully
2	14:06:33.392	Custom indicator time_table USDJPY.pro,M15: loaded successfully
2	14:06:33.404	Custom indicator PTL_Sessions USDJPY.pro,M15: loaded successfully
2	14:06:33.416	Expert PTL_EA USDJPY.pro,M15: loaded successfully
2	14:06:33.540	Custom indicator pipsometer_5_decimal USDCAD.pro,M15: loaded successfully
2	14:06:33.552	Custom indicator time_table USDCAD.pro,M15: loaded successfully
2	14:06:33.564	Custom indicator PTL_Sessions USDCAD.pro,M15: loaded successfully
2	14:06:33.577	Expert PTL_EA USDCAD.pro,M15: loaded successfully
2	14:06:33.700	Custom indicator pipsometer_5_decimal USDCHF.pro,M30: loaded successfully
2	14:06:33.713	Custom indicator time_table USDCHF.pro,M30: loaded successfully
2	14:06:33.725	Custom indicator PTL_Sessions USDCHF.pro,M30: loaded successfully
2	14:06:33.738	Expert PTL_EA USDCHF.pro,M30: loaded successfully
2	14:06:33.861	Custom indicator pipsometer_5_decimal AUDUSD.pro,M15: loaded successfully
2	14:06:33.874	Custom indicator time_table AUDUSD.pro,M15: loaded successfully
2	14:06:33.886	Custom indicator PTL_Sessions AUDUSD.pro,M15: loaded successfully
2	14:06:33.899	Expert PTL_EA AUDUSD.pro,M15: loaded successfully
0	14:06:35.353	'4136965': login on AxiTrader-US02-Live through AxiAccelerator (ping: 248.68 ms)
0	14:06:37.800	'4136965': login datacenter on AxiTrader-US02-Live through AxiAccelerator (ping: 248.68 ms)
0	14:06:38.616	'4136965': previous successful authorization performed from 65.115.8.115
0	14:06:44.100	'4136965': auto connecting to a better access point Alternate DC US1 (ping is 241.70 ms)
0	14:06:45.037	'4136965': login on AxiTrader-US02-Live through Alternate DC US1 (ping: 241.70 ms)
0	14:06:47.034	'4136965': login datacenter on AxiTrader-US02-Live through Alternate DC US1 (ping: 241.70 ms)
0	14:06:47.775	'4136965': previous successful authorization performed from 65.115.8.120
2	17:27:15.798	Expert PTL_EA XAUUSD.pro,M15: removed
2	17:27:15.822	Expert PTL_EA XAUUSD.pro,M15: loaded successfully
2	17:27:15.835	Expert PTL_EA EURUSD.pro,M15: removed
2	17:27:15.858	Expert PTL_EA EURUSD.pro,M15: loaded successfully
2	17:27:15.870	Expert PTL_EA GBPUSD.pro,M15: removed
2	17:27:15.897	Expert PTL_EA GBPUSD.pro,M15: loaded successfully
2	17:27:15.910	Expert PTL_EA GBPJPY.pro,M30: removed
2	17:27:15.934	Expert PTL_EA GBPJPY.pro,M30: loaded successfully
2	17:27:15.948	Expert PTL_EA EURJPY.pro,M15: removed
2	17:27:15.973	Expert PTL_EA EURJPY.pro,M15: loaded successfully
2	17:27:15.989	Expert PTL_EA USDJPY.pro,M30: removed
2	17:27:16.016	Expert PTL_EA USDJPY.pro,M30: loaded successfully
2	17:27:16.030	Expert PTL_EA USDCAD.pro,M30: removed
2	17:27:16.056	Expert PTL_EA USDCAD.pro,M30: loaded successfully
2	17:27:16.067	Expert PTL_EA USDCHF.pro,M30: removed
2	17:27:16.090	Expert PTL_EA USDCHF.pro,M30: loaded successfully
2	17:27:16.105	Expert PTL_EA AUDUSD.pro,M15: removed
2	17:27:16.129	Expert PTL_EA AUDUSD.pro,M15: loaded successfully
2	17:46:16.554	Expert PTL_EA XAUUSD.pro,M15: removed
2	17:46:16.574	Expert PTL_EA XAUUSD.pro,M15: loaded successfully
2	17:46:16.585	Expert PTL_EA EURUSD.pro,M15: removed
2	17:46:16.605	Expert PTL_EA EURUSD.pro,M15: loaded successfully
2	17:46:16.613	Expert PTL_EA GBPUSD.pro,H1: removed
2	17:46:16.636	Expert PTL_EA GBPUSD.pro,H1: loaded successfully
2	17:46:16.646	Expert PTL_EA GBPJPY.pro,M15: removed
2	17:46:16.674	Expert PTL_EA GBPJPY.pro,M15: loaded successfully
2	17:46:16.687	Expert PTL_EA EURJPY.pro,M30: removed
2	17:46:16.711	Expert PTL_EA EURJPY.pro,M30: loaded successfully
2	17:46:16.725	Expert PTL_EA USDJPY.pro,M15: removed
2	17:46:16.751	Expert PTL_EA USDJPY.pro,M15: loaded successfully
2	17:46:16.762	Expert PTL_EA USDCAD.pro,M30: removed
2	17:46:16.788	Expert PTL_EA USDCAD.pro,M30: loaded successfully
2	17:46:16.802	Expert PTL_EA USDCHF.pro,M30: removed
2	17:46:16.824	Expert PTL_EA USDCHF.pro,M30: loaded successfully
2	17:46:16.838	Expert PTL_EA AUDUSD.pro,M15: removed
2	17:46:16.860	Expert PTL_EA AUDUSD.pro,M15: loaded successfully
2	17:48:46.209	Expert PTL_EA XAUUSD.pro,M15: removed
2	17:48:46.231	Expert PTL_EA XAUUSD.pro,M15: loaded successfully
2	17:48:46.241	Expert PTL_EA EURUSD.pro,M15: removed
2	17:48:46.262	Expert PTL_EA EURUSD.pro,M15: loaded successfully
2	17:48:46.275	Expert PTL_EA GBPUSD.pro,M30: removed
2	17:48:46.299	Expert PTL_EA GBPUSD.pro,M30: loaded successfully
2	17:48:46.313	Expert PTL_EA GBPJPY.pro,M15: removed
2	17:48:46.338	Expert PTL_EA GBPJPY.pro,M15: loaded successfully
2	17:48:46.351	Expert PTL_EA EURJPY.pro,M30: removed
2	17:48:46.373	Expert PTL_EA EURJPY.pro,M30: loaded successfully
2	17:48:46.387	Expert PTL_EA USDJPY.pro,M15: removed
2	17:48:46.413	Expert PTL_EA USDJPY.pro,M15: loaded successfully
2	17:48:46.423	Expert PTL_EA USDCAD.pro,M30: removed
2	17:48:46.447	Expert PTL_EA USDCAD.pro,M30: loaded successfully
2	17:48:46.457	Expert PTL_EA USDCHF.pro,M30: removed
2	17:48:46.485	Expert PTL_EA USDCHF.pro,M30: loaded successfully
2	17:48:46.496	Expert PTL_EA AUDUSD.pro,M15: removed
2	17:48:46.521	Expert PTL_EA AUDUSD.pro,M15: loaded successfully
2	17:51:43.960	Expert PTL_EA XAUUSD.pro,M15: removed
2	17:51:43.983	Expert PTL_EA XAUUSD.pro,M15: loaded successfully
2	17:51:43.991	Expert PTL_EA EURUSD.pro,M15: removed
2	17:51:44.011	Expert PTL_EA EURUSD.pro,M15: loaded successfully
2	17:51:44.022	Expert PTL_EA GBPUSD.pro,M15: removed
2	17:51:44.050	Expert PTL_EA GBPUSD.pro,M15: loaded successfully
2	17:51:44.066	Expert PTL_EA GBPJPY.pro,M15: removed
2	17:51:44.088	Expert PTL_EA GBPJPY.pro,M15: loaded successfully
2	17:51:44.105	Expert PTL_EA EURJPY.pro,M30: removed
2	17:51:44.133	Expert PTL_EA EURJPY.pro,M30: loaded successfully
2	17:51:44.148	Expert PTL_EA USDJPY.pro,M15: removed
2	17:51:44.173	Expert PTL_EA USDJPY.pro,M15: loaded successfully
2	17:51:44.185	Expert PTL_EA USDCAD.pro,M30: removed
2	17:51:44.208	Expert PTL_EA USDCAD.pro,M30: loaded successfully
2	17:51:44.220	Expert PTL_EA USDCHF.pro,M30: removed
2	17:51:44.243	Expert PTL_EA USDCHF.pro,M30: loaded successfully
2	17:51:44.254	Expert PTL_EA AUDUSD.pro,M15: removed
2	17:51:44.279	Expert PTL_EA AUDUSD.pro,M15: loaded successfully
2	17:54:18.436	Expert PTL_EA XAUUSD.pro,M15: removed
2	17:54:18.457	Expert PTL_EA XAUUSD.pro,M15: loaded successfully
2	17:54:18.472	Expert PTL_EA EURUSD.pro,M15: removed
2	17:54:18.503	Expert PTL_EA EURUSD.pro,M15: loaded successfully
2	17:54:18.517	Expert PTL_EA GBPUSD.pro,M15: removed
2	17:54:18.543	Expert PTL_EA GBPUSD.pro,M15: loaded successfully
2	17:54:18.553	Expert PTL_EA GBPJPY.pro,M15: removed
2	17:54:18.579	Expert PTL_EA GBPJPY.pro,M15: loaded successfully
2	17:54:18.588	Expert PTL_EA EURJPY.pro,M30: removed
2	17:54:18.615	Expert PTL_EA EURJPY.pro,M30: loaded successfully
2	17:54:18.630	Expert PTL_EA USDJPY.pro,M15: removed
2	17:54:18.655	Expert PTL_EA USDJPY.pro,M15: loaded successfully
2	17:54:18.672	Expert PTL_EA USDCAD.pro,M30: removed
2	17:54:18.699	Expert PTL_EA USDCAD.pro,M30: loaded successfully
2	17:54:18.711	Expert PTL_EA USDCHF.pro,M30: removed
2	17:54:18.737	Expert PTL_EA USDCHF.pro,M30: loaded successfully
2	17:54:18.749	Expert PTL_EA AUDUSD.pro,M15: removed
2	17:54:18.774	Expert PTL_EA AUDUSD.pro,M15: loaded successfully
2	19:34:05.320	Expert PTL_EA XAUUSD.pro,M15: removed
2	19:34:05.327	Custom indicator pipsometer_5_decimal XAUUSD.pro,M15: removed
2	19:34:05.332	Custom indicator time_table XAUUSD.pro,M15: removed
2	19:34:05.336	Custom indicator PTL_Sessions XAUUSD.pro,M15: removed
2	19:34:05.342	Expert PTL_EA EURUSD.pro,M15: removed
2	19:34:05.352	Custom indicator pipsometer_5_decimal EURUSD.pro,M15: removed
2	19:34:05.356	Custom indicator time_table EURUSD.pro,M15: removed
2	19:34:05.359	Custom indicator PTL_Sessions EURUSD.pro,M15: removed
2	19:34:05.368	Expert PTL_EA GBPUSD.pro,M15: removed
2	19:34:05.374	Custom indicator pipsometer_5_decimal GBPUSD.pro,M15: removed
2	19:34:05.378	Custom indicator time_table GBPUSD.pro,M15: removed
2	19:34:05.383	Custom indicator PTL_Sessions GBPUSD.pro,M15: removed
2	19:34:05.389	Expert PTL_EA GBPJPY.pro,M15: removed
2	19:34:05.395	Custom indicator pipsometer_5_decimal GBPJPY.pro,M15: removed
2	19:34:05.398	Custom indicator time_table GBPJPY.pro,M15: removed
2	19:34:05.402	Custom indicator PTL_Sessions GBPJPY.pro,M15: removed
2	19:34:05.412	Expert PTL_EA EURJPY.pro,M30: removed
2	19:34:05.416	Custom indicator pipsometer_5_decimal EURJPY.pro,M30: removed
2	19:34:05.420	Custom indicator time_table EURJPY.pro,M30: removed
2	19:34:05.423	Custom indicator PTL_Sessions EURJPY.pro,M30: removed
2	19:34:05.456	Expert PTL_EA USDJPY.pro,M15: removed
2	19:34:05.461	Custom indicator pipsometer_5_decimal USDJPY.pro,M15: removed
2	19:34:05.467	Custom indicator time_table USDJPY.pro,M15: removed
2	19:34:05.472	Custom indicator PTL_Sessions USDJPY.pro,M15: removed
2	19:34:05.479	Expert PTL_EA USDCAD.pro,M30: removed
2	19:34:05.484	Custom indicator pipsometer_5_decimal USDCAD.pro,M30: removed
2	19:34:05.487	Custom indicator time_table USDCAD.pro,M30: removed
2	19:34:05.489	Custom indicator PTL_Sessions USDCAD.pro,M30: removed
2	19:34:05.506	Expert PTL_EA USDCHF.pro,M30: removed
2	19:34:05.513	Custom indicator pipsometer_5_decimal USDCHF.pro,M30: removed
2	19:34:05.517	Custom indicator time_table USDCHF.pro,M30: removed
2	19:34:05.519	Custom indicator PTL_Sessions USDCHF.pro,M30: removed
2	19:34:05.530	Expert PTL_EA AUDUSD.pro,M15: removed
2	19:34:05.535	Custom indicator pipsometer_5_decimal AUDUSD.pro,M15: removed
2	19:34:05.538	Custom indicator time_table AUDUSD.pro,M15: removed
2	19:34:05.540	Custom indicator PTL_Sessions AUDUSD.pro,M15: removed
0	19:34:07.802	MetaTrader build 1260 stopped
0	19:34:11.114	MetaTrader build 1260 started (AxiCorp Financial Services Pty Ltd)
0	19:34:11.115	Windows 10 Enterprise x64, IE 11, UAC, 4 x Intel Core i5-4210U  @ 1.70GHz, Memory: 6136 / 12176 Mb, Disk: 53 / 99 Gb, GMT+7
0	19:34:11.115	Data Folder: C:\Users\PHAM THANH LUAN\AppData\Roaming\MetaQuotes\Terminal\9662C61C6715C26397817D3943CECEEC
2	19:34:13.137	Custom indicator pipsometer_5_decimal XAUUSD.pro,M15: loaded successfully
2	19:34:13.150	Custom indicator time_table XAUUSD.pro,M15: loaded successfully
2	19:34:13.164	Custom indicator PTL_Sessions XAUUSD.pro,M15: loaded successfully
2	19:34:13.177	Expert PTL_EA XAUUSD.pro,M15: loaded successfully
2	19:34:13.306	Custom indicator pipsometer_5_decimal EURUSD.pro,M15: loaded successfully
2	19:34:13.318	Custom indicator time_table EURUSD.pro,M15: loaded successfully
2	19:34:13.332	Custom indicator PTL_Sessions EURUSD.pro,M15: loaded successfully
2	19:34:13.346	Expert PTL_EA EURUSD.pro,M15: loaded successfully
2	19:34:13.486	Custom indicator pipsometer_5_decimal GBPUSD.pro,M15: loaded successfully
2	19:34:13.503	Custom indicator time_table GBPUSD.pro,M15: loaded successfully
2	19:34:13.516	Custom indicator PTL_Sessions GBPUSD.pro,M15: loaded successfully
2	19:34:13.531	Expert PTL_EA GBPUSD.pro,M15: loaded successfully
2	19:34:13.688	Custom indicator pipsometer_5_decimal GBPJPY.pro,M15: loaded successfully
2	19:34:13.701	Custom indicator time_table GBPJPY.pro,M15: loaded successfully
2	19:34:13.714	Custom indicator PTL_Sessions GBPJPY.pro,M15: loaded successfully
2	19:34:13.729	Expert PTL_EA GBPJPY.pro,M15: loaded successfully
2	19:34:13.867	Custom indicator pipsometer_5_decimal EURJPY.pro,M30: loaded successfully
2	19:34:13.885	Custom indicator time_table EURJPY.pro,M30: loaded successfully
2	19:34:13.898	Custom indicator PTL_Sessions EURJPY.pro,M30: loaded successfully
2	19:34:13.912	Expert PTL_EA EURJPY.pro,M30: loaded successfully
2	19:34:14.057	Custom indicator pipsometer_5_decimal USDJPY.pro,M15: loaded successfully
2	19:34:14.071	Custom indicator time_table USDJPY.pro,M15: loaded successfully
2	19:34:14.084	Custom indicator PTL_Sessions USDJPY.pro,M15: loaded successfully
2	19:34:14.100	Expert PTL_EA USDJPY.pro,M15: loaded successfully
2	19:34:14.233	Custom indicator pipsometer_5_decimal USDCAD.pro,M30: loaded successfully
2	19:34:14.246	Custom indicator time_table USDCAD.pro,M30: loaded successfully
2	19:34:14.263	Custom indicator PTL_Sessions USDCAD.pro,M30: loaded successfully
2	19:34:14.277	Expert PTL_EA USDCAD.pro,M30: loaded successfully
2	19:34:14.415	Custom indicator pipsometer_5_decimal USDCHF.pro,M30: loaded successfully
2	19:34:14.428	Custom indicator time_table USDCHF.pro,M30: loaded successfully
2	19:34:14.440	Custom indicator PTL_Sessions USDCHF.pro,M30: loaded successfully
2	19:34:14.455	Expert PTL_EA USDCHF.pro,M30: loaded successfully
2	19:34:14.596	Custom indicator pipsometer_5_decimal AUDUSD.pro,M15: loaded successfully
2	19:34:14.609	Custom indicator time_table AUDUSD.pro,M15: loaded successfully
2	19:34:14.625	Custom indicator PTL_Sessions AUDUSD.pro,M15: loaded successfully
2	19:34:14.640	Expert PTL_EA AUDUSD.pro,M15: loaded successfully
0	19:34:16.330	'4136965': login on AxiTrader-US02-Live through Alternate DC US1 (ping: 241.70 ms)
0	19:34:18.694	'4136965': login datacenter on AxiTrader-US02-Live through Alternate DC US1 (ping: 241.70 ms)
0	19:34:19.414	'4136965': previous successful authorization performed from 171.235.182.102
0	19:34:27.140	'4136965': auto connecting to a better access point AxiAccelerator (ping is 251.28 ms)
0	19:34:27.913	'4136965': login on AxiTrader-US02-Live through AxiAccelerator (ping: 251.28 ms)
0	19:34:29.775	'4136965': login datacenter on AxiTrader-US02-Live through AxiAccelerator (ping: 251.28 ms)
0	19:34:30.459	'4136965': previous successful authorization performed from 171.235.182.102
2	20:34:36.493	Expert PTL_EA XAUUSD.pro,M15: removed
2	20:34:36.512	Expert PTL_EA XAUUSD.pro,M15: loaded successfully
2	20:34:36.521	Expert PTL_EA EURUSD.pro,M15: removed
2	20:34:36.538	Expert PTL_EA EURUSD.pro,M15: loaded successfully
2	20:34:36.549	Expert PTL_EA GBPUSD.pro,M30: removed
2	20:34:36.569	Expert PTL_EA GBPUSD.pro,M30: loaded successfully
2	20:34:36.583	Expert PTL_EA GBPJPY.pro,M15: removed
2	20:34:36.606	Expert PTL_EA GBPJPY.pro,M15: loaded successfully
2	20:34:36.620	Expert PTL_EA EURJPY.pro,M30: removed
2	20:34:36.642	Expert PTL_EA EURJPY.pro,M30: loaded successfully
2	20:34:36.650	Expert PTL_EA USDJPY.pro,M15: removed
2	20:34:36.673	Expert PTL_EA USDJPY.pro,M15: loaded successfully
2	20:34:36.685	Expert PTL_EA USDCAD.pro,M30: removed
2	20:34:36.707	Expert PTL_EA USDCAD.pro,M30: loaded successfully
2	20:34:36.719	Expert PTL_EA USDCHF.pro,M30: removed
2	20:34:36.742	Expert PTL_EA USDCHF.pro,M30: loaded successfully
2	20:34:36.749	Expert PTL_EA AUDUSD.pro,M15: removed
2	20:34:36.771	Expert PTL_EA AUDUSD.pro,M15: loaded successfully
2	21:36:37.988	Expert PTL_EA XAUUSD.pro,M15: removed
2	21:36:38.007	Expert PTL_EA XAUUSD.pro,M15: loaded successfully
2	21:36:38.016	Expert PTL_EA EURUSD.pro,M15: removed
2	21:36:38.036	Expert PTL_EA EURUSD.pro,M15: loaded successfully
2	21:36:38.045	Expert PTL_EA GBPUSD.pro,M15: removed
2	21:36:38.067	Expert PTL_EA GBPUSD.pro,M15: loaded successfully
2	21:36:38.079	Expert PTL_EA GBPJPY.pro,M30: removed
2	21:36:38.107	Expert PTL_EA GBPJPY.pro,M30: loaded successfully
2	21:36:38.119	Expert PTL_EA EURJPY.pro,M15: removed
2	21:36:38.142	Expert PTL_EA EURJPY.pro,M15: loaded successfully
2	21:36:38.156	Expert PTL_EA USDJPY.pro,M15: removed
2	21:36:38.178	Expert PTL_EA USDJPY.pro,M15: loaded successfully
2	21:36:38.190	Expert PTL_EA USDCAD.pro,M30: removed
2	21:36:38.213	Expert PTL_EA USDCAD.pro,M30: loaded successfully
2	21:36:38.226	Expert PTL_EA USDCHF.pro,M30: removed
2	21:36:38.254	Expert PTL_EA USDCHF.pro,M30: loaded successfully
2	21:36:38.260	Expert PTL_EA AUDUSD.pro,M15: removed
2	21:36:38.287	Expert PTL_EA AUDUSD.pro,M15: loaded successfully
2	21:37:07.818	Expert PTL_EA XAUUSD.pro,M15: removed
2	21:37:07.836	Expert PTL_EA XAUUSD.pro,M15: loaded successfully
2	21:37:07.846	Expert PTL_EA EURUSD.pro,M15: removed
2	21:37:07.866	Expert PTL_EA EURUSD.pro,M15: loaded successfully
2	21:37:07.878	Expert PTL_EA GBPUSD.pro,M15: removed
2	21:37:07.896	Expert PTL_EA GBPUSD.pro,M15: loaded successfully
2	21:37:07.908	Expert PTL_EA GBPJPY.pro,M30: removed
2	21:37:07.936	Expert PTL_EA GBPJPY.pro,M30: loaded successfully
2	21:37:07.947	Expert PTL_EA EURJPY.pro,M15: removed
2	21:37:07.970	Expert PTL_EA EURJPY.pro,M15: loaded successfully
2	21:37:07.983	Expert PTL_EA USDJPY.pro,M15: removed
2	21:37:08.005	Expert PTL_EA USDJPY.pro,M15: loaded successfully
2	21:37:08.012	Expert PTL_EA USDCAD.pro,M30: removed
2	21:37:08.036	Expert PTL_EA USDCAD.pro,M30: loaded successfully
2	21:37:08.053	Expert PTL_EA USDCHF.pro,M30: removed
2	21:37:08.077	Expert PTL_EA USDCHF.pro,M30: loaded successfully
2	21:37:08.090	Expert PTL_EA AUDUSD.pro,M15: removed
2	21:37:08.114	Expert PTL_EA AUDUSD.pro,M15: loaded successfully
2	21:37:28.380	Expert PTL_EA XAUUSD.pro,M15: removed
2	21:37:28.405	Expert PTL_EA XAUUSD.pro,M15: loaded successfully
2	21:37:28.414	Expert PTL_EA EURUSD.pro,M15: removed
2	21:37:28.436	Expert PTL_EA EURUSD.pro,M15: loaded successfully
2	21:37:28.446	Expert PTL_EA GBPUSD.pro,M15: removed
2	21:37:28.469	Expert PTL_EA GBPUSD.pro,M15: loaded successfully
2	21:37:28.483	Expert PTL_EA GBPJPY.pro,M30: removed
2	21:37:28.506	Expert PTL_EA GBPJPY.pro,M30: loaded successfully
2	21:37:28.520	Expert PTL_EA EURJPY.pro,M15: removed
2	21:37:28.548	Expert PTL_EA EURJPY.pro,M15: loaded successfully
2	21:37:28.562	Expert PTL_EA USDJPY.pro,M15: removed
2	21:37:28.584	Expert PTL_EA USDJPY.pro,M15: loaded successfully
2	21:37:28.600	Expert PTL_EA USDCAD.pro,M30: removed
2	21:37:28.627	Expert PTL_EA USDCAD.pro,M30: loaded successfully
2	21:37:28.641	Expert PTL_EA USDCHF.pro,M30: removed
2	21:37:28.707	Expert PTL_EA USDCHF.pro,M30: loaded successfully
2	21:37:28.720	Expert PTL_EA AUDUSD.pro,M15: removed
2	21:37:28.765	Expert PTL_EA AUDUSD.pro,M15: loaded successfully
2	22:46:20.384	Expert PTL_EA XAUUSD.pro,M15: removed
2	22:46:20.394	Custom indicator pipsometer_5_decimal XAUUSD.pro,M15: removed
2	22:46:20.398	Custom indicator time_table XAUUSD.pro,M15: removed
2	22:46:20.403	Custom indicator PTL_Sessions XAUUSD.pro,M15: removed
2	22:46:20.409	Expert PTL_EA EURUSD.pro,M15: removed
2	22:46:20.416	Custom indicator pipsometer_5_decimal EURUSD.pro,M15: removed
2	22:46:20.420	Custom indicator time_table EURUSD.pro,M15: removed
2	22:46:20.424	Custom indicator PTL_Sessions EURUSD.pro,M15: removed
2	22:46:20.432	Expert PTL_EA GBPUSD.pro,M15: removed
2	22:46:20.438	Custom indicator pipsometer_5_decimal GBPUSD.pro,M15: removed
2	22:46:20.443	Custom indicator time_table GBPUSD.pro,M15: removed
2	22:46:20.447	Custom indicator PTL_Sessions GBPUSD.pro,M15: removed
2	22:46:20.455	Expert PTL_EA GBPJPY.pro,M30: removed
2	22:46:20.460	Custom indicator pipsometer_5_decimal GBPJPY.pro,M30: removed
2	22:46:20.466	Custom indicator time_table GBPJPY.pro,M30: removed
2	22:46:20.470	Custom indicator PTL_Sessions GBPJPY.pro,M30: removed
2	22:46:20.497	Expert PTL_EA EURJPY.pro,M15: removed
2	22:46:20.503	Custom indicator pipsometer_5_decimal EURJPY.pro,M15: removed
2	22:46:20.514	Custom indicator time_table EURJPY.pro,M15: removed
2	22:46:20.519	Custom indicator PTL_Sessions EURJPY.pro,M15: removed
2	22:46:20.545	Expert PTL_EA USDJPY.pro,M15: removed
2	22:46:20.552	Custom indicator pipsometer_5_decimal USDJPY.pro,M15: removed
2	22:46:20.555	Custom indicator time_table USDJPY.pro,M15: removed
2	22:46:20.559	Custom indicator PTL_Sessions USDJPY.pro,M15: removed
2	22:46:20.567	Expert PTL_EA USDCAD.pro,M30: removed
2	22:46:20.571	Custom indicator pipsometer_5_decimal USDCAD.pro,M30: removed
2	22:46:20.573	Custom indicator time_table USDCAD.pro,M30: removed
2	22:46:20.576	Custom indicator PTL_Sessions USDCAD.pro,M30: removed
2	22:46:20.591	Expert PTL_EA USDCHF.pro,M15: removed
2	22:46:20.595	Custom indicator pipsometer_5_decimal USDCHF.pro,M15: removed
2	22:46:20.598	Custom indicator time_table USDCHF.pro,M15: removed
2	22:46:20.601	Custom indicator PTL_Sessions USDCHF.pro,M15: removed
2	22:46:20.610	Expert PTL_EA AUDUSD.pro,M15: removed
2	22:46:20.615	Custom indicator pipsometer_5_decimal AUDUSD.pro,M15: removed
2	22:46:20.617	Custom indicator time_table AUDUSD.pro,M15: removed
2	22:46:20.620	Custom indicator PTL_Sessions AUDUSD.pro,M15: removed
0	22:46:23.885	MetaTrader build 1260 stopped
