0	09:44:28.995	MetaTrader build 1260 started (AxiCorp Financial Services Pty Ltd)
0	09:44:28.996	Windows 10 Enterprise x64, IE 11, UAC, 4 x Intel Core i5-4210U  @ 1.70GHz, Memory: 7986 / 12176 Mb, Disk: 52 / 99 Gb, GMT+7
0	09:44:28.996	Data Folder: C:\Users\PHAM THANH LUAN\AppData\Roaming\MetaQuotes\Terminal\9662C61C6715C26397817D3943CECEEC
2	09:44:31.939	Custom indicator pipsometer_5_decimal XAUUSD.pro,M15: loaded successfully
2	09:44:31.960	Custom indicator PTL_Sessions XAUUSD.pro,M15: loaded successfully
2	09:44:31.985	Expert PTL_EA XAUUSD.pro,M15: loaded successfully
2	09:44:32.143	Custom indicator pipsometer_5_decimal EURUSD.pro,M30: loaded successfully
2	09:44:32.163	Custom indicator PTL_Sessions EURUSD.pro,M30: loaded successfully
2	09:44:32.187	Expert PTL_EA EURUSD.pro,M30: loaded successfully
2	09:44:32.339	Custom indicator pipsometer_5_decimal GBPUSD.pro,M15: loaded successfully
2	09:44:32.360	Custom indicator PTL_Sessions GBPUSD.pro,M15: loaded successfully
2	09:44:32.382	Expert PTL_EA GBPUSD.pro,M15: loaded successfully
2	09:44:33.106	Custom indicator pipsometer_5_decimal GBPJPY.pro,M15: loaded successfully
2	09:44:33.125	Custom indicator PTL_Sessions GBPJPY.pro,M15: loaded successfully
2	09:44:33.147	Expert PTL_EA GBPJPY.pro,M15: loaded successfully
2	09:44:33.305	Custom indicator pipsometer_5_decimal EURJPY.pro,M15: loaded successfully
2	09:44:33.325	Custom indicator PTL_Sessions EURJPY.pro,M15: loaded successfully
2	09:44:33.347	Expert PTL_EA EURJPY.pro,M15: loaded successfully
2	09:44:33.513	Custom indicator pipsometer_5_decimal USDJPY.pro,M15: loaded successfully
2	09:44:33.531	Custom indicator PTL_Sessions USDJPY.pro,M15: loaded successfully
2	09:44:33.551	Expert PTL_EA USDJPY.pro,M15: loaded successfully
2	09:44:33.721	Custom indicator pipsometer_5_decimal AUDUSD.pro,M30: loaded successfully
2	09:44:33.742	Custom indicator PTL_Sessions AUDUSD.pro,M30: loaded successfully
2	09:44:33.766	Expert PTL_EA AUDUSD.pro,M30: loaded successfully
2	09:44:33.929	Custom indicator pipsometer_5_decimal USDCAD.pro,M15: loaded successfully
2	09:44:33.948	Custom indicator PTL_Sessions USDCAD.pro,M15: loaded successfully
2	09:44:33.970	Expert PTL_EA USDCAD.pro,M15: loaded successfully
2	09:44:34.115	Custom indicator pipsometer_5_decimal GBPAUD.pro,M30: loaded successfully
2	09:44:34.131	Custom indicator PTL_Sessions GBPAUD.pro,M30: loaded successfully
2	09:44:34.153	Expert PTL_EA GBPAUD.pro,M30: loaded successfully
0	09:44:35.678	'4136965': login on AxiTrader-US02-Live through AxiAccelerator (ping: 240.16 ms)
0	09:44:37.609	'4136965': login datacenter on AxiTrader-US02-Live through AxiAccelerator (ping: 240.16 ms)
0	09:44:38.306	'4136965': previous successful authorization performed from 69.31.88.237
0	09:44:43.570	'4136965': ping to current access point AxiAccelerator is 226.26 ms
2	18:23:47.909	Expert PTL_EA XAUUSD.pro,M30: removed
2	18:23:47.931	Expert PTL_EA XAUUSD.pro,M30: loaded successfully
2	18:23:47.941	Expert PTL_EA EURUSD.pro,M15: removed
2	18:23:47.962	Expert PTL_EA EURUSD.pro,M15: loaded successfully
2	18:23:47.975	Expert PTL_EA GBPUSD.pro,M30: removed
2	18:23:47.999	Expert PTL_EA GBPUSD.pro,M30: loaded successfully
2	18:23:48.012	Expert PTL_EA GBPJPY.pro,M15: removed
2	18:23:48.038	Expert PTL_EA GBPJPY.pro,M15: loaded successfully
2	18:23:48.054	Expert PTL_EA EURJPY.pro,M15: removed
2	18:23:48.079	Expert PTL_EA EURJPY.pro,M15: loaded successfully
2	18:23:48.093	Expert PTL_EA USDJPY.pro,M15: removed
2	18:23:48.118	Expert PTL_EA USDJPY.pro,M15: loaded successfully
2	18:23:48.135	Expert PTL_EA AUDUSD.pro,M30: removed
2	18:23:48.160	Expert PTL_EA AUDUSD.pro,M30: loaded successfully
2	18:23:48.178	Expert PTL_EA USDCAD.pro,M15: removed
2	18:23:48.202	Expert PTL_EA USDCAD.pro,M15: loaded successfully
2	18:23:48.223	Expert PTL_EA GBPAUD.pro,M30: removed
2	18:23:48.249	Expert PTL_EA GBPAUD.pro,M30: loaded successfully
2	18:24:19.837	Expert PTL_EA XAUUSD.pro,M30: removed
2	18:24:19.854	Expert PTL_EA XAUUSD.pro,M30: loaded successfully
2	18:24:19.862	Expert PTL_EA EURUSD.pro,M15: removed
2	18:24:19.881	Expert PTL_EA EURUSD.pro,M15: loaded successfully
2	18:24:19.893	Expert PTL_EA GBPUSD.pro,M30: removed
2	18:24:19.911	Expert PTL_EA GBPUSD.pro,M30: loaded successfully
2	18:24:19.922	Expert PTL_EA GBPJPY.pro,M15: removed
2	18:24:19.943	Expert PTL_EA GBPJPY.pro,M15: loaded successfully
2	18:24:19.958	Expert PTL_EA EURJPY.pro,M15: removed
2	18:24:19.980	Expert PTL_EA EURJPY.pro,M15: loaded successfully
2	18:24:19.994	Expert PTL_EA USDJPY.pro,M15: removed
2	18:24:20.016	Expert PTL_EA USDJPY.pro,M15: loaded successfully
2	18:24:20.025	Expert PTL_EA AUDUSD.pro,M30: removed
2	18:24:20.047	Expert PTL_EA AUDUSD.pro,M30: loaded successfully
2	18:24:20.063	Expert PTL_EA USDCAD.pro,M15: removed
2	18:24:20.085	Expert PTL_EA USDCAD.pro,M15: loaded successfully
2	18:24:20.100	Expert PTL_EA GBPAUD.pro,M30: removed
2	18:24:20.123	Expert PTL_EA GBPAUD.pro,M30: loaded successfully
2	18:24:36.713	Expert PTL_EA XAUUSD.pro,M30: removed
2	18:24:36.731	Expert PTL_EA XAUUSD.pro,M30: loaded successfully
2	18:24:36.744	Expert PTL_EA EURUSD.pro,M15: removed
2	18:24:36.761	Expert PTL_EA EURUSD.pro,M15: loaded successfully
2	18:24:36.770	Expert PTL_EA GBPUSD.pro,M30: removed
2	18:24:36.791	Expert PTL_EA GBPUSD.pro,M30: loaded successfully
2	18:24:36.804	Expert PTL_EA GBPJPY.pro,M15: removed
2	18:24:36.827	Expert PTL_EA GBPJPY.pro,M15: loaded successfully
2	18:24:36.841	Expert PTL_EA EURJPY.pro,M15: removed
2	18:24:36.864	Expert PTL_EA EURJPY.pro,M15: loaded successfully
2	18:24:36.879	Expert PTL_EA USDJPY.pro,M15: removed
2	18:24:36.901	Expert PTL_EA USDJPY.pro,M15: loaded successfully
2	18:24:36.917	Expert PTL_EA AUDUSD.pro,M30: removed
2	18:24:36.941	Expert PTL_EA AUDUSD.pro,M30: loaded successfully
2	18:24:36.949	Expert PTL_EA USDCAD.pro,M15: removed
2	18:24:36.971	Expert PTL_EA USDCAD.pro,M15: loaded successfully
2	18:24:36.986	Expert PTL_EA GBPAUD.pro,M30: removed
2	18:24:37.009	Expert PTL_EA GBPAUD.pro,M30: loaded successfully
1	21:12:31.902	'4136965': ping failed
0	21:12:32.355	'4136965': login datacenter on AxiTrader-US02-Live
0	21:12:33.733	'4136965': login on AxiTrader-US02-Live through Alternate DC US1 (ping: 248.64 ms)
0	21:12:36.187	'4136965': login datacenter on AxiTrader-US02-Live through Alternate DC US1 (ping: 248.64 ms)
0	21:12:36.946	'4136965': previous successful authorization performed from 128.177.176.115
0	21:12:42.588	'4136965': auto connecting to a better access point AxiAccelerator (ping is 267.64 ms)
0	21:12:43.533	'4136965': login on AxiTrader-US02-Live through AxiAccelerator (ping: 267.64 ms)
0	21:12:45.568	'4136965': login datacenter on AxiTrader-US02-Live through AxiAccelerator (ping: 267.64 ms)
0	21:12:46.347	'4136965': previous successful authorization performed from 171.232.108.128
2	21:29:12.576	Expert PTL_EA XAUUSD.pro,M15: removed
2	21:29:12.581	Custom indicator pipsometer_5_decimal XAUUSD.pro,M15: removed
2	21:29:12.584	Custom indicator PTL_Sessions XAUUSD.pro,M15: removed
2	21:29:12.589	Expert PTL_EA EURUSD.pro,M15: removed
2	21:29:12.593	Custom indicator pipsometer_5_decimal EURUSD.pro,M15: removed
2	21:29:12.597	Custom indicator PTL_Sessions EURUSD.pro,M15: removed
2	21:29:12.602	Expert PTL_EA GBPUSD.pro,M15: removed
2	21:29:12.606	Custom indicator pipsometer_5_decimal GBPUSD.pro,M15: removed
2	21:29:12.609	Custom indicator PTL_Sessions GBPUSD.pro,M15: removed
2	21:29:12.615	Expert PTL_EA GBPJPY.pro,M15: removed
2	21:29:12.619	Custom indicator pipsometer_5_decimal GBPJPY.pro,M15: removed
2	21:29:12.622	Custom indicator PTL_Sessions GBPJPY.pro,M15: removed
2	21:29:12.642	Expert PTL_EA EURJPY.pro,M15: removed
2	21:29:12.646	Custom indicator pipsometer_5_decimal EURJPY.pro,M15: removed
2	21:29:12.649	Custom indicator PTL_Sessions EURJPY.pro,M15: removed
2	21:29:12.655	Expert PTL_EA USDJPY.pro,M15: removed
2	21:29:12.660	Custom indicator pipsometer_5_decimal USDJPY.pro,M15: removed
2	21:29:12.663	Custom indicator PTL_Sessions USDJPY.pro,M15: removed
2	21:29:12.668	Expert PTL_EA AUDUSD.pro,M15: removed
2	21:29:12.673	Custom indicator pipsometer_5_decimal AUDUSD.pro,M15: removed
2	21:29:12.676	Custom indicator PTL_Sessions AUDUSD.pro,M15: removed
2	21:29:12.691	Expert PTL_EA USDCAD.pro,M15: removed
2	21:29:12.696	Custom indicator pipsometer_5_decimal USDCAD.pro,M15: removed
2	21:29:12.699	Custom indicator PTL_Sessions USDCAD.pro,M15: removed
2	21:29:12.707	Expert PTL_EA GBPAUD.pro,M30: removed
2	21:29:12.712	Custom indicator pipsometer_5_decimal GBPAUD.pro,M30: removed
2	21:29:12.715	Custom indicator PTL_Sessions GBPAUD.pro,M30: removed
0	21:29:16.063	MetaTrader build 1260 stopped
