0	06:11:13.060	MetaTrader build 1260 started (AxiCorp Financial Services Pty Ltd)
0	06:11:13.060	Windows 10 Enterprise x64, IE 11, UAC, 4 x Intel Core i5-4210U  @ 1.70GHz, Memory: 8820 / 12176 Mb, Disk: 54 / 99 Gb, GMT+7
0	06:11:13.060	Data Folder: C:\Users\PHAM THANH LUAN\AppData\Roaming\MetaQuotes\Terminal\9662C61C6715C26397817D3943CECEEC
2	06:11:15.528	Custom indicator pipsometer_5_decimal XAUUSD.pro,M15: loaded successfully
2	06:11:15.541	Custom indicator time_table XAUUSD.pro,M15: loaded successfully
2	06:11:15.553	Custom indicator PTL_Sessions XAUUSD.pro,M15: loaded successfully
2	06:11:15.568	Expert PTL_EA XAUUSD.pro,M15: loaded successfully
2	06:11:15.694	Custom indicator pipsometer_5_decimal EURUSD.pro,M15: loaded successfully
2	06:11:15.707	Custom indicator time_table EURUSD.pro,M15: loaded successfully
2	06:11:15.718	Custom indicator PTL_Sessions EURUSD.pro,M15: loaded successfully
2	06:11:15.732	Expert PTL_EA EURUSD.pro,M15: loaded successfully
2	06:11:15.859	Custom indicator pipsometer_5_decimal GBPUSD.pro,M15: loaded successfully
2	06:11:15.871	Custom indicator time_table GBPUSD.pro,M15: loaded successfully
2	06:11:15.883	Custom indicator PTL_Sessions GBPUSD.pro,M15: loaded successfully
2	06:11:15.896	Expert PTL_EA GBPUSD.pro,M15: loaded successfully
2	06:11:16.274	Custom indicator pipsometer_5_decimal GBPJPY.pro,M15: loaded successfully
2	06:11:16.286	Custom indicator time_table GBPJPY.pro,M15: loaded successfully
2	06:11:16.300	Custom indicator PTL_Sessions GBPJPY.pro,M15: loaded successfully
2	06:11:16.314	Expert PTL_EA GBPJPY.pro,M15: loaded successfully
2	06:11:16.451	Custom indicator pipsometer_5_decimal EURJPY.pro,M15: loaded successfully
2	06:11:16.464	Custom indicator time_table EURJPY.pro,M15: loaded successfully
2	06:11:16.475	Custom indicator PTL_Sessions EURJPY.pro,M15: loaded successfully
2	06:11:16.488	Expert PTL_EA EURJPY.pro,M15: loaded successfully
2	06:11:16.633	Custom indicator pipsometer_5_decimal USDJPY.pro,M30: loaded successfully
2	06:11:16.646	Custom indicator time_table USDJPY.pro,M30: loaded successfully
2	06:11:16.660	Custom indicator PTL_Sessions USDJPY.pro,M30: loaded successfully
2	06:11:16.676	Expert PTL_EA USDJPY.pro,M30: loaded successfully
2	06:11:16.864	Custom indicator pipsometer_5_decimal USDCAD.pro,M15: loaded successfully
2	06:11:16.883	Custom indicator time_table USDCAD.pro,M15: loaded successfully
2	06:11:16.900	Custom indicator PTL_Sessions USDCAD.pro,M15: loaded successfully
2	06:11:16.917	Expert PTL_EA USDCAD.pro,M15: loaded successfully
2	06:11:17.069	Custom indicator pipsometer_5_decimal USDCHF.pro,M15: loaded successfully
2	06:11:17.083	Custom indicator time_table USDCHF.pro,M15: loaded successfully
2	06:11:17.096	Custom indicator PTL_Sessions USDCHF.pro,M15: loaded successfully
2	06:11:17.110	Expert PTL_EA USDCHF.pro,M15: loaded successfully
2	06:11:17.271	Custom indicator pipsometer_5_decimal AUDUSD.pro,M15: loaded successfully
2	06:11:17.284	Custom indicator time_table AUDUSD.pro,M15: loaded successfully
2	06:11:17.296	Custom indicator PTL_Sessions AUDUSD.pro,M15: loaded successfully
2	06:11:17.308	Expert PTL_EA AUDUSD.pro,M15: loaded successfully
0	06:11:18.797	'4136965': login on AxiTrader-US02-Live through AxiAccelerator (ping: 276.72 ms)
0	06:11:20.952	'4136965': login datacenter on AxiTrader-US02-Live through AxiAccelerator (ping: 276.72 ms)
0	06:11:21.680	'4136965': previous successful authorization performed from 69.31.88.238
0	06:11:26.853	'4136965': ping to current access point AxiAccelerator is 241.47 ms
2	10:09:20.313	Expert PTL_EA XAUUSD.pro,M15: removed
2	10:09:20.331	Expert PTL_EA XAUUSD.pro,M15: loaded successfully
2	10:09:20.339	Expert PTL_EA EURUSD.pro,M15: removed
2	10:09:20.369	Expert PTL_EA EURUSD.pro,M15: loaded successfully
2	10:09:20.377	Expert PTL_EA GBPUSD.pro,M15: removed
2	10:09:20.398	Expert PTL_EA GBPUSD.pro,M15: loaded successfully
2	10:09:20.407	Expert PTL_EA GBPJPY.pro,M15: removed
2	10:09:20.429	Expert PTL_EA GBPJPY.pro,M15: loaded successfully
2	10:09:20.438	Expert PTL_EA EURJPY.pro,M15: removed
2	10:09:20.461	Expert PTL_EA EURJPY.pro,M15: loaded successfully
2	10:09:20.472	Expert PTL_EA USDJPY.pro,M30: removed
2	10:09:20.497	Expert PTL_EA USDJPY.pro,M30: loaded successfully
2	10:09:20.544	Expert PTL_EA USDCAD.pro,M15: removed
2	10:09:20.568	Expert PTL_EA USDCAD.pro,M15: loaded successfully
2	10:09:20.577	Expert PTL_EA USDCHF.pro,M15: removed
2	10:09:20.599	Expert PTL_EA USDCHF.pro,M15: loaded successfully
2	10:09:20.609	Expert PTL_EA AUDUSD.pro,M15: removed
2	10:09:20.631	Expert PTL_EA AUDUSD.pro,M15: loaded successfully
2	14:14:49.775	Custom indicator PTL_Sessions EURUSD.pro,M15: removed
2	14:14:49.787	Custom indicator PTL_Sessions EURUSD.pro,M15: loaded successfully
2	14:14:49.815	Custom indicator PTL_Sessions GBPUSD.pro,M15: removed
2	14:14:49.829	Custom indicator PTL_Sessions GBPUSD.pro,M15: loaded successfully
2	14:14:49.861	Custom indicator PTL_Sessions XAUUSD.pro,M15: removed
2	14:14:49.874	Custom indicator PTL_Sessions XAUUSD.pro,M15: loaded successfully
2	14:14:49.914	Custom indicator PTL_Sessions EURJPY.pro,M15: removed
2	14:14:49.929	Custom indicator PTL_Sessions EURJPY.pro,M15: loaded successfully
2	14:14:49.958	Custom indicator PTL_Sessions USDJPY.pro,M30: removed
2	14:14:49.970	Custom indicator PTL_Sessions USDJPY.pro,M30: loaded successfully
2	14:14:49.997	Custom indicator PTL_Sessions GBPJPY.pro,M15: removed
2	14:14:50.010	Custom indicator PTL_Sessions GBPJPY.pro,M15: loaded successfully
2	14:14:50.036	Custom indicator PTL_Sessions USDCHF.pro,M15: removed
2	14:14:50.049	Custom indicator PTL_Sessions USDCHF.pro,M15: loaded successfully
2	14:14:50.076	Custom indicator PTL_Sessions USDCAD.pro,M15: removed
2	14:14:50.087	Custom indicator PTL_Sessions USDCAD.pro,M15: loaded successfully
2	14:14:50.113	Custom indicator PTL_Sessions AUDUSD.pro,M15: removed
2	14:14:50.127	Custom indicator PTL_Sessions AUDUSD.pro,M15: loaded successfully
2	14:15:33.329	Custom indicator PTL_Sessions EURUSD.pro,M15: removed
2	14:15:33.344	Custom indicator PTL_Sessions EURUSD.pro,M15: loaded successfully
2	14:15:33.373	Custom indicator PTL_Sessions GBPUSD.pro,M15: removed
2	14:15:33.388	Custom indicator PTL_Sessions GBPUSD.pro,M15: loaded successfully
2	14:15:33.422	Custom indicator PTL_Sessions XAUUSD.pro,M15: removed
2	14:15:33.435	Custom indicator PTL_Sessions XAUUSD.pro,M15: loaded successfully
2	14:15:33.478	Custom indicator PTL_Sessions EURJPY.pro,M15: removed
2	14:15:33.493	Custom indicator PTL_Sessions EURJPY.pro,M15: loaded successfully
2	14:15:33.523	Custom indicator PTL_Sessions USDJPY.pro,M30: removed
2	14:15:33.537	Custom indicator PTL_Sessions USDJPY.pro,M30: loaded successfully
2	14:15:33.567	Custom indicator PTL_Sessions GBPJPY.pro,M15: removed
2	14:15:33.581	Custom indicator PTL_Sessions GBPJPY.pro,M15: loaded successfully
2	14:15:33.610	Custom indicator PTL_Sessions USDCHF.pro,M15: removed
2	14:15:33.625	Custom indicator PTL_Sessions USDCHF.pro,M15: loaded successfully
2	14:15:33.653	Custom indicator PTL_Sessions USDCAD.pro,M15: removed
2	14:15:33.666	Custom indicator PTL_Sessions USDCAD.pro,M15: loaded successfully
2	14:15:33.696	Custom indicator PTL_Sessions AUDUSD.pro,M15: removed
2	14:15:33.712	Custom indicator PTL_Sessions AUDUSD.pro,M15: loaded successfully
2	14:16:04.443	Custom indicator PTL_Sessions EURUSD.pro,M15: removed
2	14:16:04.458	Custom indicator PTL_Sessions EURUSD.pro,M15: loaded successfully
2	14:16:04.494	Custom indicator PTL_Sessions GBPUSD.pro,M15: removed
2	14:16:04.508	Custom indicator PTL_Sessions GBPUSD.pro,M15: loaded successfully
2	14:16:04.544	Custom indicator PTL_Sessions XAUUSD.pro,M15: removed
2	14:16:04.558	Custom indicator PTL_Sessions XAUUSD.pro,M15: loaded successfully
2	14:16:04.597	Custom indicator PTL_Sessions EURJPY.pro,M15: removed
2	14:16:04.616	Custom indicator PTL_Sessions EURJPY.pro,M15: loaded successfully
2	14:16:04.652	Custom indicator PTL_Sessions USDJPY.pro,M30: removed
2	14:16:04.665	Custom indicator PTL_Sessions USDJPY.pro,M30: loaded successfully
2	14:16:04.697	Custom indicator PTL_Sessions GBPJPY.pro,M15: removed
2	14:16:04.710	Custom indicator PTL_Sessions GBPJPY.pro,M15: loaded successfully
2	14:16:04.741	Custom indicator PTL_Sessions USDCHF.pro,M15: removed
2	14:16:04.757	Custom indicator PTL_Sessions USDCHF.pro,M15: loaded successfully
2	14:16:04.789	Custom indicator PTL_Sessions USDCAD.pro,M15: removed
2	14:16:04.803	Custom indicator PTL_Sessions USDCAD.pro,M15: loaded successfully
2	14:16:04.836	Custom indicator PTL_Sessions AUDUSD.pro,M15: removed
2	14:16:04.850	Custom indicator PTL_Sessions AUDUSD.pro,M15: loaded successfully
2	14:18:19.514	Custom indicator PTL_Sessions EURUSD.pro,M15: removed
2	14:18:19.529	Custom indicator PTL_Sessions EURUSD.pro,M15: loaded successfully
2	14:18:19.562	Custom indicator PTL_Sessions GBPUSD.pro,M15: removed
2	14:18:19.576	Custom indicator PTL_Sessions GBPUSD.pro,M15: loaded successfully
2	14:18:19.610	Custom indicator PTL_Sessions XAUUSD.pro,M15: removed
2	14:18:19.624	Custom indicator PTL_Sessions XAUUSD.pro,M15: loaded successfully
2	14:18:19.658	Custom indicator PTL_Sessions EURJPY.pro,M15: removed
2	14:18:19.672	Custom indicator PTL_Sessions EURJPY.pro,M15: loaded successfully
2	14:18:19.704	Custom indicator PTL_Sessions USDJPY.pro,M30: removed
2	14:18:19.717	Custom indicator PTL_Sessions USDJPY.pro,M30: loaded successfully
2	14:18:19.749	Custom indicator PTL_Sessions GBPJPY.pro,M15: removed
2	14:18:19.762	Custom indicator PTL_Sessions GBPJPY.pro,M15: loaded successfully
2	14:18:19.792	Custom indicator PTL_Sessions USDCHF.pro,M15: removed
2	14:18:19.804	Custom indicator PTL_Sessions USDCHF.pro,M15: loaded successfully
2	14:18:19.836	Custom indicator PTL_Sessions USDCAD.pro,M15: removed
2	14:18:19.849	Custom indicator PTL_Sessions USDCAD.pro,M15: loaded successfully
2	14:18:19.878	Custom indicator PTL_Sessions AUDUSD.pro,M15: removed
2	14:18:19.898	Custom indicator PTL_Sessions AUDUSD.pro,M15: loaded successfully
2	15:12:15.208	Expert PTL_EA XAUUSD.pro,M15: removed
2	15:12:15.226	Expert PTL_EA XAUUSD.pro,M15: loaded successfully
2	15:12:15.233	Expert PTL_EA EURUSD.pro,M30: removed
2	15:12:15.253	Expert PTL_EA EURUSD.pro,M30: loaded successfully
2	15:12:15.262	Expert PTL_EA GBPUSD.pro,M15: removed
2	15:12:15.282	Expert PTL_EA GBPUSD.pro,M15: loaded successfully
2	15:12:15.290	Expert PTL_EA GBPJPY.pro,M15: removed
2	15:12:15.311	Expert PTL_EA GBPJPY.pro,M15: loaded successfully
2	15:12:15.319	Expert PTL_EA EURJPY.pro,M15: removed
2	15:12:15.339	Expert PTL_EA EURJPY.pro,M15: loaded successfully
2	15:12:15.349	Expert PTL_EA USDJPY.pro,M30: removed
2	15:12:15.369	Expert PTL_EA USDJPY.pro,M30: loaded successfully
2	15:12:15.378	Expert PTL_EA USDCAD.pro,M15: removed
2	15:12:15.398	Expert PTL_EA USDCAD.pro,M15: loaded successfully
2	15:12:15.407	Expert PTL_EA USDCHF.pro,M15: removed
2	15:12:15.428	Expert PTL_EA USDCHF.pro,M15: loaded successfully
2	15:12:15.437	Expert PTL_EA AUDUSD.pro,M15: removed
2	15:12:15.458	Expert PTL_EA AUDUSD.pro,M15: loaded successfully
2	15:17:16.508	Expert PTL_EA XAUUSD.pro,M15: removed
2	15:17:16.524	Expert PTL_EA XAUUSD.pro,M15: loaded successfully
2	15:17:16.529	Expert PTL_EA EURUSD.pro,M30: removed
2	15:17:16.545	Expert PTL_EA EURUSD.pro,M30: loaded successfully
2	15:17:16.550	Expert PTL_EA GBPUSD.pro,M15: removed
2	15:17:16.568	Expert PTL_EA GBPUSD.pro,M15: loaded successfully
2	15:17:16.574	Expert PTL_EA GBPJPY.pro,M15: removed
2	15:17:16.595	Expert PTL_EA GBPJPY.pro,M15: loaded successfully
2	15:17:16.599	Expert PTL_EA EURJPY.pro,M15: removed
2	15:17:16.620	Expert PTL_EA EURJPY.pro,M15: loaded successfully
2	15:17:16.626	Expert PTL_EA USDJPY.pro,M30: removed
2	15:17:16.648	Expert PTL_EA USDJPY.pro,M30: loaded successfully
2	15:17:16.653	Expert PTL_EA USDCAD.pro,M15: removed
2	15:17:16.674	Expert PTL_EA USDCAD.pro,M15: loaded successfully
2	15:17:16.679	Expert PTL_EA USDCHF.pro,M15: removed
2	15:17:16.701	Expert PTL_EA USDCHF.pro,M15: loaded successfully
2	15:17:16.706	Expert PTL_EA AUDUSD.pro,M15: removed
2	15:17:16.727	Expert PTL_EA AUDUSD.pro,M15: loaded successfully
0	19:47:19.128	Alert: USDCHF.pro bid > 0.96755
2	19:50:42.871	Expert PTL_EA XAUUSD.pro,M30: removed
2	19:50:42.888	Expert PTL_EA XAUUSD.pro,M30: loaded successfully
2	19:50:42.895	Expert PTL_EA EURUSD.pro,M30: removed
2	19:50:42.912	Expert PTL_EA EURUSD.pro,M30: loaded successfully
2	19:50:42.919	Expert PTL_EA GBPUSD.pro,M15: removed
2	19:50:42.941	Expert PTL_EA GBPUSD.pro,M15: loaded successfully
2	19:50:42.950	Expert PTL_EA GBPJPY.pro,M15: removed
2	19:50:42.973	Expert PTL_EA GBPJPY.pro,M15: loaded successfully
2	19:50:42.984	Expert PTL_EA EURJPY.pro,M15: removed
2	19:50:43.009	Expert PTL_EA EURJPY.pro,M15: loaded successfully
2	19:50:43.018	Expert PTL_EA USDJPY.pro,M30: removed
2	19:50:43.043	Expert PTL_EA USDJPY.pro,M30: loaded successfully
2	19:50:43.051	Expert PTL_EA USDCAD.pro,M15: removed
2	19:50:43.074	Expert PTL_EA USDCAD.pro,M15: loaded successfully
2	19:50:43.085	Expert PTL_EA USDCHF.pro,M30: removed
2	19:50:43.105	Expert PTL_EA USDCHF.pro,M30: loaded successfully
2	19:50:43.114	Expert PTL_EA AUDUSD.pro,M15: removed
2	19:50:43.134	Expert PTL_EA AUDUSD.pro,M15: loaded successfully
2	20:36:41.431	Expert PTL_EA XAUUSD.pro,M30: removed
2	20:36:41.448	Expert PTL_EA XAUUSD.pro,M30: loaded successfully
2	20:36:41.456	Expert PTL_EA EURUSD.pro,M15: removed
2	20:36:41.476	Expert PTL_EA EURUSD.pro,M15: loaded successfully
2	20:36:41.483	Expert PTL_EA GBPUSD.pro,M15: removed
2	20:36:41.504	Expert PTL_EA GBPUSD.pro,M15: loaded successfully
2	20:36:41.512	Expert PTL_EA GBPJPY.pro,M30: removed
2	20:36:41.533	Expert PTL_EA GBPJPY.pro,M30: loaded successfully
2	20:36:41.540	Expert PTL_EA EURJPY.pro,M30: removed
2	20:36:41.563	Expert PTL_EA EURJPY.pro,M30: loaded successfully
2	20:36:41.570	Expert PTL_EA USDJPY.pro,M30: removed
2	20:36:41.592	Expert PTL_EA USDJPY.pro,M30: loaded successfully
2	20:36:41.599	Expert PTL_EA USDCAD.pro,M15: removed
2	20:36:41.621	Expert PTL_EA USDCAD.pro,M15: loaded successfully
2	20:36:41.628	Expert PTL_EA USDCHF.pro,M30: removed
2	20:36:41.652	Expert PTL_EA USDCHF.pro,M30: loaded successfully
2	20:36:41.659	Expert PTL_EA AUDUSD.pro,M30: removed
2	20:36:41.680	Expert PTL_EA AUDUSD.pro,M30: loaded successfully
2	20:50:24.047	Expert PTL_EA XAUUSD.pro,M30: removed
2	20:50:24.063	Expert PTL_EA XAUUSD.pro,M30: loaded successfully
2	20:50:24.068	Expert PTL_EA EURUSD.pro,M15: removed
2	20:50:24.087	Expert PTL_EA EURUSD.pro,M15: loaded successfully
2	20:50:24.092	Expert PTL_EA GBPUSD.pro,M15: removed
2	20:50:24.111	Expert PTL_EA GBPUSD.pro,M15: loaded successfully
2	20:50:24.117	Expert PTL_EA GBPJPY.pro,M30: removed
2	20:50:24.138	Expert PTL_EA GBPJPY.pro,M30: loaded successfully
2	20:50:24.144	Expert PTL_EA EURJPY.pro,M30: removed
2	20:50:24.166	Expert PTL_EA EURJPY.pro,M30: loaded successfully
2	20:50:24.171	Expert PTL_EA USDJPY.pro,M30: removed
2	20:50:24.192	Expert PTL_EA USDJPY.pro,M30: loaded successfully
2	20:50:24.198	Expert PTL_EA USDCAD.pro,M15: removed
2	20:50:24.220	Expert PTL_EA USDCAD.pro,M15: loaded successfully
2	20:50:24.225	Expert PTL_EA USDCHF.pro,M30: removed
2	20:50:24.247	Expert PTL_EA USDCHF.pro,M30: loaded successfully
2	20:50:24.253	Expert PTL_EA AUDUSD.pro,M30: removed
2	20:50:24.274	Expert PTL_EA AUDUSD.pro,M30: loaded successfully
0	21:52:45.219	'4136965': login on AxiTrader-US02-Live through AxiAccelerator (ping: 241.47 ms)
0	21:52:47.122	'4136965': login datacenter on AxiTrader-US02-Live through AxiAccelerator (ping: 241.47 ms)
0	21:52:47.940	'4136965': previous successful authorization performed from 65.115.8.117
0	21:52:53.362	'4136965': ping to current access point AxiAccelerator is 262.00 ms
2	22:23:11.657	Expert PTL_EA XAUUSD.pro,M15: removed
2	22:23:11.663	Custom indicator pipsometer_5_decimal XAUUSD.pro,M15: removed
2	22:23:11.665	Custom indicator time_table XAUUSD.pro,M15: removed
2	22:23:11.668	Custom indicator PTL_Sessions XAUUSD.pro,M15: removed
2	22:23:11.674	Expert PTL_EA EURUSD.pro,M30: removed
2	22:23:11.681	Custom indicator pipsometer_5_decimal EURUSD.pro,M30: removed
2	22:23:11.684	Custom indicator time_table EURUSD.pro,M30: removed
2	22:23:11.686	Custom indicator PTL_Sessions EURUSD.pro,M30: removed
2	22:23:11.693	Expert PTL_EA GBPUSD.pro,M15: removed
2	22:23:11.698	Custom indicator pipsometer_5_decimal GBPUSD.pro,M15: removed
2	22:23:11.702	Custom indicator time_table GBPUSD.pro,M15: removed
2	22:23:11.705	Custom indicator PTL_Sessions GBPUSD.pro,M15: removed
2	22:23:11.712	Expert PTL_EA GBPJPY.pro,M30: removed
2	22:23:11.717	Custom indicator pipsometer_5_decimal GBPJPY.pro,M30: removed
2	22:23:11.720	Custom indicator time_table GBPJPY.pro,M30: removed
2	22:23:11.723	Custom indicator PTL_Sessions GBPJPY.pro,M30: removed
2	22:23:11.729	Expert PTL_EA EURJPY.pro,M30: removed
2	22:23:11.734	Custom indicator pipsometer_5_decimal EURJPY.pro,M30: removed
2	22:23:11.736	Custom indicator time_table EURJPY.pro,M30: removed
2	22:23:11.739	Custom indicator PTL_Sessions EURJPY.pro,M30: removed
2	22:23:11.745	Expert PTL_EA USDJPY.pro,M15: removed
2	22:23:11.749	Custom indicator pipsometer_5_decimal USDJPY.pro,M15: removed
2	22:23:11.752	Custom indicator time_table USDJPY.pro,M15: removed
2	22:23:11.754	Custom indicator PTL_Sessions USDJPY.pro,M15: removed
2	22:23:11.769	Expert PTL_EA USDCAD.pro,M15: removed
2	22:23:11.773	Custom indicator pipsometer_5_decimal USDCAD.pro,M15: removed
2	22:23:11.776	Custom indicator time_table USDCAD.pro,M15: removed
2	22:23:11.780	Custom indicator PTL_Sessions USDCAD.pro,M15: removed
2	22:23:11.784	Expert PTL_EA USDCHF.pro,M30: removed
2	22:23:11.788	Custom indicator pipsometer_5_decimal USDCHF.pro,M30: removed
2	22:23:11.791	Custom indicator time_table USDCHF.pro,M30: removed
2	22:23:11.794	Custom indicator PTL_Sessions USDCHF.pro,M30: removed
2	22:23:11.803	Expert PTL_EA AUDUSD.pro,M30: removed
2	22:23:11.807	Custom indicator pipsometer_5_decimal AUDUSD.pro,M30: removed
2	22:23:11.810	Custom indicator time_table AUDUSD.pro,M30: removed
2	22:23:11.813	Custom indicator PTL_Sessions AUDUSD.pro,M30: removed
0	22:23:15.103	MetaTrader build 1260 stopped
