0	06:44:11.890	MetaTrader build 1260 started (AxiCorp Financial Services Pty Ltd)
0	06:44:11.891	Windows 10 Enterprise x64, IE 11, UAC, 4 x Intel Core i5-4210U  @ 1.70GHz, Memory: 8855 / 12176 Mb, Disk: 52 / 99 Gb, GMT+7
0	06:44:11.891	Data Folder: C:\Users\PHAM THANH LUAN\AppData\Roaming\MetaQuotes\Terminal\9662C61C6715C26397817D3943CECEEC
2	06:44:14.704	Custom indicator pipsometer_5_decimal XAUUSD.pro,M15: loaded successfully
2	06:44:14.737	Custom indicator PTL_Sessions XAUUSD.pro,M15: loaded successfully
2	06:44:14.766	Expert PTL_EA XAUUSD.pro,M15: loaded successfully
2	06:44:14.910	Custom indicator pipsometer_5_decimal EURUSD.pro,M15: loaded successfully
2	06:44:14.926	Custom indicator PTL_Sessions EURUSD.pro,M15: loaded successfully
2	06:44:14.952	Expert PTL_EA EURUSD.pro,M15: loaded successfully
2	06:44:15.122	Custom indicator PTL_Sessions GBPUSD.pro,M15: loaded successfully
2	06:44:15.141	Custom indicator FXR_ATR_Pivots GBPUSD.pro,M15: loaded successfully
2	06:44:15.160	Expert PTL_EA GBPUSD.pro,M15: loaded successfully
2	06:44:15.785	Custom indicator pipsometer_5_decimal GBPJPY.pro,M15: loaded successfully
2	06:44:15.817	Custom indicator PTL_Sessions GBPJPY.pro,M15: loaded successfully
2	06:44:15.842	Expert PTL_EA GBPJPY.pro,M15: loaded successfully
2	06:44:16.083	Custom indicator pipsometer_5_decimal EURJPY.pro,M15: loaded successfully
2	06:44:16.108	Custom indicator PTL_Sessions EURJPY.pro,M15: loaded successfully
2	06:44:16.128	Expert PTL_EA EURJPY.pro,M15: loaded successfully
2	06:44:16.327	Custom indicator pipsometer_5_decimal USDJPY.pro,M15: loaded successfully
2	06:44:16.347	Custom indicator PTL_Sessions USDJPY.pro,M15: loaded successfully
2	06:44:16.382	Expert PTL_EA USDJPY.pro,M15: loaded successfully
2	06:44:16.531	Custom indicator pipsometer_5_decimal AUDUSD.pro,H1: loaded successfully
2	06:44:16.549	Custom indicator PTL_Sessions AUDUSD.pro,H1: loaded successfully
2	06:44:16.573	Expert PTL_EA AUDUSD.pro,H1: loaded successfully
2	06:44:16.765	Custom indicator pipsometer_5_decimal USDCAD.pro,M15: loaded successfully
2	06:44:16.782	Custom indicator PTL_Sessions USDCAD.pro,M15: loaded successfully
2	06:44:16.802	Expert PTL_EA USDCAD.pro,M15: loaded successfully
0	06:44:18.551	'4136965': login on AxiTrader-US02-Live through AxiAccelerator (ping: 240.02 ms)
0	06:44:20.868	'4136965': login datacenter on AxiTrader-US02-Live through AxiAccelerator (ping: 240.02 ms)
0	06:44:21.692	'4136965': previous successful authorization performed from 128.177.176.115
0	06:44:27.808	'4136965': ping to current access point AxiAccelerator is 229.61 ms
2	12:56:26.824	Expert PTL_EA XAUUSD.pro,M15: removed
2	12:56:26.828	Custom indicator pipsometer_5_decimal XAUUSD.pro,M15: removed
2	12:56:26.830	Custom indicator PTL_Sessions XAUUSD.pro,M15: removed
2	12:56:26.836	Expert PTL_EA EURUSD.pro,M30: removed
2	12:56:26.841	Custom indicator pipsometer_5_decimal EURUSD.pro,M30: removed
2	12:56:26.843	Custom indicator PTL_Sessions EURUSD.pro,M30: removed
2	12:56:26.860	Expert PTL_EA GBPUSD.pro,M15: removed
2	12:56:26.864	Custom indicator PTL_Sessions GBPUSD.pro,M15: removed
2	12:56:26.868	Custom indicator FXR_ATR_Pivots GBPUSD.pro,M15: removed
2	12:56:26.872	Expert PTL_EA GBPJPY.pro,M15: removed
2	12:56:26.876	Custom indicator pipsometer_5_decimal GBPJPY.pro,M15: removed
2	12:56:26.879	Custom indicator PTL_Sessions GBPJPY.pro,M15: removed
2	12:56:26.885	Expert PTL_EA EURJPY.pro,M30: removed
2	12:56:26.889	Custom indicator pipsometer_5_decimal EURJPY.pro,M30: removed
2	12:56:26.892	Custom indicator PTL_Sessions EURJPY.pro,M30: removed
2	12:56:26.897	Expert PTL_EA USDJPY.pro,M15: removed
2	12:56:26.902	Custom indicator pipsometer_5_decimal USDJPY.pro,M15: removed
2	12:56:26.905	Custom indicator PTL_Sessions USDJPY.pro,M15: removed
2	12:56:26.910	Expert PTL_EA AUDUSD.pro,H1: removed
2	12:56:26.915	Custom indicator pipsometer_5_decimal AUDUSD.pro,H1: removed
2	12:56:26.918	Custom indicator PTL_Sessions AUDUSD.pro,H1: removed
2	12:56:26.926	Expert PTL_EA USDCAD.pro,M15: removed
2	12:56:26.930	Custom indicator pipsometer_5_decimal USDCAD.pro,M15: removed
2	12:56:26.934	Custom indicator PTL_Sessions USDCAD.pro,M15: removed
0	12:56:28.670	MetaTrader build 1260 stopped
0	19:07:09.797	MetaTrader build 1260 started (AxiCorp Financial Services Pty Ltd)
0	19:07:09.797	Windows 10 Enterprise x64, IE 11, UAC, 4 x Intel Core i5-4210U  @ 1.70GHz, Memory: 9115 / 12176 Mb, Disk: 53 / 99 Gb, GMT+7
0	19:07:09.797	Data Folder: C:\Users\PHAM THANH LUAN\AppData\Roaming\MetaQuotes\Terminal\9662C61C6715C26397817D3943CECEEC
2	19:07:12.062	Custom indicator pipsometer_5_decimal XAUUSD.pro,M15: loaded successfully
2	19:07:12.075	Custom indicator PTL_Sessions XAUUSD.pro,M15: loaded successfully
2	19:07:12.090	Expert PTL_EA XAUUSD.pro,M15: loaded successfully
2	19:07:12.207	Custom indicator pipsometer_5_decimal EURUSD.pro,M30: loaded successfully
2	19:07:12.226	Custom indicator PTL_Sessions EURUSD.pro,M30: loaded successfully
2	19:07:12.248	Expert PTL_EA EURUSD.pro,M30: loaded successfully
2	19:07:12.388	Custom indicator PTL_Sessions GBPUSD.pro,M15: loaded successfully
2	19:07:12.407	Custom indicator FXR_ATR_Pivots GBPUSD.pro,M15: loaded successfully
2	19:07:12.429	Expert PTL_EA GBPUSD.pro,M15: loaded successfully
2	19:07:12.858	Custom indicator pipsometer_5_decimal GBPJPY.pro,M15: loaded successfully
2	19:07:12.871	Custom indicator PTL_Sessions GBPJPY.pro,M15: loaded successfully
2	19:07:12.885	Expert PTL_EA GBPJPY.pro,M15: loaded successfully
2	19:07:13.009	Custom indicator pipsometer_5_decimal EURJPY.pro,M30: loaded successfully
2	19:07:13.023	Custom indicator PTL_Sessions EURJPY.pro,M30: loaded successfully
2	19:07:13.039	Expert PTL_EA EURJPY.pro,M30: loaded successfully
2	19:07:13.162	Custom indicator pipsometer_5_decimal USDJPY.pro,M15: loaded successfully
2	19:07:13.175	Custom indicator PTL_Sessions USDJPY.pro,M15: loaded successfully
2	19:07:13.190	Expert PTL_EA USDJPY.pro,M15: loaded successfully
2	19:07:13.315	Custom indicator pipsometer_5_decimal AUDUSD.pro,H1: loaded successfully
2	19:07:13.329	Custom indicator PTL_Sessions AUDUSD.pro,H1: loaded successfully
2	19:07:13.343	Expert PTL_EA AUDUSD.pro,H1: loaded successfully
2	19:07:13.469	Custom indicator pipsometer_5_decimal USDCAD.pro,M15: loaded successfully
2	19:07:13.481	Custom indicator PTL_Sessions USDCAD.pro,M15: loaded successfully
2	19:07:13.496	Expert PTL_EA USDCAD.pro,M15: loaded successfully
0	19:07:18.913	'4136965': login on AxiTrader-US02-Live through AxiAccelerator (ping: 229.61 ms)
0	19:07:21.407	'4136965': login datacenter on AxiTrader-US02-Live through AxiAccelerator (ping: 229.61 ms)
0	19:07:22.170	'4136965': previous successful authorization performed from 208.46.149.110
0	19:07:31.669	'4136965': ping to current access point AxiAccelerator is 232.98 ms
0	19:16:59.223	'4136965': login on AxiTrader-US02-Live through AxiAccelerator (ping: 232.98 ms)
0	19:17:04.304	'4136965': login datacenter on AxiTrader-US02-Live through AxiAccelerator (ping: 232.98 ms)
0	19:17:05.143	'4136965': previous successful authorization performed from 208.46.149.110
0	19:17:44.085	'4136965': login on AxiTrader-US02-Live through AxiAccelerator (ping: 232.98 ms)
0	19:17:47.275	'4136965': login datacenter on AxiTrader-US02-Live through AxiAccelerator (ping: 232.98 ms)
0	19:17:48.203	'4136965': previous successful authorization performed from 208.46.149.113
0	19:20:58.724	'4136965': login on AxiTrader-US02-Live through AxiAccelerator (ping: 232.98 ms)
0	19:21:00.518	'4136965': login datacenter on AxiTrader-US02-Live through AxiAccelerator (ping: 232.98 ms)
0	19:21:01.323	'4136965': previous successful authorization performed from 208.46.149.119
2	20:15:45.312	Expert PTL_EA GBPUSD.pro,H4: removed
2	20:15:45.314	Custom indicator PTL_Sessions GBPUSD.pro,H4: removed
2	20:15:45.317	Custom indicator FXR_ATR_Pivots GBPUSD.pro,H4: removed
2	20:15:45.351	Custom indicator pipsometer_5_decimal GBPUSD.pro,H4: loaded successfully
2	20:15:45.371	Custom indicator PTL_Sessions GBPUSD.pro,H4: loaded successfully
2	20:15:45.395	Expert PTL_EA GBPUSD.pro,H4: loaded successfully
2	22:23:38.201	Expert PTL_EA XAUUSD.pro,M15: removed
2	22:23:38.207	Custom indicator pipsometer_5_decimal XAUUSD.pro,M15: removed
2	22:23:38.211	Custom indicator PTL_Sessions XAUUSD.pro,M15: removed
2	22:23:38.218	Expert PTL_EA EURUSD.pro,M15: removed
2	22:23:38.224	Custom indicator pipsometer_5_decimal EURUSD.pro,M15: removed
2	22:23:38.227	Custom indicator PTL_Sessions EURUSD.pro,M15: removed
2	22:23:38.251	Expert PTL_EA GBPUSD.pro,M15: removed
2	22:23:38.256	Custom indicator pipsometer_5_decimal GBPUSD.pro,M15: removed
2	22:23:38.259	Custom indicator PTL_Sessions GBPUSD.pro,M15: removed
2	22:23:38.278	Expert PTL_EA GBPJPY.pro,M15: removed
2	22:23:38.283	Custom indicator pipsometer_5_decimal GBPJPY.pro,M15: removed
2	22:23:38.286	Custom indicator PTL_Sessions GBPJPY.pro,M15: removed
2	22:23:38.304	Expert PTL_EA EURJPY.pro,M15: removed
2	22:23:38.309	Custom indicator pipsometer_5_decimal EURJPY.pro,M15: removed
2	22:23:38.311	Custom indicator PTL_Sessions EURJPY.pro,M15: removed
2	22:23:38.329	Expert PTL_EA USDJPY.pro,M30: removed
2	22:23:38.336	Custom indicator pipsometer_5_decimal USDJPY.pro,M30: removed
2	22:23:38.339	Custom indicator PTL_Sessions USDJPY.pro,M30: removed
2	22:23:38.344	Expert PTL_EA AUDUSD.pro,M15: removed
2	22:23:38.349	Custom indicator pipsometer_5_decimal AUDUSD.pro,M15: removed
2	22:23:38.352	Custom indicator PTL_Sessions AUDUSD.pro,M15: removed
2	22:23:38.361	Expert PTL_EA USDCAD.pro,M15: removed
2	22:23:38.367	Custom indicator pipsometer_5_decimal USDCAD.pro,M15: removed
2	22:23:38.369	Custom indicator PTL_Sessions USDCAD.pro,M15: removed
0	22:23:40.981	MetaTrader build 1260 stopped
