0	18:05:18.060	MetaTrader build 1260 started (AxiCorp Financial Services Pty Ltd)
0	18:05:18.061	Windows 10 Enterprise x64, IE 11, UAC, 4 x Intel Core i5-4210U  @ 1.70GHz, Memory: 8756 / 12176 Mb, Disk: 52 / 99 Gb, GMT+7
0	18:05:18.061	Data Folder: C:\Users\PHAM THANH LUAN\AppData\Roaming\MetaQuotes\Terminal\9662C61C6715C26397817D3943CECEEC
2	18:05:20.494	Custom indicator PTL_Sessions USDINDEX.fs,H1: loaded successfully
2	18:05:20.514	Custom indicator pipsometer_5_decimal USDINDEX.fs,H1: loaded successfully
2	18:05:20.539	Expert PTL_EA USDINDEX.fs,H1: loaded successfully
2	18:05:20.693	Custom indicator PTL_Sessions S&P.fs,M15: loaded successfully
2	18:05:20.709	Expert PTL_EA S&P.fs,M15: loaded successfully
2	18:05:20.850	Custom indicator PTL_Sessions XAUUSD.pro,M30: loaded successfully
2	18:05:20.865	Custom indicator pipsometer_5_decimal XAUUSD.pro,M30: loaded successfully
2	18:05:20.881	Expert PTL_EA XAUUSD.pro,M30: loaded successfully
2	18:05:21.037	Custom indicator PTL_Sessions EURUSD.pro,H1: loaded successfully
2	18:05:21.068	Custom indicator pipsometer_5_decimal EURUSD.pro,H1: loaded successfully
2	18:05:21.100	Expert PTL_EA EURUSD.pro,H1: loaded successfully
2	18:05:21.306	Custom indicator PTL_Sessions GBPUSD.pro,M15: loaded successfully
2	18:05:21.326	Custom indicator pipsometer_5_decimal GBPUSD.pro,M15: loaded successfully
2	18:05:21.347	Expert PTL_EA GBPUSD.pro,M15: loaded successfully
2	18:05:22.453	Custom indicator PTL_Sessions GBPJPY.pro,M15: loaded successfully
2	18:05:22.473	Expert PTL_EA GBPJPY.pro,M15: loaded successfully
2	18:05:22.636	Custom indicator PTL_Sessions EURJPY.pro,M15: loaded successfully
2	18:05:22.667	Custom indicator FXR_ATR_Pivots EURJPY.pro,M15: loaded successfully
2	18:05:22.685	Expert PTL_EA EURJPY.pro,M15: loaded successfully
2	18:05:22.833	Custom indicator PTL_Sessions USDJPY.pro,M30: loaded successfully
2	18:05:22.846	Custom indicator pipsometer_5_decimal USDJPY.pro,M30: loaded successfully
2	18:05:22.867	Expert PTL_EA USDJPY.pro,M30: loaded successfully
2	18:05:23.036	Custom indicator PTL_Sessions AUDUSD.pro,M30: loaded successfully
2	18:05:23.051	Custom indicator pipsometer_5_decimal AUDUSD.pro,M30: loaded successfully
2	18:05:23.069	Expert PTL_EA AUDUSD.pro,M30: loaded successfully
2	18:05:23.292	Custom indicator PTL_Sessions USDCAD.pro,M30: loaded successfully
2	18:05:23.325	Custom indicator pipsometer_5_decimal USDCAD.pro,M30: loaded successfully
2	18:05:23.358	Expert PTL_EA USDCAD.pro,M30: loaded successfully
0	18:05:29.448	'4136965': login on AxiTrader-US02-Live through AxiAccelerator (ping: 243.84 ms)
0	18:05:32.358	'4136965': login datacenter on AxiTrader-US02-Live through AxiAccelerator (ping: 243.84 ms)
0	18:05:33.106	'4136965': previous successful authorization performed from 208.46.149.113
0	18:05:40.647	'4136965': ping to current access point AxiAccelerator is 246.64 ms
1	18:20:13.947	'4136965': ping failed
1	18:20:32.255	'4136965': connect failed [No connection]
0	18:47:04.877	'4136965': login on AxiTrader-US02-Live through AxiAccelerator (ping: 246.64 ms)
0	18:47:06.753	'4136965': login datacenter on AxiTrader-US02-Live through AxiAccelerator (ping: 246.64 ms)
0	18:47:07.520	'4136965': previous successful authorization performed from 208.46.149.113
1	18:51:23.175	'4136965': connect failed [No connection]
0	18:57:13.806	'4136965': login on AxiTrader-US02-Live through Alternate DC US2 (ping: n/a)
0	18:57:16.301	'4136965': login datacenter on AxiTrader-US02-Live through Alternate DC US2 (ping: n/a)
0	18:57:17.057	'4136965': previous successful authorization performed from 69.31.88.243
0	18:57:22.779	'4136965': ping to current access point Alternate DC US2 is 250.05 ms
1	18:58:57.259	'4136965': ping failed
1	18:58:57.376	'4136965': connect failed [No connection]
0	19:01:04.163	'4136965': login on AxiTrader-US02-Live through AxiAccelerator (ping: n/a)
0	19:01:07.230	'4136965': login datacenter on AxiTrader-US02-Live through AxiAccelerator (ping: n/a)
0	19:01:08.302	'4136965': previous successful authorization performed from 27.78.176.15
0	19:01:13.805	'4136965': ping to current access point AxiAccelerator is 272.31 ms
2	19:38:14.035	Expert PTL_EA EURJPY.pro,H4: removed
2	19:38:14.038	Custom indicator PTL_Sessions EURJPY.pro,H4: removed
2	19:38:14.040	Custom indicator FXR_ATR_Pivots EURJPY.pro,H4: removed
2	19:38:14.078	Custom indicator PTL_Sessions EURJPY.pro,H4: loaded successfully
2	19:38:14.101	Expert PTL_EA EURJPY.pro,H4: loaded successfully
2	19:38:24.156	Expert PTL_EA EURJPY.pro,M15: removed
2	19:38:24.159	Custom indicator PTL_Sessions EURJPY.pro,M15: removed
2	19:38:24.184	Custom indicator PTL_Sessions EURJPY.pro,M15: loaded successfully
2	19:38:24.205	Custom indicator FXR_ATR_Pivots EURJPY.pro,M15: loaded successfully
2	19:38:24.220	Expert PTL_EA EURJPY.pro,M15: loaded successfully
2	19:38:28.593	Expert PTL_EA EURJPY.pro,M15: removed
2	19:38:28.596	Custom indicator PTL_Sessions EURJPY.pro,M15: removed
2	19:38:28.598	Custom indicator FXR_ATR_Pivots EURJPY.pro,M15: removed
2	19:38:28.613	Custom indicator PTL_Sessions EURJPY.pro,M15: loaded successfully
2	19:38:28.630	Expert PTL_EA EURJPY.pro,M15: loaded successfully
1	19:56:50.103	'4136965': ping failed
0	19:56:50.738	'4136965': login datacenter on AxiTrader-US02-Live
0	19:56:52.453	'4136965': login on AxiTrader-US02-Live through Alternate DC US1 (ping: 259.55 ms)
0	19:56:56.510	'4136965': login datacenter on AxiTrader-US02-Live through Alternate DC US1 (ping: 259.55 ms)
0	19:56:57.255	'4136965': previous successful authorization performed from 204.245.143.121
1	20:16:57.727	'4136965': ping failed
1	20:16:57.874	'4136965': datacenter connecting failed [6]
0	20:17:01.888	'4136965': login on AxiTrader-US02-Live through Alternate DC US2 (ping: 257.13 ms)
0	20:17:04.412	'4136965': login datacenter on AxiTrader-US02-Live through Alternate DC US2 (ping: 257.13 ms)
0	20:17:05.706	'4136965': previous successful authorization performed from 27.78.176.15
0	20:17:17.615	'4136965': auto connecting to a better access point AxiAccelerator (ping is 262.29 ms)
0	20:17:18.552	'4136965': login on AxiTrader-US02-Live through AxiAccelerator (ping: 262.29 ms)
0	20:17:20.803	'4136965': login datacenter on AxiTrader-US02-Live through AxiAccelerator (ping: 262.29 ms)
0	20:17:21.693	'4136965': previous successful authorization performed from 27.78.176.15
1	20:18:13.070	'4136965': connect failed [No connection]
0	20:18:24.147	'4136965': login on AxiTrader-US02-Live through AxiAccelerator (ping: 262.29 ms)
0	20:18:26.640	'4136965': login datacenter on AxiTrader-US02-Live through AxiAccelerator (ping: 262.29 ms)
0	20:18:29.182	'4136965': previous successful authorization performed from 69.31.88.241
1	21:43:50.883	'4136965': ping failed
1	21:43:50.989	'4136965': datacenter connecting failed [6]
0	21:43:52.164	'4136965': login on AxiTrader-US02-Live through Alternate DC US1 (ping: n/a)
0	21:43:54.304	'4136965': login datacenter on AxiTrader-US02-Live through Alternate DC US1 (ping: n/a)
0	21:43:55.547	'4136965': previous successful authorization performed from 69.31.88.245
0	21:44:09.209	'4136965': auto connecting to a better access point AxiAccelerator (ping is 251.52 ms)
0	21:44:10.325	'4136965': login on AxiTrader-US02-Live through AxiAccelerator (ping: 251.52 ms)
0	21:44:12.954	'4136965': login datacenter on AxiTrader-US02-Live through AxiAccelerator (ping: 251.52 ms)
0	21:44:13.789	'4136965': previous successful authorization performed from 27.78.176.15
1	21:58:44.130	'4136965': datacenter connecting failed [6]
0	21:58:45.969	'4136965': login on AxiTrader-US02-Live through AxiAccelerator (ping: 251.52 ms)
0	21:58:57.759	'4136965': login datacenter on AxiTrader-US02-Live through AxiAccelerator (ping: 251.52 ms)
0	21:58:58.844	'4136965': previous successful authorization performed from 69.31.88.243
1	21:59:39.041	'4136965': ping failed
0	21:59:43.074	'4136965': login on AxiTrader-US02-Live through AxiAccelerator (ping: 251.52 ms)
0	21:59:50.074	'4136965': login datacenter on AxiTrader-US02-Live through AxiAccelerator (ping: 251.52 ms)
0	21:59:50.842	'4136965': previous successful authorization performed from 69.31.88.248
1	22:00:45.088	'4136965': datacenter connecting failed [6]
0	22:00:45.797	'4136965': login on AxiTrader-US02-Live through AxiAccelerator (ping: 251.52 ms)
0	22:00:47.584	'4136965': login datacenter on AxiTrader-US02-Live through AxiAccelerator (ping: 251.52 ms)
0	22:00:52.563	'4136965': previous successful authorization performed from 69.31.88.248
1	22:01:03.781	MQL5.community: authorization failed
1	22:04:32.836	'4136965': ping failed
0	22:04:45.133	'4136965': login on AxiTrader-US02-Live through AxiAccelerator (ping: 251.52 ms)
0	22:04:46.905	'4136965': login datacenter on AxiTrader-US02-Live through AxiAccelerator (ping: 251.52 ms)
0	22:04:47.615	'4136965': previous successful authorization performed from 69.31.88.238
1	22:05:27.164	'4136965': ping failed
1	22:05:27.258	'4136965': datacenter connecting failed [6]
0	22:05:28.301	'4136965': login on AxiTrader-US02-Live through Alternate DC US1 (ping: 283.91 ms)
0	22:05:30.503	'4136965': login datacenter on AxiTrader-US02-Live through Alternate DC US1 (ping: 283.91 ms)
0	22:05:31.251	'4136965': previous successful authorization performed from 69.31.88.245
1	22:06:55.773	'4136965': datacenter connecting failed [6]
0	22:06:56.842	'4136965': login on AxiTrader-US02-Live through Alternate DC US2 (ping: 288.00 ms)
0	22:06:59.173	'4136965': login datacenter on AxiTrader-US02-Live through Alternate DC US2 (ping: 288.00 ms)
0	22:06:59.970	'4136965': previous successful authorization performed from 27.78.176.15
1	22:09:39.555	'4136965': ping failed
1	22:09:39.556	'4136965': datacenter connecting failed [6]
1	22:09:39.688	'4136965': connect failed [No connection]
0	22:09:45.436	'4136965': login on AxiTrader-US02-Live through AxiAccelerator (ping: n/a)
0	22:09:47.305	'4136965': login datacenter on AxiTrader-US02-Live through AxiAccelerator (ping: n/a)
0	22:09:48.037	'4136965': previous successful authorization performed from 27.78.176.15
0	22:09:55.236	'4136965': ping to current access point AxiAccelerator is 239.41 ms
2	22:23:18.511	Expert PTL_EA USDINDEX.fs,H1: removed
2	22:23:18.515	Custom indicator PTL_Sessions USDINDEX.fs,H1: removed
2	22:23:18.517	Custom indicator pipsometer_5_decimal USDINDEX.fs,H1: removed
2	22:23:18.523	Expert PTL_EA S&P.fs,M15: removed
2	22:23:18.527	Custom indicator PTL_Sessions S&P.fs,M15: removed
2	22:23:18.533	Expert PTL_EA XAUUSD.pro,M15: removed
2	22:23:18.538	Custom indicator PTL_Sessions XAUUSD.pro,M15: removed
2	22:23:18.541	Custom indicator pipsometer_5_decimal XAUUSD.pro,M15: removed
2	22:23:18.546	Expert PTL_EA EURUSD.pro,M30: removed
2	22:23:18.550	Custom indicator PTL_Sessions EURUSD.pro,M30: removed
2	22:23:18.553	Custom indicator pipsometer_5_decimal EURUSD.pro,M30: removed
2	22:23:18.572	Expert PTL_EA GBPUSD.pro,M15: removed
2	22:23:18.576	Custom indicator PTL_Sessions GBPUSD.pro,M15: removed
2	22:23:18.579	Custom indicator pipsometer_5_decimal GBPUSD.pro,M15: removed
2	22:23:18.597	Expert PTL_EA GBPJPY.pro,M15: removed
2	22:23:18.601	Custom indicator PTL_Sessions GBPJPY.pro,M15: removed
2	22:23:18.607	Expert PTL_EA EURJPY.pro,M15: removed
2	22:23:18.612	Custom indicator PTL_Sessions EURJPY.pro,M15: removed
2	22:23:18.628	Expert PTL_EA USDJPY.pro,M30: removed
2	22:23:18.632	Custom indicator PTL_Sessions USDJPY.pro,M30: removed
2	22:23:18.635	Custom indicator pipsometer_5_decimal USDJPY.pro,M30: removed
2	22:23:18.642	Expert PTL_EA AUDUSD.pro,M30: removed
2	22:23:18.646	Custom indicator PTL_Sessions AUDUSD.pro,M30: removed
2	22:23:18.649	Custom indicator pipsometer_5_decimal AUDUSD.pro,M30: removed
2	22:23:18.659	Expert PTL_EA USDCAD.pro,M30: removed
2	22:23:18.664	Custom indicator PTL_Sessions USDCAD.pro,M30: removed
2	22:23:18.666	Custom indicator pipsometer_5_decimal USDCAD.pro,M30: removed
0	22:23:21.771	MetaTrader build 1260 stopped
