0	06:16:58.570	MetaTrader build 1260 started (AxiCorp Financial Services Pty Ltd)
0	06:16:58.570	Windows 10 Enterprise x64, IE 11, UAC, 4 x Intel Core i5-4210U  @ 1.70GHz, Memory: 9811 / 12176 Mb, Disk: 53 / 99 Gb, GMT+7
0	06:16:58.570	Data Folder: C:\Users\PHAM THANH LUAN\AppData\Roaming\MetaQuotes\Terminal\9662C61C6715C26397817D3943CECEEC
2	06:17:01.161	Custom indicator pipsometer_5_decimal XAUUSD.pro,M15: loaded successfully
2	06:17:01.177	Custom indicator time_table XAUUSD.pro,M15: loaded successfully
2	06:17:01.208	Custom indicator PTL_Sessions XAUUSD.pro,M15: loaded successfully
2	06:17:01.224	Expert PTL_EA XAUUSD.pro,M15: loaded successfully
2	06:17:01.396	Custom indicator pipsometer_5_decimal EURUSD.pro,M15: loaded successfully
2	06:17:01.411	Custom indicator time_table EURUSD.pro,M15: loaded successfully
2	06:17:01.427	Custom indicator PTL_Sessions EURUSD.pro,M15: loaded successfully
2	06:17:01.458	Expert PTL_EA EURUSD.pro,M15: loaded successfully
2	06:17:01.614	Custom indicator pipsometer_5_decimal GBPUSD.pro,M15: loaded successfully
2	06:17:01.646	Custom indicator time_table GBPUSD.pro,M15: loaded successfully
2	06:17:01.661	Custom indicator PTL_Sessions GBPUSD.pro,M15: loaded successfully
2	06:17:01.677	Expert PTL_EA GBPUSD.pro,M15: loaded successfully
2	06:17:02.318	Custom indicator pipsometer_5_decimal GBPJPY.pro,M15: loaded successfully
2	06:17:02.333	Custom indicator time_table GBPJPY.pro,M15: loaded successfully
2	06:17:02.349	Custom indicator PTL_Sessions GBPJPY.pro,M15: loaded successfully
2	06:17:02.364	Expert PTL_EA GBPJPY.pro,M15: loaded successfully
2	06:17:02.521	Custom indicator pipsometer_5_decimal EURJPY.pro,M15: loaded successfully
2	06:17:02.536	Custom indicator time_table EURJPY.pro,M15: loaded successfully
2	06:17:02.552	Custom indicator PTL_Sessions EURJPY.pro,M15: loaded successfully
2	06:17:02.568	Expert PTL_EA EURJPY.pro,M15: loaded successfully
2	06:17:02.724	Custom indicator pipsometer_5_decimal USDJPY.pro,M15: loaded successfully
2	06:17:02.724	Custom indicator time_table USDJPY.pro,M15: loaded successfully
2	06:17:02.739	Custom indicator PTL_Sessions USDJPY.pro,M15: loaded successfully
2	06:17:02.771	Expert PTL_EA USDJPY.pro,M15: loaded successfully
2	06:17:02.927	Custom indicator pipsometer_5_decimal USDCAD.pro,M15: loaded successfully
2	06:17:02.942	Custom indicator time_table USDCAD.pro,M15: loaded successfully
2	06:17:02.958	Custom indicator PTL_Sessions USDCAD.pro,M15: loaded successfully
2	06:17:02.974	Expert PTL_EA USDCAD.pro,M15: loaded successfully
2	06:17:03.130	Custom indicator pipsometer_5_decimal USDCHF.pro,M30: loaded successfully
2	06:17:03.146	Custom indicator time_table USDCHF.pro,M30: loaded successfully
2	06:17:03.161	Custom indicator PTL_Sessions USDCHF.pro,M30: loaded successfully
2	06:17:03.177	Expert PTL_EA USDCHF.pro,M30: loaded successfully
2	06:17:03.333	Custom indicator pipsometer_5_decimal AUDUSD.pro,M15: loaded successfully
2	06:17:03.349	Custom indicator time_table AUDUSD.pro,M15: loaded successfully
2	06:17:03.364	Custom indicator PTL_Sessions AUDUSD.pro,M15: loaded successfully
2	06:17:03.380	Expert PTL_EA AUDUSD.pro,M15: loaded successfully
0	06:17:05.079	'4136965': login on AxiTrader-US02-Live through AxiAccelerator (ping: 281.69 ms)
0	06:17:07.460	'4136965': login datacenter on AxiTrader-US02-Live through AxiAccelerator (ping: 281.69 ms)
0	06:17:08.471	'4136965': previous successful authorization performed from 204.245.143.112
0	06:17:13.841	'4136965': ping to current access point AxiAccelerator is 233.29 ms
2	06:30:03.350	Custom indicator pipsometer_5_decimal AUDUSD.pro,M15: loaded successfully
2	06:30:03.370	Custom indicator time_table AUDUSD.pro,M15: loaded successfully
2	06:30:03.390	Custom indicator PTL_Sessions AUDUSD.pro,M15: loaded successfully
2	06:30:03.415	Expert PTL_EA AUDUSD.pro,M15: loaded successfully
2	06:30:04.868	Expert PTL_EA AUDUSD.pro,M15: removed
2	06:30:04.872	Custom indicator pipsometer_5_decimal AUDUSD.pro,M15: removed
2	06:30:04.874	Custom indicator time_table AUDUSD.pro,M15: removed
2	06:30:04.877	Custom indicator PTL_Sessions AUDUSD.pro,M15: removed
2	06:44:59.348	Custom indicator pipsometer_5_decimal AUDUSD.pro,M15: loaded successfully
2	06:44:59.361	Custom indicator time_table AUDUSD.pro,M15: loaded successfully
2	06:44:59.375	Custom indicator PTL_Sessions AUDUSD.pro,M15: loaded successfully
2	06:44:59.391	Expert PTL_EA AUDUSD.pro,M15: loaded successfully
2	06:45:00.944	Expert PTL_EA AUDUSD.pro,M15: removed
2	06:45:00.949	Custom indicator pipsometer_5_decimal AUDUSD.pro,M15: removed
2	06:45:00.951	Custom indicator time_table AUDUSD.pro,M15: removed
2	06:45:00.954	Custom indicator PTL_Sessions AUDUSD.pro,M15: removed
2	06:57:44.985	Expert PTL_EA XAUUSD.pro,M15: removed
2	06:57:45.012	Expert PTL_EA XAUUSD.pro,M15: loaded successfully
2	06:57:45.023	Expert PTL_EA EURUSD.pro,M15: removed
2	06:57:45.045	Expert PTL_EA EURUSD.pro,M15: loaded successfully
2	06:57:45.058	Expert PTL_EA GBPUSD.pro,M15: removed
2	06:57:45.083	Expert PTL_EA GBPUSD.pro,M15: loaded successfully
2	06:57:47.474	Expert PTL_EA GBPJPY.pro,M15: removed
2	06:57:47.498	Expert PTL_EA GBPJPY.pro,M15: loaded successfully
2	06:57:47.512	Expert PTL_EA EURJPY.pro,M15: removed
2	06:57:47.549	Expert PTL_EA EURJPY.pro,M15: loaded successfully
2	06:57:47.560	Expert PTL_EA USDJPY.pro,M15: removed
2	06:57:47.580	Expert PTL_EA USDJPY.pro,M15: loaded successfully
2	06:57:47.589	Expert PTL_EA USDCAD.pro,M15: removed
2	06:57:47.615	Expert PTL_EA USDCAD.pro,M15: loaded successfully
2	06:57:47.627	Expert PTL_EA USDCHF.pro,M30: removed
2	06:57:47.654	Expert PTL_EA USDCHF.pro,M30: loaded successfully
2	06:57:47.664	Expert PTL_EA AUDUSD.pro,M15: removed
2	06:57:47.689	Expert PTL_EA AUDUSD.pro,M15: loaded successfully
2	06:59:59.239	Custom indicator pipsometer_5_decimal AUDUSD.pro,H1: loaded successfully
2	06:59:59.252	Custom indicator time_table AUDUSD.pro,H1: loaded successfully
2	06:59:59.264	Custom indicator PTL_Sessions AUDUSD.pro,H1: loaded successfully
2	06:59:59.281	Expert PTL_EA AUDUSD.pro,H1: loaded successfully
2	07:00:00.706	Custom indicator pipsometer_5_decimal GBPJPY.pro,H1: loaded successfully
2	07:00:00.718	Custom indicator time_table GBPJPY.pro,H1: loaded successfully
2	07:00:00.731	Custom indicator PTL_Sessions GBPJPY.pro,H1: loaded successfully
2	07:00:00.748	Expert PTL_EA GBPJPY.pro,H1: loaded successfully
2	07:00:00.937	Expert PTL_EA AUDUSD.pro,H1: removed
2	07:00:00.943	Custom indicator pipsometer_5_decimal AUDUSD.pro,H1: removed
2	07:00:00.946	Custom indicator time_table AUDUSD.pro,H1: removed
2	07:00:00.949	Custom indicator PTL_Sessions AUDUSD.pro,H1: removed
2	07:00:04.807	Expert PTL_EA GBPJPY.pro,H1: removed
2	07:00:04.816	Custom indicator pipsometer_5_decimal GBPJPY.pro,H1: removed
2	07:00:04.824	Custom indicator time_table GBPJPY.pro,H1: removed
2	07:00:04.832	Custom indicator PTL_Sessions GBPJPY.pro,H1: removed
2	07:11:22.910	Expert PTL_EA XAUUSD.pro,M15: removed
2	07:11:22.930	Expert PTL_EA XAUUSD.pro,M15: loaded successfully
2	07:11:22.938	Expert PTL_EA EURUSD.pro,M15: removed
2	07:11:22.961	Expert PTL_EA EURUSD.pro,M15: loaded successfully
2	07:11:22.971	Expert PTL_EA GBPUSD.pro,M15: removed
2	07:11:22.999	Expert PTL_EA GBPUSD.pro,M15: loaded successfully
2	07:11:23.308	Expert PTL_EA GBPJPY.pro,M15: removed
2	07:11:23.330	Expert PTL_EA GBPJPY.pro,M15: loaded successfully
2	07:11:23.342	Expert PTL_EA EURJPY.pro,M15: removed
2	07:11:23.365	Expert PTL_EA EURJPY.pro,M15: loaded successfully
2	07:11:23.375	Expert PTL_EA USDJPY.pro,M15: removed
2	07:11:23.396	Expert PTL_EA USDJPY.pro,M15: loaded successfully
2	07:11:23.404	Expert PTL_EA USDCAD.pro,M15: removed
2	07:11:23.429	Expert PTL_EA USDCAD.pro,M15: loaded successfully
2	07:11:23.440	Expert PTL_EA USDCHF.pro,M30: removed
2	07:11:23.466	Expert PTL_EA USDCHF.pro,M30: loaded successfully
2	07:11:23.477	Expert PTL_EA AUDUSD.pro,M15: removed
2	07:11:23.502	Expert PTL_EA AUDUSD.pro,M15: loaded successfully
2	07:12:48.057	Expert PTL_EA XAUUSD.pro,M15: removed
2	07:12:48.078	Expert PTL_EA XAUUSD.pro,M15: loaded successfully
2	07:12:48.087	Expert PTL_EA EURUSD.pro,M15: removed
2	07:12:48.106	Expert PTL_EA EURUSD.pro,M15: loaded successfully
2	07:12:48.118	Expert PTL_EA GBPUSD.pro,M15: removed
2	07:12:48.140	Expert PTL_EA GBPUSD.pro,M15: loaded successfully
2	07:12:50.467	Expert PTL_EA GBPJPY.pro,M30: removed
2	07:12:50.489	Expert PTL_EA GBPJPY.pro,M30: loaded successfully
2	07:12:50.501	Expert PTL_EA EURJPY.pro,M15: removed
2	07:12:50.522	Expert PTL_EA EURJPY.pro,M15: loaded successfully
2	07:12:50.528	Expert PTL_EA USDJPY.pro,M30: removed
2	07:12:50.552	Expert PTL_EA USDJPY.pro,M30: loaded successfully
2	07:12:50.565	Expert PTL_EA USDCAD.pro,M15: removed
2	07:12:50.588	Expert PTL_EA USDCAD.pro,M15: loaded successfully
2	07:12:50.599	Expert PTL_EA USDCHF.pro,M30: removed
2	07:12:50.622	Expert PTL_EA USDCHF.pro,M30: loaded successfully
2	07:12:50.633	Expert PTL_EA AUDUSD.pro,M15: removed
2	07:12:50.657	Expert PTL_EA AUDUSD.pro,M15: loaded successfully
2	07:13:48.444	Expert PTL_EA XAUUSD.pro,M15: removed
2	07:13:48.464	Expert PTL_EA XAUUSD.pro,M15: loaded successfully
2	07:13:48.471	Expert PTL_EA EURUSD.pro,M15: removed
2	07:13:48.492	Expert PTL_EA EURUSD.pro,M15: loaded successfully
2	07:13:48.501	Expert PTL_EA GBPUSD.pro,M15: removed
2	07:13:48.524	Expert PTL_EA GBPUSD.pro,M15: loaded successfully
2	07:13:50.977	Expert PTL_EA GBPJPY.pro,M30: removed
2	07:13:51.001	Expert PTL_EA GBPJPY.pro,M30: loaded successfully
2	07:13:51.013	Expert PTL_EA EURJPY.pro,M15: removed
2	07:13:51.042	Expert PTL_EA EURJPY.pro,M15: loaded successfully
2	07:13:51.047	Expert PTL_EA USDJPY.pro,M30: removed
2	07:13:51.073	Expert PTL_EA USDJPY.pro,M30: loaded successfully
2	07:13:51.079	Expert PTL_EA USDCAD.pro,M15: removed
2	07:13:51.107	Expert PTL_EA USDCAD.pro,M15: loaded successfully
2	07:13:51.121	Expert PTL_EA USDCHF.pro,M30: removed
2	07:13:51.148	Expert PTL_EA USDCHF.pro,M30: loaded successfully
2	07:13:51.159	Expert PTL_EA AUDUSD.pro,M15: removed
2	07:13:51.187	Expert PTL_EA AUDUSD.pro,M15: loaded successfully
2	07:14:59.259	Custom indicator pipsometer_5_decimal USDJPY.pro,M15: loaded successfully
2	07:14:59.281	Custom indicator time_table USDJPY.pro,M15: loaded successfully
2	07:14:59.294	Custom indicator PTL_Sessions USDJPY.pro,M15: loaded successfully
2	07:14:59.311	Expert PTL_EA USDJPY.pro,M15: loaded successfully
2	07:15:00.842	Expert PTL_EA USDJPY.pro,M15: removed
2	07:15:00.845	Custom indicator pipsometer_5_decimal USDJPY.pro,M15: removed
2	07:15:00.847	Custom indicator time_table USDJPY.pro,M15: removed
2	07:15:00.850	Custom indicator PTL_Sessions USDJPY.pro,M15: removed
2	07:29:59.238	Custom indicator pipsometer_5_decimal USDJPY.pro,M30: loaded successfully
2	07:29:59.252	Custom indicator time_table USDJPY.pro,M30: loaded successfully
2	07:29:59.265	Custom indicator PTL_Sessions USDJPY.pro,M30: loaded successfully
2	07:29:59.288	Expert PTL_EA USDJPY.pro,M30: loaded successfully
2	07:29:59.734	Custom indicator pipsometer_5_decimal AUDUSD.pro,M30: loaded successfully
2	07:29:59.749	Custom indicator time_table AUDUSD.pro,M30: loaded successfully
2	07:29:59.763	Custom indicator PTL_Sessions AUDUSD.pro,M30: loaded successfully
2	07:29:59.782	Expert PTL_EA AUDUSD.pro,M30: loaded successfully
2	07:29:59.946	Custom indicator pipsometer_5_decimal USDCHF.pro,M15: loaded successfully
2	07:29:59.963	Custom indicator time_table USDCHF.pro,M15: loaded successfully
2	07:29:59.978	Custom indicator PTL_Sessions USDCHF.pro,M15: loaded successfully
2	07:30:00.000	Expert PTL_EA USDCHF.pro,M15: loaded successfully
2	07:30:01.039	Expert PTL_EA USDJPY.pro,M30: removed
2	07:30:01.042	Custom indicator pipsometer_5_decimal USDJPY.pro,M30: removed
2	07:30:01.046	Custom indicator time_table USDJPY.pro,M30: removed
2	07:30:01.048	Custom indicator PTL_Sessions USDJPY.pro,M30: removed
2	07:30:01.327	Expert PTL_EA AUDUSD.pro,M30: removed
2	07:30:01.330	Custom indicator pipsometer_5_decimal AUDUSD.pro,M30: removed
2	07:30:01.333	Custom indicator time_table AUDUSD.pro,M30: removed
2	07:30:01.336	Custom indicator PTL_Sessions AUDUSD.pro,M30: removed
2	07:30:01.481	Expert PTL_EA USDCHF.pro,M15: removed
2	07:30:01.485	Custom indicator pipsometer_5_decimal USDCHF.pro,M15: removed
2	07:30:01.488	Custom indicator time_table USDCHF.pro,M15: removed
2	07:30:01.491	Custom indicator PTL_Sessions USDCHF.pro,M15: removed
2	07:40:22.848	Expert PTL_EA XAUUSD.pro,M15: removed
2	07:40:22.853	Custom indicator pipsometer_5_decimal XAUUSD.pro,M15: removed
2	07:40:22.856	Custom indicator time_table XAUUSD.pro,M15: removed
2	07:40:22.862	Custom indicator PTL_Sessions XAUUSD.pro,M15: removed
2	07:40:22.866	Expert PTL_EA EURUSD.pro,M15: removed
2	07:40:22.870	Custom indicator pipsometer_5_decimal EURUSD.pro,M15: removed
2	07:40:22.873	Custom indicator time_table EURUSD.pro,M15: removed
2	07:40:22.876	Custom indicator PTL_Sessions EURUSD.pro,M15: removed
2	07:40:22.899	Expert PTL_EA GBPUSD.pro,M15: removed
2	07:40:22.904	Custom indicator pipsometer_5_decimal GBPUSD.pro,M15: removed
2	07:40:22.909	Custom indicator time_table GBPUSD.pro,M15: removed
2	07:40:22.912	Custom indicator PTL_Sessions GBPUSD.pro,M15: removed
2	07:40:22.937	Expert PTL_EA GBPJPY.pro,M30: removed
2	07:40:22.941	Custom indicator pipsometer_5_decimal GBPJPY.pro,M30: removed
2	07:40:22.944	Custom indicator time_table GBPJPY.pro,M30: removed
2	07:40:22.946	Custom indicator PTL_Sessions GBPJPY.pro,M30: removed
2	07:40:22.952	Expert PTL_EA EURJPY.pro,M15: removed
2	07:40:22.957	Custom indicator pipsometer_5_decimal EURJPY.pro,M15: removed
2	07:40:22.960	Custom indicator time_table EURJPY.pro,M15: removed
2	07:40:22.963	Custom indicator PTL_Sessions EURJPY.pro,M15: removed
2	07:40:22.969	Expert PTL_EA USDJPY.pro,M30: removed
2	07:40:22.974	Custom indicator pipsometer_5_decimal USDJPY.pro,M30: removed
2	07:40:22.978	Custom indicator time_table USDJPY.pro,M30: removed
2	07:40:22.981	Custom indicator PTL_Sessions USDJPY.pro,M30: removed
2	07:40:22.987	Expert PTL_EA USDCAD.pro,M15: removed
2	07:40:22.992	Custom indicator pipsometer_5_decimal USDCAD.pro,M15: removed
2	07:40:22.996	Custom indicator time_table USDCAD.pro,M15: removed
2	07:40:23.000	Custom indicator PTL_Sessions USDCAD.pro,M15: removed
2	07:40:23.078	Expert PTL_EA USDCHF.pro,M30: removed
2	07:40:23.086	Custom indicator pipsometer_5_decimal USDCHF.pro,M30: removed
2	07:40:23.093	Custom indicator time_table USDCHF.pro,M30: removed
2	07:40:23.097	Custom indicator PTL_Sessions USDCHF.pro,M30: removed
2	07:40:23.120	Expert PTL_EA AUDUSD.pro,M15: removed
2	07:40:23.143	Custom indicator pipsometer_5_decimal AUDUSD.pro,M15: removed
2	07:40:23.149	Custom indicator time_table AUDUSD.pro,M15: removed
2	07:40:23.154	Custom indicator PTL_Sessions AUDUSD.pro,M15: removed
0	07:40:26.085	MetaTrader build 1260 stopped
0	07:54:10.067	MetaTrader build 1260 started (AxiCorp Financial Services Pty Ltd)
0	07:54:10.067	Windows 10 Enterprise x64, IE 11, UAC, 4 x Intel Core i5-4210U  @ 1.70GHz, Memory: 9954 / 12176 Mb, Disk: 53 / 99 Gb, GMT+7
0	07:54:10.067	Data Folder: C:\Users\PHAM THANH LUAN\AppData\Roaming\MetaQuotes\Terminal\9662C61C6715C26397817D3943CECEEC
2	07:54:12.254	Custom indicator pipsometer_5_decimal XAUUSD.pro,M15: loaded successfully
2	07:54:12.270	Custom indicator time_table XAUUSD.pro,M15: loaded successfully
2	07:54:12.285	Custom indicator PTL_Sessions XAUUSD.pro,M15: loaded successfully
2	07:54:12.301	Expert PTL_EA XAUUSD.pro,M15: loaded successfully
2	07:54:12.426	Custom indicator pipsometer_5_decimal EURUSD.pro,M15: loaded successfully
2	07:54:12.442	Custom indicator time_table EURUSD.pro,M15: loaded successfully
2	07:54:12.457	Custom indicator PTL_Sessions EURUSD.pro,M15: loaded successfully
2	07:54:12.473	Expert PTL_EA EURUSD.pro,M15: loaded successfully
2	07:54:12.598	Custom indicator pipsometer_5_decimal GBPUSD.pro,M15: loaded successfully
2	07:54:12.613	Custom indicator time_table GBPUSD.pro,M15: loaded successfully
2	07:54:12.629	Custom indicator PTL_Sessions GBPUSD.pro,M15: loaded successfully
2	07:54:12.645	Expert PTL_EA GBPUSD.pro,M15: loaded successfully
2	07:54:13.067	Custom indicator pipsometer_5_decimal GBPJPY.pro,M30: loaded successfully
2	07:54:13.082	Custom indicator time_table GBPJPY.pro,M30: loaded successfully
2	07:54:13.098	Custom indicator PTL_Sessions GBPJPY.pro,M30: loaded successfully
2	07:54:13.113	Expert PTL_EA GBPJPY.pro,M30: loaded successfully
2	07:54:13.254	Custom indicator pipsometer_5_decimal EURJPY.pro,M15: loaded successfully
2	07:54:13.270	Custom indicator time_table EURJPY.pro,M15: loaded successfully
2	07:54:13.285	Custom indicator PTL_Sessions EURJPY.pro,M15: loaded successfully
2	07:54:13.301	Expert PTL_EA EURJPY.pro,M15: loaded successfully
2	07:54:13.457	Custom indicator pipsometer_5_decimal USDJPY.pro,M30: loaded successfully
2	07:54:13.473	Custom indicator time_table USDJPY.pro,M30: loaded successfully
2	07:54:13.488	Custom indicator PTL_Sessions USDJPY.pro,M30: loaded successfully
2	07:54:13.504	Expert PTL_EA USDJPY.pro,M30: loaded successfully
2	07:54:13.691	Custom indicator pipsometer_5_decimal USDCAD.pro,M15: loaded successfully
2	07:54:13.707	Custom indicator time_table USDCAD.pro,M15: loaded successfully
2	07:54:13.723	Custom indicator PTL_Sessions USDCAD.pro,M15: loaded successfully
2	07:54:13.738	Expert PTL_EA USDCAD.pro,M15: loaded successfully
2	07:54:13.926	Custom indicator pipsometer_5_decimal USDCHF.pro,M30: loaded successfully
2	07:54:13.941	Custom indicator time_table USDCHF.pro,M30: loaded successfully
2	07:54:13.957	Custom indicator PTL_Sessions USDCHF.pro,M30: loaded successfully
2	07:54:13.973	Expert PTL_EA USDCHF.pro,M30: loaded successfully
2	07:54:14.129	Custom indicator pipsometer_5_decimal AUDUSD.pro,M15: loaded successfully
2	07:54:14.145	Custom indicator time_table AUDUSD.pro,M15: loaded successfully
2	07:54:14.160	Custom indicator PTL_Sessions AUDUSD.pro,M15: loaded successfully
2	07:54:14.191	Expert PTL_EA AUDUSD.pro,M15: loaded successfully
0	07:54:15.644	'4136965': login on AxiTrader-US02-Live through AxiAccelerator (ping: 233.29 ms)
0	07:54:17.644	'4136965': login datacenter on AxiTrader-US02-Live through AxiAccelerator (ping: 233.29 ms)
0	07:54:18.519	'4136965': previous successful authorization performed from 128.177.176.112
0	07:54:23.641	'4136965': ping to current access point AxiAccelerator is 236.78 ms
2	07:59:59.188	Custom indicator pipsometer_5_decimal USDJPY.pro,M15: loaded successfully
2	07:59:59.201	Custom indicator time_table USDJPY.pro,M15: loaded successfully
2	07:59:59.213	Custom indicator PTL_Sessions USDJPY.pro,M15: loaded successfully
2	07:59:59.231	Expert PTL_EA USDJPY.pro,M15: loaded successfully
2	07:59:59.328	Custom indicator pipsometer_5_decimal USDCAD.pro,M30: loaded successfully
2	07:59:59.347	Custom indicator time_table USDCAD.pro,M30: loaded successfully
2	07:59:59.364	Custom indicator PTL_Sessions USDCAD.pro,M30: loaded successfully
2	07:59:59.386	Expert PTL_EA USDCAD.pro,M30: loaded successfully
2	07:59:59.500	Custom indicator pipsometer_5_decimal XAUUSD.pro,M15: loaded successfully
2	07:59:59.516	Custom indicator time_table XAUUSD.pro,M15: loaded successfully
2	07:59:59.532	Custom indicator PTL_Sessions XAUUSD.pro,M15: loaded successfully
2	07:59:59.556	Expert PTL_EA XAUUSD.pro,M15: loaded successfully
2	07:59:59.705	Custom indicator pipsometer_5_decimal EURUSD.pro,H1: loaded successfully
2	07:59:59.722	Custom indicator time_table EURUSD.pro,H1: loaded successfully
2	07:59:59.738	Custom indicator PTL_Sessions EURUSD.pro,H1: loaded successfully
2	07:59:59.757	Expert PTL_EA EURUSD.pro,H1: loaded successfully
2	08:00:00.867	Expert PTL_EA USDJPY.pro,M15: removed
2	08:00:00.872	Custom indicator pipsometer_5_decimal USDJPY.pro,M15: removed
2	08:00:00.874	Custom indicator time_table USDJPY.pro,M15: removed
2	08:00:00.879	Custom indicator PTL_Sessions USDJPY.pro,M15: removed
2	08:00:00.905	Expert PTL_EA USDCAD.pro,M30: removed
2	08:00:00.908	Custom indicator pipsometer_5_decimal USDCAD.pro,M30: removed
2	08:00:00.911	Custom indicator time_table USDCAD.pro,M30: removed
2	08:00:00.913	Custom indicator PTL_Sessions USDCAD.pro,M30: removed
2	08:00:00.955	Expert PTL_EA XAUUSD.pro,M15: removed
2	08:00:00.958	Custom indicator pipsometer_5_decimal XAUUSD.pro,M15: removed
2	08:00:00.961	Custom indicator time_table XAUUSD.pro,M15: removed
2	08:00:00.963	Custom indicator PTL_Sessions XAUUSD.pro,M15: removed
2	08:00:01.029	Expert PTL_EA EURUSD.pro,H1: removed
2	08:00:01.033	Custom indicator pipsometer_5_decimal EURUSD.pro,H1: removed
2	08:00:01.035	Custom indicator time_table EURUSD.pro,H1: removed
2	08:00:01.038	Custom indicator PTL_Sessions EURUSD.pro,H1: removed
2	08:00:03.907	Custom indicator pipsometer_5_decimal USDJPY.pro,M30: loaded successfully
2	08:00:03.920	Custom indicator time_table USDJPY.pro,M30: loaded successfully
2	08:00:03.934	Custom indicator PTL_Sessions USDJPY.pro,M30: loaded successfully
2	08:00:03.954	Expert PTL_EA USDJPY.pro,M30: loaded successfully
2	08:00:05.459	Expert PTL_EA USDJPY.pro,M30: removed
2	08:00:05.463	Custom indicator pipsometer_5_decimal USDJPY.pro,M30: removed
2	08:00:05.465	Custom indicator time_table USDJPY.pro,M30: removed
2	08:00:05.468	Custom indicator PTL_Sessions USDJPY.pro,M30: removed
2	08:00:08.789	Custom indicator pipsometer_5_decimal USDJPY.pro,H1: loaded successfully
2	08:00:08.802	Custom indicator time_table USDJPY.pro,H1: loaded successfully
2	08:00:08.815	Custom indicator PTL_Sessions USDJPY.pro,H1: loaded successfully
2	08:00:08.833	Expert PTL_EA USDJPY.pro,H1: loaded successfully
2	08:00:10.393	Expert PTL_EA USDJPY.pro,H1: removed
2	08:00:10.398	Custom indicator pipsometer_5_decimal USDJPY.pro,H1: removed
2	08:00:10.400	Custom indicator time_table USDJPY.pro,H1: removed
2	08:00:10.402	Custom indicator PTL_Sessions USDJPY.pro,H1: removed
2	08:14:59.222	Custom indicator pipsometer_5_decimal AUDUSD.pro,M15: loaded successfully
2	08:14:59.235	Custom indicator time_table AUDUSD.pro,M15: loaded successfully
2	08:14:59.248	Custom indicator PTL_Sessions AUDUSD.pro,M15: loaded successfully
2	08:14:59.267	Expert PTL_EA AUDUSD.pro,M15: loaded successfully
2	08:15:00.117	Custom indicator pipsometer_5_decimal XAUUSD.pro,M15: loaded successfully
2	08:15:00.131	Custom indicator time_table XAUUSD.pro,M15: loaded successfully
2	08:15:00.145	Custom indicator PTL_Sessions XAUUSD.pro,M15: loaded successfully
2	08:15:00.163	Expert PTL_EA XAUUSD.pro,M15: loaded successfully
2	08:15:00.773	Expert PTL_EA AUDUSD.pro,M15: removed
2	08:15:00.779	Custom indicator pipsometer_5_decimal AUDUSD.pro,M15: removed
2	08:15:00.788	Custom indicator time_table AUDUSD.pro,M15: removed
2	08:15:00.792	Custom indicator PTL_Sessions AUDUSD.pro,M15: removed
2	08:15:01.716	Expert PTL_EA XAUUSD.pro,M15: removed
2	08:15:01.719	Custom indicator pipsometer_5_decimal XAUUSD.pro,M15: removed
2	08:15:01.722	Custom indicator time_table XAUUSD.pro,M15: removed
2	08:15:01.725	Custom indicator PTL_Sessions XAUUSD.pro,M15: removed
2	08:29:59.042	Custom indicator pipsometer_5_decimal USDCAD.pro,M30: loaded successfully
2	08:29:59.057	Custom indicator time_table USDCAD.pro,M30: loaded successfully
2	08:29:59.073	Custom indicator PTL_Sessions USDCAD.pro,M30: loaded successfully
2	08:29:59.094	Expert PTL_EA USDCAD.pro,M30: loaded successfully
2	08:29:59.244	Custom indicator pipsometer_5_decimal AUDUSD.pro,M30: loaded successfully
2	08:29:59.265	Custom indicator time_table AUDUSD.pro,M30: loaded successfully
2	08:29:59.282	Custom indicator PTL_Sessions AUDUSD.pro,M30: loaded successfully
2	08:29:59.303	Expert PTL_EA AUDUSD.pro,M30: loaded successfully
2	08:30:00.559	Expert PTL_EA USDCAD.pro,M30: removed
2	08:30:00.564	Custom indicator pipsometer_5_decimal USDCAD.pro,M30: removed
2	08:30:00.566	Custom indicator time_table USDCAD.pro,M30: removed
2	08:30:00.574	Custom indicator PTL_Sessions USDCAD.pro,M30: removed
2	08:30:00.711	Expert PTL_EA AUDUSD.pro,M30: removed
2	08:30:00.714	Custom indicator pipsometer_5_decimal AUDUSD.pro,M30: removed
2	08:30:00.717	Custom indicator time_table AUDUSD.pro,M30: removed
2	08:30:00.719	Custom indicator PTL_Sessions AUDUSD.pro,M30: removed
2	08:30:00.738	Custom indicator pipsometer_5_decimal USDCHF.pro,M15: loaded successfully
2	08:30:00.752	Custom indicator time_table USDCHF.pro,M15: loaded successfully
2	08:30:00.778	Custom indicator PTL_Sessions USDCHF.pro,M15: loaded successfully
2	08:30:00.806	Expert PTL_EA USDCHF.pro,M15: loaded successfully
2	08:30:02.394	Expert PTL_EA USDCHF.pro,M15: removed
2	08:30:02.398	Custom indicator pipsometer_5_decimal USDCHF.pro,M15: removed
2	08:30:02.402	Custom indicator time_table USDCHF.pro,M15: removed
2	08:30:02.404	Custom indicator PTL_Sessions USDCHF.pro,M15: removed
2	08:44:59.333	Custom indicator pipsometer_5_decimal USDCHF.pro,M15: loaded successfully
2	08:44:59.351	Custom indicator time_table USDCHF.pro,M15: loaded successfully
2	08:44:59.365	Custom indicator PTL_Sessions USDCHF.pro,M15: loaded successfully
2	08:44:59.384	Expert PTL_EA USDCHF.pro,M15: loaded successfully
2	08:45:00.935	Expert PTL_EA USDCHF.pro,M15: removed
2	08:45:00.942	Custom indicator pipsometer_5_decimal USDCHF.pro,M15: removed
2	08:45:00.945	Custom indicator time_table USDCHF.pro,M15: removed
2	08:45:00.947	Custom indicator PTL_Sessions USDCHF.pro,M15: removed
2	08:59:59.035	Custom indicator pipsometer_5_decimal USDCHF.pro,M15: loaded successfully
2	08:59:59.050	Custom indicator time_table USDCHF.pro,M15: loaded successfully
2	08:59:59.064	Custom indicator PTL_Sessions USDCHF.pro,M15: loaded successfully
2	08:59:59.083	Expert PTL_EA USDCHF.pro,M15: loaded successfully
2	08:59:59.206	Custom indicator pipsometer_5_decimal GBPUSD.pro,M30: loaded successfully
2	08:59:59.222	Custom indicator time_table GBPUSD.pro,M30: loaded successfully
2	08:59:59.237	Custom indicator PTL_Sessions GBPUSD.pro,M30: loaded successfully
2	08:59:59.264	Expert PTL_EA GBPUSD.pro,M30: loaded successfully
2	08:59:59.395	Custom indicator pipsometer_5_decimal EURUSD.pro,M15: loaded successfully
2	08:59:59.416	Custom indicator time_table EURUSD.pro,M15: loaded successfully
2	08:59:59.434	Custom indicator PTL_Sessions EURUSD.pro,M15: loaded successfully
2	08:59:59.460	Expert PTL_EA EURUSD.pro,M15: loaded successfully
2	09:00:00.781	Expert PTL_EA USDCHF.pro,M15: removed
2	09:00:00.784	Custom indicator pipsometer_5_decimal USDCHF.pro,M15: removed
2	09:00:00.787	Custom indicator time_table USDCHF.pro,M15: removed
2	09:00:00.789	Custom indicator PTL_Sessions USDCHF.pro,M15: removed
2	09:00:00.821	Expert PTL_EA GBPUSD.pro,M30: removed
2	09:00:00.826	Custom indicator pipsometer_5_decimal GBPUSD.pro,M30: removed
2	09:00:00.829	Custom indicator time_table GBPUSD.pro,M30: removed
2	09:00:00.831	Custom indicator PTL_Sessions GBPUSD.pro,M30: removed
2	09:00:00.882	Expert PTL_EA EURUSD.pro,M15: removed
2	09:00:00.886	Custom indicator pipsometer_5_decimal EURUSD.pro,M15: removed
2	09:00:00.888	Custom indicator time_table EURUSD.pro,M15: removed
2	09:00:00.891	Custom indicator PTL_Sessions EURUSD.pro,M15: removed
2	09:00:04.977	Custom indicator pipsometer_5_decimal EURUSD.pro,M30: loaded successfully
2	09:00:04.992	Custom indicator time_table EURUSD.pro,M30: loaded successfully
2	09:00:05.006	Custom indicator PTL_Sessions EURUSD.pro,M30: loaded successfully
2	09:00:05.026	Expert PTL_EA EURUSD.pro,M30: loaded successfully
2	09:00:05.140	Custom indicator pipsometer_5_decimal USDCHF.pro,M15: loaded successfully
2	09:00:05.156	Custom indicator time_table USDCHF.pro,M15: loaded successfully
2	09:00:05.173	Custom indicator PTL_Sessions USDCHF.pro,M15: loaded successfully
2	09:00:05.196	Expert PTL_EA USDCHF.pro,M15: loaded successfully
2	09:00:06.606	Expert PTL_EA EURUSD.pro,M30: removed
2	09:00:06.609	Custom indicator pipsometer_5_decimal EURUSD.pro,M30: removed
2	09:00:06.613	Custom indicator time_table EURUSD.pro,M30: removed
2	09:00:06.616	Custom indicator PTL_Sessions EURUSD.pro,M30: removed
2	09:00:06.670	Expert PTL_EA USDCHF.pro,M15: removed
2	09:00:06.674	Custom indicator pipsometer_5_decimal USDCHF.pro,M15: removed
2	09:00:06.676	Custom indicator time_table USDCHF.pro,M15: removed
2	09:00:06.681	Custom indicator PTL_Sessions USDCHF.pro,M15: removed
2	09:00:09.486	Custom indicator pipsometer_5_decimal USDCHF.pro,M30: loaded successfully
2	09:00:09.501	Custom indicator time_table USDCHF.pro,M30: loaded successfully
2	09:00:09.514	Custom indicator PTL_Sessions USDCHF.pro,M30: loaded successfully
2	09:00:09.534	Expert PTL_EA USDCHF.pro,M30: loaded successfully
2	09:00:11.084	Expert PTL_EA USDCHF.pro,M30: removed
2	09:00:11.088	Custom indicator pipsometer_5_decimal USDCHF.pro,M30: removed
2	09:00:11.091	Custom indicator time_table USDCHF.pro,M30: removed
2	09:00:11.094	Custom indicator PTL_Sessions USDCHF.pro,M30: removed
2	09:14:58.881	Custom indicator pipsometer_5_decimal GBPUSD.pro,M15: loaded successfully
2	09:14:58.895	Custom indicator time_table GBPUSD.pro,M15: loaded successfully
2	09:14:58.907	Custom indicator PTL_Sessions GBPUSD.pro,M15: loaded successfully
2	09:14:58.924	Expert PTL_EA GBPUSD.pro,M15: loaded successfully
2	09:14:59.381	Custom indicator pipsometer_5_decimal EURUSD.pro,M15: loaded successfully
2	09:14:59.396	Custom indicator time_table EURUSD.pro,M15: loaded successfully
2	09:14:59.408	Custom indicator PTL_Sessions EURUSD.pro,M15: loaded successfully
2	09:14:59.425	Expert PTL_EA EURUSD.pro,M15: loaded successfully
2	09:14:59.811	Custom indicator pipsometer_5_decimal USDCHF.pro,M15: loaded successfully
2	09:14:59.823	Custom indicator time_table USDCHF.pro,M15: loaded successfully
2	09:14:59.835	Custom indicator PTL_Sessions USDCHF.pro,M15: loaded successfully
2	09:14:59.852	Expert PTL_EA USDCHF.pro,M15: loaded successfully
2	09:15:00.441	Expert PTL_EA GBPUSD.pro,M15: removed
2	09:15:00.455	Custom indicator pipsometer_5_decimal GBPUSD.pro,M15: removed
2	09:15:00.463	Custom indicator time_table GBPUSD.pro,M15: removed
2	09:15:00.467	Custom indicator PTL_Sessions GBPUSD.pro,M15: removed
2	09:15:00.872	Expert PTL_EA EURUSD.pro,M15: removed
2	09:15:00.875	Custom indicator pipsometer_5_decimal EURUSD.pro,M15: removed
2	09:15:00.878	Custom indicator time_table EURUSD.pro,M15: removed
2	09:15:00.880	Custom indicator PTL_Sessions EURUSD.pro,M15: removed
2	09:15:01.416	Expert PTL_EA USDCHF.pro,M15: removed
2	09:15:01.422	Custom indicator pipsometer_5_decimal USDCHF.pro,M15: removed
2	09:15:01.427	Custom indicator time_table USDCHF.pro,M15: removed
2	09:15:01.430	Custom indicator PTL_Sessions USDCHF.pro,M15: removed
2	09:29:59.233	Custom indicator pipsometer_5_decimal GBPUSD.pro,M30: loaded successfully
2	09:29:59.261	Custom indicator time_table GBPUSD.pro,M30: loaded successfully
2	09:29:59.277	Custom indicator PTL_Sessions GBPUSD.pro,M30: loaded successfully
2	09:29:59.295	Expert PTL_EA GBPUSD.pro,M30: loaded successfully
2	09:29:59.401	Custom indicator pipsometer_5_decimal EURUSD.pro,M30: loaded successfully
2	09:29:59.418	Custom indicator time_table EURUSD.pro,M30: loaded successfully
2	09:29:59.435	Custom indicator PTL_Sessions EURUSD.pro,M30: loaded successfully
2	09:29:59.455	Expert PTL_EA EURUSD.pro,M30: loaded successfully
2	09:29:59.585	Custom indicator pipsometer_5_decimal USDCHF.pro,M30: loaded successfully
2	09:29:59.602	Custom indicator time_table USDCHF.pro,M30: loaded successfully
2	09:29:59.621	Custom indicator PTL_Sessions USDCHF.pro,M30: loaded successfully
2	09:29:59.644	Expert PTL_EA USDCHF.pro,M30: loaded successfully
2	09:30:00.817	Expert PTL_EA GBPUSD.pro,M30: removed
2	09:30:00.821	Custom indicator pipsometer_5_decimal GBPUSD.pro,M30: removed
2	09:30:00.823	Custom indicator time_table GBPUSD.pro,M30: removed
2	09:30:00.825	Custom indicator PTL_Sessions GBPUSD.pro,M30: removed
2	09:30:00.859	Expert PTL_EA EURUSD.pro,M30: removed
2	09:30:00.863	Custom indicator pipsometer_5_decimal EURUSD.pro,M30: removed
2	09:30:00.865	Custom indicator time_table EURUSD.pro,M30: removed
2	09:30:00.867	Custom indicator PTL_Sessions EURUSD.pro,M30: removed
2	09:30:00.965	Expert PTL_EA USDCHF.pro,M30: removed
2	09:30:00.969	Custom indicator pipsometer_5_decimal USDCHF.pro,M30: removed
2	09:30:00.971	Custom indicator time_table USDCHF.pro,M30: removed
2	09:30:00.973	Custom indicator PTL_Sessions USDCHF.pro,M30: removed
2	09:30:02.388	Custom indicator pipsometer_5_decimal GBPJPY.pro,M15: loaded successfully
2	09:30:02.401	Custom indicator time_table GBPJPY.pro,M15: loaded successfully
2	09:30:02.414	Custom indicator PTL_Sessions GBPJPY.pro,M15: loaded successfully
2	09:30:02.432	Expert PTL_EA GBPJPY.pro,M15: loaded successfully
2	09:30:06.615	Expert PTL_EA GBPJPY.pro,M15: removed
2	09:30:06.626	Custom indicator pipsometer_5_decimal GBPJPY.pro,M15: removed
2	09:30:06.635	Custom indicator time_table GBPJPY.pro,M15: removed
2	09:30:06.639	Custom indicator PTL_Sessions GBPJPY.pro,M15: removed
2	09:44:58.939	Custom indicator pipsometer_5_decimal USDCAD.pro,M15: loaded successfully
2	09:44:58.951	Custom indicator time_table USDCAD.pro,M15: loaded successfully
2	09:44:58.965	Custom indicator PTL_Sessions USDCAD.pro,M15: loaded successfully
2	09:44:58.983	Expert PTL_EA USDCAD.pro,M15: loaded successfully
2	09:45:00.511	Expert PTL_EA USDCAD.pro,M15: removed
2	09:45:00.516	Custom indicator pipsometer_5_decimal USDCAD.pro,M15: removed
2	09:45:00.520	Custom indicator time_table USDCAD.pro,M15: removed
2	09:45:00.523	Custom indicator PTL_Sessions USDCAD.pro,M15: removed
2	09:59:58.936	Custom indicator pipsometer_5_decimal USDCAD.pro,M15: loaded successfully
2	09:59:58.949	Custom indicator time_table USDCAD.pro,M15: loaded successfully
2	09:59:58.961	Custom indicator PTL_Sessions USDCAD.pro,M15: loaded successfully
2	09:59:58.981	Expert PTL_EA USDCAD.pro,M15: loaded successfully
2	09:59:59.086	Custom indicator pipsometer_5_decimal GBPUSD.pro,M30: loaded successfully
2	09:59:59.102	Custom indicator time_table GBPUSD.pro,M30: loaded successfully
2	09:59:59.117	Custom indicator PTL_Sessions GBPUSD.pro,M30: loaded successfully
2	09:59:59.137	Expert PTL_EA GBPUSD.pro,M30: loaded successfully
2	09:59:59.262	Custom indicator pipsometer_5_decimal USDCHF.pro,H1: loaded successfully
2	09:59:59.277	Custom indicator time_table USDCHF.pro,H1: loaded successfully
2	09:59:59.291	Custom indicator PTL_Sessions USDCHF.pro,H1: loaded successfully
2	09:59:59.312	Expert PTL_EA USDCHF.pro,H1: loaded successfully
2	10:00:00.587	Custom indicator pipsometer_5_decimal GBPJPY.pro,M15: loaded successfully
2	10:00:00.602	Custom indicator time_table GBPJPY.pro,M15: loaded successfully
2	10:00:00.616	Custom indicator PTL_Sessions GBPJPY.pro,M15: loaded successfully
2	10:00:00.634	Expert PTL_EA GBPJPY.pro,M15: loaded successfully
2	10:00:00.820	Expert PTL_EA USDCAD.pro,M15: removed
2	10:00:00.825	Custom indicator pipsometer_5_decimal USDCAD.pro,M15: removed
2	10:00:00.828	Custom indicator time_table USDCAD.pro,M15: removed
2	10:00:00.831	Custom indicator PTL_Sessions USDCAD.pro,M15: removed
2	10:00:00.853	Expert PTL_EA GBPUSD.pro,M30: removed
2	10:00:00.857	Custom indicator pipsometer_5_decimal GBPUSD.pro,M30: removed
2	10:00:00.860	Custom indicator time_table GBPUSD.pro,M30: removed
2	10:00:00.862	Custom indicator PTL_Sessions GBPUSD.pro,M30: removed
2	10:00:00.887	Expert PTL_EA USDCHF.pro,H1: removed
2	10:00:00.891	Custom indicator pipsometer_5_decimal USDCHF.pro,H1: removed
2	10:00:00.893	Custom indicator time_table USDCHF.pro,H1: removed
2	10:00:00.895	Custom indicator PTL_Sessions USDCHF.pro,H1: removed
2	10:00:04.780	Expert PTL_EA GBPJPY.pro,M15: removed
2	10:00:04.794	Custom indicator pipsometer_5_decimal GBPJPY.pro,M15: removed
2	10:00:04.805	Custom indicator time_table GBPJPY.pro,M15: removed
2	10:00:04.810	Custom indicator PTL_Sessions GBPJPY.pro,M15: removed
2	10:20:25.508	Expert PTL_EA XAUUSD.pro,M15: removed
2	10:20:25.528	Expert PTL_EA XAUUSD.pro,M15: loaded successfully
2	10:20:25.537	Expert PTL_EA EURUSD.pro,M30: removed
2	10:20:25.563	Expert PTL_EA EURUSD.pro,M30: loaded successfully
2	10:20:25.574	Expert PTL_EA GBPUSD.pro,M15: removed
2	10:20:25.604	Expert PTL_EA GBPUSD.pro,M15: loaded successfully
2	10:20:28.790	Expert PTL_EA GBPJPY.pro,M30: removed
2	10:20:28.809	Expert PTL_EA GBPJPY.pro,M30: loaded successfully
2	10:20:28.814	Expert PTL_EA EURJPY.pro,M15: removed
2	10:20:28.833	Expert PTL_EA EURJPY.pro,M15: loaded successfully
2	10:20:28.840	Expert PTL_EA USDJPY.pro,H1: removed
2	10:20:28.864	Expert PTL_EA USDJPY.pro,H1: loaded successfully
2	10:20:28.883	Expert PTL_EA USDCAD.pro,M15: removed
2	10:20:28.909	Expert PTL_EA USDCAD.pro,M15: loaded successfully
2	10:20:28.921	Expert PTL_EA USDCHF.pro,M30: removed
2	10:20:28.950	Expert PTL_EA USDCHF.pro,M30: loaded successfully
2	10:20:28.963	Expert PTL_EA AUDUSD.pro,M15: removed
2	10:20:28.991	Expert PTL_EA AUDUSD.pro,M15: loaded successfully
2	10:22:10.741	Expert PTL_EA XAUUSD.pro,M15: removed
2	10:22:10.760	Expert PTL_EA XAUUSD.pro,M15: loaded successfully
2	10:22:10.769	Expert PTL_EA EURUSD.pro,M30: removed
2	10:22:10.788	Expert PTL_EA EURUSD.pro,M30: loaded successfully
2	10:22:10.799	Expert PTL_EA GBPUSD.pro,M15: removed
2	10:22:10.818	Expert PTL_EA GBPUSD.pro,M15: loaded successfully
2	10:22:13.343	Expert PTL_EA GBPJPY.pro,M30: removed
2	10:22:13.371	Expert PTL_EA GBPJPY.pro,M30: loaded successfully
2	10:22:13.391	Expert PTL_EA EURJPY.pro,M15: removed
2	10:22:13.413	Expert PTL_EA EURJPY.pro,M15: loaded successfully
2	10:22:13.419	Expert PTL_EA USDJPY.pro,H1: removed
2	10:22:13.438	Expert PTL_EA USDJPY.pro,H1: loaded successfully
2	10:22:13.444	Expert PTL_EA USDCAD.pro,M15: removed
2	10:22:13.467	Expert PTL_EA USDCAD.pro,M15: loaded successfully
2	10:22:13.483	Expert PTL_EA USDCHF.pro,M30: removed
2	10:22:13.506	Expert PTL_EA USDCHF.pro,M30: loaded successfully
2	10:22:13.518	Expert PTL_EA AUDUSD.pro,M15: removed
2	10:22:13.541	Expert PTL_EA AUDUSD.pro,M15: loaded successfully
2	10:23:06.233	Expert PTL_EA XAUUSD.pro,M15: removed
2	10:23:06.253	Expert PTL_EA XAUUSD.pro,M15: loaded successfully
2	10:23:06.261	Expert PTL_EA EURUSD.pro,M30: removed
2	10:23:06.279	Expert PTL_EA EURUSD.pro,M30: loaded successfully
2	10:23:06.289	Expert PTL_EA GBPUSD.pro,M15: removed
2	10:23:06.305	Expert PTL_EA GBPUSD.pro,M15: loaded successfully
2	10:23:06.318	Expert PTL_EA GBPJPY.pro,M30: removed
2	10:23:06.339	Expert PTL_EA GBPJPY.pro,M30: loaded successfully
2	10:23:06.351	Expert PTL_EA EURJPY.pro,M15: removed
2	10:23:06.375	Expert PTL_EA EURJPY.pro,M15: loaded successfully
2	10:23:06.382	Expert PTL_EA USDJPY.pro,H1: removed
2	10:23:06.416	Expert PTL_EA USDJPY.pro,H1: loaded successfully
2	10:23:06.433	Expert PTL_EA USDCAD.pro,M15: removed
2	10:23:06.455	Expert PTL_EA USDCAD.pro,M15: loaded successfully
2	10:23:06.468	Expert PTL_EA USDCHF.pro,M30: removed
2	10:23:06.491	Expert PTL_EA USDCHF.pro,M30: loaded successfully
2	10:23:06.505	Expert PTL_EA AUDUSD.pro,M15: removed
2	10:23:06.527	Expert PTL_EA AUDUSD.pro,M15: loaded successfully
2	13:01:55.891	Expert PTL_EA XAUUSD.pro,M15: removed
2	13:01:55.909	Expert PTL_EA XAUUSD.pro,M15: loaded successfully
2	13:01:55.916	Expert PTL_EA EURUSD.pro,M15: removed
2	13:01:55.935	Expert PTL_EA EURUSD.pro,M15: loaded successfully
2	13:01:55.944	Expert PTL_EA GBPUSD.pro,M15: removed
2	13:01:55.968	Expert PTL_EA GBPUSD.pro,M15: loaded successfully
2	13:01:55.980	Expert PTL_EA GBPJPY.pro,M30: removed
2	13:01:56.007	Expert PTL_EA GBPJPY.pro,M30: loaded successfully
2	13:01:56.025	Expert PTL_EA EURJPY.pro,M15: removed
2	13:01:56.053	Expert PTL_EA EURJPY.pro,M15: loaded successfully
2	13:01:56.066	Expert PTL_EA USDJPY.pro,H1: removed
2	13:01:56.089	Expert PTL_EA USDJPY.pro,H1: loaded successfully
2	13:01:56.104	Expert PTL_EA USDCAD.pro,M15: removed
2	13:01:56.127	Expert PTL_EA USDCAD.pro,M15: loaded successfully
2	13:01:56.140	Expert PTL_EA USDCHF.pro,M30: removed
2	13:01:56.162	Expert PTL_EA USDCHF.pro,M30: loaded successfully
2	13:01:56.174	Expert PTL_EA AUDUSD.pro,M15: removed
2	13:01:56.196	Expert PTL_EA AUDUSD.pro,M15: loaded successfully
2	13:04:34.702	Expert PTL_EA XAUUSD.pro,M15: removed
2	13:04:34.719	Expert PTL_EA XAUUSD.pro,M15: loaded successfully
2	13:04:34.726	Expert PTL_EA EURUSD.pro,M15: removed
2	13:04:34.746	Expert PTL_EA EURUSD.pro,M15: loaded successfully
2	13:04:34.755	Expert PTL_EA GBPUSD.pro,M15: removed
2	13:04:34.777	Expert PTL_EA GBPUSD.pro,M15: loaded successfully
2	13:04:34.788	Expert PTL_EA GBPJPY.pro,M30: removed
2	13:04:34.812	Expert PTL_EA GBPJPY.pro,M30: loaded successfully
2	13:04:34.823	Expert PTL_EA EURJPY.pro,M15: removed
2	13:04:34.848	Expert PTL_EA EURJPY.pro,M15: loaded successfully
2	13:04:34.860	Expert PTL_EA USDJPY.pro,H1: removed
2	13:04:34.890	Expert PTL_EA USDJPY.pro,H1: loaded successfully
2	13:04:34.918	Expert PTL_EA USDCAD.pro,M15: removed
2	13:04:34.942	Expert PTL_EA USDCAD.pro,M15: loaded successfully
2	13:04:34.954	Expert PTL_EA USDCHF.pro,M30: removed
2	13:04:34.976	Expert PTL_EA USDCHF.pro,M30: loaded successfully
2	13:04:34.987	Expert PTL_EA AUDUSD.pro,M15: removed
2	13:04:35.009	Expert PTL_EA AUDUSD.pro,M15: loaded successfully
2	13:04:49.857	Expert PTL_EA XAUUSD.pro,M15: removed
2	13:04:49.875	Expert PTL_EA XAUUSD.pro,M15: loaded successfully
2	13:04:49.884	Expert PTL_EA EURUSD.pro,M15: removed
2	13:04:49.903	Expert PTL_EA EURUSD.pro,M15: loaded successfully
2	13:04:49.913	Expert PTL_EA GBPUSD.pro,M15: removed
2	13:04:49.932	Expert PTL_EA GBPUSD.pro,M15: loaded successfully
2	13:04:49.943	Expert PTL_EA GBPJPY.pro,M30: removed
2	13:04:49.965	Expert PTL_EA GBPJPY.pro,M30: loaded successfully
2	13:04:49.980	Expert PTL_EA EURJPY.pro,M15: removed
2	13:04:50.004	Expert PTL_EA EURJPY.pro,M15: loaded successfully
2	13:04:50.015	Expert PTL_EA USDJPY.pro,H1: removed
2	13:04:50.038	Expert PTL_EA USDJPY.pro,H1: loaded successfully
2	13:04:50.046	Expert PTL_EA USDCAD.pro,M15: removed
2	13:04:50.069	Expert PTL_EA USDCAD.pro,M15: loaded successfully
2	13:04:50.079	Expert PTL_EA USDCHF.pro,M30: removed
2	13:04:50.102	Expert PTL_EA USDCHF.pro,M30: loaded successfully
2	13:04:50.114	Expert PTL_EA AUDUSD.pro,M15: removed
2	13:04:50.138	Expert PTL_EA AUDUSD.pro,M15: loaded successfully
2	13:05:20.592	Expert PTL_EA XAUUSD.pro,M15: removed
2	13:05:20.613	Expert PTL_EA XAUUSD.pro,M15: loaded successfully
2	13:05:20.622	Expert PTL_EA EURUSD.pro,M15: removed
2	13:05:20.641	Expert PTL_EA EURUSD.pro,M15: loaded successfully
2	13:05:20.651	Expert PTL_EA GBPUSD.pro,M15: removed
2	13:05:20.671	Expert PTL_EA GBPUSD.pro,M15: loaded successfully
2	13:05:20.681	Expert PTL_EA GBPJPY.pro,M30: removed
2	13:05:20.702	Expert PTL_EA GBPJPY.pro,M30: loaded successfully
2	13:05:20.716	Expert PTL_EA EURJPY.pro,M15: removed
2	13:05:20.736	Expert PTL_EA EURJPY.pro,M15: loaded successfully
2	13:05:20.748	Expert PTL_EA USDJPY.pro,H1: removed
2	13:05:20.770	Expert PTL_EA USDJPY.pro,H1: loaded successfully
2	13:05:20.778	Expert PTL_EA USDCAD.pro,M15: removed
2	13:05:20.799	Expert PTL_EA USDCAD.pro,M15: loaded successfully
2	13:05:20.815	Expert PTL_EA USDCHF.pro,M30: removed
2	13:05:20.835	Expert PTL_EA USDCHF.pro,M30: loaded successfully
2	13:05:20.846	Expert PTL_EA AUDUSD.pro,M15: removed
2	13:05:20.867	Expert PTL_EA AUDUSD.pro,M15: loaded successfully
2	13:05:38.455	Expert PTL_EA XAUUSD.pro,M15: removed
2	13:05:38.474	Expert PTL_EA XAUUSD.pro,M15: loaded successfully
2	13:05:38.481	Expert PTL_EA EURUSD.pro,M15: removed
2	13:05:38.498	Expert PTL_EA EURUSD.pro,M15: loaded successfully
2	13:05:38.508	Expert PTL_EA GBPUSD.pro,M15: removed
2	13:05:38.528	Expert PTL_EA GBPUSD.pro,M15: loaded successfully
2	13:05:38.539	Expert PTL_EA GBPJPY.pro,M30: removed
2	13:05:38.559	Expert PTL_EA GBPJPY.pro,M30: loaded successfully
2	13:05:38.572	Expert PTL_EA EURJPY.pro,M15: removed
2	13:05:38.594	Expert PTL_EA EURJPY.pro,M15: loaded successfully
2	13:05:38.606	Expert PTL_EA USDJPY.pro,H1: removed
2	13:05:38.628	Expert PTL_EA USDJPY.pro,H1: loaded successfully
2	13:05:38.642	Expert PTL_EA USDCAD.pro,M15: removed
2	13:05:38.670	Expert PTL_EA USDCAD.pro,M15: loaded successfully
2	13:05:38.688	Expert PTL_EA USDCHF.pro,M30: removed
2	13:05:38.712	Expert PTL_EA USDCHF.pro,M30: loaded successfully
2	13:05:38.719	Expert PTL_EA AUDUSD.pro,M15: removed
2	13:05:38.741	Expert PTL_EA AUDUSD.pro,M15: loaded successfully
2	13:06:06.094	Expert PTL_EA XAUUSD.pro,M15: removed
2	13:06:06.111	Expert PTL_EA XAUUSD.pro,M15: loaded successfully
2	13:06:06.119	Expert PTL_EA EURUSD.pro,M15: removed
2	13:06:06.139	Expert PTL_EA EURUSD.pro,M15: loaded successfully
2	13:06:06.149	Expert PTL_EA GBPUSD.pro,M15: removed
2	13:06:06.170	Expert PTL_EA GBPUSD.pro,M15: loaded successfully
2	13:06:06.180	Expert PTL_EA GBPJPY.pro,M30: removed
2	13:06:06.201	Expert PTL_EA GBPJPY.pro,M30: loaded successfully
2	13:06:06.214	Expert PTL_EA EURJPY.pro,M15: removed
2	13:06:06.235	Expert PTL_EA EURJPY.pro,M15: loaded successfully
2	13:06:06.242	Expert PTL_EA USDJPY.pro,H1: removed
2	13:06:06.264	Expert PTL_EA USDJPY.pro,H1: loaded successfully
2	13:06:06.274	Expert PTL_EA USDCAD.pro,M15: removed
2	13:06:06.296	Expert PTL_EA USDCAD.pro,M15: loaded successfully
2	13:06:06.306	Expert PTL_EA USDCHF.pro,M30: removed
2	13:06:06.328	Expert PTL_EA USDCHF.pro,M30: loaded successfully
2	13:06:06.338	Expert PTL_EA AUDUSD.pro,M15: removed
2	13:06:06.360	Expert PTL_EA AUDUSD.pro,M15: loaded successfully
2	13:09:11.537	Expert PTL_EA XAUUSD.pro,M15: removed
2	13:09:11.557	Expert PTL_EA XAUUSD.pro,M15: loaded successfully
2	13:09:11.565	Expert PTL_EA EURUSD.pro,M15: removed
2	13:09:11.584	Expert PTL_EA EURUSD.pro,M15: loaded successfully
2	13:09:11.593	Expert PTL_EA GBPUSD.pro,M15: removed
2	13:09:11.615	Expert PTL_EA GBPUSD.pro,M15: loaded successfully
2	13:09:11.627	Expert PTL_EA GBPJPY.pro,M30: removed
2	13:09:11.651	Expert PTL_EA GBPJPY.pro,M30: loaded successfully
2	13:09:11.667	Expert PTL_EA EURJPY.pro,M15: removed
2	13:09:11.691	Expert PTL_EA EURJPY.pro,M15: loaded successfully
2	13:09:11.713	Expert PTL_EA USDJPY.pro,H1: removed
2	13:09:11.747	Expert PTL_EA USDJPY.pro,H1: loaded successfully
2	13:09:11.762	Expert PTL_EA USDCAD.pro,M15: removed
2	13:09:11.787	Expert PTL_EA USDCAD.pro,M15: loaded successfully
2	13:09:11.799	Expert PTL_EA USDCHF.pro,M30: removed
2	13:09:11.822	Expert PTL_EA USDCHF.pro,M30: loaded successfully
2	13:09:11.833	Expert PTL_EA AUDUSD.pro,M15: removed
2	13:09:11.916	Expert PTL_EA AUDUSD.pro,M15: loaded successfully
2	13:09:24.618	Expert PTL_EA XAUUSD.pro,M15: removed
2	13:09:24.642	Expert PTL_EA XAUUSD.pro,M15: loaded successfully
2	13:09:24.657	Expert PTL_EA EURUSD.pro,M15: removed
2	13:09:24.675	Expert PTL_EA EURUSD.pro,M15: loaded successfully
2	13:09:24.685	Expert PTL_EA GBPUSD.pro,M15: removed
2	13:09:24.705	Expert PTL_EA GBPUSD.pro,M15: loaded successfully
2	13:09:24.716	Expert PTL_EA GBPJPY.pro,M30: removed
2	13:09:24.736	Expert PTL_EA GBPJPY.pro,M30: loaded successfully
2	13:09:24.748	Expert PTL_EA EURJPY.pro,M15: removed
2	13:09:24.769	Expert PTL_EA EURJPY.pro,M15: loaded successfully
2	13:09:24.784	Expert PTL_EA USDJPY.pro,H1: removed
2	13:09:24.804	Expert PTL_EA USDJPY.pro,H1: loaded successfully
2	13:09:24.814	Expert PTL_EA USDCAD.pro,M15: removed
2	13:09:24.835	Expert PTL_EA USDCAD.pro,M15: loaded successfully
2	13:09:24.843	Expert PTL_EA USDCHF.pro,M30: removed
2	13:09:24.863	Expert PTL_EA USDCHF.pro,M30: loaded successfully
2	13:09:24.870	Expert PTL_EA AUDUSD.pro,M15: removed
2	13:09:24.890	Expert PTL_EA AUDUSD.pro,M15: loaded successfully
2	13:27:39.829	Expert PTL_EA XAUUSD.pro,M15: removed
2	13:27:39.846	Expert PTL_EA XAUUSD.pro,M15: loaded successfully
2	13:27:39.853	Expert PTL_EA EURUSD.pro,M15: removed
2	13:27:39.870	Expert PTL_EA EURUSD.pro,M15: loaded successfully
2	13:27:39.879	Expert PTL_EA GBPUSD.pro,M15: removed
2	13:27:39.898	Expert PTL_EA GBPUSD.pro,M15: loaded successfully
2	13:27:39.908	Expert PTL_EA GBPJPY.pro,M15: removed
2	13:27:39.931	Expert PTL_EA GBPJPY.pro,M15: loaded successfully
2	13:27:39.943	Expert PTL_EA EURJPY.pro,M15: removed
2	13:27:39.968	Expert PTL_EA EURJPY.pro,M15: loaded successfully
2	13:27:39.980	Expert PTL_EA USDJPY.pro,H1: removed
2	13:27:40.004	Expert PTL_EA USDJPY.pro,H1: loaded successfully
2	13:27:40.025	Expert PTL_EA USDCAD.pro,M15: removed
2	13:27:40.058	Expert PTL_EA USDCAD.pro,M15: loaded successfully
2	13:27:40.071	Expert PTL_EA USDCHF.pro,M30: removed
2	13:27:40.099	Expert PTL_EA USDCHF.pro,M30: loaded successfully
2	13:27:40.112	Expert PTL_EA AUDUSD.pro,M15: removed
2	13:27:40.134	Expert PTL_EA AUDUSD.pro,M15: loaded successfully
2	13:28:19.063	Expert PTL_EA XAUUSD.pro,M15: removed
2	13:28:19.082	Expert PTL_EA XAUUSD.pro,M15: loaded successfully
2	13:28:19.091	Expert PTL_EA EURUSD.pro,M15: removed
2	13:28:19.109	Expert PTL_EA EURUSD.pro,M15: loaded successfully
2	13:28:19.118	Expert PTL_EA GBPUSD.pro,M15: removed
2	13:28:19.139	Expert PTL_EA GBPUSD.pro,M15: loaded successfully
2	13:28:19.151	Expert PTL_EA GBPJPY.pro,M15: removed
2	13:28:19.173	Expert PTL_EA GBPJPY.pro,M15: loaded successfully
2	13:28:19.183	Expert PTL_EA EURJPY.pro,M15: removed
2	13:28:19.205	Expert PTL_EA EURJPY.pro,M15: loaded successfully
2	13:28:19.212	Expert PTL_EA USDJPY.pro,H1: removed
2	13:28:19.232	Expert PTL_EA USDJPY.pro,H1: loaded successfully
2	13:28:19.246	Expert PTL_EA USDCAD.pro,M15: removed
2	13:28:19.267	Expert PTL_EA USDCAD.pro,M15: loaded successfully
2	13:28:19.273	Expert PTL_EA USDCHF.pro,M30: removed
2	13:28:19.295	Expert PTL_EA USDCHF.pro,M30: loaded successfully
2	13:28:19.301	Expert PTL_EA AUDUSD.pro,M15: removed
2	13:28:19.321	Expert PTL_EA AUDUSD.pro,M15: loaded successfully
2	13:28:38.178	Expert PTL_EA XAUUSD.pro,M15: removed
2	13:28:38.201	Expert PTL_EA XAUUSD.pro,M15: loaded successfully
2	13:28:38.208	Expert PTL_EA EURUSD.pro,M15: removed
2	13:28:38.228	Expert PTL_EA EURUSD.pro,M15: loaded successfully
2	13:28:38.237	Expert PTL_EA GBPUSD.pro,M15: removed
2	13:28:38.257	Expert PTL_EA GBPUSD.pro,M15: loaded successfully
2	13:28:38.269	Expert PTL_EA GBPJPY.pro,M15: removed
2	13:28:38.292	Expert PTL_EA GBPJPY.pro,M15: loaded successfully
2	13:28:38.302	Expert PTL_EA EURJPY.pro,M15: removed
2	13:28:38.325	Expert PTL_EA EURJPY.pro,M15: loaded successfully
2	13:28:38.332	Expert PTL_EA USDJPY.pro,H1: removed
2	13:28:38.354	Expert PTL_EA USDJPY.pro,H1: loaded successfully
2	13:28:38.368	Expert PTL_EA USDCAD.pro,M15: removed
2	13:28:38.390	Expert PTL_EA USDCAD.pro,M15: loaded successfully
2	13:28:38.402	Expert PTL_EA USDCHF.pro,M30: removed
2	13:28:38.424	Expert PTL_EA USDCHF.pro,M30: loaded successfully
2	13:28:38.435	Expert PTL_EA AUDUSD.pro,M15: removed
2	13:28:38.457	Expert PTL_EA AUDUSD.pro,M15: loaded successfully
2	13:28:49.035	Expert PTL_EA XAUUSD.pro,M15: removed
2	13:28:49.054	Expert PTL_EA XAUUSD.pro,M15: loaded successfully
2	13:28:49.062	Expert PTL_EA EURUSD.pro,M15: removed
2	13:28:49.078	Expert PTL_EA EURUSD.pro,M15: loaded successfully
2	13:28:49.088	Expert PTL_EA GBPUSD.pro,M15: removed
2	13:28:49.109	Expert PTL_EA GBPUSD.pro,M15: loaded successfully
2	13:28:49.119	Expert PTL_EA GBPJPY.pro,M15: removed
2	13:28:49.141	Expert PTL_EA GBPJPY.pro,M15: loaded successfully
2	13:28:49.153	Expert PTL_EA EURJPY.pro,M15: removed
2	13:28:49.174	Expert PTL_EA EURJPY.pro,M15: loaded successfully
2	13:28:49.189	Expert PTL_EA USDJPY.pro,H1: removed
2	13:28:49.212	Expert PTL_EA USDJPY.pro,H1: loaded successfully
2	13:28:49.222	Expert PTL_EA USDCAD.pro,M15: removed
2	13:28:49.258	Expert PTL_EA USDCAD.pro,M15: loaded successfully
2	13:28:49.271	Expert PTL_EA USDCHF.pro,M30: removed
2	13:28:49.293	Expert PTL_EA USDCHF.pro,M30: loaded successfully
2	13:28:49.304	Expert PTL_EA AUDUSD.pro,M15: removed
2	13:28:49.326	Expert PTL_EA AUDUSD.pro,M15: loaded successfully
2	13:29:10.677	Expert PTL_EA XAUUSD.pro,M15: removed
2	13:29:10.696	Expert PTL_EA XAUUSD.pro,M15: loaded successfully
2	13:29:10.703	Expert PTL_EA EURUSD.pro,M15: removed
2	13:29:10.719	Expert PTL_EA EURUSD.pro,M15: loaded successfully
2	13:29:10.728	Expert PTL_EA GBPUSD.pro,M15: removed
2	13:29:10.749	Expert PTL_EA GBPUSD.pro,M15: loaded successfully
2	13:29:10.761	Expert PTL_EA GBPJPY.pro,M15: removed
2	13:29:10.784	Expert PTL_EA GBPJPY.pro,M15: loaded successfully
2	13:29:10.795	Expert PTL_EA EURJPY.pro,M15: removed
2	13:29:10.818	Expert PTL_EA EURJPY.pro,M15: loaded successfully
2	13:29:10.824	Expert PTL_EA USDJPY.pro,H1: removed
2	13:29:10.847	Expert PTL_EA USDJPY.pro,H1: loaded successfully
2	13:29:10.853	Expert PTL_EA USDCAD.pro,M15: removed
2	13:29:10.875	Expert PTL_EA USDCAD.pro,M15: loaded successfully
2	13:29:10.889	Expert PTL_EA USDCHF.pro,M30: removed
2	13:29:10.912	Expert PTL_EA USDCHF.pro,M30: loaded successfully
2	13:29:10.918	Expert PTL_EA AUDUSD.pro,M15: removed
2	13:29:10.941	Expert PTL_EA AUDUSD.pro,M15: loaded successfully
2	13:37:11.946	Custom indicator time_table GBPUSD.pro,M15: removed
2	15:01:08.593	Expert PTL_EA XAUUSD.pro,M15: removed
2	15:01:08.610	Expert PTL_EA XAUUSD.pro,M15: loaded successfully
2	15:01:08.618	Expert PTL_EA EURUSD.pro,M15: removed
2	15:01:08.635	Expert PTL_EA EURUSD.pro,M15: loaded successfully
2	15:01:08.644	Expert PTL_EA GBPUSD.pro,M15: removed
2	15:01:08.662	Expert PTL_EA GBPUSD.pro,M15: loaded successfully
2	15:01:08.674	Expert PTL_EA GBPJPY.pro,M30: removed
2	15:01:08.696	Expert PTL_EA GBPJPY.pro,M30: loaded successfully
2	15:01:08.709	Expert PTL_EA EURJPY.pro,M15: removed
2	15:01:08.732	Expert PTL_EA EURJPY.pro,M15: loaded successfully
2	15:01:08.742	Expert PTL_EA USDJPY.pro,H1: removed
2	15:01:08.767	Expert PTL_EA USDJPY.pro,H1: loaded successfully
2	15:01:08.788	Expert PTL_EA USDCAD.pro,M15: removed
2	15:01:08.815	Expert PTL_EA USDCAD.pro,M15: loaded successfully
2	15:01:08.875	Expert PTL_EA USDCHF.pro,M30: removed
2	15:01:08.897	Expert PTL_EA USDCHF.pro,M30: loaded successfully
2	15:01:08.908	Expert PTL_EA AUDUSD.pro,M15: removed
2	15:01:08.929	Expert PTL_EA AUDUSD.pro,M15: loaded successfully
2	15:01:53.715	Expert PTL_EA XAUUSD.pro,M15: removed
2	15:01:53.733	Expert PTL_EA XAUUSD.pro,M15: loaded successfully
2	15:01:53.741	Expert PTL_EA EURUSD.pro,M15: removed
2	15:01:53.762	Expert PTL_EA EURUSD.pro,M15: loaded successfully
2	15:01:53.772	Expert PTL_EA GBPUSD.pro,M15: removed
2	15:01:53.793	Expert PTL_EA GBPUSD.pro,M15: loaded successfully
2	15:01:53.805	Expert PTL_EA GBPJPY.pro,M30: removed
2	15:01:53.826	Expert PTL_EA GBPJPY.pro,M30: loaded successfully
2	15:01:53.839	Expert PTL_EA EURJPY.pro,M15: removed
2	15:01:53.864	Expert PTL_EA EURJPY.pro,M15: loaded successfully
2	15:01:53.876	Expert PTL_EA USDJPY.pro,H1: removed
2	15:01:53.909	Expert PTL_EA USDJPY.pro,H1: loaded successfully
2	15:01:53.923	Expert PTL_EA USDCAD.pro,M15: removed
2	15:01:53.950	Expert PTL_EA USDCAD.pro,M15: loaded successfully
2	15:01:53.961	Expert PTL_EA USDCHF.pro,M30: removed
2	15:01:53.984	Expert PTL_EA USDCHF.pro,M30: loaded successfully
2	15:01:53.994	Expert PTL_EA AUDUSD.pro,M15: removed
2	15:01:54.016	Expert PTL_EA AUDUSD.pro,M15: loaded successfully
2	15:06:19.459	Expert PTL_EA XAUUSD.pro,M15: removed
2	15:06:19.475	Expert PTL_EA XAUUSD.pro,M15: loaded successfully
2	15:06:19.482	Expert PTL_EA EURUSD.pro,M15: removed
2	15:06:19.505	Expert PTL_EA EURUSD.pro,M15: loaded successfully
2	15:06:19.516	Expert PTL_EA GBPUSD.pro,M15: removed
2	15:06:19.538	Expert PTL_EA GBPUSD.pro,M15: loaded successfully
2	15:06:19.548	Expert PTL_EA GBPJPY.pro,M30: removed
2	15:06:19.571	Expert PTL_EA GBPJPY.pro,M30: loaded successfully
2	15:06:19.582	Expert PTL_EA EURJPY.pro,M15: removed
2	15:06:19.604	Expert PTL_EA EURJPY.pro,M15: loaded successfully
2	15:06:19.617	Expert PTL_EA USDJPY.pro,H1: removed
2	15:06:19.640	Expert PTL_EA USDJPY.pro,H1: loaded successfully
2	15:06:19.654	Expert PTL_EA USDCAD.pro,M15: removed
2	15:06:19.676	Expert PTL_EA USDCAD.pro,M15: loaded successfully
2	15:06:19.683	Expert PTL_EA USDCHF.pro,M30: removed
2	15:06:19.705	Expert PTL_EA USDCHF.pro,M30: loaded successfully
2	15:06:19.712	Expert PTL_EA AUDUSD.pro,M15: removed
2	15:06:19.734	Expert PTL_EA AUDUSD.pro,M15: loaded successfully
2	15:07:40.294	Expert PTL_EA XAUUSD.pro,M15: removed
2	15:07:40.314	Expert PTL_EA XAUUSD.pro,M15: loaded successfully
2	15:07:40.323	Expert PTL_EA EURUSD.pro,M15: removed
2	15:07:40.339	Expert PTL_EA EURUSD.pro,M15: loaded successfully
2	15:07:40.347	Expert PTL_EA GBPUSD.pro,M15: removed
2	15:07:40.366	Expert PTL_EA GBPUSD.pro,M15: loaded successfully
2	15:07:40.377	Expert PTL_EA GBPJPY.pro,M30: removed
2	15:07:40.398	Expert PTL_EA GBPJPY.pro,M30: loaded successfully
2	15:07:40.414	Expert PTL_EA EURJPY.pro,M15: removed
2	15:07:40.441	Expert PTL_EA EURJPY.pro,M15: loaded successfully
2	15:07:40.456	Expert PTL_EA USDJPY.pro,H1: removed
2	15:07:40.479	Expert PTL_EA USDJPY.pro,H1: loaded successfully
2	15:07:40.531	Expert PTL_EA USDCAD.pro,M15: removed
2	15:07:40.565	Expert PTL_EA USDCAD.pro,M15: loaded successfully
2	15:07:40.578	Expert PTL_EA USDCHF.pro,M30: removed
2	15:07:40.604	Expert PTL_EA USDCHF.pro,M30: loaded successfully
2	15:07:40.612	Expert PTL_EA AUDUSD.pro,M15: removed
2	15:07:40.644	Expert PTL_EA AUDUSD.pro,M15: loaded successfully
2	15:08:30.293	Expert PTL_EA XAUUSD.pro,M15: removed
2	15:08:30.309	Expert PTL_EA XAUUSD.pro,M15: loaded successfully
2	15:08:30.318	Expert PTL_EA EURUSD.pro,M15: removed
2	15:08:30.336	Expert PTL_EA EURUSD.pro,M15: loaded successfully
2	15:08:30.346	Expert PTL_EA GBPUSD.pro,M15: removed
2	15:08:30.364	Expert PTL_EA GBPUSD.pro,M15: loaded successfully
2	15:08:30.377	Expert PTL_EA GBPJPY.pro,M30: removed
2	15:08:30.399	Expert PTL_EA GBPJPY.pro,M30: loaded successfully
2	15:08:30.410	Expert PTL_EA EURJPY.pro,M15: removed
2	15:08:30.432	Expert PTL_EA EURJPY.pro,M15: loaded successfully
2	15:08:30.439	Expert PTL_EA USDJPY.pro,H1: removed
2	15:08:30.461	Expert PTL_EA USDJPY.pro,H1: loaded successfully
2	15:08:30.467	Expert PTL_EA USDCAD.pro,M15: removed
2	15:08:30.489	Expert PTL_EA USDCAD.pro,M15: loaded successfully
2	15:08:30.503	Expert PTL_EA USDCHF.pro,M30: removed
2	15:08:30.524	Expert PTL_EA USDCHF.pro,M30: loaded successfully
2	15:08:30.535	Expert PTL_EA AUDUSD.pro,M15: removed
2	15:08:30.557	Expert PTL_EA AUDUSD.pro,M15: loaded successfully
2	15:09:16.709	Expert PTL_EA XAUUSD.pro,M15: removed
2	15:09:16.727	Expert PTL_EA XAUUSD.pro,M15: loaded successfully
2	15:09:16.736	Expert PTL_EA EURUSD.pro,M15: removed
2	15:09:16.754	Expert PTL_EA EURUSD.pro,M15: loaded successfully
2	15:09:16.764	Expert PTL_EA GBPUSD.pro,M15: removed
2	15:09:16.783	Expert PTL_EA GBPUSD.pro,M15: loaded successfully
2	15:09:16.799	Expert PTL_EA GBPJPY.pro,M30: removed
2	15:09:16.822	Expert PTL_EA GBPJPY.pro,M30: loaded successfully
2	15:09:16.833	Expert PTL_EA EURJPY.pro,M15: removed
2	15:09:16.857	Expert PTL_EA EURJPY.pro,M15: loaded successfully
2	15:09:16.871	Expert PTL_EA USDJPY.pro,H1: removed
2	15:09:16.935	Expert PTL_EA USDJPY.pro,H1: loaded successfully
2	15:09:16.943	Expert PTL_EA USDCAD.pro,M15: removed
2	15:09:16.966	Expert PTL_EA USDCAD.pro,M15: loaded successfully
2	15:09:16.972	Expert PTL_EA USDCHF.pro,M30: removed
2	15:09:16.995	Expert PTL_EA USDCHF.pro,M30: loaded successfully
2	15:09:17.001	Expert PTL_EA AUDUSD.pro,M15: removed
2	15:09:17.023	Expert PTL_EA AUDUSD.pro,M15: loaded successfully
2	15:09:24.721	Expert PTL_EA XAUUSD.pro,M15: removed
2	15:09:24.740	Expert PTL_EA XAUUSD.pro,M15: loaded successfully
2	15:09:24.752	Expert PTL_EA EURUSD.pro,M15: removed
2	15:09:24.768	Expert PTL_EA EURUSD.pro,M15: loaded successfully
2	15:09:24.778	Expert PTL_EA GBPUSD.pro,M15: removed
2	15:09:24.798	Expert PTL_EA GBPUSD.pro,M15: loaded successfully
2	15:09:24.808	Expert PTL_EA GBPJPY.pro,M30: removed
2	15:09:24.829	Expert PTL_EA GBPJPY.pro,M30: loaded successfully
2	15:09:24.841	Expert PTL_EA EURJPY.pro,M15: removed
2	15:09:24.862	Expert PTL_EA EURJPY.pro,M15: loaded successfully
2	15:09:24.873	Expert PTL_EA USDJPY.pro,H1: removed
2	15:09:24.893	Expert PTL_EA USDJPY.pro,H1: loaded successfully
2	15:09:24.904	Expert PTL_EA USDCAD.pro,M15: removed
2	15:09:24.923	Expert PTL_EA USDCAD.pro,M15: loaded successfully
2	15:09:24.935	Expert PTL_EA USDCHF.pro,M30: removed
2	15:09:24.958	Expert PTL_EA USDCHF.pro,M30: loaded successfully
2	15:09:24.965	Expert PTL_EA AUDUSD.pro,M15: removed
2	15:09:24.985	Expert PTL_EA AUDUSD.pro,M15: loaded successfully
2	15:28:00.464	Expert PTL_EA XAUUSD.pro,M15: removed
2	15:28:00.480	Expert PTL_EA XAUUSD.pro,M15: loaded successfully
2	15:28:00.487	Expert PTL_EA EURUSD.pro,M15: removed
2	15:28:00.506	Expert PTL_EA EURUSD.pro,M15: loaded successfully
2	15:28:00.516	Expert PTL_EA GBPUSD.pro,M15: removed
2	15:28:00.537	Expert PTL_EA GBPUSD.pro,M15: loaded successfully
2	15:28:00.550	Expert PTL_EA GBPJPY.pro,M30: removed
2	15:28:00.573	Expert PTL_EA GBPJPY.pro,M30: loaded successfully
2	15:28:00.586	Expert PTL_EA EURJPY.pro,M15: removed
2	15:28:00.608	Expert PTL_EA EURJPY.pro,M15: loaded successfully
2	15:28:00.620	Expert PTL_EA USDJPY.pro,H1: removed
2	15:28:00.642	Expert PTL_EA USDJPY.pro,H1: loaded successfully
2	15:28:00.653	Expert PTL_EA USDCAD.pro,M15: removed
2	15:28:00.674	Expert PTL_EA USDCAD.pro,M15: loaded successfully
2	15:28:00.680	Expert PTL_EA USDCHF.pro,M30: removed
2	15:28:00.701	Expert PTL_EA USDCHF.pro,M30: loaded successfully
2	15:28:00.713	Expert PTL_EA AUDUSD.pro,M15: removed
2	15:28:00.734	Expert PTL_EA AUDUSD.pro,M15: loaded successfully
2	15:28:16.307	Expert PTL_EA XAUUSD.pro,M15: removed
2	15:28:16.325	Expert PTL_EA XAUUSD.pro,M15: loaded successfully
2	15:28:16.338	Expert PTL_EA EURUSD.pro,M15: removed
2	15:28:16.356	Expert PTL_EA EURUSD.pro,M15: loaded successfully
2	15:28:16.366	Expert PTL_EA GBPUSD.pro,M15: removed
2	15:28:16.386	Expert PTL_EA GBPUSD.pro,M15: loaded successfully
2	15:28:16.399	Expert PTL_EA GBPJPY.pro,M30: removed
2	15:28:16.422	Expert PTL_EA GBPJPY.pro,M30: loaded successfully
2	15:28:16.433	Expert PTL_EA EURJPY.pro,M15: removed
2	15:28:16.457	Expert PTL_EA EURJPY.pro,M15: loaded successfully
2	15:28:16.468	Expert PTL_EA USDJPY.pro,H1: removed
2	15:28:16.491	Expert PTL_EA USDJPY.pro,H1: loaded successfully
2	15:28:16.502	Expert PTL_EA USDCAD.pro,M15: removed
2	15:28:16.526	Expert PTL_EA USDCAD.pro,M15: loaded successfully
2	15:28:16.531	Expert PTL_EA USDCHF.pro,M30: removed
2	15:28:16.555	Expert PTL_EA USDCHF.pro,M30: loaded successfully
2	15:28:16.561	Expert PTL_EA AUDUSD.pro,M15: removed
2	15:28:16.583	Expert PTL_EA AUDUSD.pro,M15: loaded successfully
2	15:30:43.819	Expert PTL_EA AUDUSD.pro,M15: removed
2	15:30:43.822	Custom indicator pipsometer_5_decimal AUDUSD.pro,M15: removed
2	15:30:43.824	Custom indicator time_table AUDUSD.pro,M15: removed
2	15:30:43.827	Custom indicator PTL_Sessions AUDUSD.pro,M15: removed
2	15:30:43.863	Custom indicator pipsometer_5_decimal AUDUSD.pro,M15: loaded successfully
2	15:30:43.882	Custom indicator time_table AUDUSD.pro,M15: loaded successfully
2	15:30:43.898	Expert PTL_EA AUDUSD.pro,M15: loaded successfully
2	15:30:47.656	Expert PTL_EA AUDUSD.pro,M15: removed
2	15:30:47.658	Custom indicator pipsometer_5_decimal AUDUSD.pro,M15: removed
2	15:30:47.661	Custom indicator time_table AUDUSD.pro,M15: removed
2	15:30:47.685	Custom indicator pipsometer_5_decimal AUDUSD.pro,M15: loaded successfully
2	15:30:47.698	Custom indicator time_table AUDUSD.pro,M15: loaded successfully
2	15:30:47.720	Custom indicator PTL_Sessions AUDUSD.pro,M15: loaded successfully
2	15:30:47.735	Expert PTL_EA AUDUSD.pro,M15: loaded successfully
2	15:33:46.675	Expert PTL_EA XAUUSD.pro,M15: removed
2	15:33:46.678	Custom indicator pipsometer_5_decimal XAUUSD.pro,M15: removed
2	15:33:46.680	Custom indicator time_table XAUUSD.pro,M15: removed
2	15:33:46.683	Custom indicator PTL_Sessions XAUUSD.pro,M15: removed
2	15:33:46.697	Custom indicator pipsometer_5_decimal XAUUSD.pro,M15: loaded successfully
2	15:33:46.710	Custom indicator time_table XAUUSD.pro,M15: loaded successfully
2	15:33:46.724	Custom indicator PTL_Sessions XAUUSD.pro,M15: loaded successfully
2	15:33:46.739	Expert PTL_EA XAUUSD.pro,M15: loaded successfully
2	15:35:32.225	Expert PTL_EA XAUUSD.pro,M15: removed
2	15:35:32.244	Expert PTL_EA XAUUSD.pro,M15: loaded successfully
2	15:35:32.251	Expert PTL_EA EURUSD.pro,M15: removed
2	15:35:32.270	Expert PTL_EA EURUSD.pro,M15: loaded successfully
2	15:35:32.283	Expert PTL_EA GBPUSD.pro,M15: removed
2	15:35:32.302	Expert PTL_EA GBPUSD.pro,M15: loaded successfully
2	15:35:32.312	Expert PTL_EA GBPJPY.pro,M30: removed
2	15:35:32.334	Expert PTL_EA GBPJPY.pro,M30: loaded successfully
2	15:35:32.345	Expert PTL_EA EURJPY.pro,M15: removed
2	15:35:32.366	Expert PTL_EA EURJPY.pro,M15: loaded successfully
2	15:35:32.378	Expert PTL_EA USDJPY.pro,H1: removed
2	15:35:32.399	Expert PTL_EA USDJPY.pro,H1: loaded successfully
2	15:35:32.413	Expert PTL_EA USDCAD.pro,M15: removed
2	15:35:32.434	Expert PTL_EA USDCAD.pro,M15: loaded successfully
2	15:35:32.444	Expert PTL_EA USDCHF.pro,M30: removed
2	15:35:32.466	Expert PTL_EA USDCHF.pro,M30: loaded successfully
2	15:35:32.472	Expert PTL_EA AUDUSD.pro,M15: removed
2	15:35:32.493	Expert PTL_EA AUDUSD.pro,M15: loaded successfully
2	15:35:45.570	Expert PTL_EA XAUUSD.pro,M15: removed
2	15:35:45.594	Expert PTL_EA XAUUSD.pro,M15: loaded successfully
2	15:35:45.600	Expert PTL_EA EURUSD.pro,M15: removed
2	15:35:45.621	Expert PTL_EA EURUSD.pro,M15: loaded successfully
2	15:35:45.631	Expert PTL_EA GBPUSD.pro,M15: removed
2	15:35:45.652	Expert PTL_EA GBPUSD.pro,M15: loaded successfully
2	15:35:45.664	Expert PTL_EA GBPJPY.pro,M30: removed
2	15:35:45.687	Expert PTL_EA GBPJPY.pro,M30: loaded successfully
2	15:35:45.699	Expert PTL_EA EURJPY.pro,M15: removed
2	15:35:45.721	Expert PTL_EA EURJPY.pro,M15: loaded successfully
2	15:35:45.728	Expert PTL_EA USDJPY.pro,H1: removed
2	15:35:45.750	Expert PTL_EA USDJPY.pro,H1: loaded successfully
2	15:35:45.764	Expert PTL_EA USDCAD.pro,M15: removed
2	15:35:45.786	Expert PTL_EA USDCAD.pro,M15: loaded successfully
2	15:35:45.793	Expert PTL_EA USDCHF.pro,M30: removed
2	15:35:45.815	Expert PTL_EA USDCHF.pro,M30: loaded successfully
2	15:35:45.828	Expert PTL_EA AUDUSD.pro,M15: removed
2	15:35:45.851	Expert PTL_EA AUDUSD.pro,M15: loaded successfully
2	15:35:57.194	Expert PTL_EA GBPJPY.pro,M30: removed
2	15:35:57.197	Custom indicator pipsometer_5_decimal GBPJPY.pro,M30: removed
2	15:35:57.199	Custom indicator time_table GBPJPY.pro,M30: removed
2	15:35:57.202	Custom indicator PTL_Sessions GBPJPY.pro,M30: removed
2	15:35:57.216	Custom indicator pipsometer_5_decimal GBPJPY.pro,M30: loaded successfully
2	15:35:57.230	Custom indicator time_table GBPJPY.pro,M30: loaded successfully
2	15:35:57.244	Custom indicator PTL_Sessions GBPJPY.pro,M30: loaded successfully
2	15:35:57.259	Expert PTL_EA GBPJPY.pro,M30: loaded successfully
2	15:36:04.148	Expert PTL_EA AUDUSD.pro,M15: removed
2	15:36:04.151	Custom indicator pipsometer_5_decimal AUDUSD.pro,M15: removed
2	15:36:04.153	Custom indicator time_table AUDUSD.pro,M15: removed
2	15:36:04.155	Custom indicator PTL_Sessions AUDUSD.pro,M15: removed
2	15:36:04.168	Custom indicator pipsometer_5_decimal AUDUSD.pro,M15: loaded successfully
2	15:36:04.181	Custom indicator time_table AUDUSD.pro,M15: loaded successfully
2	15:36:04.194	Custom indicator PTL_Sessions AUDUSD.pro,M15: loaded successfully
2	15:36:04.211	Expert PTL_EA AUDUSD.pro,M15: loaded successfully
2	15:36:16.753	Expert PTL_EA USDCHF.pro,M30: removed
2	15:36:16.755	Custom indicator pipsometer_5_decimal USDCHF.pro,M30: removed
2	15:36:16.758	Custom indicator time_table USDCHF.pro,M30: removed
2	15:36:16.760	Custom indicator PTL_Sessions USDCHF.pro,M30: removed
2	15:36:16.774	Custom indicator pipsometer_5_decimal USDCHF.pro,M30: loaded successfully
2	15:36:16.787	Custom indicator time_table USDCHF.pro,M30: loaded successfully
2	15:36:16.801	Custom indicator PTL_Sessions USDCHF.pro,M30: loaded successfully
2	15:36:16.816	Expert PTL_EA USDCHF.pro,M30: loaded successfully
2	15:36:21.880	Expert PTL_EA USDCHF.pro,M30: removed
2	15:36:21.883	Custom indicator pipsometer_5_decimal USDCHF.pro,M30: removed
2	15:36:21.885	Custom indicator time_table USDCHF.pro,M30: removed
2	15:36:21.887	Custom indicator PTL_Sessions USDCHF.pro,M30: removed
2	15:36:21.901	Custom indicator pipsometer_5_decimal USDCHF.pro,M30: loaded successfully
2	15:36:21.913	Custom indicator time_table USDCHF.pro,M30: loaded successfully
2	15:36:21.926	Custom indicator PTL_Sessions USDCHF.pro,M30: loaded successfully
2	15:36:21.941	Expert PTL_EA USDCHF.pro,M30: loaded successfully
2	15:36:32.990	Expert PTL_EA USDCHF.pro,M30: removed
2	15:36:32.993	Custom indicator pipsometer_5_decimal USDCHF.pro,M30: removed
2	15:36:32.995	Custom indicator time_table USDCHF.pro,M30: removed
2	15:36:32.997	Custom indicator PTL_Sessions USDCHF.pro,M30: removed
2	15:36:33.010	Custom indicator pipsometer_5_decimal USDCHF.pro,M30: loaded successfully
2	15:36:33.024	Custom indicator time_table USDCHF.pro,M30: loaded successfully
2	15:36:33.036	Custom indicator PTL_Sessions USDCHF.pro,M30: loaded successfully
2	15:36:33.051	Expert PTL_EA USDCHF.pro,M30: loaded successfully
2	15:37:18.099	Expert PTL_EA EURUSD.pro,M15: removed
2	15:37:18.102	Custom indicator pipsometer_5_decimal EURUSD.pro,M15: removed
2	15:37:18.104	Custom indicator time_table EURUSD.pro,M15: removed
2	15:37:18.106	Custom indicator PTL_Sessions EURUSD.pro,M15: removed
2	15:37:18.119	Custom indicator pipsometer_5_decimal EURUSD.pro,M15: loaded successfully
2	15:37:18.132	Custom indicator time_table EURUSD.pro,M15: loaded successfully
2	15:37:18.144	Custom indicator PTL_Sessions EURUSD.pro,M15: loaded successfully
2	15:37:18.159	Expert PTL_EA EURUSD.pro,M15: loaded successfully
2	15:37:28.629	Expert PTL_EA XAUUSD.pro,M15: removed
2	15:37:28.632	Custom indicator pipsometer_5_decimal XAUUSD.pro,M15: removed
2	15:37:28.635	Custom indicator time_table XAUUSD.pro,M15: removed
2	15:37:28.637	Custom indicator PTL_Sessions XAUUSD.pro,M15: removed
2	15:37:28.651	Custom indicator pipsometer_5_decimal XAUUSD.pro,M15: loaded successfully
2	15:37:28.662	Custom indicator time_table XAUUSD.pro,M15: loaded successfully
2	15:37:28.676	Custom indicator PTL_Sessions XAUUSD.pro,M15: loaded successfully
2	15:37:28.691	Expert PTL_EA XAUUSD.pro,M15: loaded successfully
2	15:37:34.913	Expert PTL_EA AUDUSD.pro,M15: removed
2	15:37:34.916	Custom indicator pipsometer_5_decimal AUDUSD.pro,M15: removed
2	15:37:34.919	Custom indicator time_table AUDUSD.pro,M15: removed
2	15:37:34.921	Custom indicator PTL_Sessions AUDUSD.pro,M15: removed
2	15:37:34.936	Custom indicator pipsometer_5_decimal AUDUSD.pro,M15: loaded successfully
2	15:37:34.949	Custom indicator time_table AUDUSD.pro,M15: loaded successfully
2	15:37:34.963	Custom indicator PTL_Sessions AUDUSD.pro,M15: loaded successfully
2	15:37:34.978	Expert PTL_EA AUDUSD.pro,M15: loaded successfully
2	15:37:43.675	Expert PTL_EA USDCHF.pro,M30: removed
2	15:37:43.678	Custom indicator pipsometer_5_decimal USDCHF.pro,M30: removed
2	15:37:43.680	Custom indicator time_table USDCHF.pro,M30: removed
2	15:37:43.682	Custom indicator PTL_Sessions USDCHF.pro,M30: removed
2	15:37:43.697	Custom indicator pipsometer_5_decimal USDCHF.pro,M30: loaded successfully
2	15:37:43.711	Custom indicator time_table USDCHF.pro,M30: loaded successfully
2	15:37:43.725	Custom indicator PTL_Sessions USDCHF.pro,M30: loaded successfully
2	15:37:43.740	Expert PTL_EA USDCHF.pro,M30: loaded successfully
2	15:37:47.007	Expert PTL_EA USDCAD.pro,M15: removed
2	15:37:47.010	Custom indicator pipsometer_5_decimal USDCAD.pro,M15: removed
2	15:37:47.012	Custom indicator time_table USDCAD.pro,M15: removed
2	15:37:47.015	Custom indicator PTL_Sessions USDCAD.pro,M15: removed
2	15:37:47.028	Custom indicator pipsometer_5_decimal USDCAD.pro,M15: loaded successfully
2	15:37:47.042	Custom indicator time_table USDCAD.pro,M15: loaded successfully
2	15:37:47.056	Custom indicator PTL_Sessions USDCAD.pro,M15: loaded successfully
2	15:37:47.072	Expert PTL_EA USDCAD.pro,M15: loaded successfully
2	15:37:57.748	Expert PTL_EA USDJPY.pro,H1: removed
2	15:37:57.751	Custom indicator pipsometer_5_decimal USDJPY.pro,H1: removed
2	15:37:57.753	Custom indicator time_table USDJPY.pro,H1: removed
2	15:37:57.755	Custom indicator PTL_Sessions USDJPY.pro,H1: removed
2	15:37:57.769	Custom indicator pipsometer_5_decimal USDJPY.pro,H1: loaded successfully
2	15:37:57.782	Custom indicator time_table USDJPY.pro,H1: loaded successfully
2	15:37:57.794	Custom indicator PTL_Sessions USDJPY.pro,H1: loaded successfully
2	15:37:57.810	Expert PTL_EA USDJPY.pro,H1: loaded successfully
2	15:38:04.421	Expert PTL_EA EURJPY.pro,M15: removed
2	15:38:04.424	Custom indicator pipsometer_5_decimal EURJPY.pro,M15: removed
2	15:38:04.426	Custom indicator time_table EURJPY.pro,M15: removed
2	15:38:04.428	Custom indicator PTL_Sessions EURJPY.pro,M15: removed
2	15:38:04.441	Custom indicator pipsometer_5_decimal EURJPY.pro,M15: loaded successfully
2	15:38:04.454	Custom indicator time_table EURJPY.pro,M15: loaded successfully
2	15:38:04.467	Custom indicator PTL_Sessions EURJPY.pro,M15: loaded successfully
2	15:38:04.482	Expert PTL_EA EURJPY.pro,M15: loaded successfully
2	15:38:10.574	Expert PTL_EA GBPUSD.pro,M15: removed
2	15:38:10.577	Custom indicator pipsometer_5_decimal GBPUSD.pro,M15: removed
2	15:38:10.580	Custom indicator PTL_Sessions GBPUSD.pro,M15: removed
2	15:38:10.593	Custom indicator pipsometer_5_decimal GBPUSD.pro,M15: loaded successfully
2	15:38:10.606	Custom indicator time_table GBPUSD.pro,M15: loaded successfully
2	15:38:10.619	Custom indicator PTL_Sessions GBPUSD.pro,M15: loaded successfully
2	15:38:10.634	Expert PTL_EA GBPUSD.pro,M15: loaded successfully
2	15:51:19.110	Expert PTL_EA GBPUSD.pro,M15: removed
2	15:51:19.112	Custom indicator pipsometer_5_decimal GBPUSD.pro,M15: removed
2	15:51:19.115	Custom indicator time_table GBPUSD.pro,M15: removed
2	15:51:19.118	Custom indicator PTL_Sessions GBPUSD.pro,M15: removed
2	15:51:19.132	Custom indicator pipsometer_5_decimal GBPUSD.pro,M15: loaded successfully
2	15:51:19.145	Custom indicator time_table GBPUSD.pro,M15: loaded successfully
2	15:51:19.158	Custom indicator PTL_Sessions GBPUSD.pro,M15: loaded successfully
2	15:51:19.174	Expert PTL_EA GBPUSD.pro,M15: loaded successfully
2	16:10:17.917	Expert PTL_EA XAUUSD.pro,M15: removed
2	16:10:17.942	Expert PTL_EA XAUUSD.pro,M15: loaded successfully
2	16:10:17.952	Expert PTL_EA EURUSD.pro,M15: removed
2	16:10:17.976	Expert PTL_EA EURUSD.pro,M15: loaded successfully
2	16:10:17.988	Expert PTL_EA GBPUSD.pro,M15: removed
2	16:10:18.013	Expert PTL_EA GBPUSD.pro,M15: loaded successfully
2	16:10:18.027	Expert PTL_EA GBPJPY.pro,M30: removed
2	16:10:18.052	Expert PTL_EA GBPJPY.pro,M30: loaded successfully
2	16:10:18.068	Expert PTL_EA EURJPY.pro,M15: removed
2	16:10:18.096	Expert PTL_EA EURJPY.pro,M15: loaded successfully
2	16:10:18.113	Expert PTL_EA USDJPY.pro,H1: removed
2	16:10:18.140	Expert PTL_EA USDJPY.pro,H1: loaded successfully
2	16:10:18.156	Expert PTL_EA USDCAD.pro,M15: removed
2	16:10:18.183	Expert PTL_EA USDCAD.pro,M15: loaded successfully
2	16:10:18.200	Expert PTL_EA USDCHF.pro,M30: removed
2	16:10:18.227	Expert PTL_EA USDCHF.pro,M30: loaded successfully
2	16:10:18.243	Expert PTL_EA AUDUSD.pro,M15: removed
2	16:10:18.277	Expert PTL_EA AUDUSD.pro,M15: loaded successfully
2	16:11:52.063	Expert PTL_EA XAUUSD.pro,M15: removed
2	16:11:52.089	Expert PTL_EA XAUUSD.pro,M15: loaded successfully
2	16:11:52.095	Expert PTL_EA EURUSD.pro,M15: removed
2	16:11:52.120	Expert PTL_EA EURUSD.pro,M15: loaded successfully
2	16:11:52.137	Expert PTL_EA GBPUSD.pro,M15: removed
2	16:11:52.160	Expert PTL_EA GBPUSD.pro,M15: loaded successfully
2	16:11:55.318	Expert PTL_EA GBPJPY.pro,M30: removed
2	16:11:55.350	Expert PTL_EA GBPJPY.pro,M30: loaded successfully
2	16:11:55.355	Expert PTL_EA EURJPY.pro,M15: removed
2	16:11:55.375	Expert PTL_EA EURJPY.pro,M15: loaded successfully
2	16:11:55.381	Expert PTL_EA USDJPY.pro,H1: removed
2	16:11:55.414	Expert PTL_EA USDJPY.pro,H1: loaded successfully
2	16:11:55.438	Expert PTL_EA USDCAD.pro,M15: removed
2	16:11:55.462	Expert PTL_EA USDCAD.pro,M15: loaded successfully
2	16:11:55.480	Expert PTL_EA USDCHF.pro,M30: removed
2	16:11:55.508	Expert PTL_EA USDCHF.pro,M30: loaded successfully
2	16:11:55.521	Expert PTL_EA AUDUSD.pro,M15: removed
2	16:11:55.547	Expert PTL_EA AUDUSD.pro,M15: loaded successfully
2	16:15:00.861	Custom indicator pipsometer_5_decimal EURJPY.pro,M15: loaded successfully
2	16:15:00.873	Custom indicator time_table EURJPY.pro,M15: loaded successfully
2	16:15:00.885	Custom indicator PTL_Sessions EURJPY.pro,M15: loaded successfully
2	16:15:00.900	Expert PTL_EA EURJPY.pro,M15: loaded successfully
2	16:15:01.000	Custom indicator pipsometer_5_decimal GBPJPY.pro,M15: loaded successfully
2	16:15:01.015	Custom indicator time_table GBPJPY.pro,M15: loaded successfully
2	16:15:01.029	Custom indicator PTL_Sessions GBPJPY.pro,M15: loaded successfully
2	16:15:01.046	Expert PTL_EA GBPJPY.pro,M15: loaded successfully
2	16:15:02.418	Expert PTL_EA EURJPY.pro,M15: removed
2	16:15:02.425	Custom indicator pipsometer_5_decimal EURJPY.pro,M15: removed
2	16:15:02.429	Custom indicator time_table EURJPY.pro,M15: removed
2	16:15:02.433	Custom indicator PTL_Sessions EURJPY.pro,M15: removed
2	16:15:02.476	Expert PTL_EA GBPJPY.pro,M15: removed
2	16:15:02.479	Custom indicator pipsometer_5_decimal GBPJPY.pro,M15: removed
2	16:15:02.482	Custom indicator time_table GBPJPY.pro,M15: removed
2	16:15:02.484	Custom indicator PTL_Sessions GBPJPY.pro,M15: removed
2	16:15:27.846	Expert PTL_EA XAUUSD.pro,M15: removed
2	16:15:27.863	Expert PTL_EA XAUUSD.pro,M15: loaded successfully
2	16:15:27.870	Expert PTL_EA EURUSD.pro,M15: removed
2	16:15:27.889	Expert PTL_EA EURUSD.pro,M15: loaded successfully
2	16:15:27.899	Expert PTL_EA GBPUSD.pro,M15: removed
2	16:15:27.920	Expert PTL_EA GBPUSD.pro,M15: loaded successfully
2	16:15:27.931	Expert PTL_EA GBPJPY.pro,M15: removed
2	16:15:27.953	Expert PTL_EA GBPJPY.pro,M15: loaded successfully
2	16:15:27.964	Expert PTL_EA EURJPY.pro,M15: removed
2	16:15:27.984	Expert PTL_EA EURJPY.pro,M15: loaded successfully
2	16:15:28.000	Expert PTL_EA USDJPY.pro,H1: removed
2	16:15:28.024	Expert PTL_EA USDJPY.pro,H1: loaded successfully
2	16:15:28.035	Expert PTL_EA USDCAD.pro,M15: removed
2	16:15:28.066	Expert PTL_EA USDCAD.pro,M15: loaded successfully
2	16:15:28.081	Expert PTL_EA USDCHF.pro,M30: removed
2	16:15:28.104	Expert PTL_EA USDCHF.pro,M30: loaded successfully
2	16:15:28.116	Expert PTL_EA AUDUSD.pro,M15: removed
2	16:15:28.136	Expert PTL_EA AUDUSD.pro,M15: loaded successfully
2	17:47:39.073	Expert PTL_EA GBPUSD.pro,M15: removed
2	17:47:39.077	Custom indicator pipsometer_5_decimal GBPUSD.pro,M15: removed
2	17:47:39.079	Custom indicator time_table GBPUSD.pro,M15: removed
2	17:47:39.081	Custom indicator PTL_Sessions GBPUSD.pro,M15: removed
2	17:47:39.095	Custom indicator pipsometer_5_decimal GBPUSD.pro,M15: loaded successfully
2	17:47:39.107	Custom indicator time_table GBPUSD.pro,M15: loaded successfully
2	17:47:39.120	Custom indicator PTL_Sessions GBPUSD.pro,M15: loaded successfully
2	17:47:39.133	Expert PTL_EA GBPUSD.pro,M15: loaded successfully
1	17:54:08.334	'4136965': ping failed
1	17:54:19.364	'4136965': datacenter connecting failed [6]
1	17:54:19.513	MQL5.community: authorization failed
1	17:54:19.518	'4136965': connect failed [No connection]
1	17:54:19.808	MQL5.community: authorization failed
0	17:54:47.661	'4136965': login on AxiTrader-US02-Live through AxiAccelerator (ping: n/a)
0	17:54:49.519	'4136965': login datacenter on AxiTrader-US02-Live through AxiAccelerator (ping: n/a)
0	17:54:50.308	'4136965': previous successful authorization performed from 65.115.8.107
0	17:55:07.634	'4136965': ping to current access point AxiAccelerator is 256.80 ms
0	17:59:29.929	'4136965': login on AxiTrader-US02-Live through AxiAccelerator (ping: 256.80 ms)
0	17:59:31.714	'4136965': login datacenter on AxiTrader-US02-Live through AxiAccelerator (ping: 256.80 ms)
0	17:59:32.447	'4136965': previous successful authorization performed from 65.115.8.114
0	19:31:01.828	'4136965': order sell market 0.05 GBPUSD.pro sl: 0.00000 tp: 0.00000
0	19:31:02.252	'4136965': order was opened : #68320861 sell 0.05 GBPUSD.pro at 1.22602 sl: 0.00000 tp: 0.00000
0	19:31:09.428	'4136965': modify order #68320861 sell 0.05 GBPUSD.pro at 1.22602 sl: 0.00000 tp: 0.00000 -> sl: 1.22848 tp: 0.00000
0	19:31:09.768	'4136965': order #68320861 sell 0.05 GBPUSD.pro at 1.22602 was modified -> sl: 1.22848 tp: 0.00000
0	19:31:15.715	'4136965': modify order #68320861 sell 0.05 GBPUSD.pro at 1.22602 sl: 1.22848 tp: 0.00000 -> sl: 1.22848 tp: 1.22369
0	19:31:16.048	'4136965': order #68320861 sell 0.05 GBPUSD.pro at 1.22602 was modified -> sl: 1.22848 tp: 1.22369
0	19:31:29.807	'4136965': modify order #68320861 sell 0.05 GBPUSD.pro at 1.22602 sl: 1.22848 tp: 1.22369 -> sl: 1.22792 tp: 1.22369
0	19:31:30.162	'4136965': order #68320861 sell 0.05 GBPUSD.pro at 1.22602 was modified -> sl: 1.22792 tp: 1.22369
0	19:36:44.359	'4136965': close order #68320861 sell 0.05 GBPUSD.pro at 1.22602 sl: 1.22792 tp: 1.22369 at price 0.00000
0	19:36:44.733	'4136965': order #68320861 sell 0.05 GBPUSD.pro at 1.22602 sl: 1.22792 tp: 1.22369 closed at price 1.22701
2	19:44:06.864	Expert PTL_EA XAUUSD.pro,M15: removed
2	19:44:06.873	Custom indicator pipsometer_5_decimal XAUUSD.pro,M15: removed
2	19:44:06.878	Custom indicator time_table XAUUSD.pro,M15: removed
2	19:44:06.883	Custom indicator PTL_Sessions XAUUSD.pro,M15: removed
2	19:44:06.901	Expert PTL_EA EURUSD.pro,M15: removed
2	19:44:06.907	Custom indicator pipsometer_5_decimal EURUSD.pro,M15: removed
2	19:44:06.912	Custom indicator time_table EURUSD.pro,M15: removed
2	19:44:06.916	Custom indicator PTL_Sessions EURUSD.pro,M15: removed
2	19:44:06.924	Expert PTL_EA GBPUSD.pro,M15: removed
2	19:44:06.929	Custom indicator pipsometer_5_decimal GBPUSD.pro,M15: removed
2	19:44:06.933	Custom indicator time_table GBPUSD.pro,M15: removed
2	19:44:06.936	Custom indicator PTL_Sessions GBPUSD.pro,M15: removed
2	19:44:06.960	Expert PTL_EA GBPJPY.pro,M15: removed
2	19:44:06.968	Custom indicator pipsometer_5_decimal GBPJPY.pro,M15: removed
2	19:44:06.972	Custom indicator time_table GBPJPY.pro,M15: removed
2	19:44:06.976	Custom indicator PTL_Sessions GBPJPY.pro,M15: removed
2	19:44:06.985	Expert PTL_EA EURJPY.pro,M15: removed
2	19:44:06.989	Custom indicator pipsometer_5_decimal EURJPY.pro,M15: removed
2	19:44:06.992	Custom indicator time_table EURJPY.pro,M15: removed
2	19:44:06.995	Custom indicator PTL_Sessions EURJPY.pro,M15: removed
2	19:44:07.002	Expert PTL_EA USDJPY.pro,M15: removed
2	19:44:07.006	Custom indicator pipsometer_5_decimal USDJPY.pro,M15: removed
2	19:44:07.009	Custom indicator time_table USDJPY.pro,M15: removed
2	19:44:07.013	Custom indicator PTL_Sessions USDJPY.pro,M15: removed
2	19:44:07.019	Expert PTL_EA USDCAD.pro,M15: removed
2	19:44:07.025	Custom indicator pipsometer_5_decimal USDCAD.pro,M15: removed
2	19:44:07.028	Custom indicator time_table USDCAD.pro,M15: removed
2	19:44:07.033	Custom indicator PTL_Sessions USDCAD.pro,M15: removed
2	19:44:07.051	Expert PTL_EA USDCHF.pro,M30: removed
2	19:44:07.057	Custom indicator pipsometer_5_decimal USDCHF.pro,M30: removed
2	19:44:07.060	Custom indicator time_table USDCHF.pro,M30: removed
2	19:44:07.063	Custom indicator PTL_Sessions USDCHF.pro,M30: removed
2	19:44:07.077	Expert PTL_EA AUDUSD.pro,M15: removed
2	19:44:07.082	Custom indicator pipsometer_5_decimal AUDUSD.pro,M15: removed
2	19:44:07.085	Custom indicator time_table AUDUSD.pro,M15: removed
2	19:44:07.087	Custom indicator PTL_Sessions AUDUSD.pro,M15: removed
0	19:44:10.652	MetaTrader build 1260 stopped
0	19:44:13.108	MetaTrader build 1260 started (AxiCorp Financial Services Pty Ltd)
0	19:44:13.109	Windows 10 Enterprise x64, IE 11, UAC, 4 x Intel Core i5-4210U  @ 1.70GHz, Memory: 6703 / 12176 Mb, Disk: 53 / 99 Gb, GMT+7
0	19:44:13.109	Data Folder: C:\Users\PHAM THANH LUAN\AppData\Roaming\MetaQuotes\Terminal\9662C61C6715C26397817D3943CECEEC
2	19:44:15.166	Custom indicator pipsometer_5_decimal XAUUSD.pro,M15: loaded successfully
2	19:44:15.182	Custom indicator time_table XAUUSD.pro,M15: loaded successfully
2	19:44:15.195	Custom indicator PTL_Sessions XAUUSD.pro,M15: loaded successfully
2	19:44:15.209	Expert PTL_EA XAUUSD.pro,M15: loaded successfully
2	19:44:15.325	Custom indicator pipsometer_5_decimal EURUSD.pro,M15: loaded successfully
2	19:44:15.341	Custom indicator time_table EURUSD.pro,M15: loaded successfully
2	19:44:15.355	Custom indicator PTL_Sessions EURUSD.pro,M15: loaded successfully
2	19:44:15.368	Expert PTL_EA EURUSD.pro,M15: loaded successfully
2	19:44:15.501	Custom indicator pipsometer_5_decimal GBPUSD.pro,M15: loaded successfully
2	19:44:15.514	Custom indicator time_table GBPUSD.pro,M15: loaded successfully
2	19:44:15.527	Custom indicator PTL_Sessions GBPUSD.pro,M15: loaded successfully
2	19:44:15.541	Expert PTL_EA GBPUSD.pro,M15: loaded successfully
2	19:44:15.662	Custom indicator pipsometer_5_decimal GBPJPY.pro,M15: loaded successfully
2	19:44:15.675	Custom indicator time_table GBPJPY.pro,M15: loaded successfully
2	19:44:15.688	Custom indicator PTL_Sessions GBPJPY.pro,M15: loaded successfully
2	19:44:15.701	Expert PTL_EA GBPJPY.pro,M15: loaded successfully
2	19:44:15.825	Custom indicator pipsometer_5_decimal EURJPY.pro,M15: loaded successfully
2	19:44:15.838	Custom indicator time_table EURJPY.pro,M15: loaded successfully
2	19:44:15.855	Custom indicator PTL_Sessions EURJPY.pro,M15: loaded successfully
2	19:44:15.867	Expert PTL_EA EURJPY.pro,M15: loaded successfully
2	19:44:16.005	Custom indicator pipsometer_5_decimal USDJPY.pro,M15: loaded successfully
2	19:44:16.019	Custom indicator time_table USDJPY.pro,M15: loaded successfully
2	19:44:16.031	Custom indicator PTL_Sessions USDJPY.pro,M15: loaded successfully
2	19:44:16.046	Expert PTL_EA USDJPY.pro,M15: loaded successfully
2	19:44:16.168	Custom indicator pipsometer_5_decimal USDCAD.pro,M15: loaded successfully
2	19:44:16.180	Custom indicator time_table USDCAD.pro,M15: loaded successfully
2	19:44:16.193	Custom indicator PTL_Sessions USDCAD.pro,M15: loaded successfully
2	19:44:16.208	Expert PTL_EA USDCAD.pro,M15: loaded successfully
2	19:44:16.340	Custom indicator pipsometer_5_decimal USDCHF.pro,M30: loaded successfully
2	19:44:16.353	Custom indicator time_table USDCHF.pro,M30: loaded successfully
2	19:44:16.366	Custom indicator PTL_Sessions USDCHF.pro,M30: loaded successfully
2	19:44:16.381	Expert PTL_EA USDCHF.pro,M30: loaded successfully
2	19:44:16.521	Custom indicator pipsometer_5_decimal AUDUSD.pro,M15: loaded successfully
2	19:44:16.536	Custom indicator time_table AUDUSD.pro,M15: loaded successfully
2	19:44:16.550	Custom indicator PTL_Sessions AUDUSD.pro,M15: loaded successfully
2	19:44:16.564	Expert PTL_EA AUDUSD.pro,M15: loaded successfully
0	19:44:17.919	'4136965': login on AxiTrader-US02-Live through AxiAccelerator (ping: 256.80 ms)
0	19:44:20.034	'4136965': login datacenter on AxiTrader-US02-Live through AxiAccelerator (ping: 256.80 ms)
0	19:44:20.748	'4136965': previous successful authorization performed from 65.115.8.107
0	19:44:27.260	'4136965': ping to current access point AxiAccelerator is 252.64 ms
2	22:22:45.415	Expert PTL_EA XAUUSD.pro,M15: removed
2	22:22:45.419	Custom indicator pipsometer_5_decimal XAUUSD.pro,M15: removed
2	22:22:45.423	Custom indicator time_table XAUUSD.pro,M15: removed
2	22:22:45.426	Custom indicator PTL_Sessions XAUUSD.pro,M15: removed
2	22:22:45.432	Expert PTL_EA EURUSD.pro,M15: removed
2	22:22:45.436	Custom indicator pipsometer_5_decimal EURUSD.pro,M15: removed
2	22:22:45.439	Custom indicator time_table EURUSD.pro,M15: removed
2	22:22:45.441	Custom indicator PTL_Sessions EURUSD.pro,M15: removed
2	22:22:45.462	Expert PTL_EA GBPUSD.pro,M15: removed
2	22:22:45.467	Custom indicator pipsometer_5_decimal GBPUSD.pro,M15: removed
2	22:22:45.470	Custom indicator time_table GBPUSD.pro,M15: removed
2	22:22:45.472	Custom indicator PTL_Sessions GBPUSD.pro,M15: removed
2	22:22:45.477	Expert PTL_EA GBPJPY.pro,M15: removed
2	22:22:45.481	Custom indicator pipsometer_5_decimal GBPJPY.pro,M15: removed
2	22:22:45.483	Custom indicator time_table GBPJPY.pro,M15: removed
2	22:22:45.486	Custom indicator PTL_Sessions GBPJPY.pro,M15: removed
2	22:22:45.490	Expert PTL_EA EURJPY.pro,M15: removed
2	22:22:45.495	Custom indicator pipsometer_5_decimal EURJPY.pro,M15: removed
2	22:22:45.497	Custom indicator time_table EURJPY.pro,M15: removed
2	22:22:45.500	Custom indicator PTL_Sessions EURJPY.pro,M15: removed
2	22:22:45.505	Expert PTL_EA USDJPY.pro,M15: removed
2	22:22:45.508	Custom indicator pipsometer_5_decimal USDJPY.pro,M15: removed
2	22:22:45.510	Custom indicator time_table USDJPY.pro,M15: removed
2	22:22:45.513	Custom indicator PTL_Sessions USDJPY.pro,M15: removed
2	22:22:45.518	Expert PTL_EA USDCAD.pro,M15: removed
2	22:22:45.522	Custom indicator pipsometer_5_decimal USDCAD.pro,M15: removed
2	22:22:45.524	Custom indicator time_table USDCAD.pro,M15: removed
2	22:22:45.526	Custom indicator PTL_Sessions USDCAD.pro,M15: removed
2	22:22:45.532	Expert PTL_EA USDCHF.pro,M30: removed
2	22:22:45.535	Custom indicator pipsometer_5_decimal USDCHF.pro,M30: removed
2	22:22:45.538	Custom indicator time_table USDCHF.pro,M30: removed
2	22:22:45.540	Custom indicator PTL_Sessions USDCHF.pro,M30: removed
2	22:22:45.548	Expert PTL_EA AUDUSD.pro,M15: removed
2	22:22:45.552	Custom indicator pipsometer_5_decimal AUDUSD.pro,M15: removed
2	22:22:45.554	Custom indicator time_table AUDUSD.pro,M15: removed
2	22:22:45.556	Custom indicator PTL_Sessions AUDUSD.pro,M15: removed
0	22:22:47.996	MetaTrader build 1260 stopped
