0	15:36:02.336	MetaTrader build 1260 started (AxiCorp Financial Services Pty Ltd)
0	15:36:02.337	Windows 10 Enterprise x64, IE 11, UAC, 4 x Intel Core i5-4210U  @ 1.70GHz, Memory: 6962 / 12176 Mb, Disk: 62 / 99 Gb, GMT+7
0	15:36:02.337	Data Folder: C:\Users\PHAM THANH LUAN\AppData\Roaming\MetaQuotes\Terminal\9662C61C6715C26397817D3943CECEEC
2	15:36:04.843	Custom indicator pipsometer_5_decimal XAUUSD.pro,M15: loaded successfully
2	15:36:04.859	Custom indicator time_table XAUUSD.pro,M15: loaded successfully
2	15:36:04.876	Custom indicator PTL_Sessions XAUUSD.pro,M15: loaded successfully
2	15:36:04.894	Expert PTL_EA XAUUSD.pro,M15: loaded successfully
2	15:36:05.053	Custom indicator pipsometer_5_decimal EURUSD.pro,M30: loaded successfully
2	15:36:05.073	Custom indicator time_table EURUSD.pro,M30: loaded successfully
2	15:36:05.099	Custom indicator PTL_Sessions EURUSD.pro,M30: loaded successfully
2	15:36:05.115	Expert PTL_EA EURUSD.pro,M30: loaded successfully
2	15:36:05.259	Custom indicator pipsometer_5_decimal GBPUSD.pro,M15: loaded successfully
2	15:36:05.272	Custom indicator time_table GBPUSD.pro,M15: loaded successfully
2	15:36:05.285	Custom indicator PTL_Sessions GBPUSD.pro,M15: loaded successfully
2	15:36:05.297	Expert PTL_EA GBPUSD.pro,M15: loaded successfully
2	15:36:05.460	Custom indicator pipsometer_5_decimal GBPJPY.pro,M15: loaded successfully
2	15:36:05.474	Custom indicator time_table GBPJPY.pro,M15: loaded successfully
2	15:36:05.488	Custom indicator PTL_Sessions GBPJPY.pro,M15: loaded successfully
2	15:36:05.502	Expert PTL_EA GBPJPY.pro,M15: loaded successfully
2	15:36:05.654	Custom indicator pipsometer_5_decimal EURJPY.pro,H1: loaded successfully
2	15:36:05.669	Custom indicator time_table EURJPY.pro,H1: loaded successfully
2	15:36:05.683	Custom indicator PTL_Sessions EURJPY.pro,H1: loaded successfully
2	15:36:05.698	Expert PTL_EA EURJPY.pro,H1: loaded successfully
2	15:36:05.849	Custom indicator pipsometer_5_decimal EURGBP.pro,M15: loaded successfully
2	15:36:05.866	Custom indicator time_table EURGBP.pro,M15: loaded successfully
2	15:36:05.881	Custom indicator PTL_Sessions EURGBP.pro,M15: loaded successfully
2	15:36:05.898	Expert PTL_EA EURGBP.pro,M15: loaded successfully
2	15:36:06.052	Custom indicator pipsometer_5_decimal USDJPY.pro,M15: loaded successfully
2	15:36:06.064	Custom indicator time_table USDJPY.pro,M15: loaded successfully
2	15:36:06.077	Custom indicator PTL_Sessions USDJPY.pro,M15: loaded successfully
2	15:36:06.089	Expert PTL_EA USDJPY.pro,M15: loaded successfully
2	15:36:06.257	Custom indicator pipsometer_5_decimal USDCAD.pro,M15: loaded successfully
2	15:36:06.272	Custom indicator time_table USDCAD.pro,M15: loaded successfully
2	15:36:06.286	Custom indicator PTL_Sessions USDCAD.pro,M15: loaded successfully
2	15:36:06.301	Expert PTL_EA USDCAD.pro,M15: loaded successfully
2	15:36:06.449	Custom indicator pipsometer_5_decimal USDCHF.pro,M15: loaded successfully
2	15:36:06.462	Custom indicator time_table USDCHF.pro,M15: loaded successfully
2	15:36:06.474	Custom indicator PTL_Sessions USDCHF.pro,M15: loaded successfully
2	15:36:06.487	Expert PTL_EA USDCHF.pro,M15: loaded successfully
2	15:36:06.648	Custom indicator pipsometer_5_decimal AUDUSD.pro,M15: loaded successfully
2	15:36:06.659	Custom indicator time_table AUDUSD.pro,M15: loaded successfully
2	15:36:06.671	Custom indicator PTL_Sessions AUDUSD.pro,M15: loaded successfully
2	15:36:06.684	Expert PTL_EA AUDUSD.pro,M15: loaded successfully
2	15:36:06.912	Custom indicator pipsometer_5_decimal NZDUSD.pro,M15: loaded successfully
2	15:36:06.930	Custom indicator time_table NZDUSD.pro,M15: loaded successfully
2	15:36:06.950	Custom indicator PTL_Sessions NZDUSD.pro,M15: loaded successfully
2	15:36:06.969	Expert PTL_EA NZDUSD.pro,M15: loaded successfully
2	15:36:07.147	Custom indicator pipsometer_5_decimal EURAUD.pro,M15: loaded successfully
2	15:36:07.162	Custom indicator time_table EURAUD.pro,M15: loaded successfully
2	15:36:07.176	Custom indicator PTL_Sessions EURAUD.pro,M15: loaded successfully
2	15:36:07.191	Expert PTL_EA EURAUD.pro,M15: loaded successfully
2	15:36:07.342	Custom indicator pipsometer_5_decimal GBPAUD.pro,H1: loaded successfully
2	15:36:07.356	Custom indicator time_table GBPAUD.pro,H1: loaded successfully
2	15:36:07.369	Custom indicator PTL_Sessions GBPAUD.pro,H1: loaded successfully
2	15:36:07.383	Expert PTL_EA GBPAUD.pro,H1: loaded successfully
2	15:36:07.526	Custom indicator pipsometer_5_decimal EURCAD.pro,M15: loaded successfully
2	15:36:07.541	Custom indicator time_table EURCAD.pro,M15: loaded successfully
2	15:36:07.555	Custom indicator PTL_Sessions EURCAD.pro,M15: loaded successfully
2	15:36:07.572	Expert PTL_EA EURCAD.pro,M15: loaded successfully
2	15:36:07.778	Custom indicator pipsometer_5_decimal GBPCAD.pro,H1: loaded successfully
2	15:36:07.805	Custom indicator time_table GBPCAD.pro,H1: loaded successfully
2	15:36:07.819	Custom indicator PTL_Sessions GBPCAD.pro,H1: loaded successfully
2	15:36:07.837	Expert PTL_EA GBPCAD.pro,H1: loaded successfully
0	15:36:09.533	'4136965': login on AxiTrader-US02-Live through AxiAccelerator (ping: 250.41 ms)
0	15:36:11.519	'4136965': login datacenter on AxiTrader-US02-Live through AxiAccelerator (ping: 250.41 ms)
0	15:36:12.211	'4136965': previous successful authorization performed from 128.177.176.121
0	15:36:17.346	'4136965': ping to current access point AxiAccelerator is 236.29 ms
1	15:45:52.208	'4136965': ping failed
1	15:45:52.209	'4136965': datacenter connecting failed [6]
1	15:45:52.819	'4136965': connect failed [No connection]
0	15:46:50.165	'4136965': login on AxiTrader-US02-Live through Alternate DC US1 (ping: n/a)
0	15:46:52.225	'4136965': login datacenter on AxiTrader-US02-Live through Alternate DC US1 (ping: n/a)
0	15:46:52.953	'4136965': previous successful authorization performed from 208.46.149.116
0	15:46:57.891	'4136965': ping to current access point Alternate DC US1 is 230.32 ms
0	15:47:09.908	'4136965': login on AxiTrader-US02-Live through AxiAccelerator (ping: 250.97 ms)
0	15:47:11.976	'4136965': login datacenter on AxiTrader-US02-Live through AxiAccelerator (ping: 250.97 ms)
0	15:47:12.665	'4136965': previous successful authorization performed from 171.245.206.45
0	15:47:25.390	'4136965': login on AxiTrader-US02-Live through Alternate DC US1 (ping: 230.32 ms)
0	15:47:27.452	'4136965': login datacenter on AxiTrader-US02-Live through Alternate DC US1 (ping: 230.32 ms)
0	15:47:28.173	'4136965': previous successful authorization performed from 204.245.143.115
1	15:50:39.728	'4136965': connect failed [No connection]
2	16:11:28.171	Expert PTL_EA XAUUSD.pro,M15: removed
2	16:11:28.178	Custom indicator pipsometer_5_decimal XAUUSD.pro,M15: removed
2	16:11:28.181	Custom indicator time_table XAUUSD.pro,M15: removed
2	16:11:28.183	Custom indicator PTL_Sessions XAUUSD.pro,M15: removed
2	16:11:28.188	Expert PTL_EA EURUSD.pro,M30: removed
2	16:11:28.195	Custom indicator pipsometer_5_decimal EURUSD.pro,M30: removed
2	16:11:28.198	Custom indicator time_table EURUSD.pro,M30: removed
2	16:11:28.200	Custom indicator PTL_Sessions EURUSD.pro,M30: removed
2	16:11:28.224	Expert PTL_EA GBPUSD.pro,M15: removed
2	16:11:28.231	Custom indicator pipsometer_5_decimal GBPUSD.pro,M15: removed
2	16:11:28.233	Custom indicator time_table GBPUSD.pro,M15: removed
2	16:11:28.236	Custom indicator PTL_Sessions GBPUSD.pro,M15: removed
2	16:11:28.258	Expert PTL_EA GBPJPY.pro,M15: removed
2	16:11:28.263	Custom indicator pipsometer_5_decimal GBPJPY.pro,M15: removed
2	16:11:28.266	Custom indicator time_table GBPJPY.pro,M15: removed
2	16:11:28.268	Custom indicator PTL_Sessions GBPJPY.pro,M15: removed
2	16:11:28.274	Expert PTL_EA EURJPY.pro,H1: removed
2	16:11:28.279	Custom indicator pipsometer_5_decimal EURJPY.pro,H1: removed
2	16:11:28.282	Custom indicator time_table EURJPY.pro,H1: removed
2	16:11:28.284	Custom indicator PTL_Sessions EURJPY.pro,H1: removed
2	16:11:28.290	Expert PTL_EA EURGBP.pro,M15: removed
2	16:11:28.296	Custom indicator pipsometer_5_decimal EURGBP.pro,M15: removed
2	16:11:28.298	Custom indicator time_table EURGBP.pro,M15: removed
2	16:11:28.301	Custom indicator PTL_Sessions EURGBP.pro,M15: removed
2	16:11:28.319	Expert PTL_EA USDJPY.pro,M15: removed
2	16:11:28.339	Custom indicator pipsometer_5_decimal USDJPY.pro,M15: removed
2	16:11:28.343	Custom indicator time_table USDJPY.pro,M15: removed
2	16:11:28.348	Custom indicator PTL_Sessions USDJPY.pro,M15: removed
2	16:11:28.357	Expert PTL_EA USDCAD.pro,M15: removed
2	16:11:28.363	Custom indicator pipsometer_5_decimal USDCAD.pro,M15: removed
2	16:11:28.366	Custom indicator time_table USDCAD.pro,M15: removed
2	16:11:28.368	Custom indicator PTL_Sessions USDCAD.pro,M15: removed
2	16:11:28.375	Expert PTL_EA USDCHF.pro,M15: removed
2	16:11:28.380	Custom indicator pipsometer_5_decimal USDCHF.pro,M15: removed
2	16:11:28.382	Custom indicator time_table USDCHF.pro,M15: removed
2	16:11:28.384	Custom indicator PTL_Sessions USDCHF.pro,M15: removed
2	16:11:28.389	Expert PTL_EA AUDUSD.pro,M15: removed
2	16:11:28.393	Custom indicator pipsometer_5_decimal AUDUSD.pro,M15: removed
2	16:11:28.396	Custom indicator time_table AUDUSD.pro,M15: removed
2	16:11:28.398	Custom indicator PTL_Sessions AUDUSD.pro,M15: removed
2	16:11:28.403	Expert PTL_EA NZDUSD.pro,M15: removed
2	16:11:28.407	Custom indicator pipsometer_5_decimal NZDUSD.pro,M15: removed
2	16:11:28.409	Custom indicator time_table NZDUSD.pro,M15: removed
2	16:11:28.412	Custom indicator PTL_Sessions NZDUSD.pro,M15: removed
2	16:11:28.416	Expert PTL_EA EURAUD.pro,M15: removed
2	16:11:28.419	Custom indicator pipsometer_5_decimal EURAUD.pro,M15: removed
2	16:11:28.422	Custom indicator time_table EURAUD.pro,M15: removed
2	16:11:28.424	Custom indicator PTL_Sessions EURAUD.pro,M15: removed
2	16:11:28.429	Expert PTL_EA GBPAUD.pro,H1: removed
2	16:11:28.432	Custom indicator pipsometer_5_decimal GBPAUD.pro,H1: removed
2	16:11:28.434	Custom indicator time_table GBPAUD.pro,H1: removed
2	16:11:28.437	Custom indicator PTL_Sessions GBPAUD.pro,H1: removed
2	16:11:28.449	Expert PTL_EA EURCAD.pro,M15: removed
2	16:11:28.452	Custom indicator pipsometer_5_decimal EURCAD.pro,M15: removed
2	16:11:28.455	Custom indicator time_table EURCAD.pro,M15: removed
2	16:11:28.457	Custom indicator PTL_Sessions EURCAD.pro,M15: removed
2	16:11:28.465	Expert PTL_EA GBPCAD.pro,H1: removed
2	16:11:28.468	Custom indicator pipsometer_5_decimal GBPCAD.pro,H1: removed
2	16:11:28.470	Custom indicator time_table GBPCAD.pro,H1: removed
2	16:11:28.473	Custom indicator PTL_Sessions GBPCAD.pro,H1: removed
0	16:11:30.035	MetaTrader build 1260 stopped
0	19:34:10.859	MetaTrader build 1260 started (AxiCorp Financial Services Pty Ltd)
0	19:34:10.859	Windows 10 Enterprise x64, IE 11, UAC, 4 x Intel Core i5-4210U  @ 1.70GHz, Memory: 9122 / 12176 Mb, Disk: 62 / 99 Gb, GMT+7
0	19:34:10.859	Data Folder: C:\Users\PHAM THANH LUAN\AppData\Roaming\MetaQuotes\Terminal\9662C61C6715C26397817D3943CECEEC
2	19:34:13.062	Custom indicator pipsometer_5_decimal XAUUSD.pro,M15: loaded successfully
2	19:34:13.074	Custom indicator time_table XAUUSD.pro,M15: loaded successfully
2	19:34:13.087	Custom indicator PTL_Sessions XAUUSD.pro,M15: loaded successfully
2	19:34:13.099	Expert PTL_EA XAUUSD.pro,M15: loaded successfully
2	19:34:13.234	Custom indicator pipsometer_5_decimal EURUSD.pro,M30: loaded successfully
2	19:34:13.246	Custom indicator time_table EURUSD.pro,M30: loaded successfully
2	19:34:13.259	Custom indicator PTL_Sessions EURUSD.pro,M30: loaded successfully
2	19:34:13.271	Expert PTL_EA EURUSD.pro,M30: loaded successfully
2	19:34:13.406	Custom indicator pipsometer_5_decimal GBPUSD.pro,M15: loaded successfully
2	19:34:13.418	Custom indicator time_table GBPUSD.pro,M15: loaded successfully
2	19:34:13.431	Custom indicator PTL_Sessions GBPUSD.pro,M15: loaded successfully
2	19:34:13.443	Expert PTL_EA GBPUSD.pro,M15: loaded successfully
2	19:34:13.590	Custom indicator pipsometer_5_decimal GBPJPY.pro,M15: loaded successfully
2	19:34:13.603	Custom indicator time_table GBPJPY.pro,M15: loaded successfully
2	19:34:13.616	Custom indicator PTL_Sessions GBPJPY.pro,M15: loaded successfully
2	19:34:13.629	Expert PTL_EA GBPJPY.pro,M15: loaded successfully
2	19:34:13.775	Custom indicator pipsometer_5_decimal EURJPY.pro,H1: loaded successfully
2	19:34:13.788	Custom indicator time_table EURJPY.pro,H1: loaded successfully
2	19:34:13.800	Custom indicator PTL_Sessions EURJPY.pro,H1: loaded successfully
2	19:34:13.813	Expert PTL_EA EURJPY.pro,H1: loaded successfully
2	19:34:13.950	Custom indicator pipsometer_5_decimal EURGBP.pro,M15: loaded successfully
2	19:34:13.962	Custom indicator time_table EURGBP.pro,M15: loaded successfully
2	19:34:13.975	Custom indicator PTL_Sessions EURGBP.pro,M15: loaded successfully
2	19:34:13.988	Expert PTL_EA EURGBP.pro,M15: loaded successfully
2	19:34:14.134	Custom indicator pipsometer_5_decimal USDJPY.pro,M15: loaded successfully
2	19:34:14.148	Custom indicator time_table USDJPY.pro,M15: loaded successfully
2	19:34:14.160	Custom indicator PTL_Sessions USDJPY.pro,M15: loaded successfully
2	19:34:14.173	Expert PTL_EA USDJPY.pro,M15: loaded successfully
2	19:34:14.406	Custom indicator pipsometer_5_decimal USDCAD.pro,M15: loaded successfully
2	19:34:14.420	Custom indicator time_table USDCAD.pro,M15: loaded successfully
2	19:34:14.433	Custom indicator PTL_Sessions USDCAD.pro,M15: loaded successfully
2	19:34:14.448	Expert PTL_EA USDCAD.pro,M15: loaded successfully
2	19:34:14.584	Custom indicator pipsometer_5_decimal USDCHF.pro,M15: loaded successfully
2	19:34:14.597	Custom indicator time_table USDCHF.pro,M15: loaded successfully
2	19:34:14.610	Custom indicator PTL_Sessions USDCHF.pro,M15: loaded successfully
2	19:34:14.622	Expert PTL_EA USDCHF.pro,M15: loaded successfully
2	19:34:14.778	Custom indicator pipsometer_5_decimal AUDUSD.pro,M15: loaded successfully
2	19:34:14.792	Custom indicator time_table AUDUSD.pro,M15: loaded successfully
2	19:34:14.805	Custom indicator PTL_Sessions AUDUSD.pro,M15: loaded successfully
2	19:34:14.819	Expert PTL_EA AUDUSD.pro,M15: loaded successfully
2	19:34:14.996	Custom indicator pipsometer_5_decimal NZDUSD.pro,M15: loaded successfully
2	19:34:15.008	Custom indicator time_table NZDUSD.pro,M15: loaded successfully
2	19:34:15.021	Custom indicator PTL_Sessions NZDUSD.pro,M15: loaded successfully
2	19:34:15.034	Expert PTL_EA NZDUSD.pro,M15: loaded successfully
2	19:34:15.172	Custom indicator pipsometer_5_decimal EURAUD.pro,M15: loaded successfully
2	19:34:15.185	Custom indicator time_table EURAUD.pro,M15: loaded successfully
2	19:34:15.197	Custom indicator PTL_Sessions EURAUD.pro,M15: loaded successfully
2	19:34:15.210	Expert PTL_EA EURAUD.pro,M15: loaded successfully
2	19:34:15.385	Custom indicator pipsometer_5_decimal GBPAUD.pro,H1: loaded successfully
2	19:34:15.399	Custom indicator time_table GBPAUD.pro,H1: loaded successfully
2	19:34:15.411	Custom indicator PTL_Sessions GBPAUD.pro,H1: loaded successfully
2	19:34:15.424	Expert PTL_EA GBPAUD.pro,H1: loaded successfully
2	19:34:15.555	Custom indicator pipsometer_5_decimal EURCAD.pro,M15: loaded successfully
2	19:34:15.568	Custom indicator time_table EURCAD.pro,M15: loaded successfully
2	19:34:15.580	Custom indicator PTL_Sessions EURCAD.pro,M15: loaded successfully
2	19:34:15.593	Expert PTL_EA EURCAD.pro,M15: loaded successfully
2	19:34:15.740	Custom indicator pipsometer_5_decimal GBPCAD.pro,H1: loaded successfully
2	19:34:15.753	Custom indicator time_table GBPCAD.pro,H1: loaded successfully
2	19:34:15.765	Custom indicator PTL_Sessions GBPCAD.pro,H1: loaded successfully
2	19:34:15.778	Expert PTL_EA GBPCAD.pro,H1: loaded successfully
0	19:34:18.123	'4136965': login on AxiTrader-US02-Live through Alternate DC US1 (ping: 230.32 ms)
0	19:34:21.987	'4136965': login datacenter on AxiTrader-US02-Live through Alternate DC US1 (ping: 230.32 ms)
0	19:34:22.659	'4136965': previous successful authorization performed from 171.245.206.45
0	19:34:28.594	'4136965': auto connecting to a better access point AxiAccelerator (ping is 234.79 ms)
0	19:34:29.395	'4136965': login on AxiTrader-US02-Live through AxiAccelerator (ping: 234.79 ms)
0	19:34:31.440	'4136965': login datacenter on AxiTrader-US02-Live through AxiAccelerator (ping: 234.79 ms)
0	19:34:32.109	'4136965': previous successful authorization performed from 171.245.206.45
1	21:14:11.782	'4136965': connect failed [No connection]
0	21:15:08.150	'4136965': login on AxiTrader-US02-Live through AxiAccelerator (ping: 234.79 ms)
0	21:15:09.929	'4136965': login datacenter on AxiTrader-US02-Live through AxiAccelerator (ping: 234.79 ms)
0	21:15:10.695	'4136965': previous successful authorization performed from 69.31.88.243
0	21:15:26.737	'4136965': ping to current access point AxiAccelerator is 270.21 ms
2	22:23:41.336	Expert PTL_EA XAUUSD.pro,M15: removed
2	22:23:41.350	Expert PTL_EA XAUUSD.pro,M15: loaded successfully
2	22:23:41.440	Expert PTL_EA EURUSD.pro,M15: removed
2	22:23:41.454	Expert PTL_EA EURUSD.pro,M15: loaded successfully
2	22:23:41.494	Expert PTL_EA GBPUSD.pro,M15: removed
2	22:23:41.509	Expert PTL_EA GBPUSD.pro,M15: loaded successfully
2	22:23:41.516	Expert PTL_EA GBPJPY.pro,M15: removed
2	22:23:41.531	Expert PTL_EA GBPJPY.pro,M15: loaded successfully
2	22:23:41.618	Expert PTL_EA EURJPY.pro,H1: removed
2	22:23:41.632	Expert PTL_EA EURJPY.pro,H1: loaded successfully
2	22:23:41.694	Expert PTL_EA EURGBP.pro,M15: removed
2	22:23:41.709	Expert PTL_EA EURGBP.pro,M15: loaded successfully
2	22:23:41.749	Expert PTL_EA USDJPY.pro,M15: removed
2	22:23:41.763	Expert PTL_EA USDJPY.pro,M15: loaded successfully
2	22:23:41.827	Expert PTL_EA USDCAD.pro,M15: removed
2	22:23:41.841	Expert PTL_EA USDCAD.pro,M15: loaded successfully
2	22:23:41.897	Expert PTL_EA USDCHF.pro,M15: removed
2	22:23:41.911	Expert PTL_EA USDCHF.pro,M15: loaded successfully
2	22:23:41.917	Expert PTL_EA AUDUSD.pro,M15: removed
2	22:23:41.933	Expert PTL_EA AUDUSD.pro,M15: loaded successfully
2	22:23:41.942	Expert PTL_EA NZDUSD.pro,M15: removed
2	22:23:41.958	Expert PTL_EA NZDUSD.pro,M15: loaded successfully
2	22:23:41.984	Expert PTL_EA EURAUD.pro,M15: removed
2	22:23:42.003	Expert PTL_EA EURAUD.pro,M15: loaded successfully
2	22:23:42.099	Expert PTL_EA GBPAUD.pro,H1: removed
2	22:23:42.115	Expert PTL_EA GBPAUD.pro,H1: loaded successfully
2	22:23:42.200	Expert PTL_EA EURCAD.pro,M15: removed
2	22:23:42.213	Expert PTL_EA EURCAD.pro,M15: loaded successfully
2	22:23:42.230	Expert PTL_EA GBPCAD.pro,M15: removed
2	22:23:42.245	Expert PTL_EA GBPCAD.pro,M15: loaded successfully
2	22:24:36.754	Expert PTL_EA XAUUSD.pro,M15: removed
2	22:24:36.768	Expert PTL_EA XAUUSD.pro,M15: loaded successfully
2	22:24:36.824	Expert PTL_EA EURUSD.pro,M15: removed
2	22:24:36.838	Expert PTL_EA EURUSD.pro,M15: loaded successfully
2	22:24:36.858	Expert PTL_EA GBPUSD.pro,M15: removed
2	22:24:36.873	Expert PTL_EA GBPUSD.pro,M15: loaded successfully
2	22:24:36.957	Expert PTL_EA GBPJPY.pro,M15: removed
2	22:24:36.971	Expert PTL_EA GBPJPY.pro,M15: loaded successfully
2	22:24:37.058	Expert PTL_EA EURJPY.pro,H1: removed
2	22:24:37.072	Expert PTL_EA EURJPY.pro,H1: loaded successfully
2	22:24:37.158	Expert PTL_EA EURGBP.pro,M15: removed
2	22:24:37.173	Expert PTL_EA EURGBP.pro,M15: loaded successfully
2	22:24:37.192	Expert PTL_EA USDJPY.pro,M15: removed
2	22:24:37.208	Expert PTL_EA USDJPY.pro,M15: loaded successfully
2	22:24:37.259	Expert PTL_EA USDCAD.pro,M15: removed
2	22:24:37.272	Expert PTL_EA USDCAD.pro,M15: loaded successfully
2	22:24:37.360	Expert PTL_EA USDCHF.pro,M15: removed
2	22:24:37.374	Expert PTL_EA USDCHF.pro,M15: loaded successfully
2	22:24:37.470	Expert PTL_EA AUDUSD.pro,M15: removed
2	22:24:37.485	Expert PTL_EA AUDUSD.pro,M15: loaded successfully
2	22:24:37.489	Expert PTL_EA NZDUSD.pro,M15: removed
2	22:24:37.504	Expert PTL_EA NZDUSD.pro,M15: loaded successfully
2	22:24:37.508	Expert PTL_EA EURAUD.pro,M15: removed
2	22:24:37.528	Expert PTL_EA EURAUD.pro,M15: loaded successfully
2	22:24:37.580	Expert PTL_EA GBPAUD.pro,H1: removed
2	22:24:37.596	Expert PTL_EA GBPAUD.pro,H1: loaded successfully
2	22:24:37.682	Expert PTL_EA EURCAD.pro,M15: removed
2	22:24:37.697	Expert PTL_EA EURCAD.pro,M15: loaded successfully
2	22:24:37.786	Expert PTL_EA GBPCAD.pro,M15: removed
2	22:24:37.803	Expert PTL_EA GBPCAD.pro,M15: loaded successfully
2	22:24:52.639	Expert PTL_EA XAUUSD.pro,M15: removed
2	22:24:52.652	Expert PTL_EA XAUUSD.pro,M15: loaded successfully
2	22:24:52.662	Expert PTL_EA EURUSD.pro,M15: removed
2	22:24:52.676	Expert PTL_EA EURUSD.pro,M15: loaded successfully
2	22:24:52.784	Expert PTL_EA GBPUSD.pro,M15: removed
2	22:24:52.819	Expert PTL_EA GBPUSD.pro,M15: loaded successfully
2	22:24:52.863	Expert PTL_EA GBPJPY.pro,M15: removed
2	22:24:52.876	Expert PTL_EA GBPJPY.pro,M15: loaded successfully
2	22:24:52.967	Expert PTL_EA EURJPY.pro,H1: removed
2	22:24:52.999	Expert PTL_EA EURJPY.pro,H1: loaded successfully
2	22:24:53.057	Expert PTL_EA EURGBP.pro,M15: removed
2	22:24:53.070	Expert PTL_EA EURGBP.pro,M15: loaded successfully
2	22:24:53.166	Expert PTL_EA USDJPY.pro,M15: removed
2	22:24:53.179	Expert PTL_EA USDJPY.pro,M15: loaded successfully
2	22:24:53.210	Expert PTL_EA USDCAD.pro,M15: removed
2	22:24:53.224	Expert PTL_EA USDCAD.pro,M15: loaded successfully
2	22:24:53.269	Expert PTL_EA USDCHF.pro,M15: removed
2	22:24:53.282	Expert PTL_EA USDCHF.pro,M15: loaded successfully
2	22:24:53.285	Expert PTL_EA AUDUSD.pro,M15: removed
2	22:24:53.299	Expert PTL_EA AUDUSD.pro,M15: loaded successfully
2	22:24:53.340	Expert PTL_EA NZDUSD.pro,M15: removed
2	22:24:53.354	Expert PTL_EA NZDUSD.pro,M15: loaded successfully
2	22:24:53.445	Expert PTL_EA EURAUD.pro,M15: removed
2	22:24:53.458	Expert PTL_EA EURAUD.pro,M15: loaded successfully
2	22:24:53.550	Expert PTL_EA GBPAUD.pro,H1: removed
2	22:24:53.563	Expert PTL_EA GBPAUD.pro,H1: loaded successfully
2	22:24:53.656	Expert PTL_EA EURCAD.pro,M15: removed
2	22:24:53.688	Expert PTL_EA EURCAD.pro,M15: loaded successfully
2	22:24:53.701	Expert PTL_EA GBPCAD.pro,M15: removed
2	22:24:53.721	Expert PTL_EA GBPCAD.pro,M15: loaded successfully
2	22:27:04.423	Expert PTL_EA XAUUSD.pro,M15: removed
2	22:27:04.437	Expert PTL_EA XAUUSD.pro,M15: loaded successfully
2	22:27:04.469	Expert PTL_EA EURUSD.pro,M15: removed
2	22:27:04.484	Expert PTL_EA EURUSD.pro,M15: loaded successfully
2	22:27:04.535	Expert PTL_EA GBPUSD.pro,M15: removed
2	22:27:04.549	Expert PTL_EA GBPUSD.pro,M15: loaded successfully
2	22:27:04.566	Expert PTL_EA GBPJPY.pro,M15: removed
2	22:27:04.583	Expert PTL_EA GBPJPY.pro,M15: loaded successfully
2	22:27:04.667	Expert PTL_EA EURJPY.pro,H1: removed
2	22:27:04.681	Expert PTL_EA EURJPY.pro,H1: loaded successfully
2	22:27:04.741	Expert PTL_EA EURGBP.pro,M15: removed
2	22:27:04.755	Expert PTL_EA EURGBP.pro,M15: loaded successfully
2	22:27:04.813	Expert PTL_EA USDJPY.pro,M15: removed
2	22:27:04.829	Expert PTL_EA USDJPY.pro,M15: loaded successfully
2	22:27:04.840	Expert PTL_EA USDCAD.pro,M15: removed
2	22:27:04.855	Expert PTL_EA USDCAD.pro,M15: loaded successfully
2	22:27:04.878	Expert PTL_EA USDCHF.pro,M15: removed
2	22:27:04.895	Expert PTL_EA USDCHF.pro,M15: loaded successfully
2	22:27:04.942	Expert PTL_EA AUDUSD.pro,M15: removed
2	22:27:04.956	Expert PTL_EA AUDUSD.pro,M15: loaded successfully
2	22:27:04.972	Expert PTL_EA NZDUSD.pro,M15: removed
2	22:27:04.989	Expert PTL_EA NZDUSD.pro,M15: loaded successfully
2	22:27:05.083	Expert PTL_EA EURAUD.pro,M15: removed
2	22:27:05.096	Expert PTL_EA EURAUD.pro,M15: loaded successfully
2	22:27:05.146	Expert PTL_EA GBPAUD.pro,H1: removed
2	22:27:05.158	Expert PTL_EA GBPAUD.pro,H1: loaded successfully
2	22:27:05.217	Expert PTL_EA EURCAD.pro,M15: removed
2	22:27:05.234	Expert PTL_EA EURCAD.pro,M15: loaded successfully
2	22:27:05.245	Expert PTL_EA GBPCAD.pro,M15: removed
2	22:27:05.264	Expert PTL_EA GBPCAD.pro,M15: loaded successfully
2	22:27:36.353	Expert PTL_EA XAUUSD.pro,M15: removed
2	22:27:36.368	Expert PTL_EA XAUUSD.pro,M15: loaded successfully
2	22:27:36.457	Expert PTL_EA EURUSD.pro,M15: removed
2	22:27:36.471	Expert PTL_EA EURUSD.pro,M15: loaded successfully
2	22:27:36.559	Expert PTL_EA GBPUSD.pro,M15: removed
2	22:27:36.573	Expert PTL_EA GBPUSD.pro,M15: loaded successfully
2	22:27:36.657	Expert PTL_EA GBPJPY.pro,M15: removed
2	22:27:36.671	Expert PTL_EA GBPJPY.pro,M15: loaded successfully
2	22:27:36.762	Expert PTL_EA EURJPY.pro,H1: removed
2	22:27:36.777	Expert PTL_EA EURJPY.pro,H1: loaded successfully
2	22:27:36.863	Expert PTL_EA EURGBP.pro,M15: removed
2	22:27:36.879	Expert PTL_EA EURGBP.pro,M15: loaded successfully
2	22:27:36.962	Expert PTL_EA USDJPY.pro,M15: removed
2	22:27:36.976	Expert PTL_EA USDJPY.pro,M15: loaded successfully
2	22:27:37.063	Expert PTL_EA USDCAD.pro,M15: removed
2	22:27:37.077	Expert PTL_EA USDCAD.pro,M15: loaded successfully
2	22:27:37.164	Expert PTL_EA USDCHF.pro,M15: removed
2	22:27:37.178	Expert PTL_EA USDCHF.pro,M15: loaded successfully
2	22:27:37.184	Expert PTL_EA AUDUSD.pro,M15: removed
2	22:27:37.200	Expert PTL_EA AUDUSD.pro,M15: loaded successfully
2	22:27:37.251	Expert PTL_EA NZDUSD.pro,M15: removed
2	22:27:37.268	Expert PTL_EA NZDUSD.pro,M15: loaded successfully
2	22:27:37.287	Expert PTL_EA EURAUD.pro,M15: removed
2	22:27:37.305	Expert PTL_EA EURAUD.pro,M15: loaded successfully
2	22:27:37.381	Expert PTL_EA GBPAUD.pro,H1: removed
2	22:27:37.416	Expert PTL_EA GBPAUD.pro,H1: loaded successfully
2	22:27:37.494	Expert PTL_EA EURCAD.pro,M15: removed
2	22:27:37.509	Expert PTL_EA EURCAD.pro,M15: loaded successfully
2	22:27:37.519	Expert PTL_EA GBPCAD.pro,M15: removed
2	22:27:37.537	Expert PTL_EA GBPCAD.pro,M15: loaded successfully
2	22:28:46.873	Expert PTL_EA XAUUSD.pro,M15: removed
2	22:28:46.889	Expert PTL_EA XAUUSD.pro,M15: loaded successfully
2	22:28:46.920	Expert PTL_EA EURUSD.pro,M15: removed
2	22:28:46.937	Expert PTL_EA EURUSD.pro,M15: loaded successfully
2	22:28:46.953	Expert PTL_EA GBPUSD.pro,M15: removed
2	22:28:46.972	Expert PTL_EA GBPUSD.pro,M15: loaded successfully
2	22:28:46.981	Expert PTL_EA GBPJPY.pro,M15: removed
2	22:28:46.997	Expert PTL_EA GBPJPY.pro,M15: loaded successfully
2	22:28:47.070	Expert PTL_EA EURJPY.pro,H1: removed
2	22:28:47.086	Expert PTL_EA EURJPY.pro,H1: loaded successfully
2	22:28:47.120	Expert PTL_EA EURGBP.pro,M15: removed
2	22:28:47.137	Expert PTL_EA EURGBP.pro,M15: loaded successfully
2	22:28:47.183	Expert PTL_EA USDJPY.pro,M15: removed
2	22:28:47.200	Expert PTL_EA USDJPY.pro,M15: loaded successfully
2	22:28:47.283	Expert PTL_EA USDCAD.pro,M15: removed
2	22:28:47.299	Expert PTL_EA USDCAD.pro,M15: loaded successfully
2	22:28:47.388	Expert PTL_EA USDCHF.pro,M15: removed
2	22:28:47.421	Expert PTL_EA USDCHF.pro,M15: loaded successfully
2	22:28:47.425	Expert PTL_EA AUDUSD.pro,M15: removed
2	22:28:47.442	Expert PTL_EA AUDUSD.pro,M15: loaded successfully
2	22:28:47.474	Expert PTL_EA NZDUSD.pro,M15: removed
2	22:28:47.493	Expert PTL_EA NZDUSD.pro,M15: loaded successfully
2	22:28:47.578	Expert PTL_EA EURAUD.pro,M15: removed
2	22:28:47.593	Expert PTL_EA EURAUD.pro,M15: loaded successfully
2	22:28:47.686	Expert PTL_EA GBPAUD.pro,H1: removed
2	22:28:47.701	Expert PTL_EA GBPAUD.pro,H1: loaded successfully
2	22:28:47.711	Expert PTL_EA EURCAD.pro,M15: removed
2	22:28:47.730	Expert PTL_EA EURCAD.pro,M15: loaded successfully
2	22:28:47.794	Expert PTL_EA GBPCAD.pro,M15: removed
2	22:28:47.811	Expert PTL_EA GBPCAD.pro,M15: loaded successfully
2	22:29:43.327	Expert PTL_EA XAUUSD.pro,M15: removed
2	22:29:43.343	Expert PTL_EA XAUUSD.pro,M15: loaded successfully
2	22:29:43.429	Expert PTL_EA EURUSD.pro,M15: removed
2	22:29:43.445	Expert PTL_EA EURUSD.pro,M15: loaded successfully
2	22:29:43.502	Expert PTL_EA GBPUSD.pro,M15: removed
2	22:29:43.516	Expert PTL_EA GBPUSD.pro,M15: loaded successfully
2	22:29:43.621	Expert PTL_EA GBPJPY.pro,M15: removed
2	22:29:43.636	Expert PTL_EA GBPJPY.pro,M15: loaded successfully
2	22:29:43.656	Expert PTL_EA EURJPY.pro,H1: removed
2	22:29:43.675	Expert PTL_EA EURJPY.pro,H1: loaded successfully
2	22:29:43.748	Expert PTL_EA EURGBP.pro,M15: removed
2	22:29:43.769	Expert PTL_EA EURGBP.pro,M15: loaded successfully
2	22:29:43.867	Expert PTL_EA USDJPY.pro,M15: removed
2	22:29:43.883	Expert PTL_EA USDJPY.pro,M15: loaded successfully
2	22:29:43.933	Expert PTL_EA USDCAD.pro,M15: removed
2	22:29:43.949	Expert PTL_EA USDCAD.pro,M15: loaded successfully
2	22:29:43.979	Expert PTL_EA USDCHF.pro,M15: removed
2	22:29:43.997	Expert PTL_EA USDCHF.pro,M15: loaded successfully
2	22:29:44.000	Expert PTL_EA AUDUSD.pro,M15: removed
2	22:29:44.018	Expert PTL_EA AUDUSD.pro,M15: loaded successfully
2	22:29:44.111	Expert PTL_EA NZDUSD.pro,M15: removed
2	22:29:44.126	Expert PTL_EA NZDUSD.pro,M15: loaded successfully
2	22:29:44.152	Expert PTL_EA EURAUD.pro,M15: removed
2	22:29:44.167	Expert PTL_EA EURAUD.pro,M15: loaded successfully
2	22:29:44.253	Expert PTL_EA GBPAUD.pro,H1: removed
2	22:29:44.268	Expert PTL_EA GBPAUD.pro,H1: loaded successfully
2	22:29:44.353	Expert PTL_EA EURCAD.pro,M15: removed
2	22:29:44.368	Expert PTL_EA EURCAD.pro,M15: loaded successfully
2	22:29:44.470	Expert PTL_EA GBPCAD.pro,M15: removed
2	22:29:44.484	Expert PTL_EA GBPCAD.pro,M15: loaded successfully
2	22:29:51.903	Expert PTL_EA XAUUSD.pro,M15: removed
2	22:29:51.918	Expert PTL_EA XAUUSD.pro,M15: loaded successfully
2	22:29:52.006	Expert PTL_EA EURUSD.pro,M15: removed
2	22:29:52.021	Expert PTL_EA EURUSD.pro,M15: loaded successfully
2	22:29:52.107	Expert PTL_EA GBPUSD.pro,M15: removed
2	22:29:52.139	Expert PTL_EA GBPUSD.pro,M15: loaded successfully
2	22:29:52.161	Expert PTL_EA GBPJPY.pro,M15: removed
2	22:29:52.179	Expert PTL_EA GBPJPY.pro,M15: loaded successfully
2	22:29:52.205	Expert PTL_EA EURJPY.pro,H1: removed
2	22:29:52.220	Expert PTL_EA EURJPY.pro,H1: loaded successfully
2	22:29:52.307	Expert PTL_EA EURGBP.pro,M15: removed
2	22:29:52.325	Expert PTL_EA EURGBP.pro,M15: loaded successfully
2	22:29:52.335	Expert PTL_EA USDJPY.pro,M15: removed
2	22:29:52.355	Expert PTL_EA USDJPY.pro,M15: loaded successfully
2	22:29:52.407	Expert PTL_EA USDCAD.pro,M15: removed
2	22:29:52.423	Expert PTL_EA USDCAD.pro,M15: loaded successfully
2	22:29:52.508	Expert PTL_EA USDCHF.pro,M15: removed
2	22:29:52.523	Expert PTL_EA USDCHF.pro,M15: loaded successfully
2	22:29:52.535	Expert PTL_EA AUDUSD.pro,M15: removed
2	22:29:52.555	Expert PTL_EA AUDUSD.pro,M15: loaded successfully
2	22:29:52.560	Expert PTL_EA NZDUSD.pro,M15: removed
2	22:29:52.581	Expert PTL_EA NZDUSD.pro,M15: loaded successfully
2	22:29:52.629	Expert PTL_EA EURAUD.pro,M15: removed
2	22:29:52.644	Expert PTL_EA EURAUD.pro,M15: loaded successfully
2	22:29:52.709	Expert PTL_EA GBPAUD.pro,H1: removed
2	22:29:52.724	Expert PTL_EA GBPAUD.pro,H1: loaded successfully
2	22:29:52.729	Expert PTL_EA EURCAD.pro,M15: removed
2	22:29:52.744	Expert PTL_EA EURCAD.pro,M15: loaded successfully
2	22:29:52.832	Expert PTL_EA GBPCAD.pro,M15: removed
2	22:29:52.847	Expert PTL_EA GBPCAD.pro,M15: loaded successfully
2	22:30:01.866	Expert PTL_EA XAUUSD.pro,M15: removed
2	22:30:01.882	Expert PTL_EA XAUUSD.pro,M15: loaded successfully
2	22:30:01.970	Expert PTL_EA EURUSD.pro,M15: removed
2	22:30:01.985	Expert PTL_EA EURUSD.pro,M15: loaded successfully
2	22:30:02.061	Expert PTL_EA GBPUSD.pro,M15: removed
2	22:30:02.075	Expert PTL_EA GBPUSD.pro,M15: loaded successfully
2	22:30:02.173	Expert PTL_EA GBPJPY.pro,M15: removed
2	22:30:02.186	Expert PTL_EA GBPJPY.pro,M15: loaded successfully
2	22:30:02.261	Expert PTL_EA EURJPY.pro,H1: removed
2	22:30:02.275	Expert PTL_EA EURJPY.pro,H1: loaded successfully
2	22:30:02.374	Expert PTL_EA EURGBP.pro,M15: removed
2	22:30:02.387	Expert PTL_EA EURGBP.pro,M15: loaded successfully
2	22:30:02.394	Expert PTL_EA USDJPY.pro,M15: removed
2	22:30:02.410	Expert PTL_EA USDJPY.pro,M15: loaded successfully
2	22:30:02.495	Expert PTL_EA USDCAD.pro,M15: removed
2	22:30:02.509	Expert PTL_EA USDCAD.pro,M15: loaded successfully
2	22:30:02.577	Expert PTL_EA USDCHF.pro,M15: removed
2	22:30:02.592	Expert PTL_EA USDCHF.pro,M15: loaded successfully
2	22:30:02.691	Expert PTL_EA AUDUSD.pro,M15: removed
2	22:30:02.706	Expert PTL_EA AUDUSD.pro,M15: loaded successfully
2	22:30:02.772	Expert PTL_EA NZDUSD.pro,M15: removed
2	22:30:02.785	Expert PTL_EA NZDUSD.pro,M15: loaded successfully
2	22:30:02.880	Expert PTL_EA EURAUD.pro,M15: removed
2	22:30:02.894	Expert PTL_EA EURAUD.pro,M15: loaded successfully
2	22:30:02.961	Expert PTL_EA GBPAUD.pro,H1: removed
2	22:30:02.976	Expert PTL_EA GBPAUD.pro,H1: loaded successfully
2	22:30:03.080	Expert PTL_EA EURCAD.pro,M15: removed
2	22:30:03.094	Expert PTL_EA EURCAD.pro,M15: loaded successfully
2	22:30:03.148	Expert PTL_EA GBPCAD.pro,M15: removed
2	22:30:03.163	Expert PTL_EA GBPCAD.pro,M15: loaded successfully
2	22:32:32.262	Expert PTL_EA XAUUSD.pro,M15: removed
2	22:32:32.276	Expert PTL_EA XAUUSD.pro,M15: loaded successfully
2	22:32:32.340	Expert PTL_EA EURUSD.pro,M15: removed
2	22:32:32.356	Expert PTL_EA EURUSD.pro,M15: loaded successfully
2	22:32:32.402	Expert PTL_EA GBPUSD.pro,M15: removed
2	22:32:32.417	Expert PTL_EA GBPUSD.pro,M15: loaded successfully
2	22:32:32.422	Expert PTL_EA GBPJPY.pro,M15: removed
2	22:32:32.438	Expert PTL_EA GBPJPY.pro,M15: loaded successfully
2	22:32:32.442	Expert PTL_EA EURJPY.pro,H1: removed
2	22:32:32.461	Expert PTL_EA EURJPY.pro,H1: loaded successfully
2	22:32:32.526	Expert PTL_EA EURGBP.pro,M15: removed
2	22:32:32.541	Expert PTL_EA EURGBP.pro,M15: loaded successfully
2	22:32:32.592	Expert PTL_EA USDJPY.pro,M15: removed
2	22:32:32.608	Expert PTL_EA USDJPY.pro,M15: loaded successfully
2	22:32:32.692	Expert PTL_EA USDCAD.pro,M15: removed
2	22:32:32.706	Expert PTL_EA USDCAD.pro,M15: loaded successfully
2	22:32:32.728	Expert PTL_EA USDCHF.pro,M15: removed
2	22:32:32.747	Expert PTL_EA USDCHF.pro,M15: loaded successfully
2	22:32:32.805	Expert PTL_EA AUDUSD.pro,M15: removed
2	22:32:32.822	Expert PTL_EA AUDUSD.pro,M15: loaded successfully
2	22:32:32.907	Expert PTL_EA NZDUSD.pro,M15: removed
2	22:32:32.921	Expert PTL_EA NZDUSD.pro,M15: loaded successfully
2	22:32:33.017	Expert PTL_EA EURAUD.pro,M15: removed
2	22:32:33.032	Expert PTL_EA EURAUD.pro,M15: loaded successfully
2	22:32:33.060	Expert PTL_EA GBPAUD.pro,H1: removed
2	22:32:33.077	Expert PTL_EA GBPAUD.pro,H1: loaded successfully
2	22:32:33.130	Expert PTL_EA EURCAD.pro,M15: removed
2	22:32:33.145	Expert PTL_EA EURCAD.pro,M15: loaded successfully
2	22:32:33.188	Expert PTL_EA GBPCAD.pro,M15: removed
2	22:32:33.203	Expert PTL_EA GBPCAD.pro,M15: loaded successfully
2	22:33:09.647	Expert PTL_EA XAUUSD.pro,M15: removed
2	22:33:09.660	Expert PTL_EA XAUUSD.pro,M15: loaded successfully
2	22:33:09.709	Expert PTL_EA EURUSD.pro,M15: removed
2	22:33:09.722	Expert PTL_EA EURUSD.pro,M15: loaded successfully
2	22:33:09.794	Expert PTL_EA GBPUSD.pro,M15: removed
2	22:33:09.808	Expert PTL_EA GBPUSD.pro,M15: loaded successfully
2	22:33:09.878	Expert PTL_EA GBPJPY.pro,M15: removed
2	22:33:09.892	Expert PTL_EA GBPJPY.pro,M15: loaded successfully
2	22:33:09.902	Expert PTL_EA EURJPY.pro,H1: removed
2	22:33:09.918	Expert PTL_EA EURJPY.pro,H1: loaded successfully
2	22:33:09.975	Expert PTL_EA EURGBP.pro,M15: removed
2	22:33:09.989	Expert PTL_EA EURGBP.pro,M15: loaded successfully
2	22:33:10.077	Expert PTL_EA USDJPY.pro,M15: removed
2	22:33:10.091	Expert PTL_EA USDJPY.pro,M15: loaded successfully
2	22:33:10.117	Expert PTL_EA USDCAD.pro,M15: removed
2	22:33:10.135	Expert PTL_EA USDCAD.pro,M15: loaded successfully
2	22:33:10.150	Expert PTL_EA USDCHF.pro,M15: removed
2	22:33:10.167	Expert PTL_EA USDCHF.pro,M15: loaded successfully
2	22:33:10.264	Expert PTL_EA AUDUSD.pro,M15: removed
2	22:33:10.278	Expert PTL_EA AUDUSD.pro,M15: loaded successfully
2	22:33:10.380	Expert PTL_EA NZDUSD.pro,M15: removed
2	22:33:10.394	Expert PTL_EA NZDUSD.pro,M15: loaded successfully
2	22:33:10.457	Expert PTL_EA EURAUD.pro,M15: removed
2	22:33:10.471	Expert PTL_EA EURAUD.pro,M15: loaded successfully
2	22:33:10.540	Expert PTL_EA GBPAUD.pro,H1: removed
2	22:33:10.554	Expert PTL_EA GBPAUD.pro,H1: loaded successfully
2	22:33:10.565	Expert PTL_EA EURCAD.pro,M15: removed
2	22:33:10.581	Expert PTL_EA EURCAD.pro,M15: loaded successfully
2	22:33:10.631	Expert PTL_EA GBPCAD.pro,M15: removed
2	22:33:10.646	Expert PTL_EA GBPCAD.pro,M15: loaded successfully
2	22:33:38.151	Expert PTL_EA XAUUSD.pro,M15: removed
2	22:33:38.165	Expert PTL_EA XAUUSD.pro,M15: loaded successfully
2	22:33:38.252	Expert PTL_EA EURUSD.pro,M15: removed
2	22:33:38.266	Expert PTL_EA EURUSD.pro,M15: loaded successfully
2	22:33:38.353	Expert PTL_EA GBPUSD.pro,M15: removed
2	22:33:38.367	Expert PTL_EA GBPUSD.pro,M15: loaded successfully
2	22:33:38.388	Expert PTL_EA GBPJPY.pro,M15: removed
2	22:33:38.405	Expert PTL_EA GBPJPY.pro,M15: loaded successfully
2	22:33:38.454	Expert PTL_EA EURJPY.pro,H1: removed
2	22:33:38.468	Expert PTL_EA EURJPY.pro,H1: loaded successfully
2	22:33:38.556	Expert PTL_EA EURGBP.pro,M15: removed
2	22:33:38.570	Expert PTL_EA EURGBP.pro,M15: loaded successfully
2	22:33:38.660	Expert PTL_EA USDJPY.pro,M15: removed
2	22:33:38.677	Expert PTL_EA USDJPY.pro,M15: loaded successfully
2	22:33:38.757	Expert PTL_EA USDCAD.pro,M15: removed
2	22:33:38.771	Expert PTL_EA USDCAD.pro,M15: loaded successfully
2	22:33:38.776	Expert PTL_EA USDCHF.pro,M15: removed
2	22:33:38.794	Expert PTL_EA USDCHF.pro,M15: loaded successfully
2	22:33:38.881	Expert PTL_EA AUDUSD.pro,M15: removed
2	22:33:38.896	Expert PTL_EA AUDUSD.pro,M15: loaded successfully
2	22:33:38.925	Expert PTL_EA NZDUSD.pro,M15: removed
2	22:33:38.942	Expert PTL_EA NZDUSD.pro,M15: loaded successfully
2	22:33:39.026	Expert PTL_EA EURAUD.pro,M15: removed
2	22:33:39.041	Expert PTL_EA EURAUD.pro,M15: loaded successfully
2	22:33:39.125	Expert PTL_EA GBPAUD.pro,H1: removed
2	22:33:39.141	Expert PTL_EA GBPAUD.pro,H1: loaded successfully
2	22:33:39.159	Expert PTL_EA EURCAD.pro,M15: removed
2	22:33:39.178	Expert PTL_EA EURCAD.pro,M15: loaded successfully
2	22:33:39.226	Expert PTL_EA GBPCAD.pro,M15: removed
2	22:33:39.242	Expert PTL_EA GBPCAD.pro,M15: loaded successfully
2	22:50:08.469	Expert PTL_EA XAUUSD.pro,M15: removed
2	22:50:08.482	Expert PTL_EA XAUUSD.pro,M15: loaded successfully
2	22:50:08.498	Expert PTL_EA EURUSD.pro,M15: removed
2	22:50:08.513	Expert PTL_EA EURUSD.pro,M15: loaded successfully
2	22:50:08.609	Expert PTL_EA GBPUSD.pro,M15: removed
2	22:50:08.622	Expert PTL_EA GBPUSD.pro,M15: loaded successfully
2	22:50:08.659	Expert PTL_EA GBPJPY.pro,M15: removed
2	22:50:08.674	Expert PTL_EA GBPJPY.pro,M15: loaded successfully
2	22:50:08.707	Expert PTL_EA EURJPY.pro,H1: removed
2	22:50:08.723	Expert PTL_EA EURJPY.pro,H1: loaded successfully
2	22:50:08.823	Expert PTL_EA EURGBP.pro,M15: removed
2	22:50:08.837	Expert PTL_EA EURGBP.pro,M15: loaded successfully
2	22:50:08.874	Expert PTL_EA USDJPY.pro,M15: removed
2	22:50:08.890	Expert PTL_EA USDJPY.pro,M15: loaded successfully
2	22:50:08.924	Expert PTL_EA USDCAD.pro,M15: removed
2	22:50:08.940	Expert PTL_EA USDCAD.pro,M15: loaded successfully
2	22:50:09.013	Expert PTL_EA USDCHF.pro,M15: removed
2	22:50:09.026	Expert PTL_EA USDCHF.pro,M15: loaded successfully
2	22:50:09.029	Expert PTL_EA AUDUSD.pro,M15: removed
2	22:50:09.046	Expert PTL_EA AUDUSD.pro,M15: loaded successfully
2	22:50:09.051	Expert PTL_EA NZDUSD.pro,M15: removed
2	22:50:09.068	Expert PTL_EA NZDUSD.pro,M15: loaded successfully
2	22:50:09.120	Expert PTL_EA EURAUD.pro,M15: removed
2	22:50:09.135	Expert PTL_EA EURAUD.pro,M15: loaded successfully
2	22:50:09.164	Expert PTL_EA GBPAUD.pro,H1: removed
2	22:50:09.183	Expert PTL_EA GBPAUD.pro,H1: loaded successfully
2	22:50:09.216	Expert PTL_EA EURCAD.pro,M15: removed
2	22:50:09.235	Expert PTL_EA EURCAD.pro,M15: loaded successfully
2	22:50:09.264	Expert PTL_EA GBPCAD.pro,M15: removed
2	22:50:09.279	Expert PTL_EA GBPCAD.pro,M15: loaded successfully
2	22:51:01.955	Expert PTL_EA XAUUSD.pro,M15: removed
2	22:51:01.992	Expert PTL_EA XAUUSD.pro,M15: loaded successfully
2	22:51:02.097	Expert PTL_EA EURUSD.pro,M15: removed
2	22:51:02.128	Expert PTL_EA EURUSD.pro,M15: loaded successfully
2	22:51:02.156	Expert PTL_EA GBPUSD.pro,M15: removed
2	22:51:02.171	Expert PTL_EA GBPUSD.pro,M15: loaded successfully
2	22:51:02.211	Expert PTL_EA GBPJPY.pro,M15: removed
2	22:51:02.227	Expert PTL_EA GBPJPY.pro,M15: loaded successfully
2	22:51:02.317	Expert PTL_EA EURJPY.pro,H1: removed
2	22:51:02.331	Expert PTL_EA EURJPY.pro,H1: loaded successfully
2	22:51:02.430	Expert PTL_EA EURGBP.pro,M15: removed
2	22:51:02.443	Expert PTL_EA EURGBP.pro,M15: loaded successfully
2	22:51:02.456	Expert PTL_EA USDJPY.pro,M15: removed
2	22:51:02.471	Expert PTL_EA USDJPY.pro,M15: loaded successfully
2	22:51:02.557	Expert PTL_EA USDCAD.pro,M15: removed
2	22:51:02.593	Expert PTL_EA USDCAD.pro,M15: loaded successfully
2	22:51:02.668	Expert PTL_EA USDCHF.pro,M15: removed
2	22:51:02.682	Expert PTL_EA USDCHF.pro,M15: loaded successfully
2	22:51:02.763	Expert PTL_EA AUDUSD.pro,M15: removed
2	22:51:02.794	Expert PTL_EA AUDUSD.pro,M15: loaded successfully
2	22:51:02.882	Expert PTL_EA NZDUSD.pro,M15: removed
2	22:51:02.907	Expert PTL_EA NZDUSD.pro,M15: loaded successfully
2	22:51:03.001	Expert PTL_EA EURAUD.pro,M15: removed
2	22:51:03.028	Expert PTL_EA EURAUD.pro,M15: loaded successfully
2	22:51:03.127	Expert PTL_EA GBPAUD.pro,H1: removed
2	22:51:03.162	Expert PTL_EA GBPAUD.pro,H1: loaded successfully
2	22:51:03.202	Expert PTL_EA EURCAD.pro,M15: removed
2	22:51:03.216	Expert PTL_EA EURCAD.pro,M15: loaded successfully
2	22:51:03.266	Expert PTL_EA GBPCAD.pro,M15: removed
2	22:51:03.279	Expert PTL_EA GBPCAD.pro,M15: loaded successfully
2	22:52:07.389	Expert PTL_EA XAUUSD.pro,M15: removed
2	22:52:07.408	Expert PTL_EA XAUUSD.pro,M15: loaded successfully
2	22:52:07.485	Expert PTL_EA EURUSD.pro,M15: removed
2	22:52:07.499	Expert PTL_EA EURUSD.pro,M15: loaded successfully
2	22:52:07.560	Expert PTL_EA GBPUSD.pro,M15: removed
2	22:52:07.574	Expert PTL_EA GBPUSD.pro,M15: loaded successfully
2	22:52:07.577	Expert PTL_EA GBPJPY.pro,M15: removed
2	22:52:07.592	Expert PTL_EA GBPJPY.pro,M15: loaded successfully
2	22:52:07.687	Expert PTL_EA EURJPY.pro,H1: removed
2	22:52:07.701	Expert PTL_EA EURJPY.pro,H1: loaded successfully
2	22:52:07.716	Expert PTL_EA EURGBP.pro,M15: removed
2	22:52:07.733	Expert PTL_EA EURGBP.pro,M15: loaded successfully
2	22:52:07.737	Expert PTL_EA USDJPY.pro,M15: removed
2	22:52:07.756	Expert PTL_EA USDJPY.pro,M15: loaded successfully
2	22:52:07.762	Expert PTL_EA USDCAD.pro,M15: removed
2	22:52:07.781	Expert PTL_EA USDCAD.pro,M15: loaded successfully
2	22:52:07.788	Expert PTL_EA USDCHF.pro,M15: removed
2	22:52:07.809	Expert PTL_EA USDCHF.pro,M15: loaded successfully
2	22:52:07.899	Expert PTL_EA AUDUSD.pro,M15: removed
2	22:52:07.915	Expert PTL_EA AUDUSD.pro,M15: loaded successfully
2	22:52:07.919	Expert PTL_EA NZDUSD.pro,M15: removed
2	22:52:07.933	Expert PTL_EA NZDUSD.pro,M15: loaded successfully
2	22:52:07.965	Expert PTL_EA EURAUD.pro,M15: removed
2	22:52:07.981	Expert PTL_EA EURAUD.pro,M15: loaded successfully
2	22:52:08.066	Expert PTL_EA GBPAUD.pro,H1: removed
2	22:52:08.079	Expert PTL_EA GBPAUD.pro,H1: loaded successfully
2	22:52:08.164	Expert PTL_EA EURCAD.pro,M15: removed
2	22:52:08.177	Expert PTL_EA EURCAD.pro,M15: loaded successfully
2	22:52:08.189	Expert PTL_EA GBPCAD.pro,M15: removed
2	22:52:08.203	Expert PTL_EA GBPCAD.pro,M15: loaded successfully
2	22:52:33.726	Expert PTL_EA XAUUSD.pro,M15: removed
2	22:52:33.742	Expert PTL_EA XAUUSD.pro,M15: loaded successfully
2	22:52:33.760	Expert PTL_EA EURUSD.pro,M15: removed
2	22:52:33.776	Expert PTL_EA EURUSD.pro,M15: loaded successfully
2	22:52:33.878	Expert PTL_EA GBPUSD.pro,M15: removed
2	22:52:33.913	Expert PTL_EA GBPUSD.pro,M15: loaded successfully
2	22:52:34.018	Expert PTL_EA GBPJPY.pro,M15: removed
2	22:52:34.062	Expert PTL_EA GBPJPY.pro,M15: loaded successfully
2	22:52:34.131	Expert PTL_EA EURJPY.pro,H1: removed
2	22:52:34.145	Expert PTL_EA EURJPY.pro,H1: loaded successfully
2	22:52:34.243	Expert PTL_EA EURGBP.pro,M15: removed
2	22:52:34.257	Expert PTL_EA EURGBP.pro,M15: loaded successfully
2	22:52:34.321	Expert PTL_EA USDJPY.pro,M15: removed
2	22:52:34.334	Expert PTL_EA USDJPY.pro,M15: loaded successfully
2	22:52:34.440	Expert PTL_EA USDCAD.pro,M15: removed
2	22:52:34.481	Expert PTL_EA USDCAD.pro,M15: loaded successfully
2	22:52:34.524	Expert PTL_EA USDCHF.pro,M15: removed
2	22:52:34.539	Expert PTL_EA USDCHF.pro,M15: loaded successfully
2	22:52:34.638	Expert PTL_EA AUDUSD.pro,M15: removed
2	22:52:34.652	Expert PTL_EA AUDUSD.pro,M15: loaded successfully
2	22:52:34.682	Expert PTL_EA NZDUSD.pro,M15: removed
2	22:52:34.699	Expert PTL_EA NZDUSD.pro,M15: loaded successfully
2	22:52:34.736	Expert PTL_EA EURAUD.pro,M15: removed
2	22:52:34.752	Expert PTL_EA EURAUD.pro,M15: loaded successfully
2	22:52:34.838	Expert PTL_EA GBPAUD.pro,H1: removed
2	22:52:34.852	Expert PTL_EA GBPAUD.pro,H1: loaded successfully
2	22:52:34.876	Expert PTL_EA EURCAD.pro,M15: removed
2	22:52:34.895	Expert PTL_EA EURCAD.pro,M15: loaded successfully
2	22:52:34.953	Expert PTL_EA GBPCAD.pro,M15: removed
2	22:52:34.968	Expert PTL_EA GBPCAD.pro,M15: loaded successfully
2	22:54:10.155	Expert PTL_EA XAUUSD.pro,M15: removed
2	22:54:10.189	Expert PTL_EA XAUUSD.pro,M15: loaded successfully
2	22:54:10.252	Expert PTL_EA EURUSD.pro,M15: removed
2	22:54:10.271	Expert PTL_EA EURUSD.pro,M15: loaded successfully
2	22:54:10.357	Expert PTL_EA GBPUSD.pro,M15: removed
2	22:54:10.371	Expert PTL_EA GBPUSD.pro,M15: loaded successfully
2	22:54:10.377	Expert PTL_EA GBPJPY.pro,M30: removed
2	22:54:10.394	Expert PTL_EA GBPJPY.pro,M30: loaded successfully
2	22:54:10.458	Expert PTL_EA EURJPY.pro,H1: removed
2	22:54:10.472	Expert PTL_EA EURJPY.pro,H1: loaded successfully
2	22:54:10.510	Expert PTL_EA EURGBP.pro,M15: removed
2	22:54:10.525	Expert PTL_EA EURGBP.pro,M15: loaded successfully
2	22:54:10.611	Expert PTL_EA USDJPY.pro,M15: removed
2	22:54:10.626	Expert PTL_EA USDJPY.pro,M15: loaded successfully
2	22:54:10.711	Expert PTL_EA USDCAD.pro,M15: removed
2	22:54:10.726	Expert PTL_EA USDCAD.pro,M15: loaded successfully
2	22:54:10.728	Expert PTL_EA USDCHF.pro,M15: removed
2	22:54:10.746	Expert PTL_EA USDCHF.pro,M15: loaded successfully
2	22:54:10.762	Expert PTL_EA AUDUSD.pro,M15: removed
2	22:54:10.780	Expert PTL_EA AUDUSD.pro,M15: loaded successfully
2	22:54:10.814	Expert PTL_EA NZDUSD.pro,M15: removed
2	22:54:10.833	Expert PTL_EA NZDUSD.pro,M15: loaded successfully
2	22:54:10.914	Expert PTL_EA EURAUD.pro,M15: removed
2	22:54:10.928	Expert PTL_EA EURAUD.pro,M15: loaded successfully
2	22:54:10.961	Expert PTL_EA GBPAUD.pro,H1: removed
2	22:54:10.978	Expert PTL_EA GBPAUD.pro,H1: loaded successfully
2	22:54:11.058	Expert PTL_EA EURCAD.pro,M15: removed
2	22:54:11.073	Expert PTL_EA EURCAD.pro,M15: loaded successfully
2	22:54:11.122	Expert PTL_EA GBPCAD.pro,M15: removed
2	22:54:11.138	Expert PTL_EA GBPCAD.pro,M15: loaded successfully
2	22:58:00.348	Expert PTL_EA XAUUSD.pro,M15: removed
2	22:58:00.384	Expert PTL_EA XAUUSD.pro,M15: loaded successfully
2	22:58:00.464	Expert PTL_EA EURUSD.pro,M15: removed
2	22:58:00.478	Expert PTL_EA EURUSD.pro,M15: loaded successfully
2	22:58:00.488	Expert PTL_EA GBPUSD.pro,M15: removed
2	22:58:00.505	Expert PTL_EA GBPUSD.pro,M15: loaded successfully
2	22:58:00.529	Expert PTL_EA GBPJPY.pro,M30: removed
2	22:58:00.545	Expert PTL_EA GBPJPY.pro,M30: loaded successfully
2	22:58:00.629	Expert PTL_EA EURJPY.pro,H1: removed
2	22:58:00.643	Expert PTL_EA EURJPY.pro,H1: loaded successfully
2	22:58:00.730	Expert PTL_EA EURGBP.pro,M15: removed
2	22:58:00.744	Expert PTL_EA EURGBP.pro,M15: loaded successfully
2	22:58:00.785	Expert PTL_EA USDJPY.pro,M15: removed
2	22:58:00.802	Expert PTL_EA USDJPY.pro,M15: loaded successfully
2	22:58:00.868	Expert PTL_EA USDCAD.pro,M15: removed
2	22:58:00.882	Expert PTL_EA USDCAD.pro,M15: loaded successfully
2	22:58:00.952	Expert PTL_EA USDCHF.pro,M15: removed
2	22:58:00.966	Expert PTL_EA USDCHF.pro,M15: loaded successfully
2	22:58:00.969	Expert PTL_EA AUDUSD.pro,M15: removed
2	22:58:00.983	Expert PTL_EA AUDUSD.pro,M15: loaded successfully
2	22:58:00.987	Expert PTL_EA NZDUSD.pro,M15: removed
2	22:58:01.003	Expert PTL_EA NZDUSD.pro,M15: loaded successfully
2	22:58:01.099	Expert PTL_EA EURAUD.pro,M15: removed
2	22:58:01.134	Expert PTL_EA EURAUD.pro,M15: loaded successfully
2	22:58:01.240	Expert PTL_EA GBPAUD.pro,H1: removed
2	22:58:01.282	Expert PTL_EA GBPAUD.pro,H1: loaded successfully
2	22:58:01.295	Expert PTL_EA EURCAD.pro,M15: removed
2	22:58:01.311	Expert PTL_EA EURCAD.pro,M15: loaded successfully
2	22:58:01.335	Expert PTL_EA GBPCAD.pro,M15: removed
2	22:58:01.350	Expert PTL_EA GBPCAD.pro,M15: loaded successfully
2	23:00:28.879	Expert PTL_EA XAUUSD.pro,M15: removed
2	23:00:28.893	Expert PTL_EA XAUUSD.pro,M15: loaded successfully
2	23:00:28.952	Expert PTL_EA EURUSD.pro,M15: removed
2	23:00:28.966	Expert PTL_EA EURUSD.pro,M15: loaded successfully
2	23:00:28.988	Expert PTL_EA GBPUSD.pro,M15: removed
2	23:00:29.006	Expert PTL_EA GBPUSD.pro,M15: loaded successfully
2	23:00:29.039	Expert PTL_EA GBPJPY.pro,M30: removed
2	23:00:29.056	Expert PTL_EA GBPJPY.pro,M30: loaded successfully
2	23:00:29.062	Expert PTL_EA EURJPY.pro,H1: removed
2	23:00:29.078	Expert PTL_EA EURJPY.pro,H1: loaded successfully
2	23:00:29.121	Expert PTL_EA EURGBP.pro,M15: removed
2	23:00:29.138	Expert PTL_EA EURGBP.pro,M15: loaded successfully
2	23:00:29.208	Expert PTL_EA USDJPY.pro,M15: removed
2	23:00:29.223	Expert PTL_EA USDJPY.pro,M15: loaded successfully
2	23:00:29.312	Expert PTL_EA USDCAD.pro,M15: removed
2	23:00:29.326	Expert PTL_EA USDCAD.pro,M15: loaded successfully
2	23:00:29.385	Expert PTL_EA USDCHF.pro,M15: removed
2	23:00:29.400	Expert PTL_EA USDCHF.pro,M15: loaded successfully
2	23:00:29.450	Expert PTL_EA AUDUSD.pro,M15: removed
2	23:00:29.464	Expert PTL_EA AUDUSD.pro,M15: loaded successfully
2	23:00:29.544	Expert PTL_EA NZDUSD.pro,M15: removed
2	23:00:29.558	Expert PTL_EA NZDUSD.pro,M15: loaded successfully
2	23:00:29.573	Expert PTL_EA EURAUD.pro,M15: removed
2	23:00:29.589	Expert PTL_EA EURAUD.pro,M15: loaded successfully
2	23:00:29.599	Expert PTL_EA GBPAUD.pro,H1: removed
2	23:00:29.617	Expert PTL_EA GBPAUD.pro,H1: loaded successfully
2	23:00:29.675	Expert PTL_EA EURCAD.pro,M15: removed
2	23:00:29.690	Expert PTL_EA EURCAD.pro,M15: loaded successfully
2	23:00:29.695	Expert PTL_EA GBPCAD.pro,M15: removed
2	23:00:29.711	Expert PTL_EA GBPCAD.pro,M15: loaded successfully
2	23:00:39.708	Expert PTL_EA XAUUSD.pro,M15: removed
2	23:00:39.722	Expert PTL_EA XAUUSD.pro,M15: loaded successfully
2	23:00:39.826	Expert PTL_EA EURUSD.pro,M15: removed
2	23:00:39.844	Expert PTL_EA EURUSD.pro,M15: loaded successfully
2	23:00:39.860	Expert PTL_EA GBPUSD.pro,M15: removed
2	23:00:39.877	Expert PTL_EA GBPUSD.pro,M15: loaded successfully
2	23:00:39.912	Expert PTL_EA GBPJPY.pro,M30: removed
2	23:00:39.929	Expert PTL_EA GBPJPY.pro,M30: loaded successfully
2	23:00:40.013	Expert PTL_EA EURJPY.pro,H1: removed
2	23:00:40.029	Expert PTL_EA EURJPY.pro,H1: loaded successfully
2	23:00:40.102	Expert PTL_EA EURGBP.pro,M15: removed
2	23:00:40.119	Expert PTL_EA EURGBP.pro,M15: loaded successfully
2	23:00:40.213	Expert PTL_EA USDJPY.pro,M15: removed
2	23:00:40.228	Expert PTL_EA USDJPY.pro,M15: loaded successfully
2	23:00:40.316	Expert PTL_EA USDCAD.pro,M15: removed
2	23:00:40.332	Expert PTL_EA USDCAD.pro,M15: loaded successfully
2	23:00:40.417	Expert PTL_EA USDCHF.pro,M15: removed
2	23:00:40.431	Expert PTL_EA USDCHF.pro,M15: loaded successfully
2	23:00:40.494	Expert PTL_EA AUDUSD.pro,M15: removed
2	23:00:40.507	Expert PTL_EA AUDUSD.pro,M15: loaded successfully
2	23:00:40.519	Expert PTL_EA NZDUSD.pro,M15: removed
2	23:00:40.536	Expert PTL_EA NZDUSD.pro,M15: loaded successfully
2	23:00:40.619	Expert PTL_EA EURAUD.pro,M15: removed
2	23:00:40.634	Expert PTL_EA EURAUD.pro,M15: loaded successfully
2	23:00:40.727	Expert PTL_EA GBPAUD.pro,H1: removed
2	23:00:40.749	Expert PTL_EA GBPAUD.pro,H1: loaded successfully
2	23:00:40.850	Expert PTL_EA EURCAD.pro,M15: removed
2	23:00:40.864	Expert PTL_EA EURCAD.pro,M15: loaded successfully
2	23:00:40.873	Expert PTL_EA GBPCAD.pro,M15: removed
2	23:00:40.888	Expert PTL_EA GBPCAD.pro,M15: loaded successfully
2	23:12:51.171	Expert PTL_EA XAUUSD.pro,M15: removed
2	23:12:51.186	Expert PTL_EA XAUUSD.pro,M15: loaded successfully
2	23:12:51.265	Expert PTL_EA EURUSD.pro,M15: removed
2	23:12:51.279	Expert PTL_EA EURUSD.pro,M15: loaded successfully
2	23:12:51.338	Expert PTL_EA GBPUSD.pro,M15: removed
2	23:12:51.352	Expert PTL_EA GBPUSD.pro,M15: loaded successfully
2	23:12:51.398	Expert PTL_EA GBPJPY.pro,M30: removed
2	23:12:51.413	Expert PTL_EA GBPJPY.pro,M30: loaded successfully
2	23:12:51.485	Expert PTL_EA EURJPY.pro,H1: removed
2	23:12:51.499	Expert PTL_EA EURJPY.pro,H1: loaded successfully
2	23:12:51.586	Expert PTL_EA EURGBP.pro,M15: removed
2	23:12:51.601	Expert PTL_EA EURGBP.pro,M15: loaded successfully
2	23:12:51.605	Expert PTL_EA USDJPY.pro,M15: removed
2	23:12:51.622	Expert PTL_EA USDJPY.pro,M15: loaded successfully
2	23:12:51.626	Expert PTL_EA USDCAD.pro,M15: removed
2	23:12:51.646	Expert PTL_EA USDCAD.pro,M15: loaded successfully
2	23:12:51.660	Expert PTL_EA USDCHF.pro,M15: removed
2	23:12:51.679	Expert PTL_EA USDCHF.pro,M15: loaded successfully
2	23:12:51.693	Expert PTL_EA AUDUSD.pro,M15: removed
2	23:12:51.712	Expert PTL_EA AUDUSD.pro,M15: loaded successfully
2	23:12:51.800	Expert PTL_EA NZDUSD.pro,M15: removed
2	23:12:51.816	Expert PTL_EA NZDUSD.pro,M15: loaded successfully
2	23:12:51.906	Expert PTL_EA EURAUD.pro,M15: removed
2	23:12:51.921	Expert PTL_EA EURAUD.pro,M15: loaded successfully
2	23:12:51.976	Expert PTL_EA GBPAUD.pro,H1: removed
2	23:12:51.992	Expert PTL_EA GBPAUD.pro,H1: loaded successfully
2	23:12:52.089	Expert PTL_EA EURCAD.pro,M15: removed
2	23:12:52.103	Expert PTL_EA EURCAD.pro,M15: loaded successfully
2	23:12:52.106	Expert PTL_EA GBPCAD.pro,M15: removed
2	23:12:52.124	Expert PTL_EA GBPCAD.pro,M15: loaded successfully
2	23:16:45.539	Expert PTL_EA XAUUSD.pro,M15: removed
2	23:16:45.554	Expert PTL_EA XAUUSD.pro,M15: loaded successfully
2	23:16:45.571	Expert PTL_EA EURUSD.pro,M15: removed
2	23:16:45.590	Expert PTL_EA EURUSD.pro,M15: loaded successfully
2	23:16:45.653	Expert PTL_EA GBPUSD.pro,M15: removed
2	23:16:45.669	Expert PTL_EA GBPUSD.pro,M15: loaded successfully
2	23:16:45.744	Expert PTL_EA GBPJPY.pro,M30: removed
2	23:16:45.759	Expert PTL_EA GBPJPY.pro,M30: loaded successfully
2	23:16:45.842	Expert PTL_EA EURJPY.pro,H1: removed
2	23:16:45.856	Expert PTL_EA EURJPY.pro,H1: loaded successfully
2	23:16:45.912	Expert PTL_EA EURGBP.pro,M15: removed
2	23:16:45.927	Expert PTL_EA EURGBP.pro,M15: loaded successfully
2	23:16:45.964	Expert PTL_EA USDJPY.pro,M15: removed
2	23:16:45.979	Expert PTL_EA USDJPY.pro,M15: loaded successfully
2	23:16:46.047	Expert PTL_EA USDCAD.pro,M15: removed
2	23:16:46.062	Expert PTL_EA USDCAD.pro,M15: loaded successfully
2	23:16:46.072	Expert PTL_EA USDCHF.pro,M15: removed
2	23:16:46.089	Expert PTL_EA USDCHF.pro,M15: loaded successfully
2	23:16:46.159	Expert PTL_EA AUDUSD.pro,M15: removed
2	23:16:46.174	Expert PTL_EA AUDUSD.pro,M15: loaded successfully
2	23:16:46.260	Expert PTL_EA NZDUSD.pro,M15: removed
2	23:16:46.276	Expert PTL_EA NZDUSD.pro,M15: loaded successfully
2	23:16:46.316	Expert PTL_EA EURAUD.pro,M15: removed
2	23:16:46.332	Expert PTL_EA EURAUD.pro,M15: loaded successfully
2	23:16:46.393	Expert PTL_EA GBPAUD.pro,H1: removed
2	23:16:46.408	Expert PTL_EA GBPAUD.pro,H1: loaded successfully
2	23:16:46.479	Expert PTL_EA EURCAD.pro,M15: removed
2	23:16:46.494	Expert PTL_EA EURCAD.pro,M15: loaded successfully
2	23:16:46.581	Expert PTL_EA GBPCAD.pro,M15: removed
2	23:16:46.596	Expert PTL_EA GBPCAD.pro,M15: loaded successfully
2	23:18:04.771	Expert PTL_EA XAUUSD.pro,M15: removed
2	23:18:04.785	Expert PTL_EA XAUUSD.pro,M15: loaded successfully
2	23:18:04.808	Expert PTL_EA EURUSD.pro,M15: removed
2	23:18:04.824	Expert PTL_EA EURUSD.pro,M15: loaded successfully
2	23:18:04.872	Expert PTL_EA GBPUSD.pro,M15: removed
2	23:18:04.886	Expert PTL_EA GBPUSD.pro,M15: loaded successfully
2	23:18:04.948	Expert PTL_EA GBPJPY.pro,M30: removed
2	23:18:04.962	Expert PTL_EA GBPJPY.pro,M30: loaded successfully
2	23:18:04.987	Expert PTL_EA EURJPY.pro,H1: removed
2	23:18:05.001	Expert PTL_EA EURJPY.pro,H1: loaded successfully
2	23:18:05.011	Expert PTL_EA EURGBP.pro,M15: removed
2	23:18:05.027	Expert PTL_EA EURGBP.pro,M15: loaded successfully
2	23:18:05.073	Expert PTL_EA USDJPY.pro,M15: removed
2	23:18:05.088	Expert PTL_EA USDJPY.pro,M15: loaded successfully
2	23:18:05.129	Expert PTL_EA USDCAD.pro,M15: removed
2	23:18:05.143	Expert PTL_EA USDCAD.pro,M15: loaded successfully
2	23:18:05.174	Expert PTL_EA USDCHF.pro,M15: removed
2	23:18:05.190	Expert PTL_EA USDCHF.pro,M15: loaded successfully
2	23:18:05.213	Expert PTL_EA AUDUSD.pro,M15: removed
2	23:18:05.228	Expert PTL_EA AUDUSD.pro,M15: loaded successfully
2	23:18:05.314	Expert PTL_EA NZDUSD.pro,M15: removed
2	23:18:05.328	Expert PTL_EA NZDUSD.pro,M15: loaded successfully
2	23:18:05.414	Expert PTL_EA EURAUD.pro,M15: removed
2	23:18:05.429	Expert PTL_EA EURAUD.pro,M15: loaded successfully
2	23:18:05.477	Expert PTL_EA GBPAUD.pro,H1: removed
2	23:18:05.491	Expert PTL_EA GBPAUD.pro,H1: loaded successfully
2	23:18:05.593	Expert PTL_EA EURCAD.pro,M15: removed
2	23:18:05.607	Expert PTL_EA EURCAD.pro,M15: loaded successfully
2	23:18:05.615	Expert PTL_EA GBPCAD.pro,M15: removed
2	23:18:05.631	Expert PTL_EA GBPCAD.pro,M15: loaded successfully
2	23:18:33.075	Expert PTL_EA XAUUSD.pro,M15: removed
2	23:18:33.090	Expert PTL_EA XAUUSD.pro,M15: loaded successfully
2	23:18:33.180	Expert PTL_EA EURUSD.pro,M15: removed
2	23:18:33.194	Expert PTL_EA EURUSD.pro,M15: loaded successfully
2	23:18:33.272	Expert PTL_EA GBPUSD.pro,M15: removed
2	23:18:33.285	Expert PTL_EA GBPUSD.pro,M15: loaded successfully
2	23:18:33.323	Expert PTL_EA GBPJPY.pro,M15: removed
2	23:18:33.338	Expert PTL_EA GBPJPY.pro,M15: loaded successfully
2	23:18:33.425	Expert PTL_EA EURJPY.pro,H1: removed
2	23:18:33.439	Expert PTL_EA EURJPY.pro,H1: loaded successfully
2	23:18:33.459	Expert PTL_EA EURGBP.pro,M15: removed
2	23:18:33.475	Expert PTL_EA EURGBP.pro,M15: loaded successfully
2	23:18:33.478	Expert PTL_EA USDJPY.pro,M15: removed
2	23:18:33.495	Expert PTL_EA USDJPY.pro,M15: loaded successfully
2	23:18:33.577	Expert PTL_EA USDCAD.pro,M15: removed
2	23:18:33.590	Expert PTL_EA USDCAD.pro,M15: loaded successfully
2	23:18:33.677	Expert PTL_EA USDCHF.pro,M15: removed
2	23:18:33.691	Expert PTL_EA USDCHF.pro,M15: loaded successfully
2	23:18:33.696	Expert PTL_EA AUDUSD.pro,M15: removed
2	23:18:33.713	Expert PTL_EA AUDUSD.pro,M15: loaded successfully
2	23:18:33.717	Expert PTL_EA NZDUSD.pro,M15: removed
2	23:18:33.733	Expert PTL_EA NZDUSD.pro,M15: loaded successfully
2	23:18:33.777	Expert PTL_EA EURAUD.pro,M15: removed
2	23:18:33.794	Expert PTL_EA EURAUD.pro,M15: loaded successfully
2	23:18:33.886	Expert PTL_EA GBPAUD.pro,H1: removed
2	23:18:33.923	Expert PTL_EA GBPAUD.pro,H1: loaded successfully
2	23:18:34.012	Expert PTL_EA EURCAD.pro,M15: removed
2	23:18:34.026	Expert PTL_EA EURCAD.pro,M15: loaded successfully
2	23:18:34.058	Expert PTL_EA GBPCAD.pro,M15: removed
2	23:18:34.072	Expert PTL_EA GBPCAD.pro,M15: loaded successfully
2	23:18:36.499	Expert PTL_EA XAUUSD.pro,M15: removed
2	23:18:36.514	Expert PTL_EA XAUUSD.pro,M15: loaded successfully
2	23:18:36.583	Expert PTL_EA EURUSD.pro,M15: removed
2	23:18:36.597	Expert PTL_EA EURUSD.pro,M15: loaded successfully
2	23:18:36.600	Expert PTL_EA GBPUSD.pro,M15: removed
2	23:18:36.616	Expert PTL_EA GBPUSD.pro,M15: loaded successfully
2	23:18:36.672	Expert PTL_EA GBPJPY.pro,M15: removed
2	23:18:36.687	Expert PTL_EA GBPJPY.pro,M15: loaded successfully
2	23:18:36.785	Expert PTL_EA EURJPY.pro,H1: removed
2	23:18:36.800	Expert PTL_EA EURJPY.pro,H1: loaded successfully
2	23:18:36.887	Expert PTL_EA EURGBP.pro,M15: removed
2	23:18:36.901	Expert PTL_EA EURGBP.pro,M15: loaded successfully
2	23:18:36.987	Expert PTL_EA USDJPY.pro,M15: removed
2	23:18:37.026	Expert PTL_EA USDJPY.pro,M15: loaded successfully
2	23:18:37.107	Expert PTL_EA USDCAD.pro,M15: removed
2	23:18:37.122	Expert PTL_EA USDCAD.pro,M15: loaded successfully
2	23:18:37.191	Expert PTL_EA USDCHF.pro,M15: removed
2	23:18:37.205	Expert PTL_EA USDCHF.pro,M15: loaded successfully
2	23:18:37.278	Expert PTL_EA AUDUSD.pro,M15: removed
2	23:18:37.300	Expert PTL_EA AUDUSD.pro,M15: loaded successfully
2	23:18:37.309	Expert PTL_EA NZDUSD.pro,M15: removed
2	23:18:37.332	Expert PTL_EA NZDUSD.pro,M15: loaded successfully
2	23:18:37.381	Expert PTL_EA EURAUD.pro,M15: removed
2	23:18:37.396	Expert PTL_EA EURAUD.pro,M15: loaded successfully
2	23:18:37.457	Expert PTL_EA GBPAUD.pro,H1: removed
2	23:18:37.472	Expert PTL_EA GBPAUD.pro,H1: loaded successfully
2	23:18:37.513	Expert PTL_EA EURCAD.pro,M15: removed
2	23:18:37.528	Expert PTL_EA EURCAD.pro,M15: loaded successfully
2	23:18:37.556	Expert PTL_EA GBPCAD.pro,M15: removed
2	23:18:37.572	Expert PTL_EA GBPCAD.pro,M15: loaded successfully
2	23:26:45.395	Expert PTL_EA XAUUSD.pro,M15: removed
2	23:26:45.398	Custom indicator pipsometer_5_decimal XAUUSD.pro,M15: removed
2	23:26:45.401	Custom indicator time_table XAUUSD.pro,M15: removed
2	23:26:45.403	Custom indicator PTL_Sessions XAUUSD.pro,M15: removed
2	23:26:45.408	Expert PTL_EA EURUSD.pro,M15: removed
2	23:26:45.413	Custom indicator pipsometer_5_decimal EURUSD.pro,M15: removed
2	23:26:45.416	Custom indicator time_table EURUSD.pro,M15: removed
2	23:26:45.418	Custom indicator PTL_Sessions EURUSD.pro,M15: removed
2	23:26:45.423	Expert PTL_EA GBPUSD.pro,M15: removed
2	23:26:45.427	Custom indicator pipsometer_5_decimal GBPUSD.pro,M15: removed
2	23:26:45.429	Custom indicator time_table GBPUSD.pro,M15: removed
2	23:26:45.431	Custom indicator PTL_Sessions GBPUSD.pro,M15: removed
2	23:26:45.450	Expert PTL_EA GBPJPY.pro,M15: removed
2	23:26:45.455	Custom indicator pipsometer_5_decimal GBPJPY.pro,M15: removed
2	23:26:45.457	Custom indicator time_table GBPJPY.pro,M15: removed
2	23:26:45.460	Custom indicator PTL_Sessions GBPJPY.pro,M15: removed
2	23:26:45.476	Expert PTL_EA EURJPY.pro,H1: removed
2	23:26:45.479	Custom indicator pipsometer_5_decimal EURJPY.pro,H1: removed
2	23:26:45.482	Custom indicator time_table EURJPY.pro,H1: removed
2	23:26:45.485	Custom indicator PTL_Sessions EURJPY.pro,H1: removed
2	23:26:45.491	Expert PTL_EA EURGBP.pro,M15: removed
2	23:26:45.495	Custom indicator pipsometer_5_decimal EURGBP.pro,M15: removed
2	23:26:45.497	Custom indicator time_table EURGBP.pro,M15: removed
2	23:26:45.500	Custom indicator PTL_Sessions EURGBP.pro,M15: removed
2	23:26:45.504	Expert PTL_EA USDJPY.pro,M15: removed
2	23:26:45.508	Custom indicator pipsometer_5_decimal USDJPY.pro,M15: removed
2	23:26:45.511	Custom indicator time_table USDJPY.pro,M15: removed
2	23:26:45.513	Custom indicator PTL_Sessions USDJPY.pro,M15: removed
2	23:26:45.518	Expert PTL_EA USDCAD.pro,M15: removed
2	23:26:45.521	Custom indicator pipsometer_5_decimal USDCAD.pro,M15: removed
2	23:26:45.523	Custom indicator time_table USDCAD.pro,M15: removed
2	23:26:45.526	Custom indicator PTL_Sessions USDCAD.pro,M15: removed
2	23:26:45.530	Expert PTL_EA USDCHF.pro,M15: removed
2	23:26:45.534	Custom indicator pipsometer_5_decimal USDCHF.pro,M15: removed
2	23:26:45.537	Custom indicator time_table USDCHF.pro,M15: removed
2	23:26:45.539	Custom indicator PTL_Sessions USDCHF.pro,M15: removed
2	23:26:45.543	Expert PTL_EA AUDUSD.pro,M15: removed
2	23:26:45.547	Custom indicator pipsometer_5_decimal AUDUSD.pro,M15: removed
2	23:26:45.549	Custom indicator time_table AUDUSD.pro,M15: removed
2	23:26:45.552	Custom indicator PTL_Sessions AUDUSD.pro,M15: removed
2	23:26:45.557	Expert PTL_EA NZDUSD.pro,M15: removed
2	23:26:45.561	Custom indicator pipsometer_5_decimal NZDUSD.pro,M15: removed
2	23:26:45.566	Custom indicator time_table NZDUSD.pro,M15: removed
2	23:26:45.569	Custom indicator PTL_Sessions NZDUSD.pro,M15: removed
2	23:26:45.577	Expert PTL_EA EURAUD.pro,M15: removed
2	23:26:45.581	Custom indicator pipsometer_5_decimal EURAUD.pro,M15: removed
2	23:26:45.584	Custom indicator time_table EURAUD.pro,M15: removed
2	23:26:45.588	Custom indicator PTL_Sessions EURAUD.pro,M15: removed
2	23:26:45.593	Expert PTL_EA GBPAUD.pro,H1: removed
2	23:26:45.598	Custom indicator pipsometer_5_decimal GBPAUD.pro,H1: removed
2	23:26:45.602	Custom indicator time_table GBPAUD.pro,H1: removed
2	23:26:45.605	Custom indicator PTL_Sessions GBPAUD.pro,H1: removed
2	23:26:45.611	Expert PTL_EA EURCAD.pro,M15: removed
2	23:26:45.615	Custom indicator pipsometer_5_decimal EURCAD.pro,M15: removed
2	23:26:45.618	Custom indicator time_table EURCAD.pro,M15: removed
2	23:26:45.621	Custom indicator PTL_Sessions EURCAD.pro,M15: removed
2	23:26:45.629	Expert PTL_EA GBPCAD.pro,M15: removed
2	23:26:45.633	Custom indicator pipsometer_5_decimal GBPCAD.pro,M15: removed
2	23:26:45.636	Custom indicator time_table GBPCAD.pro,M15: removed
2	23:26:45.638	Custom indicator PTL_Sessions GBPCAD.pro,M15: removed
0	23:26:47.564	MetaTrader build 1260 stopped
