0	08:22:06.329	MetaTrader build 1260 started (AxiCorp Financial Services Pty Ltd)
0	08:22:06.329	Windows 10 Enterprise x64, IE 11, UAC, 4 x Intel Core i5-4210U  @ 1.70GHz, Memory: 9005 / 12176 Mb, Disk: 52 / 99 Gb, GMT+7
0	08:22:06.329	Data Folder: C:\Users\PHAM THANH LUAN\AppData\Roaming\MetaQuotes\Terminal\9662C61C6715C26397817D3943CECEEC
2	08:22:08.766	Custom indicator pipsometer_5_decimal XAUUSD.pro,M15: loaded successfully
2	08:22:08.783	Custom indicator time_table XAUUSD.pro,M15: loaded successfully
2	08:22:08.793	Custom indicator PTL_Sessions XAUUSD.pro,M15: loaded successfully
2	08:22:08.809	Custom indicator FXR_ATR_Pivots XAUUSD.pro,M15: loaded successfully
2	08:22:08.825	Expert PTL_EA XAUUSD.pro,M15: loaded successfully
2	08:22:08.986	Custom indicator pipsometer_5_decimal EURUSD.pro,M30: loaded successfully
2	08:22:08.986	Custom indicator time_table EURUSD.pro,M30: loaded successfully
2	08:22:09.002	Custom indicator PTL_Sessions EURUSD.pro,M30: loaded successfully
2	08:22:09.018	Expert PTL_EA EURUSD.pro,M30: loaded successfully
2	08:22:09.143	Custom indicator pipsometer_5_decimal GBPUSD.pro,M15: loaded successfully
2	08:22:09.158	Custom indicator time_table GBPUSD.pro,M15: loaded successfully
2	08:22:09.174	Custom indicator PTL_Sessions GBPUSD.pro,M15: loaded successfully
2	08:22:09.190	Custom indicator FXR_ATR_Pivots GBPUSD.pro,M15: loaded successfully
2	08:22:09.205	Expert PTL_EA GBPUSD.pro,M15: loaded successfully
2	08:22:09.643	Custom indicator pipsometer_5_decimal GBPJPY.pro,M30: loaded successfully
2	08:22:09.658	Custom indicator time_table GBPJPY.pro,M30: loaded successfully
2	08:22:09.674	Custom indicator PTL_Sessions GBPJPY.pro,M30: loaded successfully
2	08:22:09.690	Expert PTL_EA GBPJPY.pro,M30: loaded successfully
2	08:22:09.815	Custom indicator pipsometer_5_decimal EURJPY.pro,M15: loaded successfully
2	08:22:09.830	Custom indicator time_table EURJPY.pro,M15: loaded successfully
2	08:22:09.830	Custom indicator PTL_Sessions EURJPY.pro,M15: loaded successfully
2	08:22:09.846	Custom indicator FXR_ATR_Pivots EURJPY.pro,M15: loaded successfully
2	08:22:09.861	Expert PTL_EA EURJPY.pro,M15: loaded successfully
2	08:22:10.018	Custom indicator pipsometer_5_decimal AUDUSD.pro,M15: loaded successfully
2	08:22:10.033	Custom indicator time_table AUDUSD.pro,M15: loaded successfully
2	08:22:10.049	Custom indicator PTL_Sessions AUDUSD.pro,M15: loaded successfully
2	08:22:10.049	Custom indicator FXR_ATR_Pivots AUDUSD.pro,M15: loaded successfully
2	08:22:10.065	Expert PTL_EA AUDUSD.pro,M15: loaded successfully
2	08:22:10.236	Custom indicator pipsometer_5_decimal USDCAD.pro,M15: loaded successfully
2	08:22:10.252	Custom indicator time_table USDCAD.pro,M15: loaded successfully
2	08:22:10.268	Custom indicator PTL_Sessions USDCAD.pro,M15: loaded successfully
2	08:22:10.299	Expert PTL_EA USDCAD.pro,M15: loaded successfully
2	08:22:10.518	Custom indicator pipsometer_5_decimal GBPAUD.pro,M15: loaded successfully
2	08:22:10.533	Custom indicator time_table GBPAUD.pro,M15: loaded successfully
2	08:22:10.549	Custom indicator PTL_Sessions GBPAUD.pro,M15: loaded successfully
2	08:22:10.606	Expert PTL_EA GBPAUD.pro,M15: loaded successfully
2	08:22:10.810	Custom indicator pipsometer_5_decimal USDJPY.pro,M15: loaded successfully
2	08:22:10.842	Custom indicator time_table USDJPY.pro,M15: loaded successfully
2	08:22:10.857	Custom indicator PTL_Sessions USDJPY.pro,M15: loaded successfully
2	08:22:10.873	Expert PTL_EA USDJPY.pro,M15: loaded successfully
