0	14:30:21.258	MetaTrader build 1260 started (AxiCorp Financial Services Pty Ltd)
0	14:30:21.258	Windows 10 Enterprise x64, IE 11, UAC, 4 x Intel Core i5-4210U  @ 1.70GHz, Memory: 6646 / 12176 Mb, Disk: 55 / 99 Gb, GMT+7
0	14:30:21.258	Data Folder: C:\Users\PHAM THANH LUAN\AppData\Roaming\MetaQuotes\Terminal\9662C61C6715C26397817D3943CECEEC
2	14:30:23.576	Custom indicator pipsometer_5_decimal XAUUSD.pro,M15: loaded successfully
2	14:30:23.589	Custom indicator time_table XAUUSD.pro,M15: loaded successfully
2	14:30:23.604	Custom indicator PTL_Sessions XAUUSD.pro,M15: loaded successfully
2	14:30:23.620	Expert PTL_EA XAUUSD.pro,M15: loaded successfully
2	14:30:23.777	Custom indicator pipsometer_5_decimal EURUSD.pro,M15: loaded successfully
2	14:30:23.795	Custom indicator time_table EURUSD.pro,M15: loaded successfully
2	14:30:23.813	Custom indicator PTL_Sessions EURUSD.pro,M15: loaded successfully
2	14:30:23.834	Expert PTL_EA EURUSD.pro,M15: loaded successfully
2	14:30:24.004	Custom indicator pipsometer_5_decimal GBPUSD.pro,M15: loaded successfully
2	14:30:24.021	Custom indicator time_table GBPUSD.pro,M15: loaded successfully
2	14:30:24.038	Custom indicator PTL_Sessions GBPUSD.pro,M15: loaded successfully
2	14:30:24.057	Expert PTL_EA GBPUSD.pro,M15: loaded successfully
2	14:30:24.473	Custom indicator pipsometer_5_decimal GBPJPY.pro,M15: loaded successfully
2	14:30:24.486	Custom indicator time_table GBPJPY.pro,M15: loaded successfully
2	14:30:24.499	Custom indicator PTL_Sessions GBPJPY.pro,M15: loaded successfully
2	14:30:24.513	Expert PTL_EA GBPJPY.pro,M15: loaded successfully
2	14:30:24.686	Custom indicator pipsometer_5_decimal EURJPY.pro,M15: loaded successfully
2	14:30:24.703	Custom indicator time_table EURJPY.pro,M15: loaded successfully
2	14:30:24.720	Custom indicator PTL_Sessions EURJPY.pro,M15: loaded successfully
2	14:30:24.740	Expert PTL_EA EURJPY.pro,M15: loaded successfully
2	14:30:24.925	Custom indicator pipsometer_5_decimal USDJPY.pro,M15: loaded successfully
2	14:30:24.944	Custom indicator time_table USDJPY.pro,M15: loaded successfully
2	14:30:24.962	Custom indicator PTL_Sessions USDJPY.pro,M15: loaded successfully
2	14:30:24.981	Expert PTL_EA USDJPY.pro,M15: loaded successfully
2	14:30:25.159	Custom indicator pipsometer_5_decimal USDCAD.pro,M15: loaded successfully
2	14:30:25.176	Custom indicator time_table USDCAD.pro,M15: loaded successfully
2	14:30:25.193	Custom indicator PTL_Sessions USDCAD.pro,M15: loaded successfully
2	14:30:25.213	Expert PTL_EA USDCAD.pro,M15: loaded successfully
2	14:30:25.397	Custom indicator pipsometer_5_decimal USDCHF.pro,M15: loaded successfully
2	14:30:25.413	Custom indicator time_table USDCHF.pro,M15: loaded successfully
2	14:30:25.431	Custom indicator PTL_Sessions USDCHF.pro,M15: loaded successfully
2	14:30:25.449	Expert PTL_EA USDCHF.pro,M15: loaded successfully
2	14:30:25.633	Custom indicator pipsometer_5_decimal AUDUSD.pro,M15: loaded successfully
2	14:30:25.651	Custom indicator time_table AUDUSD.pro,M15: loaded successfully
2	14:30:25.668	Custom indicator PTL_Sessions AUDUSD.pro,M15: loaded successfully
2	14:30:25.686	Expert PTL_EA AUDUSD.pro,M15: loaded successfully
2	14:30:25.879	Custom indicator pipsometer_5_decimal GBPAUD.pro,M15: loaded successfully
2	14:30:25.895	Custom indicator time_table GBPAUD.pro,M15: loaded successfully
2	14:30:25.913	Custom indicator PTL_Sessions GBPAUD.pro,M15: loaded successfully
2	14:30:25.935	Expert PTL_EA GBPAUD.pro,M15: loaded successfully
0	14:30:27.479	'4136965': login on AxiTrader-US02-Live through AxiAccelerator (ping: 253.71 ms)
0	14:30:29.628	'4136965': login datacenter on AxiTrader-US02-Live through AxiAccelerator (ping: 253.71 ms)
0	14:30:30.320	'4136965': previous successful authorization performed from 69.31.88.248
0	14:30:35.599	'4136965': ping to current access point AxiAccelerator is 235.32 ms
2	15:59:35.223	Expert PTL_EA XAUUSD.pro,M15: removed
2	15:59:35.229	Custom indicator pipsometer_5_decimal XAUUSD.pro,M15: removed
2	15:59:35.232	Custom indicator time_table XAUUSD.pro,M15: removed
2	15:59:35.237	Custom indicator PTL_Sessions XAUUSD.pro,M15: removed
2	15:59:35.261	Expert PTL_EA EURUSD.pro,M30: removed
2	15:59:35.267	Custom indicator pipsometer_5_decimal EURUSD.pro,M30: removed
2	15:59:35.271	Custom indicator time_table EURUSD.pro,M30: removed
2	15:59:35.273	Custom indicator PTL_Sessions EURUSD.pro,M30: removed
2	15:59:35.294	Expert PTL_EA GBPUSD.pro,M15: removed
2	15:59:35.300	Custom indicator pipsometer_5_decimal GBPUSD.pro,M15: removed
2	15:59:35.303	Custom indicator time_table GBPUSD.pro,M15: removed
2	15:59:35.305	Custom indicator PTL_Sessions GBPUSD.pro,M15: removed
2	15:59:35.327	Expert PTL_EA GBPJPY.pro,M15: removed
2	15:59:35.338	Custom indicator pipsometer_5_decimal GBPJPY.pro,M15: removed
2	15:59:35.340	Custom indicator time_table GBPJPY.pro,M15: removed
2	15:59:35.343	Custom indicator PTL_Sessions GBPJPY.pro,M15: removed
2	15:59:35.349	Expert PTL_EA EURJPY.pro,M15: removed
2	15:59:35.356	Custom indicator pipsometer_5_decimal EURJPY.pro,M15: removed
2	15:59:35.360	Custom indicator time_table EURJPY.pro,M15: removed
2	15:59:35.363	Custom indicator PTL_Sessions EURJPY.pro,M15: removed
2	15:59:35.370	Expert PTL_EA USDJPY.pro,M15: removed
2	15:59:35.375	Custom indicator pipsometer_5_decimal USDJPY.pro,M15: removed
2	15:59:35.377	Custom indicator time_table USDJPY.pro,M15: removed
2	15:59:35.380	Custom indicator PTL_Sessions USDJPY.pro,M15: removed
2	15:59:35.398	Expert PTL_EA USDCAD.pro,M15: removed
2	15:59:35.404	Custom indicator pipsometer_5_decimal USDCAD.pro,M15: removed
2	15:59:35.407	Custom indicator time_table USDCAD.pro,M15: removed
2	15:59:35.409	Custom indicator PTL_Sessions USDCAD.pro,M15: removed
2	15:59:35.414	Expert PTL_EA USDCHF.pro,M15: removed
2	15:59:35.419	Custom indicator pipsometer_5_decimal USDCHF.pro,M15: removed
2	15:59:35.422	Custom indicator time_table USDCHF.pro,M15: removed
2	15:59:35.424	Custom indicator PTL_Sessions USDCHF.pro,M15: removed
2	15:59:35.429	Expert PTL_EA AUDUSD.pro,M15: removed
2	15:59:35.432	Custom indicator pipsometer_5_decimal AUDUSD.pro,M15: removed
2	15:59:35.435	Custom indicator time_table AUDUSD.pro,M15: removed
2	15:59:35.437	Custom indicator PTL_Sessions AUDUSD.pro,M15: removed
2	15:59:35.445	Expert PTL_EA GBPAUD.pro,M15: removed
2	15:59:35.450	Custom indicator pipsometer_5_decimal GBPAUD.pro,M15: removed
2	15:59:35.452	Custom indicator time_table GBPAUD.pro,M15: removed
2	15:59:35.454	Custom indicator PTL_Sessions GBPAUD.pro,M15: removed
0	15:59:36.684	MetaTrader build 1260 stopped
0	21:19:04.191	MetaTrader build 1260 started (AxiCorp Financial Services Pty Ltd)
0	21:19:04.192	Windows 10 Enterprise x64, IE 11, UAC, 4 x Intel Core i5-4210U  @ 1.70GHz, Memory: 6827 / 12176 Mb, Disk: 54 / 99 Gb, GMT+7
0	21:19:04.192	Data Folder: C:\Users\PHAM THANH LUAN\AppData\Roaming\MetaQuotes\Terminal\9662C61C6715C26397817D3943CECEEC
2	21:19:06.546	Custom indicator pipsometer_5_decimal XAUUSD.pro,M15: loaded successfully
2	21:19:06.559	Custom indicator time_table XAUUSD.pro,M15: loaded successfully
2	21:19:06.572	Custom indicator PTL_Sessions XAUUSD.pro,M15: loaded successfully
2	21:19:06.587	Expert PTL_EA XAUUSD.pro,M15: loaded successfully
2	21:19:06.740	Custom indicator pipsometer_5_decimal EURUSD.pro,M30: loaded successfully
2	21:19:06.753	Custom indicator time_table EURUSD.pro,M30: loaded successfully
2	21:19:06.765	Custom indicator PTL_Sessions EURUSD.pro,M30: loaded successfully
2	21:19:06.779	Expert PTL_EA EURUSD.pro,M30: loaded successfully
2	21:19:06.918	Custom indicator pipsometer_5_decimal GBPUSD.pro,M15: loaded successfully
2	21:19:06.932	Custom indicator time_table GBPUSD.pro,M15: loaded successfully
2	21:19:06.944	Custom indicator PTL_Sessions GBPUSD.pro,M15: loaded successfully
2	21:19:06.959	Expert PTL_EA GBPUSD.pro,M15: loaded successfully
2	21:19:07.355	Custom indicator pipsometer_5_decimal GBPJPY.pro,M15: loaded successfully
2	21:19:07.367	Custom indicator time_table GBPJPY.pro,M15: loaded successfully
2	21:19:07.380	Custom indicator PTL_Sessions GBPJPY.pro,M15: loaded successfully
2	21:19:07.394	Expert PTL_EA GBPJPY.pro,M15: loaded successfully
2	21:19:07.524	Custom indicator pipsometer_5_decimal EURJPY.pro,M15: loaded successfully
2	21:19:07.536	Custom indicator time_table EURJPY.pro,M15: loaded successfully
2	21:19:07.549	Custom indicator PTL_Sessions EURJPY.pro,M15: loaded successfully
2	21:19:07.563	Expert PTL_EA EURJPY.pro,M15: loaded successfully
2	21:19:07.694	Custom indicator pipsometer_5_decimal USDJPY.pro,M15: loaded successfully
2	21:19:07.714	Custom indicator time_table USDJPY.pro,M15: loaded successfully
2	21:19:07.728	Custom indicator PTL_Sessions USDJPY.pro,M15: loaded successfully
2	21:19:07.744	Expert PTL_EA USDJPY.pro,M15: loaded successfully
2	21:19:07.888	Custom indicator pipsometer_5_decimal USDCAD.pro,M15: loaded successfully
2	21:19:07.900	Custom indicator time_table USDCAD.pro,M15: loaded successfully
2	21:19:07.912	Custom indicator PTL_Sessions USDCAD.pro,M15: loaded successfully
2	21:19:07.926	Expert PTL_EA USDCAD.pro,M15: loaded successfully
2	21:19:08.064	Custom indicator pipsometer_5_decimal USDCHF.pro,M15: loaded successfully
2	21:19:08.076	Custom indicator time_table USDCHF.pro,M15: loaded successfully
2	21:19:08.089	Custom indicator PTL_Sessions USDCHF.pro,M15: loaded successfully
2	21:19:08.106	Expert PTL_EA USDCHF.pro,M15: loaded successfully
2	21:19:08.260	Custom indicator pipsometer_5_decimal AUDUSD.pro,M15: loaded successfully
2	21:19:08.273	Custom indicator time_table AUDUSD.pro,M15: loaded successfully
2	21:19:08.288	Custom indicator PTL_Sessions AUDUSD.pro,M15: loaded successfully
2	21:19:08.303	Expert PTL_EA AUDUSD.pro,M15: loaded successfully
2	21:19:08.439	Custom indicator pipsometer_5_decimal GBPAUD.pro,M15: loaded successfully
2	21:19:08.451	Custom indicator time_table GBPAUD.pro,M15: loaded successfully
2	21:19:08.463	Custom indicator PTL_Sessions GBPAUD.pro,M15: loaded successfully
2	21:19:08.477	Expert PTL_EA GBPAUD.pro,M15: loaded successfully
0	21:19:10.010	'4136965': login on AxiTrader-US02-Live through AxiAccelerator (ping: 235.32 ms)
0	21:19:12.114	'4136965': login datacenter on AxiTrader-US02-Live through AxiAccelerator (ping: 235.32 ms)
0	21:19:12.811	'4136965': previous successful authorization performed from 208.46.149.116
0	21:19:18.162	'4136965': ping to current access point AxiAccelerator is 237.12 ms
2	21:46:59.665	Expert PTL_EA XAUUSD.pro,M15: removed
2	21:46:59.670	Custom indicator pipsometer_5_decimal XAUUSD.pro,M15: removed
2	21:46:59.673	Custom indicator time_table XAUUSD.pro,M15: removed
2	21:46:59.677	Custom indicator PTL_Sessions XAUUSD.pro,M15: removed
2	21:46:59.682	Expert PTL_EA EURUSD.pro,M15: removed
2	21:46:59.687	Custom indicator pipsometer_5_decimal EURUSD.pro,M15: removed
2	21:46:59.690	Custom indicator time_table EURUSD.pro,M15: removed
2	21:46:59.693	Custom indicator PTL_Sessions EURUSD.pro,M15: removed
2	21:46:59.715	Expert PTL_EA GBPUSD.pro,M30: removed
2	21:46:59.721	Custom indicator pipsometer_5_decimal GBPUSD.pro,M30: removed
2	21:46:59.724	Custom indicator time_table GBPUSD.pro,M30: removed
2	21:46:59.726	Custom indicator PTL_Sessions GBPUSD.pro,M30: removed
2	21:46:59.744	Expert PTL_EA GBPJPY.pro,M15: removed
2	21:46:59.748	Custom indicator pipsometer_5_decimal GBPJPY.pro,M15: removed
2	21:46:59.750	Custom indicator time_table GBPJPY.pro,M15: removed
2	21:46:59.753	Custom indicator PTL_Sessions GBPJPY.pro,M15: removed
2	21:46:59.759	Expert PTL_EA EURJPY.pro,M15: removed
2	21:46:59.762	Custom indicator pipsometer_5_decimal EURJPY.pro,M15: removed
2	21:46:59.764	Custom indicator time_table EURJPY.pro,M15: removed
2	21:46:59.767	Custom indicator PTL_Sessions EURJPY.pro,M15: removed
2	21:46:59.773	Expert PTL_EA USDJPY.pro,M15: removed
2	21:46:59.777	Custom indicator pipsometer_5_decimal USDJPY.pro,M15: removed
2	21:46:59.779	Custom indicator time_table USDJPY.pro,M15: removed
2	21:46:59.782	Custom indicator PTL_Sessions USDJPY.pro,M15: removed
2	21:46:59.797	Expert PTL_EA USDCAD.pro,M15: removed
2	21:46:59.801	Custom indicator pipsometer_5_decimal USDCAD.pro,M15: removed
2	21:46:59.805	Custom indicator time_table USDCAD.pro,M15: removed
2	21:46:59.808	Custom indicator PTL_Sessions USDCAD.pro,M15: removed
2	21:46:59.812	Expert PTL_EA USDCHF.pro,M15: removed
2	21:46:59.815	Custom indicator pipsometer_5_decimal USDCHF.pro,M15: removed
2	21:46:59.818	Custom indicator time_table USDCHF.pro,M15: removed
2	21:46:59.821	Custom indicator PTL_Sessions USDCHF.pro,M15: removed
2	21:46:59.826	Expert PTL_EA AUDUSD.pro,M15: removed
2	21:46:59.830	Custom indicator pipsometer_5_decimal AUDUSD.pro,M15: removed
2	21:46:59.833	Custom indicator time_table AUDUSD.pro,M15: removed
2	21:46:59.836	Custom indicator PTL_Sessions AUDUSD.pro,M15: removed
2	21:46:59.844	Expert PTL_EA GBPAUD.pro,M15: removed
2	21:46:59.848	Custom indicator pipsometer_5_decimal GBPAUD.pro,M15: removed
2	21:46:59.850	Custom indicator time_table GBPAUD.pro,M15: removed
2	21:46:59.853	Custom indicator PTL_Sessions GBPAUD.pro,M15: removed
0	21:47:00.810	MetaTrader build 1260 stopped
